2023-08-18 17:21:01,904 - Mill connected: True
2023-08-18 17:21:01,904 - Executing command: $H...
2023-08-18 17:21:02,905 - $H executed
2023-08-18 17:22:02,906 - Executing command: F2000...
2023-08-18 17:22:04,908 - F2000 executed
2023-08-18 17:22:04,909 - Mill config loaded: {'instrument_offsets': {'electrode': {'x': 39, 'y': 30, 'z': 0}, 'pipette': {'x': -84, 'y': 3, 'z': 0}, 'lens': {'x': 0, 'y': 0, 'z': 0}, 'center': {'x': 0, 'y': 0, 'z': 0}}}
2023-08-18 17:22:04,980 - Pump found at address: 0
2023-08-18 17:22:07,036 - Loaded backend qtagg version 5.15.7.
2023-08-18 17:23:02,856 - Executing command: G00 X-86 Y-73 Z0...
2023-08-18 17:23:16,867 - 
2023-08-18 17:23:16,867 - G00 X-86 Y-73 Z0 executed
2023-08-18 17:23:16,877 - Executing command: G00 X-86 Y-73 Z-60...
2023-08-18 17:23:30,890 - 
2023-08-18 17:23:30,890 - G00 X-86 Y-73 Z-60 executed
2023-08-18 17:25:32,722 - Withdrawing...
2023-08-18 17:25:33,230 - Done withdrawing
2023-08-18 17:25:35,248 - Pump has withdrawn: 0.200000 ml
2023-08-18 17:25:46,396 - Executing command: G00 X-86 Y-73 Z0...
2023-08-18 17:26:00,409 - 
2023-08-18 17:26:00,409 - G00 X-86 Y-73 Z0 executed
2023-08-18 17:26:08,908 - Executing command: G00 X-86 Y-73 Z-20...
2023-08-18 17:26:22,914 - 
2023-08-18 17:26:22,914 - G00 X-86 Y-73 Z-20 executed
2023-08-18 17:26:22,925 - Executing command: G00 X-86 Y-73 Z0...
2023-08-18 17:26:36,939 - 
2023-08-18 17:26:36,939 - G00 X-86 Y-73 Z0 executed
2023-08-18 17:27:15,809 - Executing command: G00 X-86 Y-73 Z-20...
2023-08-18 17:27:29,815 - 
2023-08-18 17:27:29,815 - G00 X-86 Y-73 Z-20 executed
2023-08-18 17:28:33,683 - Infusing...
2023-08-18 17:28:36,208 - Pump has infused: 0.2 ml
2023-08-18 17:28:44,311 - Infusing...
2023-08-18 17:28:46,837 - Pump has infused: 0.01 ml
2023-08-18 17:28:54,030 - Executing command: G00 X-86 Y-73 Z0...
2023-08-18 17:29:08,045 - 
2023-08-18 17:29:08,045 - G00 X-86 Y-73 Z0 executed
2023-08-18 17:29:08,056 - Executing command: G00 X-86 Y-73 Z-20...
2023-08-18 17:29:22,069 - 
2023-08-18 17:29:22,069 - G00 X-86 Y-73 Z-20 executed
2023-08-18 17:29:22,080 - Executing command: G00 X-86 Y-73 Z0...
2023-08-18 17:29:36,089 - 
2023-08-18 17:29:36,089 - G00 X-86 Y-73 Z0 executed
2023-08-18 17:29:50,665 - Executing command: G00 X-86 Y-73 Z-42.51939936900095...
2023-08-18 17:30:04,669 - 
2023-08-18 17:30:04,669 - G00 X-86 Y-73 Z-42.51939936900095 executed
2023-08-18 17:30:17,512 - Executing command: G00 X-86 Y-73 Z0...
2023-08-18 17:30:31,529 - 
2023-08-18 17:30:31,529 - G00 X-86 Y-73 Z0 executed
2023-08-18 17:31:05,288 - Executing command: G00 X-224 Y-80 Z0...
2023-08-18 17:31:19,299 - 
2023-08-18 17:31:19,299 - G00 X-224 Y-80 Z0 executed
2023-08-18 17:31:37,761 - Executing command: G00 X-224 Y-80 Z-65...
2023-08-18 17:31:51,766 - 
2023-08-18 17:31:51,766 - G00 X-224 Y-80 Z-65 executed
2023-08-18 17:31:51,777 - Executing command: G00 X-224 Y-80 Z-70...
2023-08-18 17:32:05,794 - 
2023-08-18 17:32:05,794 - G00 X-224 Y-80 Z-70 executed
2023-08-18 17:32:06,460 - Executing command: G00 X-225 Y-80 Z-71...
2023-08-18 17:32:20,480 - 
2023-08-18 17:32:20,480 - G00 X-225 Y-80 Z-71 executed
2023-08-18 17:32:44,623 - Executing command: G00 X-225 Y-80 Z-71...
2023-08-18 17:32:58,637 - 
2023-08-18 17:32:58,637 - G00 X-225 Y-80 Z-71 executed
2023-08-18 17:33:02,738 - Executing command: G00 X-225 Y-80 Z0...
2023-08-18 17:33:16,749 - 
2023-08-18 17:33:16,749 - G00 X-225 Y-80 Z0 executed
2023-08-18 17:33:16,760 - Executing command: G00 X-347 Y-107 Z0...
2023-08-18 17:33:30,774 - 
2023-08-18 17:33:30,774 - G00 X-347 Y-107 Z0 executed
2023-08-18 17:33:31,608 - Executing command: G00 X-347 Y-107 Z-50...
2023-08-18 17:33:45,623 - 
2023-08-18 17:33:45,623 - G00 X-347 Y-107 Z-50 executed
2023-08-18 17:33:45,634 - Executing command: G00 X-347 Y-107 Z-60...
2023-08-18 17:33:59,642 - 
2023-08-18 17:33:59,642 - G00 X-347 Y-107 Z-60 executed
2023-08-18 17:34:08,744 - Executing command: G00 X-347 Y-107 Z-70...
2023-08-18 17:34:22,755 - 
2023-08-18 17:34:22,755 - G00 X-347 Y-107 Z-70 executed
2023-08-18 17:34:22,767 - Executing command: G00 X-347 Y-107 Z-73...
2023-08-18 17:34:36,770 - 
2023-08-18 17:34:36,770 - G00 X-347 Y-107 Z-73 executed
2023-08-18 17:34:36,967 - Executing command: G00 X-347 Y-107 Z-74...
2023-08-18 17:34:50,971 - 
2023-08-18 17:34:50,971 - G00 X-347 Y-107 Z-74 executed
2023-08-18 17:34:59,822 - Executing command: G00 X-347 Y-107 Z-75...
2023-08-18 17:35:13,832 - 
2023-08-18 17:35:13,832 - G00 X-347 Y-107 Z-75 executed
2023-08-18 17:35:52,079 - Executing command: G00 X-347 Y-107 Z0...
