2024-03-06 17:23:55,823&e_panda&wellplate&save_current_wellplate&971&Saving wellplate
2024-03-06 17:23:55,828&e_panda&wellplate&save_current_wellplate&984&Saving well statuses to well_history.csv
2024-03-06 17:23:55,849&e_panda&wellplate&save_current_wellplate&1021&Wellplate saved
2024-03-06 17:23:55,849&e_panda&wellplate&save_current_wellplate&1022&Wellplate 107 saved
2024-03-06 17:24:13,898&e_panda&wellplate&save_current_wellplate&971&Saving wellplate
2024-03-06 17:24:13,898&e_panda&wellplate&save_current_wellplate&984&Saving well statuses to well_history.csv
2024-03-06 17:24:13,919&e_panda&wellplate&save_current_wellplate&1021&Wellplate saved
2024-03-06 17:24:13,920&e_panda&wellplate&save_current_wellplate&1022&Wellplate 107 saved
2024-03-10 22:53:10,633&e_panda&wellplate&update_well_status_from_json_file&471&Updating well status's from file...
2024-03-10 22:53:10,634&e_panda&wellplate&update_well_status_from_json_file&486&Well a1 updated from file
2024-03-10 22:53:10,634&e_panda&wellplate&update_well_status_from_json_file&486&Well a2 updated from file
2024-03-10 22:53:10,634&e_panda&wellplate&update_well_status_from_json_file&486&Well a3 updated from file
2024-03-10 22:53:10,634&e_panda&wellplate&update_well_status_from_json_file&486&Well a4 updated from file
2024-03-10 22:53:10,634&e_panda&wellplate&update_well_status_from_json_file&486&Well a5 updated from file
2024-03-10 22:53:10,634&e_panda&wellplate&update_well_status_from_json_file&486&Well a6 updated from file
2024-03-10 22:53:10,634&e_panda&wellplate&update_well_status_from_json_file&486&Well a7 updated from file
2024-03-10 22:53:10,634&e_panda&wellplate&update_well_status_from_json_file&486&Well a8 updated from file
2024-03-10 22:53:10,635&e_panda&wellplate&update_well_status_from_json_file&486&Well a9 updated from file
2024-03-10 22:53:10,635&e_panda&wellplate&update_well_status_from_json_file&486&Well a10 updated from file
2024-03-10 22:53:10,635&e_panda&wellplate&update_well_status_from_json_file&486&Well a11 updated from file
2024-03-10 22:53:10,635&e_panda&wellplate&update_well_status_from_json_file&486&Well a12 updated from file
2024-03-10 22:53:10,635&e_panda&wellplate&update_well_status_from_json_file&486&Well b1 updated from file
2024-03-10 22:53:10,635&e_panda&wellplate&update_well_status_from_json_file&486&Well b2 updated from file
2024-03-10 22:53:10,635&e_panda&wellplate&update_well_status_from_json_file&486&Well b3 updated from file
2024-03-10 22:53:10,636&e_panda&wellplate&update_well_status_from_json_file&486&Well b4 updated from file
2024-03-10 22:53:10,636&e_panda&wellplate&update_well_status_from_json_file&486&Well b5 updated from file
2024-03-10 22:53:10,636&e_panda&wellplate&update_well_status_from_json_file&486&Well b6 updated from file
2024-03-10 22:53:10,636&e_panda&wellplate&update_well_status_from_json_file&486&Well b7 updated from file
2024-03-10 22:53:10,636&e_panda&wellplate&update_well_status_from_json_file&486&Well b8 updated from file
2024-03-10 22:53:10,636&e_panda&wellplate&update_well_status_from_json_file&486&Well b9 updated from file
2024-03-10 22:53:10,636&e_panda&wellplate&update_well_status_from_json_file&486&Well b10 updated from file
2024-03-10 22:53:10,636&e_panda&wellplate&update_well_status_from_json_file&486&Well b11 updated from file
2024-03-10 22:53:10,636&e_panda&wellplate&update_well_status_from_json_file&486&Well b12 updated from file
2024-03-10 22:53:10,637&e_panda&wellplate&update_well_status_from_json_file&486&Well c1 updated from file
2024-03-10 22:53:10,637&e_panda&wellplate&update_well_status_from_json_file&486&Well c2 updated from file
2024-03-10 22:53:10,637&e_panda&wellplate&update_well_status_from_json_file&486&Well c3 updated from file
2024-03-10 22:53:10,637&e_panda&wellplate&update_well_status_from_json_file&486&Well c4 updated from file
2024-03-10 22:53:10,637&e_panda&wellplate&update_well_status_from_json_file&486&Well c5 updated from file
2024-03-10 22:53:10,637&e_panda&wellplate&update_well_status_from_json_file&486&Well c6 updated from file
2024-03-10 22:53:10,638&e_panda&wellplate&update_well_status_from_json_file&486&Well c7 updated from file
2024-03-10 22:53:10,638&e_panda&wellplate&update_well_status_from_json_file&486&Well c8 updated from file
2024-03-10 22:53:10,638&e_panda&wellplate&update_well_status_from_json_file&486&Well c9 updated from file
2024-03-10 22:53:10,638&e_panda&wellplate&update_well_status_from_json_file&486&Well c10 updated from file
2024-03-10 22:53:10,638&e_panda&wellplate&update_well_status_from_json_file&486&Well c11 updated from file
2024-03-10 22:53:10,638&e_panda&wellplate&update_well_status_from_json_file&486&Well c12 updated from file
2024-03-10 22:53:10,638&e_panda&wellplate&update_well_status_from_json_file&486&Well d1 updated from file
2024-03-10 22:53:10,638&e_panda&wellplate&update_well_status_from_json_file&486&Well d2 updated from file
2024-03-10 22:53:10,638&e_panda&wellplate&update_well_status_from_json_file&486&Well d3 updated from file
2024-03-10 22:53:10,639&e_panda&wellplate&update_well_status_from_json_file&486&Well d4 updated from file
2024-03-10 22:53:10,639&e_panda&wellplate&update_well_status_from_json_file&486&Well d5 updated from file
2024-03-10 22:53:10,639&e_panda&wellplate&update_well_status_from_json_file&486&Well d6 updated from file
2024-03-10 22:53:10,639&e_panda&wellplate&update_well_status_from_json_file&486&Well d7 updated from file
2024-03-10 22:53:10,639&e_panda&wellplate&update_well_status_from_json_file&486&Well d8 updated from file
2024-03-10 22:53:10,639&e_panda&wellplate&update_well_status_from_json_file&486&Well d9 updated from file
2024-03-10 22:53:10,639&e_panda&wellplate&update_well_status_from_json_file&486&Well d10 updated from file
2024-03-10 22:53:10,639&e_panda&wellplate&update_well_status_from_json_file&486&Well d11 updated from file
2024-03-10 22:53:10,640&e_panda&wellplate&update_well_status_from_json_file&486&Well d12 updated from file
2024-03-10 22:53:10,640&e_panda&wellplate&update_well_status_from_json_file&486&Well e1 updated from file
2024-03-10 22:53:10,640&e_panda&wellplate&update_well_status_from_json_file&486&Well e2 updated from file
2024-03-10 22:53:10,640&e_panda&wellplate&update_well_status_from_json_file&486&Well e3 updated from file
2024-03-10 22:53:10,640&e_panda&wellplate&update_well_status_from_json_file&486&Well e4 updated from file
2024-03-10 22:53:10,640&e_panda&wellplate&update_well_status_from_json_file&486&Well e5 updated from file
2024-03-10 22:53:10,640&e_panda&wellplate&update_well_status_from_json_file&486&Well e6 updated from file
2024-03-10 22:53:10,640&e_panda&wellplate&update_well_status_from_json_file&486&Well e7 updated from file
2024-03-10 22:53:10,641&e_panda&wellplate&update_well_status_from_json_file&486&Well e8 updated from file
2024-03-10 22:53:10,641&e_panda&wellplate&update_well_status_from_json_file&486&Well e9 updated from file
2024-03-10 22:53:10,641&e_panda&wellplate&update_well_status_from_json_file&486&Well e10 updated from file
2024-03-10 22:53:10,641&e_panda&wellplate&update_well_status_from_json_file&486&Well e11 updated from file
2024-03-10 22:53:10,641&e_panda&wellplate&update_well_status_from_json_file&486&Well e12 updated from file
2024-03-10 22:53:10,641&e_panda&wellplate&update_well_status_from_json_file&486&Well f1 updated from file
2024-03-10 22:53:10,641&e_panda&wellplate&update_well_status_from_json_file&486&Well f2 updated from file
2024-03-10 22:53:10,641&e_panda&wellplate&update_well_status_from_json_file&486&Well f3 updated from file
2024-03-10 22:53:10,641&e_panda&wellplate&update_well_status_from_json_file&486&Well f4 updated from file
2024-03-10 22:53:10,642&e_panda&wellplate&update_well_status_from_json_file&486&Well f5 updated from file
2024-03-10 22:53:10,642&e_panda&wellplate&update_well_status_from_json_file&486&Well f6 updated from file
2024-03-10 22:53:10,642&e_panda&wellplate&update_well_status_from_json_file&486&Well f7 updated from file
2024-03-10 22:53:10,642&e_panda&wellplate&update_well_status_from_json_file&486&Well f8 updated from file
2024-03-10 22:53:10,642&e_panda&wellplate&update_well_status_from_json_file&486&Well f9 updated from file
2024-03-10 22:53:10,642&e_panda&wellplate&update_well_status_from_json_file&486&Well f10 updated from file
2024-03-10 22:53:10,642&e_panda&wellplate&update_well_status_from_json_file&486&Well f11 updated from file
2024-03-10 22:53:10,642&e_panda&wellplate&update_well_status_from_json_file&486&Well f12 updated from file
2024-03-10 22:53:10,643&e_panda&wellplate&update_well_status_from_json_file&486&Well g1 updated from file
2024-03-10 22:53:10,643&e_panda&wellplate&update_well_status_from_json_file&486&Well g2 updated from file
2024-03-10 22:53:10,643&e_panda&wellplate&update_well_status_from_json_file&486&Well g3 updated from file
2024-03-10 22:53:10,643&e_panda&wellplate&update_well_status_from_json_file&486&Well g4 updated from file
2024-03-10 22:53:10,643&e_panda&wellplate&update_well_status_from_json_file&486&Well g5 updated from file
2024-03-10 22:53:10,643&e_panda&wellplate&update_well_status_from_json_file&486&Well g6 updated from file
2024-03-10 22:53:10,643&e_panda&wellplate&update_well_status_from_json_file&486&Well g7 updated from file
2024-03-10 22:53:10,643&e_panda&wellplate&update_well_status_from_json_file&486&Well g8 updated from file
2024-03-10 22:53:10,644&e_panda&wellplate&update_well_status_from_json_file&486&Well g9 updated from file
2024-03-10 22:53:10,644&e_panda&wellplate&update_well_status_from_json_file&486&Well g10 updated from file
2024-03-10 22:53:10,644&e_panda&wellplate&update_well_status_from_json_file&486&Well g11 updated from file
2024-03-10 22:53:10,644&e_panda&wellplate&update_well_status_from_json_file&486&Well g12 updated from file
2024-03-10 22:53:10,644&e_panda&wellplate&update_well_status_from_json_file&486&Well h1 updated from file
2024-03-10 22:53:10,644&e_panda&wellplate&update_well_status_from_json_file&486&Well h2 updated from file
2024-03-10 22:53:10,644&e_panda&wellplate&update_well_status_from_json_file&486&Well h3 updated from file
2024-03-10 22:53:10,644&e_panda&wellplate&update_well_status_from_json_file&486&Well h4 updated from file
2024-03-10 22:53:10,644&e_panda&wellplate&update_well_status_from_json_file&486&Well h5 updated from file
2024-03-10 22:53:10,645&e_panda&wellplate&update_well_status_from_json_file&486&Well h6 updated from file
2024-03-10 22:53:10,645&e_panda&wellplate&update_well_status_from_json_file&486&Well h7 updated from file
2024-03-10 22:53:10,645&e_panda&wellplate&update_well_status_from_json_file&486&Well h8 updated from file
2024-03-10 22:53:10,645&e_panda&wellplate&update_well_status_from_json_file&486&Well h9 updated from file
2024-03-10 22:53:10,645&e_panda&wellplate&update_well_status_from_json_file&486&Well h10 updated from file
2024-03-10 22:53:10,645&e_panda&wellplate&update_well_status_from_json_file&486&Well h11 updated from file
2024-03-10 22:53:10,645&e_panda&wellplate&update_well_status_from_json_file&486&Well h12 updated from file
2024-03-10 22:55:10,982&e_panda&wellplate&update_well_status_from_json_file&471&Updating well status's from file...
2024-03-10 22:55:10,983&e_panda&wellplate&update_well_status_from_json_file&486&Well a1 updated from file
2024-03-10 22:55:10,983&e_panda&wellplate&update_well_status_from_json_file&486&Well a2 updated from file
2024-03-10 22:55:10,983&e_panda&wellplate&update_well_status_from_json_file&486&Well a3 updated from file
2024-03-10 22:55:10,983&e_panda&wellplate&update_well_status_from_json_file&486&Well a4 updated from file
2024-03-10 22:55:10,983&e_panda&wellplate&update_well_status_from_json_file&486&Well a5 updated from file
2024-03-10 22:55:10,984&e_panda&wellplate&update_well_status_from_json_file&486&Well a6 updated from file
2024-03-10 22:55:10,984&e_panda&wellplate&update_well_status_from_json_file&486&Well a7 updated from file
2024-03-10 22:55:10,984&e_panda&wellplate&update_well_status_from_json_file&486&Well a8 updated from file
2024-03-10 22:55:10,984&e_panda&wellplate&update_well_status_from_json_file&486&Well a9 updated from file
2024-03-10 22:55:10,984&e_panda&wellplate&update_well_status_from_json_file&486&Well a10 updated from file
2024-03-10 22:55:10,984&e_panda&wellplate&update_well_status_from_json_file&486&Well a11 updated from file
2024-03-10 22:55:10,984&e_panda&wellplate&update_well_status_from_json_file&486&Well a12 updated from file
2024-03-10 22:55:10,984&e_panda&wellplate&update_well_status_from_json_file&486&Well b1 updated from file
2024-03-10 22:55:10,984&e_panda&wellplate&update_well_status_from_json_file&486&Well b2 updated from file
2024-03-10 22:55:10,985&e_panda&wellplate&update_well_status_from_json_file&486&Well b3 updated from file
2024-03-10 22:55:10,985&e_panda&wellplate&update_well_status_from_json_file&486&Well b4 updated from file
2024-03-10 22:55:10,985&e_panda&wellplate&update_well_status_from_json_file&486&Well b5 updated from file
2024-03-10 22:55:10,985&e_panda&wellplate&update_well_status_from_json_file&486&Well b6 updated from file
2024-03-10 22:55:10,985&e_panda&wellplate&update_well_status_from_json_file&486&Well b7 updated from file
2024-03-10 22:55:10,985&e_panda&wellplate&update_well_status_from_json_file&486&Well b8 updated from file
2024-03-10 22:55:10,985&e_panda&wellplate&update_well_status_from_json_file&486&Well b9 updated from file
2024-03-10 22:55:10,985&e_panda&wellplate&update_well_status_from_json_file&486&Well b10 updated from file
2024-03-10 22:55:10,985&e_panda&wellplate&update_well_status_from_json_file&486&Well b11 updated from file
2024-03-10 22:55:10,986&e_panda&wellplate&update_well_status_from_json_file&486&Well b12 updated from file
2024-03-10 22:55:10,986&e_panda&wellplate&update_well_status_from_json_file&486&Well c1 updated from file
2024-03-10 22:55:10,986&e_panda&wellplate&update_well_status_from_json_file&486&Well c2 updated from file
2024-03-10 22:55:10,986&e_panda&wellplate&update_well_status_from_json_file&486&Well c3 updated from file
2024-03-10 22:55:10,986&e_panda&wellplate&update_well_status_from_json_file&486&Well c4 updated from file
2024-03-10 22:55:10,986&e_panda&wellplate&update_well_status_from_json_file&486&Well c5 updated from file
2024-03-10 22:55:10,986&e_panda&wellplate&update_well_status_from_json_file&486&Well c6 updated from file
2024-03-10 22:55:10,987&e_panda&wellplate&update_well_status_from_json_file&486&Well c7 updated from file
2024-03-10 22:55:10,987&e_panda&wellplate&update_well_status_from_json_file&486&Well c8 updated from file
2024-03-10 22:55:10,987&e_panda&wellplate&update_well_status_from_json_file&486&Well c9 updated from file
2024-03-10 22:55:10,987&e_panda&wellplate&update_well_status_from_json_file&486&Well c10 updated from file
2024-03-10 22:55:10,987&e_panda&wellplate&update_well_status_from_json_file&486&Well c11 updated from file
2024-03-10 22:55:10,987&e_panda&wellplate&update_well_status_from_json_file&486&Well c12 updated from file
2024-03-10 22:55:10,987&e_panda&wellplate&update_well_status_from_json_file&486&Well d1 updated from file
2024-03-10 22:55:10,987&e_panda&wellplate&update_well_status_from_json_file&486&Well d2 updated from file
2024-03-10 22:55:10,987&e_panda&wellplate&update_well_status_from_json_file&486&Well d3 updated from file
2024-03-10 22:55:10,988&e_panda&wellplate&update_well_status_from_json_file&486&Well d4 updated from file
2024-03-10 22:55:10,988&e_panda&wellplate&update_well_status_from_json_file&486&Well d5 updated from file
2024-03-10 22:55:10,988&e_panda&wellplate&update_well_status_from_json_file&486&Well d6 updated from file
2024-03-10 22:55:10,988&e_panda&wellplate&update_well_status_from_json_file&486&Well d7 updated from file
2024-03-10 22:55:10,988&e_panda&wellplate&update_well_status_from_json_file&486&Well d8 updated from file
2024-03-10 22:55:10,988&e_panda&wellplate&update_well_status_from_json_file&486&Well d9 updated from file
2024-03-10 22:55:10,988&e_panda&wellplate&update_well_status_from_json_file&486&Well d10 updated from file
2024-03-10 22:55:10,989&e_panda&wellplate&update_well_status_from_json_file&486&Well d11 updated from file
2024-03-10 22:55:10,989&e_panda&wellplate&update_well_status_from_json_file&486&Well d12 updated from file
2024-03-10 22:55:10,989&e_panda&wellplate&update_well_status_from_json_file&486&Well e1 updated from file
2024-03-10 22:55:10,989&e_panda&wellplate&update_well_status_from_json_file&486&Well e2 updated from file
2024-03-10 22:55:10,989&e_panda&wellplate&update_well_status_from_json_file&486&Well e3 updated from file
2024-03-10 22:55:10,989&e_panda&wellplate&update_well_status_from_json_file&486&Well e4 updated from file
2024-03-10 22:55:10,989&e_panda&wellplate&update_well_status_from_json_file&486&Well e5 updated from file
2024-03-10 22:55:10,989&e_panda&wellplate&update_well_status_from_json_file&486&Well e6 updated from file
2024-03-10 22:55:10,990&e_panda&wellplate&update_well_status_from_json_file&486&Well e7 updated from file
2024-03-10 22:55:10,990&e_panda&wellplate&update_well_status_from_json_file&486&Well e8 updated from file
2024-03-10 22:55:10,990&e_panda&wellplate&update_well_status_from_json_file&486&Well e9 updated from file
2024-03-10 22:55:10,990&e_panda&wellplate&update_well_status_from_json_file&486&Well e10 updated from file
2024-03-10 22:55:10,990&e_panda&wellplate&update_well_status_from_json_file&486&Well e11 updated from file
2024-03-10 22:55:10,990&e_panda&wellplate&update_well_status_from_json_file&486&Well e12 updated from file
2024-03-10 22:55:10,990&e_panda&wellplate&update_well_status_from_json_file&486&Well f1 updated from file
2024-03-10 22:55:10,991&e_panda&wellplate&update_well_status_from_json_file&486&Well f2 updated from file
2024-03-10 22:55:10,991&e_panda&wellplate&update_well_status_from_json_file&486&Well f3 updated from file
2024-03-10 22:55:10,991&e_panda&wellplate&update_well_status_from_json_file&486&Well f4 updated from file
2024-03-10 22:55:10,991&e_panda&wellplate&update_well_status_from_json_file&486&Well f5 updated from file
2024-03-10 22:55:10,991&e_panda&wellplate&update_well_status_from_json_file&486&Well f6 updated from file
2024-03-10 22:55:10,991&e_panda&wellplate&update_well_status_from_json_file&486&Well f7 updated from file
2024-03-10 22:55:10,991&e_panda&wellplate&update_well_status_from_json_file&486&Well f8 updated from file
2024-03-10 22:55:10,991&e_panda&wellplate&update_well_status_from_json_file&486&Well f9 updated from file
2024-03-10 22:55:10,991&e_panda&wellplate&update_well_status_from_json_file&486&Well f10 updated from file
2024-03-10 22:55:10,992&e_panda&wellplate&update_well_status_from_json_file&486&Well f11 updated from file
2024-03-10 22:55:10,992&e_panda&wellplate&update_well_status_from_json_file&486&Well f12 updated from file
2024-03-10 22:55:10,992&e_panda&wellplate&update_well_status_from_json_file&486&Well g1 updated from file
2024-03-10 22:55:10,992&e_panda&wellplate&update_well_status_from_json_file&486&Well g2 updated from file
2024-03-10 22:55:10,992&e_panda&wellplate&update_well_status_from_json_file&486&Well g3 updated from file
2024-03-10 22:55:10,992&e_panda&wellplate&update_well_status_from_json_file&486&Well g4 updated from file
2024-03-10 22:55:10,992&e_panda&wellplate&update_well_status_from_json_file&486&Well g5 updated from file
2024-03-10 22:55:10,992&e_panda&wellplate&update_well_status_from_json_file&486&Well g6 updated from file
2024-03-10 22:55:10,993&e_panda&wellplate&update_well_status_from_json_file&486&Well g7 updated from file
2024-03-10 22:55:10,993&e_panda&wellplate&update_well_status_from_json_file&486&Well g8 updated from file
2024-03-10 22:55:10,993&e_panda&wellplate&update_well_status_from_json_file&486&Well g9 updated from file
2024-03-10 22:55:10,993&e_panda&wellplate&update_well_status_from_json_file&486&Well g10 updated from file
2024-03-10 22:55:10,993&e_panda&wellplate&update_well_status_from_json_file&486&Well g11 updated from file
2024-03-10 22:55:10,993&e_panda&wellplate&update_well_status_from_json_file&486&Well g12 updated from file
2024-03-10 22:55:10,993&e_panda&wellplate&update_well_status_from_json_file&486&Well h1 updated from file
2024-03-10 22:55:10,993&e_panda&wellplate&update_well_status_from_json_file&486&Well h2 updated from file
2024-03-10 22:55:10,994&e_panda&wellplate&update_well_status_from_json_file&486&Well h3 updated from file
2024-03-10 22:55:10,994&e_panda&wellplate&update_well_status_from_json_file&486&Well h4 updated from file
2024-03-10 22:55:10,994&e_panda&wellplate&update_well_status_from_json_file&486&Well h5 updated from file
2024-03-10 22:55:10,994&e_panda&wellplate&update_well_status_from_json_file&486&Well h6 updated from file
2024-03-10 22:55:10,994&e_panda&wellplate&update_well_status_from_json_file&486&Well h7 updated from file
2024-03-10 22:55:10,994&e_panda&wellplate&update_well_status_from_json_file&486&Well h8 updated from file
2024-03-10 22:55:10,994&e_panda&wellplate&update_well_status_from_json_file&486&Well h9 updated from file
2024-03-10 22:55:10,994&e_panda&wellplate&update_well_status_from_json_file&486&Well h10 updated from file
2024-03-10 22:55:10,995&e_panda&wellplate&update_well_status_from_json_file&486&Well h11 updated from file
2024-03-10 22:55:10,995&e_panda&wellplate&update_well_status_from_json_file&486&Well h12 updated from file
2024-03-10 23:00:42,607&e_panda&wellplate&update_well_status_from_json_file&471&Updating well status's from file...
2024-03-10 23:00:42,608&e_panda&wellplate&update_well_status_from_json_file&486&Well a1 updated from file
2024-03-10 23:00:42,608&e_panda&wellplate&update_well_status_from_json_file&486&Well a2 updated from file
2024-03-10 23:00:42,608&e_panda&wellplate&update_well_status_from_json_file&486&Well a3 updated from file
2024-03-10 23:00:42,609&e_panda&wellplate&update_well_status_from_json_file&486&Well a4 updated from file
2024-03-10 23:00:42,609&e_panda&wellplate&update_well_status_from_json_file&486&Well a5 updated from file
2024-03-10 23:00:42,609&e_panda&wellplate&update_well_status_from_json_file&486&Well a6 updated from file
2024-03-10 23:00:42,609&e_panda&wellplate&update_well_status_from_json_file&486&Well a7 updated from file
2024-03-10 23:00:42,609&e_panda&wellplate&update_well_status_from_json_file&486&Well a8 updated from file
2024-03-10 23:00:42,609&e_panda&wellplate&update_well_status_from_json_file&486&Well a9 updated from file
2024-03-10 23:00:42,609&e_panda&wellplate&update_well_status_from_json_file&486&Well a10 updated from file
2024-03-10 23:00:42,609&e_panda&wellplate&update_well_status_from_json_file&486&Well a11 updated from file
2024-03-10 23:00:42,609&e_panda&wellplate&update_well_status_from_json_file&486&Well a12 updated from file
2024-03-10 23:00:42,610&e_panda&wellplate&update_well_status_from_json_file&486&Well b1 updated from file
2024-03-10 23:00:42,610&e_panda&wellplate&update_well_status_from_json_file&486&Well b2 updated from file
2024-03-10 23:00:42,610&e_panda&wellplate&update_well_status_from_json_file&486&Well b3 updated from file
2024-03-10 23:00:42,610&e_panda&wellplate&update_well_status_from_json_file&486&Well b4 updated from file
2024-03-10 23:00:42,610&e_panda&wellplate&update_well_status_from_json_file&486&Well b5 updated from file
2024-03-10 23:00:42,610&e_panda&wellplate&update_well_status_from_json_file&486&Well b6 updated from file
2024-03-10 23:00:42,610&e_panda&wellplate&update_well_status_from_json_file&486&Well b7 updated from file
2024-03-10 23:00:42,610&e_panda&wellplate&update_well_status_from_json_file&486&Well b8 updated from file
2024-03-10 23:00:42,610&e_panda&wellplate&update_well_status_from_json_file&486&Well b9 updated from file
2024-03-10 23:00:42,611&e_panda&wellplate&update_well_status_from_json_file&486&Well b10 updated from file
2024-03-10 23:00:42,611&e_panda&wellplate&update_well_status_from_json_file&486&Well b11 updated from file
2024-03-10 23:00:42,611&e_panda&wellplate&update_well_status_from_json_file&486&Well b12 updated from file
2024-03-10 23:00:42,611&e_panda&wellplate&update_well_status_from_json_file&486&Well c1 updated from file
2024-03-10 23:00:42,611&e_panda&wellplate&update_well_status_from_json_file&486&Well c2 updated from file
2024-03-10 23:00:42,611&e_panda&wellplate&update_well_status_from_json_file&486&Well c3 updated from file
2024-03-10 23:00:42,611&e_panda&wellplate&update_well_status_from_json_file&486&Well c4 updated from file
2024-03-10 23:00:42,611&e_panda&wellplate&update_well_status_from_json_file&486&Well c5 updated from file
2024-03-10 23:00:42,612&e_panda&wellplate&update_well_status_from_json_file&486&Well c6 updated from file
2024-03-10 23:00:42,612&e_panda&wellplate&update_well_status_from_json_file&486&Well c7 updated from file
2024-03-10 23:00:42,612&e_panda&wellplate&update_well_status_from_json_file&486&Well c8 updated from file
2024-03-10 23:00:42,612&e_panda&wellplate&update_well_status_from_json_file&486&Well c9 updated from file
2024-03-10 23:00:42,612&e_panda&wellplate&update_well_status_from_json_file&486&Well c10 updated from file
2024-03-10 23:00:42,612&e_panda&wellplate&update_well_status_from_json_file&486&Well c11 updated from file
2024-03-10 23:00:42,612&e_panda&wellplate&update_well_status_from_json_file&486&Well c12 updated from file
2024-03-10 23:00:42,612&e_panda&wellplate&update_well_status_from_json_file&486&Well d1 updated from file
2024-03-10 23:00:42,612&e_panda&wellplate&update_well_status_from_json_file&486&Well d2 updated from file
2024-03-10 23:00:42,613&e_panda&wellplate&update_well_status_from_json_file&486&Well d3 updated from file
2024-03-10 23:00:42,613&e_panda&wellplate&update_well_status_from_json_file&486&Well d4 updated from file
2024-03-10 23:00:42,613&e_panda&wellplate&update_well_status_from_json_file&486&Well d5 updated from file
2024-03-10 23:00:42,613&e_panda&wellplate&update_well_status_from_json_file&486&Well d6 updated from file
2024-03-10 23:00:42,613&e_panda&wellplate&update_well_status_from_json_file&486&Well d7 updated from file
2024-03-10 23:00:42,613&e_panda&wellplate&update_well_status_from_json_file&486&Well d8 updated from file
2024-03-10 23:00:42,613&e_panda&wellplate&update_well_status_from_json_file&486&Well d9 updated from file
2024-03-10 23:00:42,613&e_panda&wellplate&update_well_status_from_json_file&486&Well d10 updated from file
2024-03-10 23:00:42,614&e_panda&wellplate&update_well_status_from_json_file&486&Well d11 updated from file
2024-03-10 23:00:42,614&e_panda&wellplate&update_well_status_from_json_file&486&Well d12 updated from file
2024-03-10 23:00:42,614&e_panda&wellplate&update_well_status_from_json_file&486&Well e1 updated from file
2024-03-10 23:00:42,614&e_panda&wellplate&update_well_status_from_json_file&486&Well e2 updated from file
2024-03-10 23:00:42,614&e_panda&wellplate&update_well_status_from_json_file&486&Well e3 updated from file
2024-03-10 23:00:42,614&e_panda&wellplate&update_well_status_from_json_file&486&Well e4 updated from file
2024-03-10 23:00:42,614&e_panda&wellplate&update_well_status_from_json_file&486&Well e5 updated from file
2024-03-10 23:00:42,614&e_panda&wellplate&update_well_status_from_json_file&486&Well e6 updated from file
2024-03-10 23:00:42,615&e_panda&wellplate&update_well_status_from_json_file&486&Well e7 updated from file
2024-03-10 23:00:42,615&e_panda&wellplate&update_well_status_from_json_file&486&Well e8 updated from file
2024-03-10 23:00:42,615&e_panda&wellplate&update_well_status_from_json_file&486&Well e9 updated from file
2024-03-10 23:00:42,615&e_panda&wellplate&update_well_status_from_json_file&486&Well e10 updated from file
2024-03-10 23:00:42,615&e_panda&wellplate&update_well_status_from_json_file&486&Well e11 updated from file
2024-03-10 23:00:42,615&e_panda&wellplate&update_well_status_from_json_file&486&Well e12 updated from file
2024-03-10 23:00:42,615&e_panda&wellplate&update_well_status_from_json_file&486&Well f1 updated from file
2024-03-10 23:00:42,615&e_panda&wellplate&update_well_status_from_json_file&486&Well f2 updated from file
2024-03-10 23:00:42,616&e_panda&wellplate&update_well_status_from_json_file&486&Well f3 updated from file
2024-03-10 23:00:42,616&e_panda&wellplate&update_well_status_from_json_file&486&Well f4 updated from file
2024-03-10 23:00:42,616&e_panda&wellplate&update_well_status_from_json_file&486&Well f5 updated from file
2024-03-10 23:00:42,616&e_panda&wellplate&update_well_status_from_json_file&486&Well f6 updated from file
2024-03-10 23:00:42,616&e_panda&wellplate&update_well_status_from_json_file&486&Well f7 updated from file
2024-03-10 23:00:42,616&e_panda&wellplate&update_well_status_from_json_file&486&Well f8 updated from file
2024-03-10 23:00:42,616&e_panda&wellplate&update_well_status_from_json_file&486&Well f9 updated from file
2024-03-10 23:00:42,617&e_panda&wellplate&update_well_status_from_json_file&486&Well f10 updated from file
2024-03-10 23:00:42,617&e_panda&wellplate&update_well_status_from_json_file&486&Well f11 updated from file
2024-03-10 23:00:42,617&e_panda&wellplate&update_well_status_from_json_file&486&Well f12 updated from file
2024-03-10 23:00:42,617&e_panda&wellplate&update_well_status_from_json_file&486&Well g1 updated from file
2024-03-10 23:00:42,617&e_panda&wellplate&update_well_status_from_json_file&486&Well g2 updated from file
2024-03-10 23:00:42,617&e_panda&wellplate&update_well_status_from_json_file&486&Well g3 updated from file
2024-03-10 23:00:42,617&e_panda&wellplate&update_well_status_from_json_file&486&Well g4 updated from file
2024-03-10 23:00:42,617&e_panda&wellplate&update_well_status_from_json_file&486&Well g5 updated from file
2024-03-10 23:00:42,618&e_panda&wellplate&update_well_status_from_json_file&486&Well g6 updated from file
2024-03-10 23:00:42,618&e_panda&wellplate&update_well_status_from_json_file&486&Well g7 updated from file
2024-03-10 23:00:42,618&e_panda&wellplate&update_well_status_from_json_file&486&Well g8 updated from file
2024-03-10 23:00:42,618&e_panda&wellplate&update_well_status_from_json_file&486&Well g9 updated from file
2024-03-10 23:00:42,618&e_panda&wellplate&update_well_status_from_json_file&486&Well g10 updated from file
2024-03-10 23:00:42,618&e_panda&wellplate&update_well_status_from_json_file&486&Well g11 updated from file
2024-03-10 23:00:42,618&e_panda&wellplate&update_well_status_from_json_file&486&Well g12 updated from file
2024-03-10 23:00:42,618&e_panda&wellplate&update_well_status_from_json_file&486&Well h1 updated from file
2024-03-10 23:00:42,619&e_panda&wellplate&update_well_status_from_json_file&486&Well h2 updated from file
2024-03-10 23:00:42,619&e_panda&wellplate&update_well_status_from_json_file&486&Well h3 updated from file
2024-03-10 23:00:42,619&e_panda&wellplate&update_well_status_from_json_file&486&Well h4 updated from file
2024-03-10 23:00:42,619&e_panda&wellplate&update_well_status_from_json_file&486&Well h5 updated from file
2024-03-10 23:00:42,619&e_panda&wellplate&update_well_status_from_json_file&486&Well h6 updated from file
2024-03-10 23:00:42,619&e_panda&wellplate&update_well_status_from_json_file&486&Well h7 updated from file
2024-03-10 23:00:42,619&e_panda&wellplate&update_well_status_from_json_file&486&Well h8 updated from file
2024-03-10 23:00:42,619&e_panda&wellplate&update_well_status_from_json_file&486&Well h9 updated from file
2024-03-10 23:00:42,620&e_panda&wellplate&update_well_status_from_json_file&486&Well h10 updated from file
2024-03-10 23:00:42,620&e_panda&wellplate&update_well_status_from_json_file&486&Well h11 updated from file
2024-03-10 23:00:42,620&e_panda&wellplate&update_well_status_from_json_file&486&Well h12 updated from file
2024-03-10 23:03:13,481&e_panda&wellplate&update_well_status_from_json_file&471&Updating well status's from file...
2024-03-10 23:03:13,481&e_panda&wellplate&update_well_status_from_json_file&486&Well a1 updated from file
2024-03-10 23:03:13,481&e_panda&wellplate&update_well_status_from_json_file&486&Well a2 updated from file
2024-03-10 23:03:13,482&e_panda&wellplate&update_well_status_from_json_file&486&Well a3 updated from file
2024-03-10 23:03:13,482&e_panda&wellplate&update_well_status_from_json_file&486&Well a4 updated from file
2024-03-10 23:03:13,482&e_panda&wellplate&update_well_status_from_json_file&486&Well a5 updated from file
2024-03-10 23:03:13,482&e_panda&wellplate&update_well_status_from_json_file&486&Well a6 updated from file
2024-03-10 23:03:13,482&e_panda&wellplate&update_well_status_from_json_file&486&Well a7 updated from file
2024-03-10 23:03:13,482&e_panda&wellplate&update_well_status_from_json_file&486&Well a8 updated from file
2024-03-10 23:03:13,482&e_panda&wellplate&update_well_status_from_json_file&486&Well a9 updated from file
2024-03-10 23:03:13,482&e_panda&wellplate&update_well_status_from_json_file&486&Well a10 updated from file
2024-03-10 23:03:13,483&e_panda&wellplate&update_well_status_from_json_file&486&Well a11 updated from file
2024-03-10 23:03:13,483&e_panda&wellplate&update_well_status_from_json_file&486&Well a12 updated from file
2024-03-10 23:03:13,483&e_panda&wellplate&update_well_status_from_json_file&486&Well b1 updated from file
2024-03-10 23:03:13,483&e_panda&wellplate&update_well_status_from_json_file&486&Well b2 updated from file
2024-03-10 23:03:13,483&e_panda&wellplate&update_well_status_from_json_file&486&Well b3 updated from file
2024-03-10 23:03:13,483&e_panda&wellplate&update_well_status_from_json_file&486&Well b4 updated from file
2024-03-10 23:03:13,483&e_panda&wellplate&update_well_status_from_json_file&486&Well b5 updated from file
2024-03-10 23:03:13,483&e_panda&wellplate&update_well_status_from_json_file&486&Well b6 updated from file
2024-03-10 23:03:13,483&e_panda&wellplate&update_well_status_from_json_file&486&Well b7 updated from file
2024-03-10 23:03:13,484&e_panda&wellplate&update_well_status_from_json_file&486&Well b8 updated from file
2024-03-10 23:03:13,484&e_panda&wellplate&update_well_status_from_json_file&486&Well b9 updated from file
2024-03-10 23:03:13,484&e_panda&wellplate&update_well_status_from_json_file&486&Well b10 updated from file
2024-03-10 23:03:13,484&e_panda&wellplate&update_well_status_from_json_file&486&Well b11 updated from file
2024-03-10 23:03:13,484&e_panda&wellplate&update_well_status_from_json_file&486&Well b12 updated from file
2024-03-10 23:03:13,484&e_panda&wellplate&update_well_status_from_json_file&486&Well c1 updated from file
2024-03-10 23:03:13,484&e_panda&wellplate&update_well_status_from_json_file&486&Well c2 updated from file
2024-03-10 23:03:13,484&e_panda&wellplate&update_well_status_from_json_file&486&Well c3 updated from file
2024-03-10 23:03:13,484&e_panda&wellplate&update_well_status_from_json_file&486&Well c4 updated from file
2024-03-10 23:03:13,485&e_panda&wellplate&update_well_status_from_json_file&486&Well c5 updated from file
2024-03-10 23:03:13,485&e_panda&wellplate&update_well_status_from_json_file&486&Well c6 updated from file
2024-03-10 23:03:13,485&e_panda&wellplate&update_well_status_from_json_file&486&Well c7 updated from file
2024-03-10 23:03:13,485&e_panda&wellplate&update_well_status_from_json_file&486&Well c8 updated from file
2024-03-10 23:03:13,485&e_panda&wellplate&update_well_status_from_json_file&486&Well c9 updated from file
2024-03-10 23:03:13,485&e_panda&wellplate&update_well_status_from_json_file&486&Well c10 updated from file
2024-03-10 23:03:13,485&e_panda&wellplate&update_well_status_from_json_file&486&Well c11 updated from file
2024-03-10 23:03:13,485&e_panda&wellplate&update_well_status_from_json_file&486&Well c12 updated from file
2024-03-10 23:03:13,486&e_panda&wellplate&update_well_status_from_json_file&486&Well d1 updated from file
2024-03-10 23:03:13,486&e_panda&wellplate&update_well_status_from_json_file&486&Well d2 updated from file
2024-03-10 23:03:13,486&e_panda&wellplate&update_well_status_from_json_file&486&Well d3 updated from file
2024-03-10 23:03:13,486&e_panda&wellplate&update_well_status_from_json_file&486&Well d4 updated from file
2024-03-10 23:03:13,486&e_panda&wellplate&update_well_status_from_json_file&486&Well d5 updated from file
2024-03-10 23:03:13,486&e_panda&wellplate&update_well_status_from_json_file&486&Well d6 updated from file
2024-03-10 23:03:13,486&e_panda&wellplate&update_well_status_from_json_file&486&Well d7 updated from file
2024-03-10 23:03:13,486&e_panda&wellplate&update_well_status_from_json_file&486&Well d8 updated from file
2024-03-10 23:03:13,487&e_panda&wellplate&update_well_status_from_json_file&486&Well d9 updated from file
2024-03-10 23:03:13,487&e_panda&wellplate&update_well_status_from_json_file&486&Well d10 updated from file
2024-03-10 23:03:13,487&e_panda&wellplate&update_well_status_from_json_file&486&Well d11 updated from file
2024-03-10 23:03:13,487&e_panda&wellplate&update_well_status_from_json_file&486&Well d12 updated from file
2024-03-10 23:03:13,487&e_panda&wellplate&update_well_status_from_json_file&486&Well e1 updated from file
2024-03-10 23:03:13,487&e_panda&wellplate&update_well_status_from_json_file&486&Well e2 updated from file
2024-03-10 23:03:13,487&e_panda&wellplate&update_well_status_from_json_file&486&Well e3 updated from file
2024-03-10 23:03:13,487&e_panda&wellplate&update_well_status_from_json_file&486&Well e4 updated from file
2024-03-10 23:03:13,487&e_panda&wellplate&update_well_status_from_json_file&486&Well e5 updated from file
2024-03-10 23:03:13,488&e_panda&wellplate&update_well_status_from_json_file&486&Well e6 updated from file
2024-03-10 23:03:13,488&e_panda&wellplate&update_well_status_from_json_file&486&Well e7 updated from file
2024-03-10 23:03:13,488&e_panda&wellplate&update_well_status_from_json_file&486&Well e8 updated from file
2024-03-10 23:03:13,488&e_panda&wellplate&update_well_status_from_json_file&486&Well e9 updated from file
2024-03-10 23:03:13,488&e_panda&wellplate&update_well_status_from_json_file&486&Well e10 updated from file
2024-03-10 23:03:13,488&e_panda&wellplate&update_well_status_from_json_file&486&Well e11 updated from file
2024-03-10 23:03:13,488&e_panda&wellplate&update_well_status_from_json_file&486&Well e12 updated from file
2024-03-10 23:03:13,488&e_panda&wellplate&update_well_status_from_json_file&486&Well f1 updated from file
2024-03-10 23:03:13,489&e_panda&wellplate&update_well_status_from_json_file&486&Well f2 updated from file
2024-03-10 23:03:13,489&e_panda&wellplate&update_well_status_from_json_file&486&Well f3 updated from file
2024-03-10 23:03:13,489&e_panda&wellplate&update_well_status_from_json_file&486&Well f4 updated from file
2024-03-10 23:03:13,489&e_panda&wellplate&update_well_status_from_json_file&486&Well f5 updated from file
2024-03-10 23:03:13,489&e_panda&wellplate&update_well_status_from_json_file&486&Well f6 updated from file
2024-03-10 23:03:13,489&e_panda&wellplate&update_well_status_from_json_file&486&Well f7 updated from file
2024-03-10 23:03:13,489&e_panda&wellplate&update_well_status_from_json_file&486&Well f8 updated from file
2024-03-10 23:03:13,489&e_panda&wellplate&update_well_status_from_json_file&486&Well f9 updated from file
2024-03-10 23:03:13,490&e_panda&wellplate&update_well_status_from_json_file&486&Well f10 updated from file
2024-03-10 23:03:13,490&e_panda&wellplate&update_well_status_from_json_file&486&Well f11 updated from file
2024-03-10 23:03:13,490&e_panda&wellplate&update_well_status_from_json_file&486&Well f12 updated from file
2024-03-10 23:03:13,490&e_panda&wellplate&update_well_status_from_json_file&486&Well g1 updated from file
2024-03-10 23:03:13,490&e_panda&wellplate&update_well_status_from_json_file&486&Well g2 updated from file
2024-03-10 23:03:13,490&e_panda&wellplate&update_well_status_from_json_file&486&Well g3 updated from file
2024-03-10 23:03:13,490&e_panda&wellplate&update_well_status_from_json_file&486&Well g4 updated from file
2024-03-10 23:03:13,490&e_panda&wellplate&update_well_status_from_json_file&486&Well g5 updated from file
2024-03-10 23:03:13,491&e_panda&wellplate&update_well_status_from_json_file&486&Well g6 updated from file
2024-03-10 23:03:13,491&e_panda&wellplate&update_well_status_from_json_file&486&Well g7 updated from file
2024-03-10 23:03:13,491&e_panda&wellplate&update_well_status_from_json_file&486&Well g8 updated from file
2024-03-10 23:03:13,491&e_panda&wellplate&update_well_status_from_json_file&486&Well g9 updated from file
2024-03-10 23:03:13,491&e_panda&wellplate&update_well_status_from_json_file&486&Well g10 updated from file
2024-03-10 23:03:13,491&e_panda&wellplate&update_well_status_from_json_file&486&Well g11 updated from file
2024-03-10 23:03:13,491&e_panda&wellplate&update_well_status_from_json_file&486&Well g12 updated from file
2024-03-10 23:03:13,491&e_panda&wellplate&update_well_status_from_json_file&486&Well h1 updated from file
2024-03-10 23:03:13,492&e_panda&wellplate&update_well_status_from_json_file&486&Well h2 updated from file
2024-03-10 23:03:13,492&e_panda&wellplate&update_well_status_from_json_file&486&Well h3 updated from file
2024-03-10 23:03:13,492&e_panda&wellplate&update_well_status_from_json_file&486&Well h4 updated from file
2024-03-10 23:03:13,492&e_panda&wellplate&update_well_status_from_json_file&486&Well h5 updated from file
2024-03-10 23:03:13,492&e_panda&wellplate&update_well_status_from_json_file&486&Well h6 updated from file
2024-03-10 23:03:13,492&e_panda&wellplate&update_well_status_from_json_file&486&Well h7 updated from file
2024-03-10 23:03:13,492&e_panda&wellplate&update_well_status_from_json_file&486&Well h8 updated from file
2024-03-10 23:03:13,492&e_panda&wellplate&update_well_status_from_json_file&486&Well h9 updated from file
2024-03-10 23:03:13,493&e_panda&wellplate&update_well_status_from_json_file&486&Well h10 updated from file
2024-03-10 23:03:13,493&e_panda&wellplate&update_well_status_from_json_file&486&Well h11 updated from file
2024-03-10 23:03:13,493&e_panda&wellplate&update_well_status_from_json_file&486&Well h12 updated from file
2024-03-10 23:11:37,769&e_panda&wellplate&update_well_status_from_json_file&471&Updating well status's from file...
2024-03-10 23:11:37,770&e_panda&wellplate&update_well_status_from_json_file&486&Well a1 updated from file
2024-03-10 23:11:37,770&e_panda&wellplate&update_well_status_from_json_file&486&Well a2 updated from file
2024-03-10 23:11:37,771&e_panda&wellplate&update_well_status_from_json_file&486&Well a3 updated from file
2024-03-10 23:11:37,771&e_panda&wellplate&update_well_status_from_json_file&486&Well a4 updated from file
2024-03-10 23:11:37,771&e_panda&wellplate&update_well_status_from_json_file&486&Well a5 updated from file
2024-03-10 23:11:37,771&e_panda&wellplate&update_well_status_from_json_file&486&Well a6 updated from file
2024-03-10 23:11:37,771&e_panda&wellplate&update_well_status_from_json_file&486&Well a7 updated from file
2024-03-10 23:11:37,771&e_panda&wellplate&update_well_status_from_json_file&486&Well a8 updated from file
2024-03-10 23:11:37,771&e_panda&wellplate&update_well_status_from_json_file&486&Well a9 updated from file
2024-03-10 23:11:37,771&e_panda&wellplate&update_well_status_from_json_file&486&Well a10 updated from file
2024-03-10 23:11:37,772&e_panda&wellplate&update_well_status_from_json_file&486&Well a11 updated from file
2024-03-10 23:11:37,772&e_panda&wellplate&update_well_status_from_json_file&486&Well a12 updated from file
2024-03-10 23:11:37,772&e_panda&wellplate&update_well_status_from_json_file&486&Well b1 updated from file
2024-03-10 23:11:37,772&e_panda&wellplate&update_well_status_from_json_file&486&Well b2 updated from file
2024-03-10 23:11:37,772&e_panda&wellplate&update_well_status_from_json_file&486&Well b3 updated from file
2024-03-10 23:11:37,772&e_panda&wellplate&update_well_status_from_json_file&486&Well b4 updated from file
2024-03-10 23:11:37,772&e_panda&wellplate&update_well_status_from_json_file&486&Well b5 updated from file
2024-03-10 23:11:37,773&e_panda&wellplate&update_well_status_from_json_file&486&Well b6 updated from file
2024-03-10 23:11:37,773&e_panda&wellplate&update_well_status_from_json_file&486&Well b7 updated from file
2024-03-10 23:11:37,773&e_panda&wellplate&update_well_status_from_json_file&486&Well b8 updated from file
2024-03-10 23:11:37,773&e_panda&wellplate&update_well_status_from_json_file&486&Well b9 updated from file
2024-03-10 23:11:37,773&e_panda&wellplate&update_well_status_from_json_file&486&Well b10 updated from file
2024-03-10 23:11:37,773&e_panda&wellplate&update_well_status_from_json_file&486&Well b11 updated from file
2024-03-10 23:11:37,773&e_panda&wellplate&update_well_status_from_json_file&486&Well b12 updated from file
2024-03-10 23:11:37,773&e_panda&wellplate&update_well_status_from_json_file&486&Well c1 updated from file
2024-03-10 23:11:37,774&e_panda&wellplate&update_well_status_from_json_file&486&Well c2 updated from file
2024-03-10 23:11:37,774&e_panda&wellplate&update_well_status_from_json_file&486&Well c3 updated from file
2024-03-10 23:11:37,774&e_panda&wellplate&update_well_status_from_json_file&486&Well c4 updated from file
2024-03-10 23:11:37,774&e_panda&wellplate&update_well_status_from_json_file&486&Well c5 updated from file
2024-03-10 23:11:37,774&e_panda&wellplate&update_well_status_from_json_file&486&Well c6 updated from file
2024-03-10 23:11:37,774&e_panda&wellplate&update_well_status_from_json_file&486&Well c7 updated from file
2024-03-10 23:11:37,774&e_panda&wellplate&update_well_status_from_json_file&486&Well c8 updated from file
2024-03-10 23:11:37,774&e_panda&wellplate&update_well_status_from_json_file&486&Well c9 updated from file
2024-03-10 23:11:37,775&e_panda&wellplate&update_well_status_from_json_file&486&Well c10 updated from file
2024-03-10 23:11:37,775&e_panda&wellplate&update_well_status_from_json_file&486&Well c11 updated from file
2024-03-10 23:11:37,775&e_panda&wellplate&update_well_status_from_json_file&486&Well c12 updated from file
2024-03-10 23:11:37,775&e_panda&wellplate&update_well_status_from_json_file&486&Well d1 updated from file
2024-03-10 23:11:37,775&e_panda&wellplate&update_well_status_from_json_file&486&Well d2 updated from file
2024-03-10 23:11:37,775&e_panda&wellplate&update_well_status_from_json_file&486&Well d3 updated from file
2024-03-10 23:11:37,775&e_panda&wellplate&update_well_status_from_json_file&486&Well d4 updated from file
2024-03-10 23:11:37,775&e_panda&wellplate&update_well_status_from_json_file&486&Well d5 updated from file
2024-03-10 23:11:37,775&e_panda&wellplate&update_well_status_from_json_file&486&Well d6 updated from file
2024-03-10 23:11:37,776&e_panda&wellplate&update_well_status_from_json_file&486&Well d7 updated from file
2024-03-10 23:11:37,776&e_panda&wellplate&update_well_status_from_json_file&486&Well d8 updated from file
2024-03-10 23:11:37,776&e_panda&wellplate&update_well_status_from_json_file&486&Well d9 updated from file
2024-03-10 23:11:37,776&e_panda&wellplate&update_well_status_from_json_file&486&Well d10 updated from file
2024-03-10 23:11:37,776&e_panda&wellplate&update_well_status_from_json_file&486&Well d11 updated from file
2024-03-10 23:11:37,776&e_panda&wellplate&update_well_status_from_json_file&486&Well d12 updated from file
2024-03-10 23:11:37,776&e_panda&wellplate&update_well_status_from_json_file&486&Well e1 updated from file
2024-03-10 23:11:37,776&e_panda&wellplate&update_well_status_from_json_file&486&Well e2 updated from file
2024-03-10 23:11:37,777&e_panda&wellplate&update_well_status_from_json_file&486&Well e3 updated from file
2024-03-10 23:11:37,777&e_panda&wellplate&update_well_status_from_json_file&486&Well e4 updated from file
2024-03-10 23:11:37,777&e_panda&wellplate&update_well_status_from_json_file&486&Well e5 updated from file
2024-03-10 23:11:37,777&e_panda&wellplate&update_well_status_from_json_file&486&Well e6 updated from file
2024-03-10 23:11:37,777&e_panda&wellplate&update_well_status_from_json_file&486&Well e7 updated from file
2024-03-10 23:11:37,777&e_panda&wellplate&update_well_status_from_json_file&486&Well e8 updated from file
2024-03-10 23:11:37,777&e_panda&wellplate&update_well_status_from_json_file&486&Well e9 updated from file
2024-03-10 23:11:37,777&e_panda&wellplate&update_well_status_from_json_file&486&Well e10 updated from file
2024-03-10 23:11:37,778&e_panda&wellplate&update_well_status_from_json_file&486&Well e11 updated from file
2024-03-10 23:11:37,778&e_panda&wellplate&update_well_status_from_json_file&486&Well e12 updated from file
2024-03-10 23:11:37,778&e_panda&wellplate&update_well_status_from_json_file&486&Well f1 updated from file
2024-03-10 23:11:37,778&e_panda&wellplate&update_well_status_from_json_file&486&Well f2 updated from file
2024-03-10 23:11:37,778&e_panda&wellplate&update_well_status_from_json_file&486&Well f3 updated from file
2024-03-10 23:11:37,778&e_panda&wellplate&update_well_status_from_json_file&486&Well f4 updated from file
2024-03-10 23:11:37,778&e_panda&wellplate&update_well_status_from_json_file&486&Well f5 updated from file
2024-03-10 23:11:37,779&e_panda&wellplate&update_well_status_from_json_file&486&Well f6 updated from file
2024-03-10 23:11:37,779&e_panda&wellplate&update_well_status_from_json_file&486&Well f7 updated from file
2024-03-10 23:11:37,779&e_panda&wellplate&update_well_status_from_json_file&486&Well f8 updated from file
2024-03-10 23:11:37,779&e_panda&wellplate&update_well_status_from_json_file&486&Well f9 updated from file
2024-03-10 23:11:37,779&e_panda&wellplate&update_well_status_from_json_file&486&Well f10 updated from file
2024-03-10 23:11:37,779&e_panda&wellplate&update_well_status_from_json_file&486&Well f11 updated from file
2024-03-10 23:11:37,779&e_panda&wellplate&update_well_status_from_json_file&486&Well f12 updated from file
2024-03-10 23:11:37,779&e_panda&wellplate&update_well_status_from_json_file&486&Well g1 updated from file
2024-03-10 23:11:37,779&e_panda&wellplate&update_well_status_from_json_file&486&Well g2 updated from file
2024-03-10 23:11:37,780&e_panda&wellplate&update_well_status_from_json_file&486&Well g3 updated from file
2024-03-10 23:11:37,780&e_panda&wellplate&update_well_status_from_json_file&486&Well g4 updated from file
2024-03-10 23:11:37,780&e_panda&wellplate&update_well_status_from_json_file&486&Well g5 updated from file
2024-03-10 23:11:37,780&e_panda&wellplate&update_well_status_from_json_file&486&Well g6 updated from file
2024-03-10 23:11:37,780&e_panda&wellplate&update_well_status_from_json_file&486&Well g7 updated from file
2024-03-10 23:11:37,780&e_panda&wellplate&update_well_status_from_json_file&486&Well g8 updated from file
2024-03-10 23:11:37,780&e_panda&wellplate&update_well_status_from_json_file&486&Well g9 updated from file
2024-03-10 23:11:37,780&e_panda&wellplate&update_well_status_from_json_file&486&Well g10 updated from file
2024-03-10 23:11:37,781&e_panda&wellplate&update_well_status_from_json_file&486&Well g11 updated from file
2024-03-10 23:11:37,781&e_panda&wellplate&update_well_status_from_json_file&486&Well g12 updated from file
2024-03-10 23:11:37,781&e_panda&wellplate&update_well_status_from_json_file&486&Well h1 updated from file
2024-03-10 23:11:37,781&e_panda&wellplate&update_well_status_from_json_file&486&Well h2 updated from file
2024-03-10 23:11:37,781&e_panda&wellplate&update_well_status_from_json_file&486&Well h3 updated from file
2024-03-10 23:11:37,781&e_panda&wellplate&update_well_status_from_json_file&486&Well h4 updated from file
2024-03-10 23:11:37,781&e_panda&wellplate&update_well_status_from_json_file&486&Well h5 updated from file
2024-03-10 23:11:37,781&e_panda&wellplate&update_well_status_from_json_file&486&Well h6 updated from file
2024-03-10 23:11:37,782&e_panda&wellplate&update_well_status_from_json_file&486&Well h7 updated from file
2024-03-10 23:11:37,782&e_panda&wellplate&update_well_status_from_json_file&486&Well h8 updated from file
2024-03-10 23:11:37,782&e_panda&wellplate&update_well_status_from_json_file&486&Well h9 updated from file
2024-03-10 23:11:37,782&e_panda&wellplate&update_well_status_from_json_file&486&Well h10 updated from file
2024-03-10 23:11:37,782&e_panda&wellplate&update_well_status_from_json_file&486&Well h11 updated from file
2024-03-10 23:11:37,782&e_panda&wellplate&update_well_status_from_json_file&486&Well h12 updated from file
2024-03-10 23:12:16,837&e_panda&wellplate&update_well_status_from_json_file&471&Updating well status's from file...
2024-03-10 23:12:16,838&e_panda&wellplate&update_well_status_from_json_file&486&Well a1 updated from file
2024-03-10 23:12:16,839&e_panda&wellplate&update_well_status_from_json_file&486&Well a2 updated from file
2024-03-10 23:12:16,839&e_panda&wellplate&update_well_status_from_json_file&486&Well a3 updated from file
2024-03-10 23:12:16,839&e_panda&wellplate&update_well_status_from_json_file&486&Well a4 updated from file
2024-03-10 23:12:16,839&e_panda&wellplate&update_well_status_from_json_file&486&Well a5 updated from file
2024-03-10 23:12:16,839&e_panda&wellplate&update_well_status_from_json_file&486&Well a6 updated from file
2024-03-10 23:12:16,839&e_panda&wellplate&update_well_status_from_json_file&486&Well a7 updated from file
2024-03-10 23:12:16,839&e_panda&wellplate&update_well_status_from_json_file&486&Well a8 updated from file
2024-03-10 23:12:16,839&e_panda&wellplate&update_well_status_from_json_file&486&Well a9 updated from file
2024-03-10 23:12:16,840&e_panda&wellplate&update_well_status_from_json_file&486&Well a10 updated from file
2024-03-10 23:12:16,840&e_panda&wellplate&update_well_status_from_json_file&486&Well a11 updated from file
2024-03-10 23:12:16,840&e_panda&wellplate&update_well_status_from_json_file&486&Well a12 updated from file
2024-03-10 23:12:16,840&e_panda&wellplate&update_well_status_from_json_file&486&Well b1 updated from file
2024-03-10 23:12:16,840&e_panda&wellplate&update_well_status_from_json_file&486&Well b2 updated from file
2024-03-10 23:12:16,840&e_panda&wellplate&update_well_status_from_json_file&486&Well b3 updated from file
2024-03-10 23:12:16,840&e_panda&wellplate&update_well_status_from_json_file&486&Well b4 updated from file
2024-03-10 23:12:16,840&e_panda&wellplate&update_well_status_from_json_file&486&Well b5 updated from file
2024-03-10 23:12:16,840&e_panda&wellplate&update_well_status_from_json_file&486&Well b6 updated from file
2024-03-10 23:12:16,841&e_panda&wellplate&update_well_status_from_json_file&486&Well b7 updated from file
2024-03-10 23:12:16,841&e_panda&wellplate&update_well_status_from_json_file&486&Well b8 updated from file
2024-03-10 23:12:16,841&e_panda&wellplate&update_well_status_from_json_file&486&Well b9 updated from file
2024-03-10 23:12:16,841&e_panda&wellplate&update_well_status_from_json_file&486&Well b10 updated from file
2024-03-10 23:12:16,841&e_panda&wellplate&update_well_status_from_json_file&486&Well b11 updated from file
2024-03-10 23:12:16,841&e_panda&wellplate&update_well_status_from_json_file&486&Well b12 updated from file
2024-03-10 23:12:16,841&e_panda&wellplate&update_well_status_from_json_file&486&Well c1 updated from file
2024-03-10 23:12:16,841&e_panda&wellplate&update_well_status_from_json_file&486&Well c2 updated from file
2024-03-10 23:12:16,841&e_panda&wellplate&update_well_status_from_json_file&486&Well c3 updated from file
2024-03-10 23:12:16,842&e_panda&wellplate&update_well_status_from_json_file&486&Well c4 updated from file
2024-03-10 23:12:16,842&e_panda&wellplate&update_well_status_from_json_file&486&Well c5 updated from file
2024-03-10 23:12:16,842&e_panda&wellplate&update_well_status_from_json_file&486&Well c6 updated from file
2024-03-10 23:12:16,842&e_panda&wellplate&update_well_status_from_json_file&486&Well c7 updated from file
2024-03-10 23:12:16,842&e_panda&wellplate&update_well_status_from_json_file&486&Well c8 updated from file
2024-03-10 23:12:16,842&e_panda&wellplate&update_well_status_from_json_file&486&Well c9 updated from file
2024-03-10 23:12:16,842&e_panda&wellplate&update_well_status_from_json_file&486&Well c10 updated from file
2024-03-10 23:12:16,842&e_panda&wellplate&update_well_status_from_json_file&486&Well c11 updated from file
2024-03-10 23:12:16,842&e_panda&wellplate&update_well_status_from_json_file&486&Well c12 updated from file
2024-03-10 23:12:16,843&e_panda&wellplate&update_well_status_from_json_file&486&Well d1 updated from file
2024-03-10 23:12:16,843&e_panda&wellplate&update_well_status_from_json_file&486&Well d2 updated from file
2024-03-10 23:12:16,843&e_panda&wellplate&update_well_status_from_json_file&486&Well d3 updated from file
2024-03-10 23:12:16,843&e_panda&wellplate&update_well_status_from_json_file&486&Well d4 updated from file
2024-03-10 23:12:16,843&e_panda&wellplate&update_well_status_from_json_file&486&Well d5 updated from file
2024-03-10 23:12:16,843&e_panda&wellplate&update_well_status_from_json_file&486&Well d6 updated from file
2024-03-10 23:12:16,843&e_panda&wellplate&update_well_status_from_json_file&486&Well d7 updated from file
2024-03-10 23:12:16,843&e_panda&wellplate&update_well_status_from_json_file&486&Well d8 updated from file
2024-03-10 23:12:16,844&e_panda&wellplate&update_well_status_from_json_file&486&Well d9 updated from file
2024-03-10 23:12:16,844&e_panda&wellplate&update_well_status_from_json_file&486&Well d10 updated from file
2024-03-10 23:12:16,844&e_panda&wellplate&update_well_status_from_json_file&486&Well d11 updated from file
2024-03-10 23:12:16,844&e_panda&wellplate&update_well_status_from_json_file&486&Well d12 updated from file
2024-03-10 23:12:16,844&e_panda&wellplate&update_well_status_from_json_file&486&Well e1 updated from file
2024-03-10 23:12:16,844&e_panda&wellplate&update_well_status_from_json_file&486&Well e2 updated from file
2024-03-10 23:12:16,844&e_panda&wellplate&update_well_status_from_json_file&486&Well e3 updated from file
2024-03-10 23:12:16,844&e_panda&wellplate&update_well_status_from_json_file&486&Well e4 updated from file
2024-03-10 23:12:16,844&e_panda&wellplate&update_well_status_from_json_file&486&Well e5 updated from file
2024-03-10 23:12:16,845&e_panda&wellplate&update_well_status_from_json_file&486&Well e6 updated from file
2024-03-10 23:12:16,845&e_panda&wellplate&update_well_status_from_json_file&486&Well e7 updated from file
2024-03-10 23:12:16,845&e_panda&wellplate&update_well_status_from_json_file&486&Well e8 updated from file
2024-03-10 23:12:16,845&e_panda&wellplate&update_well_status_from_json_file&486&Well e9 updated from file
2024-03-10 23:12:16,845&e_panda&wellplate&update_well_status_from_json_file&486&Well e10 updated from file
2024-03-10 23:12:16,845&e_panda&wellplate&update_well_status_from_json_file&486&Well e11 updated from file
2024-03-10 23:12:16,845&e_panda&wellplate&update_well_status_from_json_file&486&Well e12 updated from file
2024-03-10 23:12:16,845&e_panda&wellplate&update_well_status_from_json_file&486&Well f1 updated from file
2024-03-10 23:12:16,846&e_panda&wellplate&update_well_status_from_json_file&486&Well f2 updated from file
2024-03-10 23:12:16,846&e_panda&wellplate&update_well_status_from_json_file&486&Well f3 updated from file
2024-03-10 23:12:16,846&e_panda&wellplate&update_well_status_from_json_file&486&Well f4 updated from file
2024-03-10 23:12:16,846&e_panda&wellplate&update_well_status_from_json_file&486&Well f5 updated from file
2024-03-10 23:12:16,846&e_panda&wellplate&update_well_status_from_json_file&486&Well f6 updated from file
2024-03-10 23:12:16,846&e_panda&wellplate&update_well_status_from_json_file&486&Well f7 updated from file
2024-03-10 23:12:16,846&e_panda&wellplate&update_well_status_from_json_file&486&Well f8 updated from file
2024-03-10 23:12:16,846&e_panda&wellplate&update_well_status_from_json_file&486&Well f9 updated from file
2024-03-10 23:12:16,846&e_panda&wellplate&update_well_status_from_json_file&486&Well f10 updated from file
2024-03-10 23:12:16,847&e_panda&wellplate&update_well_status_from_json_file&486&Well f11 updated from file
2024-03-10 23:12:16,847&e_panda&wellplate&update_well_status_from_json_file&486&Well f12 updated from file
2024-03-10 23:12:16,847&e_panda&wellplate&update_well_status_from_json_file&486&Well g1 updated from file
2024-03-10 23:12:16,847&e_panda&wellplate&update_well_status_from_json_file&486&Well g2 updated from file
2024-03-10 23:12:16,847&e_panda&wellplate&update_well_status_from_json_file&486&Well g3 updated from file
2024-03-10 23:12:16,847&e_panda&wellplate&update_well_status_from_json_file&486&Well g4 updated from file
2024-03-10 23:12:16,847&e_panda&wellplate&update_well_status_from_json_file&486&Well g5 updated from file
2024-03-10 23:12:16,847&e_panda&wellplate&update_well_status_from_json_file&486&Well g6 updated from file
2024-03-10 23:12:16,848&e_panda&wellplate&update_well_status_from_json_file&486&Well g7 updated from file
2024-03-10 23:12:16,848&e_panda&wellplate&update_well_status_from_json_file&486&Well g8 updated from file
2024-03-10 23:12:16,848&e_panda&wellplate&update_well_status_from_json_file&486&Well g9 updated from file
2024-03-10 23:12:16,848&e_panda&wellplate&update_well_status_from_json_file&486&Well g10 updated from file
2024-03-10 23:12:16,848&e_panda&wellplate&update_well_status_from_json_file&486&Well g11 updated from file
2024-03-10 23:12:16,848&e_panda&wellplate&update_well_status_from_json_file&486&Well g12 updated from file
2024-03-10 23:12:16,848&e_panda&wellplate&update_well_status_from_json_file&486&Well h1 updated from file
2024-03-10 23:12:16,849&e_panda&wellplate&update_well_status_from_json_file&486&Well h2 updated from file
2024-03-10 23:12:16,849&e_panda&wellplate&update_well_status_from_json_file&486&Well h3 updated from file
2024-03-10 23:12:16,849&e_panda&wellplate&update_well_status_from_json_file&486&Well h4 updated from file
2024-03-10 23:12:16,849&e_panda&wellplate&update_well_status_from_json_file&486&Well h5 updated from file
2024-03-10 23:12:16,849&e_panda&wellplate&update_well_status_from_json_file&486&Well h6 updated from file
2024-03-10 23:12:16,849&e_panda&wellplate&update_well_status_from_json_file&486&Well h7 updated from file
2024-03-10 23:12:16,849&e_panda&wellplate&update_well_status_from_json_file&486&Well h8 updated from file
2024-03-10 23:12:16,850&e_panda&wellplate&update_well_status_from_json_file&486&Well h9 updated from file
2024-03-10 23:12:16,850&e_panda&wellplate&update_well_status_from_json_file&486&Well h10 updated from file
2024-03-10 23:12:16,850&e_panda&wellplate&update_well_status_from_json_file&486&Well h11 updated from file
2024-03-10 23:12:16,850&e_panda&wellplate&update_well_status_from_json_file&486&Well h12 updated from file
2024-03-10 23:22:05,320&e_panda&wellplate&update_well_status_from_json_file&471&Updating well status's from file...
2024-03-10 23:22:05,321&e_panda&wellplate&update_well_status_from_json_file&486&Well a1 updated from file
2024-03-10 23:22:05,321&e_panda&wellplate&update_well_status_from_json_file&486&Well a2 updated from file
2024-03-10 23:22:05,321&e_panda&wellplate&update_well_status_from_json_file&486&Well a3 updated from file
2024-03-10 23:22:05,321&e_panda&wellplate&update_well_status_from_json_file&486&Well a4 updated from file
2024-03-10 23:22:05,322&e_panda&wellplate&update_well_status_from_json_file&486&Well a5 updated from file
2024-03-10 23:22:05,322&e_panda&wellplate&update_well_status_from_json_file&486&Well a6 updated from file
2024-03-10 23:22:05,322&e_panda&wellplate&update_well_status_from_json_file&486&Well a7 updated from file
2024-03-10 23:22:05,322&e_panda&wellplate&update_well_status_from_json_file&486&Well a8 updated from file
2024-03-10 23:22:05,322&e_panda&wellplate&update_well_status_from_json_file&486&Well a9 updated from file
2024-03-10 23:22:05,322&e_panda&wellplate&update_well_status_from_json_file&486&Well a10 updated from file
2024-03-10 23:22:05,322&e_panda&wellplate&update_well_status_from_json_file&486&Well a11 updated from file
2024-03-10 23:22:05,322&e_panda&wellplate&update_well_status_from_json_file&486&Well a12 updated from file
2024-03-10 23:22:05,323&e_panda&wellplate&update_well_status_from_json_file&486&Well b1 updated from file
2024-03-10 23:22:05,323&e_panda&wellplate&update_well_status_from_json_file&486&Well b2 updated from file
2024-03-10 23:22:05,323&e_panda&wellplate&update_well_status_from_json_file&486&Well b3 updated from file
2024-03-10 23:22:05,323&e_panda&wellplate&update_well_status_from_json_file&486&Well b4 updated from file
2024-03-10 23:22:05,323&e_panda&wellplate&update_well_status_from_json_file&486&Well b5 updated from file
2024-03-10 23:22:05,323&e_panda&wellplate&update_well_status_from_json_file&486&Well b6 updated from file
2024-03-10 23:22:05,323&e_panda&wellplate&update_well_status_from_json_file&486&Well b7 updated from file
2024-03-10 23:22:05,323&e_panda&wellplate&update_well_status_from_json_file&486&Well b8 updated from file
2024-03-10 23:22:05,323&e_panda&wellplate&update_well_status_from_json_file&486&Well b9 updated from file
2024-03-10 23:22:05,324&e_panda&wellplate&update_well_status_from_json_file&486&Well b10 updated from file
2024-03-10 23:22:05,324&e_panda&wellplate&update_well_status_from_json_file&486&Well b11 updated from file
2024-03-10 23:22:05,324&e_panda&wellplate&update_well_status_from_json_file&486&Well b12 updated from file
2024-03-10 23:22:05,324&e_panda&wellplate&update_well_status_from_json_file&486&Well c1 updated from file
2024-03-10 23:22:05,324&e_panda&wellplate&update_well_status_from_json_file&486&Well c2 updated from file
2024-03-10 23:22:05,324&e_panda&wellplate&update_well_status_from_json_file&486&Well c3 updated from file
2024-03-10 23:22:05,324&e_panda&wellplate&update_well_status_from_json_file&486&Well c4 updated from file
2024-03-10 23:22:05,324&e_panda&wellplate&update_well_status_from_json_file&486&Well c5 updated from file
2024-03-10 23:22:05,325&e_panda&wellplate&update_well_status_from_json_file&486&Well c6 updated from file
2024-03-10 23:22:05,325&e_panda&wellplate&update_well_status_from_json_file&486&Well c7 updated from file
2024-03-10 23:22:05,325&e_panda&wellplate&update_well_status_from_json_file&486&Well c8 updated from file
2024-03-10 23:22:05,325&e_panda&wellplate&update_well_status_from_json_file&486&Well c9 updated from file
2024-03-10 23:22:05,325&e_panda&wellplate&update_well_status_from_json_file&486&Well c10 updated from file
2024-03-10 23:22:05,325&e_panda&wellplate&update_well_status_from_json_file&486&Well c11 updated from file
2024-03-10 23:22:05,325&e_panda&wellplate&update_well_status_from_json_file&486&Well c12 updated from file
2024-03-10 23:22:05,325&e_panda&wellplate&update_well_status_from_json_file&486&Well d1 updated from file
2024-03-10 23:22:05,325&e_panda&wellplate&update_well_status_from_json_file&486&Well d2 updated from file
2024-03-10 23:22:05,326&e_panda&wellplate&update_well_status_from_json_file&486&Well d3 updated from file
2024-03-10 23:22:05,326&e_panda&wellplate&update_well_status_from_json_file&486&Well d4 updated from file
2024-03-10 23:22:05,326&e_panda&wellplate&update_well_status_from_json_file&486&Well d5 updated from file
2024-03-10 23:22:05,326&e_panda&wellplate&update_well_status_from_json_file&486&Well d6 updated from file
2024-03-10 23:22:05,326&e_panda&wellplate&update_well_status_from_json_file&486&Well d7 updated from file
2024-03-10 23:22:05,326&e_panda&wellplate&update_well_status_from_json_file&486&Well d8 updated from file
2024-03-10 23:22:05,326&e_panda&wellplate&update_well_status_from_json_file&486&Well d9 updated from file
2024-03-10 23:22:05,326&e_panda&wellplate&update_well_status_from_json_file&486&Well d10 updated from file
2024-03-10 23:22:05,326&e_panda&wellplate&update_well_status_from_json_file&486&Well d11 updated from file
2024-03-10 23:22:05,327&e_panda&wellplate&update_well_status_from_json_file&486&Well d12 updated from file
2024-03-10 23:22:05,327&e_panda&wellplate&update_well_status_from_json_file&486&Well e1 updated from file
2024-03-10 23:22:05,327&e_panda&wellplate&update_well_status_from_json_file&486&Well e2 updated from file
2024-03-10 23:22:05,327&e_panda&wellplate&update_well_status_from_json_file&486&Well e3 updated from file
2024-03-10 23:22:05,327&e_panda&wellplate&update_well_status_from_json_file&486&Well e4 updated from file
2024-03-10 23:22:05,327&e_panda&wellplate&update_well_status_from_json_file&486&Well e5 updated from file
2024-03-10 23:22:05,327&e_panda&wellplate&update_well_status_from_json_file&486&Well e6 updated from file
2024-03-10 23:22:05,327&e_panda&wellplate&update_well_status_from_json_file&486&Well e7 updated from file
2024-03-10 23:22:05,328&e_panda&wellplate&update_well_status_from_json_file&486&Well e8 updated from file
2024-03-10 23:22:05,328&e_panda&wellplate&update_well_status_from_json_file&486&Well e9 updated from file
2024-03-10 23:22:05,328&e_panda&wellplate&update_well_status_from_json_file&486&Well e10 updated from file
2024-03-10 23:22:05,328&e_panda&wellplate&update_well_status_from_json_file&486&Well e11 updated from file
2024-03-10 23:22:05,328&e_panda&wellplate&update_well_status_from_json_file&486&Well e12 updated from file
2024-03-10 23:22:05,328&e_panda&wellplate&update_well_status_from_json_file&486&Well f1 updated from file
2024-03-10 23:22:05,328&e_panda&wellplate&update_well_status_from_json_file&486&Well f2 updated from file
2024-03-10 23:22:05,328&e_panda&wellplate&update_well_status_from_json_file&486&Well f3 updated from file
2024-03-10 23:22:05,329&e_panda&wellplate&update_well_status_from_json_file&486&Well f4 updated from file
2024-03-10 23:22:05,329&e_panda&wellplate&update_well_status_from_json_file&486&Well f5 updated from file
2024-03-10 23:22:05,329&e_panda&wellplate&update_well_status_from_json_file&486&Well f6 updated from file
2024-03-10 23:22:05,329&e_panda&wellplate&update_well_status_from_json_file&486&Well f7 updated from file
2024-03-10 23:22:05,329&e_panda&wellplate&update_well_status_from_json_file&486&Well f8 updated from file
2024-03-10 23:22:05,329&e_panda&wellplate&update_well_status_from_json_file&486&Well f9 updated from file
2024-03-10 23:22:05,329&e_panda&wellplate&update_well_status_from_json_file&486&Well f10 updated from file
2024-03-10 23:22:05,329&e_panda&wellplate&update_well_status_from_json_file&486&Well f11 updated from file
2024-03-10 23:22:05,329&e_panda&wellplate&update_well_status_from_json_file&486&Well f12 updated from file
2024-03-10 23:22:05,330&e_panda&wellplate&update_well_status_from_json_file&486&Well g1 updated from file
2024-03-10 23:22:05,330&e_panda&wellplate&update_well_status_from_json_file&486&Well g2 updated from file
2024-03-10 23:22:05,330&e_panda&wellplate&update_well_status_from_json_file&486&Well g3 updated from file
2024-03-10 23:22:05,330&e_panda&wellplate&update_well_status_from_json_file&486&Well g4 updated from file
2024-03-10 23:22:05,330&e_panda&wellplate&update_well_status_from_json_file&486&Well g5 updated from file
2024-03-10 23:22:05,330&e_panda&wellplate&update_well_status_from_json_file&486&Well g6 updated from file
2024-03-10 23:22:05,330&e_panda&wellplate&update_well_status_from_json_file&486&Well g7 updated from file
2024-03-10 23:22:05,330&e_panda&wellplate&update_well_status_from_json_file&486&Well g8 updated from file
2024-03-10 23:22:05,331&e_panda&wellplate&update_well_status_from_json_file&486&Well g9 updated from file
2024-03-10 23:22:05,331&e_panda&wellplate&update_well_status_from_json_file&486&Well g10 updated from file
2024-03-10 23:22:05,331&e_panda&wellplate&update_well_status_from_json_file&486&Well g11 updated from file
2024-03-10 23:22:05,331&e_panda&wellplate&update_well_status_from_json_file&486&Well g12 updated from file
2024-03-10 23:22:05,331&e_panda&wellplate&update_well_status_from_json_file&486&Well h1 updated from file
2024-03-10 23:22:05,331&e_panda&wellplate&update_well_status_from_json_file&486&Well h2 updated from file
2024-03-10 23:22:05,331&e_panda&wellplate&update_well_status_from_json_file&486&Well h3 updated from file
2024-03-10 23:22:05,331&e_panda&wellplate&update_well_status_from_json_file&486&Well h4 updated from file
2024-03-10 23:22:05,332&e_panda&wellplate&update_well_status_from_json_file&486&Well h5 updated from file
2024-03-10 23:22:05,332&e_panda&wellplate&update_well_status_from_json_file&486&Well h6 updated from file
2024-03-10 23:22:05,332&e_panda&wellplate&update_well_status_from_json_file&486&Well h7 updated from file
2024-03-10 23:22:05,332&e_panda&wellplate&update_well_status_from_json_file&486&Well h8 updated from file
2024-03-10 23:22:05,332&e_panda&wellplate&update_well_status_from_json_file&486&Well h9 updated from file
2024-03-10 23:22:05,332&e_panda&wellplate&update_well_status_from_json_file&486&Well h10 updated from file
2024-03-10 23:22:05,332&e_panda&wellplate&update_well_status_from_json_file&486&Well h11 updated from file
2024-03-10 23:22:05,332&e_panda&wellplate&update_well_status_from_json_file&486&Well h12 updated from file
2024-03-10 23:27:08,346&e_panda&wellplate&update_well_status_from_json_file&471&Updating well status's from file...
2024-03-10 23:27:08,347&e_panda&wellplate&update_well_status_from_json_file&486&Well a1 updated from file
2024-03-10 23:27:08,347&e_panda&wellplate&update_well_status_from_json_file&486&Well a2 updated from file
2024-03-10 23:27:08,347&e_panda&wellplate&update_well_status_from_json_file&486&Well a3 updated from file
2024-03-10 23:27:08,347&e_panda&wellplate&update_well_status_from_json_file&486&Well a4 updated from file
2024-03-10 23:27:08,347&e_panda&wellplate&update_well_status_from_json_file&486&Well a5 updated from file
2024-03-10 23:27:08,347&e_panda&wellplate&update_well_status_from_json_file&486&Well a6 updated from file
2024-03-10 23:27:08,347&e_panda&wellplate&update_well_status_from_json_file&486&Well a7 updated from file
2024-03-10 23:27:08,347&e_panda&wellplate&update_well_status_from_json_file&486&Well a8 updated from file
2024-03-10 23:27:08,348&e_panda&wellplate&update_well_status_from_json_file&486&Well a9 updated from file
2024-03-10 23:27:08,348&e_panda&wellplate&update_well_status_from_json_file&486&Well a10 updated from file
2024-03-10 23:27:08,348&e_panda&wellplate&update_well_status_from_json_file&486&Well a11 updated from file
2024-03-10 23:27:08,348&e_panda&wellplate&update_well_status_from_json_file&486&Well a12 updated from file
2024-03-10 23:27:08,348&e_panda&wellplate&update_well_status_from_json_file&486&Well b1 updated from file
2024-03-10 23:27:08,348&e_panda&wellplate&update_well_status_from_json_file&486&Well b2 updated from file
2024-03-10 23:27:08,348&e_panda&wellplate&update_well_status_from_json_file&486&Well b3 updated from file
2024-03-10 23:27:08,348&e_panda&wellplate&update_well_status_from_json_file&486&Well b4 updated from file
2024-03-10 23:27:08,348&e_panda&wellplate&update_well_status_from_json_file&486&Well b5 updated from file
2024-03-10 23:27:08,349&e_panda&wellplate&update_well_status_from_json_file&486&Well b6 updated from file
2024-03-10 23:27:08,349&e_panda&wellplate&update_well_status_from_json_file&486&Well b7 updated from file
2024-03-10 23:27:08,349&e_panda&wellplate&update_well_status_from_json_file&486&Well b8 updated from file
2024-03-10 23:27:08,349&e_panda&wellplate&update_well_status_from_json_file&486&Well b9 updated from file
2024-03-10 23:27:08,349&e_panda&wellplate&update_well_status_from_json_file&486&Well b10 updated from file
2024-03-10 23:27:08,349&e_panda&wellplate&update_well_status_from_json_file&486&Well b11 updated from file
2024-03-10 23:27:08,349&e_panda&wellplate&update_well_status_from_json_file&486&Well b12 updated from file
2024-03-10 23:27:08,349&e_panda&wellplate&update_well_status_from_json_file&486&Well c1 updated from file
2024-03-10 23:27:08,349&e_panda&wellplate&update_well_status_from_json_file&486&Well c2 updated from file
2024-03-10 23:27:08,350&e_panda&wellplate&update_well_status_from_json_file&486&Well c3 updated from file
2024-03-10 23:27:08,350&e_panda&wellplate&update_well_status_from_json_file&486&Well c4 updated from file
2024-03-10 23:27:08,350&e_panda&wellplate&update_well_status_from_json_file&486&Well c5 updated from file
2024-03-10 23:27:08,350&e_panda&wellplate&update_well_status_from_json_file&486&Well c6 updated from file
2024-03-10 23:27:08,350&e_panda&wellplate&update_well_status_from_json_file&486&Well c7 updated from file
2024-03-10 23:27:08,350&e_panda&wellplate&update_well_status_from_json_file&486&Well c8 updated from file
2024-03-10 23:27:08,350&e_panda&wellplate&update_well_status_from_json_file&486&Well c9 updated from file
2024-03-10 23:27:08,350&e_panda&wellplate&update_well_status_from_json_file&486&Well c10 updated from file
2024-03-10 23:27:08,350&e_panda&wellplate&update_well_status_from_json_file&486&Well c11 updated from file
2024-03-10 23:27:08,351&e_panda&wellplate&update_well_status_from_json_file&486&Well c12 updated from file
2024-03-10 23:27:08,351&e_panda&wellplate&update_well_status_from_json_file&486&Well d1 updated from file
2024-03-10 23:27:08,351&e_panda&wellplate&update_well_status_from_json_file&486&Well d2 updated from file
2024-03-10 23:27:08,351&e_panda&wellplate&update_well_status_from_json_file&486&Well d3 updated from file
2024-03-10 23:27:08,351&e_panda&wellplate&update_well_status_from_json_file&486&Well d4 updated from file
2024-03-10 23:27:08,351&e_panda&wellplate&update_well_status_from_json_file&486&Well d5 updated from file
2024-03-10 23:27:08,351&e_panda&wellplate&update_well_status_from_json_file&486&Well d6 updated from file
2024-03-10 23:27:08,351&e_panda&wellplate&update_well_status_from_json_file&486&Well d7 updated from file
2024-03-10 23:27:08,352&e_panda&wellplate&update_well_status_from_json_file&486&Well d8 updated from file
2024-03-10 23:27:08,352&e_panda&wellplate&update_well_status_from_json_file&486&Well d9 updated from file
2024-03-10 23:27:08,352&e_panda&wellplate&update_well_status_from_json_file&486&Well d10 updated from file
2024-03-10 23:27:08,352&e_panda&wellplate&update_well_status_from_json_file&486&Well d11 updated from file
2024-03-10 23:27:08,352&e_panda&wellplate&update_well_status_from_json_file&486&Well d12 updated from file
2024-03-10 23:27:08,352&e_panda&wellplate&update_well_status_from_json_file&486&Well e1 updated from file
2024-03-10 23:27:08,352&e_panda&wellplate&update_well_status_from_json_file&486&Well e2 updated from file
2024-03-10 23:27:08,352&e_panda&wellplate&update_well_status_from_json_file&486&Well e3 updated from file
2024-03-10 23:27:08,352&e_panda&wellplate&update_well_status_from_json_file&486&Well e4 updated from file
2024-03-10 23:27:08,353&e_panda&wellplate&update_well_status_from_json_file&486&Well e5 updated from file
2024-03-10 23:27:08,353&e_panda&wellplate&update_well_status_from_json_file&486&Well e6 updated from file
2024-03-10 23:27:08,353&e_panda&wellplate&update_well_status_from_json_file&486&Well e7 updated from file
2024-03-10 23:27:08,353&e_panda&wellplate&update_well_status_from_json_file&486&Well e8 updated from file
2024-03-10 23:27:08,353&e_panda&wellplate&update_well_status_from_json_file&486&Well e9 updated from file
2024-03-10 23:27:08,353&e_panda&wellplate&update_well_status_from_json_file&486&Well e10 updated from file
2024-03-10 23:27:08,353&e_panda&wellplate&update_well_status_from_json_file&486&Well e11 updated from file
2024-03-10 23:27:08,353&e_panda&wellplate&update_well_status_from_json_file&486&Well e12 updated from file
2024-03-10 23:27:08,354&e_panda&wellplate&update_well_status_from_json_file&486&Well f1 updated from file
2024-03-10 23:27:08,354&e_panda&wellplate&update_well_status_from_json_file&486&Well f2 updated from file
2024-03-10 23:27:08,354&e_panda&wellplate&update_well_status_from_json_file&486&Well f3 updated from file
2024-03-10 23:27:08,354&e_panda&wellplate&update_well_status_from_json_file&486&Well f4 updated from file
2024-03-10 23:27:08,354&e_panda&wellplate&update_well_status_from_json_file&486&Well f5 updated from file
2024-03-10 23:27:08,354&e_panda&wellplate&update_well_status_from_json_file&486&Well f6 updated from file
2024-03-10 23:27:08,354&e_panda&wellplate&update_well_status_from_json_file&486&Well f7 updated from file
2024-03-10 23:27:08,354&e_panda&wellplate&update_well_status_from_json_file&486&Well f8 updated from file
2024-03-10 23:27:08,355&e_panda&wellplate&update_well_status_from_json_file&486&Well f9 updated from file
2024-03-10 23:27:08,355&e_panda&wellplate&update_well_status_from_json_file&486&Well f10 updated from file
2024-03-10 23:27:08,355&e_panda&wellplate&update_well_status_from_json_file&486&Well f11 updated from file
2024-03-10 23:27:08,355&e_panda&wellplate&update_well_status_from_json_file&486&Well f12 updated from file
2024-03-10 23:27:08,355&e_panda&wellplate&update_well_status_from_json_file&486&Well g1 updated from file
2024-03-10 23:27:08,355&e_panda&wellplate&update_well_status_from_json_file&486&Well g2 updated from file
2024-03-10 23:27:08,355&e_panda&wellplate&update_well_status_from_json_file&486&Well g3 updated from file
2024-03-10 23:27:08,355&e_panda&wellplate&update_well_status_from_json_file&486&Well g4 updated from file
2024-03-10 23:27:08,355&e_panda&wellplate&update_well_status_from_json_file&486&Well g5 updated from file
2024-03-10 23:27:08,356&e_panda&wellplate&update_well_status_from_json_file&486&Well g6 updated from file
2024-03-10 23:27:08,356&e_panda&wellplate&update_well_status_from_json_file&486&Well g7 updated from file
2024-03-10 23:27:08,356&e_panda&wellplate&update_well_status_from_json_file&486&Well g8 updated from file
2024-03-10 23:27:08,356&e_panda&wellplate&update_well_status_from_json_file&486&Well g9 updated from file
2024-03-10 23:27:08,356&e_panda&wellplate&update_well_status_from_json_file&486&Well g10 updated from file
2024-03-10 23:27:08,356&e_panda&wellplate&update_well_status_from_json_file&486&Well g11 updated from file
2024-03-10 23:27:08,356&e_panda&wellplate&update_well_status_from_json_file&486&Well g12 updated from file
2024-03-10 23:27:08,356&e_panda&wellplate&update_well_status_from_json_file&486&Well h1 updated from file
2024-03-10 23:27:08,357&e_panda&wellplate&update_well_status_from_json_file&486&Well h2 updated from file
2024-03-10 23:27:08,357&e_panda&wellplate&update_well_status_from_json_file&486&Well h3 updated from file
2024-03-10 23:27:08,357&e_panda&wellplate&update_well_status_from_json_file&486&Well h4 updated from file
2024-03-10 23:27:08,357&e_panda&wellplate&update_well_status_from_json_file&486&Well h5 updated from file
2024-03-10 23:27:08,357&e_panda&wellplate&update_well_status_from_json_file&486&Well h6 updated from file
2024-03-10 23:27:08,357&e_panda&wellplate&update_well_status_from_json_file&486&Well h7 updated from file
2024-03-10 23:27:08,357&e_panda&wellplate&update_well_status_from_json_file&486&Well h8 updated from file
2024-03-10 23:27:08,357&e_panda&wellplate&update_well_status_from_json_file&486&Well h9 updated from file
2024-03-10 23:27:08,358&e_panda&wellplate&update_well_status_from_json_file&486&Well h10 updated from file
2024-03-10 23:27:08,358&e_panda&wellplate&update_well_status_from_json_file&486&Well h11 updated from file
2024-03-10 23:27:08,358&e_panda&wellplate&update_well_status_from_json_file&486&Well h12 updated from file
2024-03-29 21:55:05,683&pump_control&pump_control&set_up_pump&454&Setting up pump...
2024-03-29 21:55:05,684&pump_control&pump_control&set_up_pump&460&Pump found at address 0
2024-03-29 22:04:58,809&pump_control&pump_control&set_up_pump&454&Setting up pump...
2024-03-29 22:04:58,810&pump_control&pump_control&set_up_pump&460&Pump found at address 0
2024-03-29 22:08:19,269&pump_control&pump_control&set_up_pump&454&Setting up pump...
2024-03-29 22:08:19,269&pump_control&pump_control&set_up_pump&460&Pump found at address 0
2024-03-29 22:13:00,266&pump_control&pump_control&set_up_pump&454&Setting up pump...
2024-03-29 22:13:00,266&pump_control&pump_control&set_up_pump&460&Pump found at address 0
2024-03-29 22:15:31,433&pump_control&pump_control&run_pump&297&Withdrawing 0.040000 ml at 0.654000 mL/min...
2024-03-29 22:15:31,934&pump_control&pump_control&run_pump&304&Done Withdrawing
2024-03-29 22:15:31,934&pump_control&pump_control&run_pump&345&Pump has withdrawn: 0.04 ml
2024-03-29 22:15:31,935&pump_control&pump_control&withdraw&148&Pump has withdrawn: 0.040000 ml at 0.654000mL/min  Pipette vol: 40.000 ul
2024-03-29 22:15:37,942&pump_control&pump_control&run_pump&297&Withdrawing 0.140000 ml at 0.500000 mL/min...
2024-03-29 22:15:38,443&pump_control&pump_control&run_pump&304&Done Withdrawing
2024-03-29 22:15:38,443&pump_control&pump_control&run_pump&345&Pump has withdrawn: 0.14 ml
2024-03-29 22:15:38,444&pump_control&pump_control&withdraw&148&Pump has withdrawn: 0.140000 ml at 0.500000mL/min  Pipette vol: 180.000 ul
2024-03-29 22:15:40,449&pump_control&pump_control&run_pump&297&Withdrawing 0.005000 ml at 0.654000 mL/min...
2024-03-29 22:15:40,950&pump_control&pump_control&run_pump&304&Done Withdrawing
2024-03-29 22:15:40,950&pump_control&pump_control&run_pump&345&Pump has withdrawn: 0.005 ml
2024-03-29 22:15:40,951&pump_control&pump_control&withdraw&148&Pump has withdrawn: 0.005000 ml at 0.654000mL/min  Pipette vol: 185.000 ul
2024-03-29 22:15:46,956&pump_control&pump_control&run_pump&297&Infusing 0.140000 ml at 0.654000 mL/min...
2024-03-29 22:15:47,457&pump_control&pump_control&run_pump&304&Done Infusing
2024-03-29 22:15:47,457&pump_control&pump_control&run_pump&345&Pump has infused: 0.185 ml
2024-03-29 22:15:47,458&pump_control&pump_control&infuse&229&Pump has infused: 0.185000 ml (0.140000 of solution) at 0.654000mL/min Pipette volume: 0.000 ul
2024-03-29 22:38:40,879&pump_control&pump_control&set_up_pump&454&Setting up pump...
2024-03-29 22:38:40,879&pump_control&pump_control&set_up_pump&460&Pump found at address 0
2024-03-29 22:38:43,975&pump_control&pump_control&run_pump&297&Withdrawing 0.040000 ml at 0.654000 mL/min...
2024-03-29 22:38:44,476&pump_control&pump_control&run_pump&304&Done Withdrawing
2024-03-29 22:38:44,476&pump_control&pump_control&run_pump&345&Pump has withdrawn: 0.04 ml
2024-03-29 22:38:44,477&pump_control&pump_control&withdraw&148&Pump has withdrawn: 0.040000 ml at 0.654000mL/min  Pipette vol: 40.000 ul
2024-03-29 22:38:50,483&pump_control&pump_control&run_pump&297&Withdrawing 0.140000 ml at 0.500000 mL/min...
2024-03-29 22:38:50,984&pump_control&pump_control&run_pump&304&Done Withdrawing
2024-03-29 22:38:50,984&pump_control&pump_control&run_pump&345&Pump has withdrawn: 0.14 ml
2024-03-29 22:38:50,984&pump_control&pump_control&withdraw&148&Pump has withdrawn: 0.140000 ml at 0.500000mL/min  Pipette vol: 180.000 ul
2024-03-29 22:38:52,990&pump_control&pump_control&run_pump&297&Withdrawing 0.005000 ml at 0.654000 mL/min...
2024-03-29 22:38:53,490&pump_control&pump_control&run_pump&304&Done Withdrawing
2024-03-29 22:38:53,490&pump_control&pump_control&run_pump&345&Pump has withdrawn: 0.005 ml
2024-03-29 22:38:53,491&pump_control&pump_control&withdraw&148&Pump has withdrawn: 0.005000 ml at 0.654000mL/min  Pipette vol: 185.000 ul
2024-03-29 22:38:59,496&pump_control&pump_control&run_pump&297&Infusing 0.140000 ml at 0.654000 mL/min...
2024-03-29 22:38:59,997&pump_control&pump_control&run_pump&304&Done Infusing
2024-03-29 22:38:59,997&pump_control&pump_control&run_pump&345&Pump has infused: 0.185 ml
2024-03-29 22:38:59,998&pump_control&pump_control&infuse&229&Pump has infused: 0.185000 ml (0.140000 of solution) at 0.654000mL/min Pipette volume: 0.000 ul
