2024-04-04 17:17:13,102&vessel&vessel&update_volume&165&rinse_s4&15621.119999999995
2024-04-04 17:17:13,105&vessel&vessel&log_contents&235&rinse_s4&15621.119999999995&rinse
2024-04-04 17:17:22,114&vessel&vessel&update_volume&165&waste_w0&5633.740000000001
2024-04-04 17:17:22,123&vessel&vessel&log_contents&235&waste_w0&5633.740000000001&{'rinse': 4378.88, 'edot': 254.86}
2024-04-04 17:17:42,960&vessel&vessel&update_volume&165&edot_s3&19617.71
2024-04-04 17:17:42,962&vessel&vessel&log_contents&235&edot_s3&19617.71&edot
2024-04-04 17:17:51,972&vessel&vessel&update_volume&165&b7&127.43
2024-04-04 17:17:52,398&vessel&vessel&log_contents&235&b7&127.43&{'rinse': 0.0, 'edot': 127.43}
2024-04-04 17:18:30,254&vessel&vessel&update_volume&165&b7&0.0
2024-04-04 17:18:30,695&vessel&vessel&log_contents&235&b7&0.0&{'rinse': 0.0, 'edot': 0.0}
2024-04-04 17:18:40,205&vessel&vessel&update_volume&165&waste_w0&5761.170000000001
2024-04-04 17:18:40,215&vessel&vessel&log_contents&235&waste_w0&5761.170000000001&{'rinse': 4378.88, 'edot': 382.29}
2024-04-04 17:18:47,926&vessel&vessel&update_volume&165&rinse_s4&15501.119999999995
2024-04-04 17:18:47,932&vessel&vessel&log_contents&235&rinse_s4&15501.119999999995&rinse
2024-04-04 17:18:56,941&vessel&vessel&update_volume&165&waste_w0&5881.170000000001
2024-04-04 17:18:56,954&vessel&vessel&log_contents&235&waste_w0&5881.170000000001&{'rinse': 4498.88, 'edot': 382.29}
2024-04-04 17:19:04,768&vessel&vessel&update_volume&165&rinse_s4&15373.689999999995
2024-04-04 17:19:04,775&vessel&vessel&log_contents&235&rinse_s4&15373.689999999995&rinse
2024-04-04 17:19:13,785&vessel&vessel&update_volume&165&b7&127.43
2024-04-04 17:19:14,234&vessel&vessel&log_contents&235&b7&127.43&{'rinse': 127.43, 'edot': 0.0}
2024-04-04 17:19:17,244&vessel&vessel&update_volume&165&b7&0.0
2024-04-04 17:19:17,722&vessel&vessel&log_contents&235&b7&0.0&{'rinse': 0.0, 'edot': 0.0}
2024-04-04 17:19:27,233&vessel&vessel&update_volume&165&waste_w0&6008.600000000001
2024-04-04 17:19:27,245&vessel&vessel&log_contents&235&waste_w0&6008.600000000001&{'rinse': 4626.31, 'edot': 382.29}
2024-04-04 17:19:34,256&vessel&vessel&update_volume&165&rinse_s4&15246.259999999995
2024-04-04 17:19:34,264&vessel&vessel&log_contents&235&rinse_s4&15246.259999999995&rinse
2024-04-04 17:19:43,274&vessel&vessel&update_volume&165&b7&127.43
2024-04-04 17:19:43,714&vessel&vessel&log_contents&235&b7&127.43&{'rinse': 127.43, 'edot': 0.0}
2024-04-04 17:19:46,723&vessel&vessel&update_volume&165&b7&0.0
2024-04-04 17:19:47,181&vessel&vessel&log_contents&235&b7&0.0&{'rinse': 0.0, 'edot': 0.0}
2024-04-04 17:19:56,692&vessel&vessel&update_volume&165&waste_w0&6136.030000000002
2024-04-04 17:19:56,705&vessel&vessel&log_contents&235&waste_w0&6136.030000000002&{'rinse': 4753.740000000001, 'edot': 382.29}
2024-04-04 17:20:03,715&vessel&vessel&update_volume&165&rinse_s4&15118.829999999994
2024-04-04 17:20:03,722&vessel&vessel&log_contents&235&rinse_s4&15118.829999999994&rinse
2024-04-04 17:20:12,732&vessel&vessel&update_volume&165&b7&127.43
2024-04-04 17:20:13,223&vessel&vessel&log_contents&235&b7&127.43&{'rinse': 127.43, 'edot': 0.0}
2024-04-04 17:20:16,232&vessel&vessel&update_volume&165&b7&0.0
2024-04-04 17:20:16,711&vessel&vessel&log_contents&235&b7&0.0&{'rinse': 0.0, 'edot': 0.0}
2024-04-04 17:20:26,221&vessel&vessel&update_volume&165&waste_w0&6263.460000000002
2024-04-04 17:20:26,233&vessel&vessel&log_contents&235&waste_w0&6263.460000000002&{'rinse': 4881.170000000001, 'edot': 382.29}
2024-04-04 17:20:33,244&vessel&vessel&update_volume&165&rinse_s4&14991.399999999994
2024-04-04 17:20:33,251&vessel&vessel&log_contents&235&rinse_s4&14991.399999999994&rinse
2024-04-04 17:20:42,261&vessel&vessel&update_volume&165&b7&127.43
2024-04-04 17:20:42,766&vessel&vessel&log_contents&235&b7&127.43&{'rinse': 127.43, 'edot': 0.0}
2024-04-04 17:20:45,775&vessel&vessel&update_volume&165&b7&0.0
2024-04-04 17:20:46,219&vessel&vessel&log_contents&235&b7&0.0&{'rinse': 0.0, 'edot': 0.0}
2024-04-04 17:20:55,729&vessel&vessel&update_volume&165&waste_w0&6390.890000000002
2024-04-04 17:20:55,743&vessel&vessel&log_contents&235&waste_w0&6390.890000000002&{'rinse': 5008.600000000001, 'edot': 382.29}
2024-04-04 17:22:30,067&vessel&vessel&update_volume&165&edot_s3&19490.28
2024-04-04 17:22:30,070&vessel&vessel&log_contents&235&edot_s3&19490.28&edot
2024-04-04 17:22:39,080&vessel&vessel&update_volume&165&b8&127.43
2024-04-04 17:22:39,503&vessel&vessel&log_contents&235&b8&127.43&{'edot': 127.43}
2024-04-04 17:23:17,335&vessel&vessel&update_volume&165&b8&0.0
2024-04-04 17:23:17,733&vessel&vessel&log_contents&235&b8&0.0&{'edot': 0.0}
2024-04-04 17:23:27,244&vessel&vessel&update_volume&165&waste_w0&6518.320000000002
2024-04-04 17:23:27,253&vessel&vessel&log_contents&235&waste_w0&6518.320000000002&{'rinse': 5008.600000000001, 'edot': 509.72}
2024-04-04 17:23:34,989&vessel&vessel&update_volume&165&rinse_s4&14871.399999999994
2024-04-04 17:23:34,997&vessel&vessel&log_contents&235&rinse_s4&14871.399999999994&rinse
2024-04-04 17:23:44,006&vessel&vessel&update_volume&165&waste_w0&6638.320000000002
2024-04-04 17:23:44,018&vessel&vessel&log_contents&235&waste_w0&6638.320000000002&{'rinse': 5128.600000000001, 'edot': 509.72}
2024-04-04 17:23:51,674&vessel&vessel&update_volume&165&rinse_s4&14743.969999999994
2024-04-04 17:23:51,681&vessel&vessel&log_contents&235&rinse_s4&14743.969999999994&rinse
2024-04-04 17:24:00,691&vessel&vessel&update_volume&165&b8&127.43
2024-04-04 17:24:01,125&vessel&vessel&log_contents&235&b8&127.43&{'edot': 0.0, 'rinse': 127.43}
2024-04-04 17:24:04,135&vessel&vessel&update_volume&165&b8&0.0
2024-04-04 17:24:04,577&vessel&vessel&log_contents&235&b8&0.0&{'edot': 0.0, 'rinse': 0.0}
2024-04-04 17:24:14,087&vessel&vessel&update_volume&165&waste_w0&6765.750000000003
2024-04-04 17:24:14,100&vessel&vessel&log_contents&235&waste_w0&6765.750000000003&{'rinse': 5256.030000000002, 'edot': 509.72}
2024-04-04 17:24:21,111&vessel&vessel&update_volume&165&rinse_s4&14616.539999999994
2024-04-04 17:24:21,119&vessel&vessel&log_contents&235&rinse_s4&14616.539999999994&rinse
2024-04-04 17:24:30,129&vessel&vessel&update_volume&165&b8&127.43
2024-04-04 17:24:30,616&vessel&vessel&log_contents&235&b8&127.43&{'edot': 0.0, 'rinse': 127.43}
2024-04-04 17:24:33,625&vessel&vessel&update_volume&165&b8&0.0
2024-04-04 17:24:34,059&vessel&vessel&log_contents&235&b8&0.0&{'edot': 0.0, 'rinse': 0.0}
2024-04-04 17:24:43,570&vessel&vessel&update_volume&165&waste_w0&6893.180000000003
2024-04-04 17:24:43,583&vessel&vessel&log_contents&235&waste_w0&6893.180000000003&{'rinse': 5383.460000000002, 'edot': 509.72}
2024-04-04 17:24:50,593&vessel&vessel&update_volume&165&rinse_s4&14489.109999999993
2024-04-04 17:24:50,600&vessel&vessel&log_contents&235&rinse_s4&14489.109999999993&rinse
2024-04-04 17:24:59,609&vessel&vessel&update_volume&165&b8&127.43
2024-04-04 17:25:00,133&vessel&vessel&log_contents&235&b8&127.43&{'edot': 0.0, 'rinse': 127.43}
2024-04-04 17:25:03,142&vessel&vessel&update_volume&165&b8&0.0
2024-04-04 17:25:03,565&vessel&vessel&log_contents&235&b8&0.0&{'edot': 0.0, 'rinse': 0.0}
2024-04-04 17:25:13,075&vessel&vessel&update_volume&165&waste_w0&7020.610000000003
2024-04-04 17:25:13,086&vessel&vessel&log_contents&235&waste_w0&7020.610000000003&{'rinse': 5510.890000000002, 'edot': 509.72}
2024-04-04 17:25:20,096&vessel&vessel&update_volume&165&rinse_s4&14361.679999999993
2024-04-04 17:25:20,103&vessel&vessel&log_contents&235&rinse_s4&14361.679999999993&rinse
2024-04-04 17:25:29,113&vessel&vessel&update_volume&165&b8&127.43
2024-04-04 17:25:29,585&vessel&vessel&log_contents&235&b8&127.43&{'edot': 0.0, 'rinse': 127.43}
2024-04-04 17:25:32,594&vessel&vessel&update_volume&165&b8&0.0
2024-04-04 17:25:33,041&vessel&vessel&log_contents&235&b8&0.0&{'edot': 0.0, 'rinse': 0.0}
2024-04-04 17:25:42,552&vessel&vessel&update_volume&165&waste_w0&7148.040000000004
2024-04-04 17:25:42,562&vessel&vessel&log_contents&235&waste_w0&7148.040000000004&{'rinse': 5638.320000000002, 'edot': 509.72}
2024-04-04 17:26:44,211&vessel&vessel&update_volume&165&rinse_s4&14241.679999999993
2024-04-04 17:26:44,213&vessel&vessel&log_contents&235&rinse_s4&14241.679999999993&rinse
2024-04-04 17:26:53,222&vessel&vessel&update_volume&165&waste_w0&7268.040000000004
2024-04-04 17:26:53,230&vessel&vessel&log_contents&235&waste_w0&7268.040000000004&{'rinse': 5758.320000000002, 'edot': 509.72}
2024-04-04 17:27:52,704&vessel&vessel&update_volume&165&rinse_s4&14121.679999999993
2024-04-04 17:27:52,707&vessel&vessel&log_contents&235&rinse_s4&14121.679999999993&rinse
2024-04-04 17:28:01,717&vessel&vessel&update_volume&165&waste_w0&7388.040000000004
2024-04-04 17:28:01,725&vessel&vessel&log_contents&235&waste_w0&7388.040000000004&{'rinse': 5878.320000000002, 'edot': 509.72}
2024-04-04 17:28:08,735&vessel&vessel&update_volume&165&rinse_s4&14001.679999999993
2024-04-04 17:28:08,743&vessel&vessel&log_contents&235&rinse_s4&14001.679999999993&rinse
2024-04-04 17:28:17,752&vessel&vessel&update_volume&165&waste_w0&7508.040000000004
2024-04-04 17:28:17,764&vessel&vessel&log_contents&235&waste_w0&7508.040000000004&{'rinse': 5998.320000000002, 'edot': 509.72}
2024-04-04 17:28:24,773&vessel&vessel&update_volume&165&rinse_s4&13881.679999999993
2024-04-04 17:28:24,781&vessel&vessel&log_contents&235&rinse_s4&13881.679999999993&rinse
2024-04-04 17:28:33,791&vessel&vessel&update_volume&165&waste_w0&7628.040000000004
2024-04-04 17:28:33,804&vessel&vessel&log_contents&235&waste_w0&7628.040000000004&{'rinse': 6118.320000000002, 'edot': 509.72}
2024-04-04 17:29:33,289&vessel&vessel&update_volume&165&rinse_s4&13761.679999999993
2024-04-04 17:29:33,291&vessel&vessel&log_contents&235&rinse_s4&13761.679999999993&rinse
2024-04-04 17:29:42,301&vessel&vessel&update_volume&165&waste_w0&7748.040000000004
2024-04-04 17:29:42,310&vessel&vessel&log_contents&235&waste_w0&7748.040000000004&{'rinse': 6238.320000000002, 'edot': 509.72}
2024-04-04 17:29:49,320&vessel&vessel&update_volume&165&rinse_s4&13641.679999999993
2024-04-04 17:29:49,326&vessel&vessel&log_contents&235&rinse_s4&13641.679999999993&rinse
2024-04-04 17:29:58,335&vessel&vessel&update_volume&165&waste_w0&7868.040000000004
2024-04-04 17:29:58,347&vessel&vessel&log_contents&235&waste_w0&7868.040000000004&{'rinse': 6358.320000000002, 'edot': 509.72}
2024-04-04 17:30:05,357&vessel&vessel&update_volume&165&rinse_s4&13521.679999999993
2024-04-04 17:30:05,363&vessel&vessel&log_contents&235&rinse_s4&13521.679999999993&rinse
2024-04-04 17:30:14,373&vessel&vessel&update_volume&165&waste_w0&7988.040000000004
2024-04-04 17:30:14,385&vessel&vessel&log_contents&235&waste_w0&7988.040000000004&{'rinse': 6478.320000000002, 'edot': 509.72}
2024-04-04 17:30:31,497&vessel&vessel&update_volume&165&rinse_s4&13394.249999999993
2024-04-04 17:30:31,503&vessel&vessel&log_contents&235&rinse_s4&13394.249999999993&rinse
2024-04-04 17:30:40,513&vessel&vessel&update_volume&165&b7&127.43
2024-04-04 17:30:40,967&vessel&vessel&log_contents&235&b7&127.43&{'rinse': 127.43}
2024-04-04 17:30:43,975&vessel&vessel&update_volume&165&b7&0.0
2024-04-04 17:30:44,439&vessel&vessel&log_contents&235&b7&0.0&{'rinse': 0.0}
2024-04-04 17:30:53,950&vessel&vessel&update_volume&165&waste_w0&8115.470000000004
2024-04-04 17:30:53,963&vessel&vessel&log_contents&235&waste_w0&8115.470000000004&{'rinse': 6605.750000000003, 'edot': 509.72}
2024-04-04 17:31:00,973&vessel&vessel&update_volume&165&rinse_s4&13266.819999999992
2024-04-04 17:31:00,980&vessel&vessel&log_contents&235&rinse_s4&13266.819999999992&rinse
2024-04-04 17:31:09,990&vessel&vessel&update_volume&165&b7&127.43
2024-04-04 17:31:10,471&vessel&vessel&log_contents&235&b7&127.43&{'rinse': 127.43}
2024-04-04 17:31:13,478&vessel&vessel&update_volume&165&b7&0.0
2024-04-04 17:31:13,993&vessel&vessel&log_contents&235&b7&0.0&{'rinse': 0.0}
2024-04-04 17:31:23,504&vessel&vessel&update_volume&165&waste_w0&8242.900000000003
2024-04-04 17:31:23,516&vessel&vessel&log_contents&235&waste_w0&8242.900000000003&{'rinse': 6733.180000000003, 'edot': 509.72}
2024-04-04 17:31:30,526&vessel&vessel&update_volume&165&rinse_s4&13139.389999999992
2024-04-04 17:31:30,532&vessel&vessel&log_contents&235&rinse_s4&13139.389999999992&rinse
2024-04-04 17:31:39,544&vessel&vessel&update_volume&165&b7&127.43
2024-04-04 17:31:39,992&vessel&vessel&log_contents&235&b7&127.43&{'rinse': 127.43}
2024-04-04 17:31:42,999&vessel&vessel&update_volume&165&b7&0.0
2024-04-04 17:31:43,418&vessel&vessel&log_contents&235&b7&0.0&{'rinse': 0.0}
2024-04-04 17:31:52,929&vessel&vessel&update_volume&165&waste_w0&8370.330000000004
2024-04-04 17:31:52,937&vessel&vessel&log_contents&235&waste_w0&8370.330000000004&{'rinse': 6860.610000000003, 'edot': 509.72}
2024-04-04 17:31:59,947&vessel&vessel&update_volume&165&rinse_s4&13011.959999999992
2024-04-04 17:31:59,949&vessel&vessel&log_contents&235&rinse_s4&13011.959999999992&rinse
2024-04-04 17:32:08,959&vessel&vessel&update_volume&165&b7&127.43
2024-04-04 17:32:09,394&vessel&vessel&log_contents&235&b7&127.43&{'rinse': 127.43}
2024-04-04 17:32:12,402&vessel&vessel&update_volume&165&b7&0.0
2024-04-04 17:32:12,847&vessel&vessel&log_contents&235&b7&0.0&{'rinse': 0.0}
2024-04-04 17:32:22,358&vessel&vessel&update_volume&165&waste_w0&8497.760000000004
2024-04-04 17:32:22,370&vessel&vessel&log_contents&235&waste_w0&8497.760000000004&{'rinse': 6988.040000000004, 'edot': 509.72}
2024-04-04 17:33:24,241&vessel&vessel&update_volume&165&rinse_s4&12891.959999999992
2024-04-04 17:33:24,243&vessel&vessel&log_contents&235&rinse_s4&12891.959999999992&rinse
2024-04-04 17:33:33,252&vessel&vessel&update_volume&165&waste_w0&8617.760000000004
2024-04-04 17:33:33,261&vessel&vessel&log_contents&235&waste_w0&8617.760000000004&{'rinse': 7108.040000000004, 'edot': 509.72}
2024-04-04 17:34:33,167&vessel&vessel&update_volume&165&rinse_s4&12771.959999999992
2024-04-04 17:34:33,170&vessel&vessel&log_contents&235&rinse_s4&12771.959999999992&rinse
2024-04-04 17:34:42,179&vessel&vessel&update_volume&165&waste_w0&8737.760000000004
2024-04-04 17:34:42,189&vessel&vessel&log_contents&235&waste_w0&8737.760000000004&{'rinse': 7228.040000000004, 'edot': 509.72}
2024-04-04 17:34:49,199&vessel&vessel&update_volume&165&rinse_s4&12651.959999999992
2024-04-04 17:34:49,206&vessel&vessel&log_contents&235&rinse_s4&12651.959999999992&rinse
2024-04-04 17:34:58,215&vessel&vessel&update_volume&165&waste_w0&8857.760000000004
2024-04-04 17:34:58,227&vessel&vessel&log_contents&235&waste_w0&8857.760000000004&{'rinse': 7348.040000000004, 'edot': 509.72}
2024-04-04 17:35:05,236&vessel&vessel&update_volume&165&rinse_s4&12531.959999999992
2024-04-04 17:35:05,243&vessel&vessel&log_contents&235&rinse_s4&12531.959999999992&rinse
2024-04-04 17:35:14,252&vessel&vessel&update_volume&165&waste_w0&8977.760000000004
2024-04-04 17:35:14,264&vessel&vessel&log_contents&235&waste_w0&8977.760000000004&{'rinse': 7468.040000000004, 'edot': 509.72}
2024-04-04 17:36:14,321&vessel&vessel&update_volume&165&rinse_s4&12411.959999999992
2024-04-04 17:36:14,323&vessel&vessel&log_contents&235&rinse_s4&12411.959999999992&rinse
2024-04-04 17:36:23,332&vessel&vessel&update_volume&165&waste_w0&9097.760000000004
2024-04-04 17:36:23,342&vessel&vessel&log_contents&235&waste_w0&9097.760000000004&{'rinse': 7588.040000000004, 'edot': 509.72}
2024-04-04 17:36:30,352&vessel&vessel&update_volume&165&rinse_s4&12291.959999999992
2024-04-04 17:36:30,358&vessel&vessel&log_contents&235&rinse_s4&12291.959999999992&rinse
2024-04-04 17:36:39,367&vessel&vessel&update_volume&165&waste_w0&9217.760000000004
2024-04-04 17:36:39,380&vessel&vessel&log_contents&235&waste_w0&9217.760000000004&{'rinse': 7708.040000000004, 'edot': 509.72}
2024-04-04 17:36:46,390&vessel&vessel&update_volume&165&rinse_s4&12171.959999999992
2024-04-04 17:36:46,396&vessel&vessel&log_contents&235&rinse_s4&12171.959999999992&rinse
2024-04-04 17:36:55,406&vessel&vessel&update_volume&165&waste_w0&9337.760000000004
2024-04-04 17:36:55,418&vessel&vessel&log_contents&235&waste_w0&9337.760000000004&{'rinse': 7828.040000000004, 'edot': 509.72}
2024-04-04 17:37:12,512&vessel&vessel&update_volume&165&rinse_s4&12044.529999999992
2024-04-04 17:37:12,519&vessel&vessel&log_contents&235&rinse_s4&12044.529999999992&rinse
2024-04-04 17:37:21,529&vessel&vessel&update_volume&165&b8&127.43
2024-04-04 17:37:21,957&vessel&vessel&log_contents&235&b8&127.43&{'rinse': 127.43}
2024-04-04 17:37:24,965&vessel&vessel&update_volume&165&b8&0.0
2024-04-04 17:37:25,437&vessel&vessel&log_contents&235&b8&0.0&{'rinse': 0.0}
2024-04-04 17:37:34,948&vessel&vessel&update_volume&165&waste_w0&9465.190000000004
2024-04-04 17:37:34,961&vessel&vessel&log_contents&235&waste_w0&9465.190000000004&{'rinse': 7955.470000000004, 'edot': 509.72}
2024-04-04 17:37:41,972&vessel&vessel&update_volume&165&rinse_s4&11917.099999999991
2024-04-04 17:37:41,979&vessel&vessel&log_contents&235&rinse_s4&11917.099999999991&rinse
2024-04-04 17:37:50,989&vessel&vessel&update_volume&165&b8&127.43
2024-04-04 17:37:51,489&vessel&vessel&log_contents&235&b8&127.43&{'rinse': 127.43}
2024-04-04 17:37:54,497&vessel&vessel&update_volume&165&b8&0.0
2024-04-04 17:37:54,956&vessel&vessel&log_contents&235&b8&0.0&{'rinse': 0.0}
2024-04-04 17:38:04,466&vessel&vessel&update_volume&165&waste_w0&9592.620000000004
2024-04-04 17:38:04,478&vessel&vessel&log_contents&235&waste_w0&9592.620000000004&{'rinse': 8082.900000000004, 'edot': 509.72}
2024-04-04 17:38:11,488&vessel&vessel&update_volume&165&rinse_s4&11789.669999999991
2024-04-04 17:38:11,494&vessel&vessel&log_contents&235&rinse_s4&11789.669999999991&rinse
2024-04-04 17:38:20,504&vessel&vessel&update_volume&165&b8&127.43
2024-04-04 17:38:20,988&vessel&vessel&log_contents&235&b8&127.43&{'rinse': 127.43}
2024-04-04 17:38:23,996&vessel&vessel&update_volume&165&b8&0.0
2024-04-04 17:38:24,421&vessel&vessel&log_contents&235&b8&0.0&{'rinse': 0.0}
2024-04-04 17:38:33,932&vessel&vessel&update_volume&165&waste_w0&9720.050000000005
2024-04-04 17:38:33,945&vessel&vessel&log_contents&235&waste_w0&9720.050000000005&{'rinse': 8210.330000000004, 'edot': 509.72}
2024-04-04 17:38:40,955&vessel&vessel&update_volume&165&rinse_s4&11662.23999999999
2024-04-04 17:38:40,962&vessel&vessel&log_contents&235&rinse_s4&11662.23999999999&rinse
2024-04-04 17:38:49,973&vessel&vessel&update_volume&165&b8&127.43
2024-04-04 17:38:50,444&vessel&vessel&log_contents&235&b8&127.43&{'rinse': 127.43}
2024-04-04 17:38:53,452&vessel&vessel&update_volume&165&b8&0.0
2024-04-04 17:38:53,892&vessel&vessel&log_contents&235&b8&0.0&{'rinse': 0.0}
2024-04-04 17:39:03,402&vessel&vessel&update_volume&165&waste_w0&9847.480000000005
2024-04-04 17:39:03,414&vessel&vessel&log_contents&235&waste_w0&9847.480000000005&{'rinse': 8337.760000000004, 'edot': 509.72}
2024-04-17 20:45:22,985&vessel&vessel&update_volume&165&rinse_s4&11522.23999999999
2024-04-17 20:45:22,995&vessel&vessel&log_contents&235&rinse_s4&11522.23999999999&rinse
2024-04-17 20:45:32,019&vessel&vessel&update_volume&165&waste_w0&9987.480000000005
2024-04-17 20:45:32,047&vessel&vessel&log_contents&235&waste_w0&9987.480000000005&{'rinse': 8477.760000000004, 'edot': 509.72}
2024-04-17 20:46:44,611&vessel&vessel&update_volume&165&edot_s3&19362.85
2024-04-17 20:46:44,618&vessel&vessel&log_contents&235&edot_s3&19362.85&edot
2024-04-17 20:46:53,646&vessel&vessel&update_volume&165&c2&127.43
2024-04-17 20:46:53,706&vessel&vessel&log_contents&235&c2&127.43&{'rinse': 0.0, 'edot': 127.43}
2024-04-17 20:47:29,220&vessel&vessel&update_volume&165&c2&0.0
2024-04-17 20:47:29,269&vessel&vessel&log_contents&235&c2&0.0&{'rinse': 0.0, 'edot': 0.0}
2024-04-17 20:47:38,791&vessel&vessel&update_volume&165&waste_w0&10114.910000000005
2024-04-17 20:47:38,807&vessel&vessel&log_contents&235&waste_w0&10114.910000000005&{'rinse': 8477.760000000004, 'edot': 637.1500000000001}
2024-04-17 20:47:45,941&vessel&vessel&update_volume&165&rinse_s4&11402.23999999999
2024-04-17 20:47:45,948&vessel&vessel&log_contents&235&rinse_s4&11402.23999999999&rinse
2024-04-17 20:47:54,966&vessel&vessel&update_volume&165&waste_w0&10234.910000000005
2024-04-17 20:47:54,983&vessel&vessel&log_contents&235&waste_w0&10234.910000000005&{'rinse': 8597.760000000004, 'edot': 637.1500000000001}
2024-04-17 20:48:02,127&vessel&vessel&update_volume&165&rinse_s4&11274.80999999999
2024-04-17 20:48:02,137&vessel&vessel&log_contents&235&rinse_s4&11274.80999999999&rinse
2024-04-17 20:48:11,160&vessel&vessel&update_volume&165&c2&127.43
2024-04-17 20:48:11,208&vessel&vessel&log_contents&235&c2&127.43&{'rinse': 127.43, 'edot': 0.0}
2024-04-17 20:48:14,226&vessel&vessel&update_volume&165&c2&0.0
2024-04-17 20:48:14,275&vessel&vessel&log_contents&235&c2&0.0&{'rinse': 0.0, 'edot': 0.0}
2024-04-17 20:48:23,799&vessel&vessel&update_volume&165&waste_w0&10362.340000000006
2024-04-17 20:48:23,823&vessel&vessel&log_contents&235&waste_w0&10362.340000000006&{'rinse': 8725.190000000004, 'edot': 637.1500000000001}
2024-04-17 20:48:30,844&vessel&vessel&update_volume&165&rinse_s4&11147.37999999999
2024-04-17 20:48:30,851&vessel&vessel&log_contents&235&rinse_s4&11147.37999999999&rinse
2024-04-17 20:48:39,872&vessel&vessel&update_volume&165&c2&127.43
2024-04-17 20:48:39,964&vessel&vessel&log_contents&235&c2&127.43&{'rinse': 127.43, 'edot': 0.0}
2024-04-17 20:48:42,985&vessel&vessel&update_volume&165&c2&0.0
2024-04-17 20:48:43,029&vessel&vessel&log_contents&235&c2&0.0&{'rinse': 0.0, 'edot': 0.0}
2024-04-17 20:48:52,551&vessel&vessel&update_volume&165&waste_w0&10489.770000000006
2024-04-17 20:48:52,570&vessel&vessel&log_contents&235&waste_w0&10489.770000000006&{'rinse': 8852.620000000004, 'edot': 637.1500000000001}
2024-04-17 20:48:59,594&vessel&vessel&update_volume&165&rinse_s4&11019.94999999999
2024-04-17 20:48:59,599&vessel&vessel&log_contents&235&rinse_s4&11019.94999999999&rinse
2024-04-17 20:49:08,621&vessel&vessel&update_volume&165&c2&127.43
2024-04-17 20:49:08,674&vessel&vessel&log_contents&235&c2&127.43&{'rinse': 127.43, 'edot': 0.0}
2024-04-17 20:49:11,693&vessel&vessel&update_volume&165&c2&0.0
2024-04-17 20:49:11,740&vessel&vessel&log_contents&235&c2&0.0&{'rinse': 0.0, 'edot': 0.0}
2024-04-17 20:49:21,262&vessel&vessel&update_volume&165&waste_w0&10617.200000000006
2024-04-17 20:49:21,276&vessel&vessel&log_contents&235&waste_w0&10617.200000000006&{'rinse': 8980.050000000005, 'edot': 637.1500000000001}
2024-04-17 20:49:28,297&vessel&vessel&update_volume&165&rinse_s4&10892.51999999999
2024-04-17 20:49:28,300&vessel&vessel&log_contents&235&rinse_s4&10892.51999999999&rinse
2024-04-17 20:49:37,322&vessel&vessel&update_volume&165&c2&127.43
2024-04-17 20:49:37,371&vessel&vessel&log_contents&235&c2&127.43&{'rinse': 127.43, 'edot': 0.0}
2024-04-17 20:49:40,390&vessel&vessel&update_volume&165&c2&0.0
2024-04-17 20:49:40,470&vessel&vessel&log_contents&235&c2&0.0&{'rinse': 0.0, 'edot': 0.0}
2024-04-17 20:49:49,991&vessel&vessel&update_volume&165&waste_w0&10744.630000000006
2024-04-17 20:49:50,012&vessel&vessel&log_contents&235&waste_w0&10744.630000000006&{'rinse': 9107.480000000005, 'edot': 637.1500000000001}
2024-04-17 20:50:36,169&vessel&vessel&update_volume&165&rinse_s4&10772.51999999999
2024-04-17 20:50:36,177&vessel&vessel&log_contents&235&rinse_s4&10772.51999999999&rinse
2024-04-17 20:50:45,199&vessel&vessel&update_volume&165&waste_w0&10864.630000000006
2024-04-17 20:50:45,216&vessel&vessel&log_contents&235&waste_w0&10864.630000000006&{'rinse': 9227.480000000005, 'edot': 637.1500000000001}
2024-04-17 20:51:31,466&vessel&vessel&update_volume&165&rinse_s4&10652.51999999999
2024-04-17 20:51:31,475&vessel&vessel&log_contents&235&rinse_s4&10652.51999999999&rinse
2024-04-17 20:51:40,492&vessel&vessel&update_volume&165&waste_w0&10984.630000000006
2024-04-17 20:51:40,507&vessel&vessel&log_contents&235&waste_w0&10984.630000000006&{'rinse': 9347.480000000005, 'edot': 637.1500000000001}
2024-04-17 20:51:47,630&vessel&vessel&update_volume&165&rinse_s4&10532.51999999999
2024-04-17 20:51:47,639&vessel&vessel&log_contents&235&rinse_s4&10532.51999999999&rinse
2024-04-17 20:51:56,665&vessel&vessel&update_volume&165&waste_w0&11104.630000000006
2024-04-17 20:51:56,688&vessel&vessel&log_contents&235&waste_w0&11104.630000000006&{'rinse': 9467.480000000005, 'edot': 637.1500000000001}
2024-04-17 20:52:03,722&vessel&vessel&update_volume&165&rinse_s4&10412.51999999999
2024-04-17 20:52:03,729&vessel&vessel&log_contents&235&rinse_s4&10412.51999999999&rinse
2024-04-17 20:52:12,746&vessel&vessel&update_volume&165&waste_w0&11224.630000000006
2024-04-17 20:52:12,765&vessel&vessel&log_contents&235&waste_w0&11224.630000000006&{'rinse': 9587.480000000005, 'edot': 637.1500000000001}
2024-04-17 20:53:03,150&vessel&vessel&update_volume&165&rinse_s4&10292.51999999999
2024-04-17 20:53:03,158&vessel&vessel&log_contents&235&rinse_s4&10292.51999999999&rinse
2024-04-17 20:53:12,173&vessel&vessel&update_volume&165&waste_w0&11344.630000000006
2024-04-17 20:53:12,200&vessel&vessel&log_contents&235&waste_w0&11344.630000000006&{'rinse': 9707.480000000005, 'edot': 637.1500000000001}
2024-04-17 20:53:19,220&vessel&vessel&update_volume&165&rinse_s4&10172.51999999999
2024-04-17 20:53:19,225&vessel&vessel&log_contents&235&rinse_s4&10172.51999999999&rinse
2024-04-17 20:53:28,242&vessel&vessel&update_volume&165&waste_w0&11464.630000000006
2024-04-17 20:53:28,263&vessel&vessel&log_contents&235&waste_w0&11464.630000000006&{'rinse': 9827.480000000005, 'edot': 637.1500000000001}
2024-04-17 20:53:35,287&vessel&vessel&update_volume&165&rinse_s4&10052.51999999999
2024-04-17 20:53:35,293&vessel&vessel&log_contents&235&rinse_s4&10052.51999999999&rinse
2024-04-17 20:53:44,312&vessel&vessel&update_volume&165&waste_w0&11584.630000000006
2024-04-17 20:53:44,344&vessel&vessel&log_contents&235&waste_w0&11584.630000000006&{'rinse': 9947.480000000005, 'edot': 637.1500000000001}
2024-04-17 20:53:59,742&vessel&vessel&update_volume&165&rinse_s4&9925.08999999999
2024-04-17 20:53:59,750&vessel&vessel&log_contents&235&rinse_s4&9925.08999999999&rinse
2024-04-17 20:54:08,780&vessel&vessel&update_volume&165&c2&127.43
2024-04-17 20:54:08,840&vessel&vessel&log_contents&235&c2&127.43&{'rinse': 127.43, 'edot': 0.0}
2024-04-17 20:54:11,861&vessel&vessel&update_volume&165&c2&0.0
2024-04-17 20:54:12,013&vessel&vessel&log_contents&235&c2&0.0&{'rinse': 0.0, 'edot': 0.0}
2024-04-17 20:54:21,534&vessel&vessel&update_volume&165&waste_w0&11712.060000000007
2024-04-17 20:54:21,551&vessel&vessel&log_contents&235&waste_w0&11712.060000000007&{'rinse': 10074.910000000005, 'edot': 637.1500000000001}
2024-04-17 20:54:28,575&vessel&vessel&update_volume&165&rinse_s4&9797.659999999989
2024-04-17 20:54:28,582&vessel&vessel&log_contents&235&rinse_s4&9797.659999999989&rinse
2024-04-17 20:54:37,604&vessel&vessel&update_volume&165&c2&127.43
2024-04-17 20:54:37,658&vessel&vessel&log_contents&235&c2&127.43&{'rinse': 127.43, 'edot': 0.0}
2024-04-17 20:54:40,675&vessel&vessel&update_volume&165&c2&0.0
2024-04-17 20:54:40,730&vessel&vessel&log_contents&235&c2&0.0&{'rinse': 0.0, 'edot': 0.0}
2024-04-17 20:54:50,251&vessel&vessel&update_volume&165&waste_w0&11839.490000000007
2024-04-17 20:54:50,269&vessel&vessel&log_contents&235&waste_w0&11839.490000000007&{'rinse': 10202.340000000006, 'edot': 637.1500000000001}
2024-04-17 20:54:57,292&vessel&vessel&update_volume&165&rinse_s4&9670.229999999989
2024-04-17 20:54:57,299&vessel&vessel&log_contents&235&rinse_s4&9670.229999999989&rinse
2024-04-17 20:55:06,322&vessel&vessel&update_volume&165&c2&127.43
2024-04-17 20:55:06,381&vessel&vessel&log_contents&235&c2&127.43&{'rinse': 127.43, 'edot': 0.0}
2024-04-17 20:55:09,396&vessel&vessel&update_volume&165&c2&0.0
2024-04-17 20:55:09,447&vessel&vessel&log_contents&235&c2&0.0&{'rinse': 0.0, 'edot': 0.0}
2024-04-17 20:55:18,967&vessel&vessel&update_volume&165&waste_w0&11966.920000000007
2024-04-17 20:55:18,982&vessel&vessel&log_contents&235&waste_w0&11966.920000000007&{'rinse': 10329.770000000006, 'edot': 637.1500000000001}
2024-04-17 20:55:26,005&vessel&vessel&update_volume&165&rinse_s4&9542.799999999988
2024-04-17 20:55:26,012&vessel&vessel&log_contents&235&rinse_s4&9542.799999999988&rinse
2024-04-17 20:55:35,031&vessel&vessel&update_volume&165&c2&127.43
2024-04-17 20:55:35,101&vessel&vessel&log_contents&235&c2&127.43&{'rinse': 127.43, 'edot': 0.0}
2024-04-17 20:55:38,117&vessel&vessel&update_volume&165&c2&0.0
2024-04-17 20:55:38,191&vessel&vessel&log_contents&235&c2&0.0&{'rinse': 0.0, 'edot': 0.0}
2024-04-17 20:55:47,711&vessel&vessel&update_volume&165&waste_w0&12094.350000000008
2024-04-17 20:55:47,735&vessel&vessel&log_contents&235&waste_w0&12094.350000000008&{'rinse': 10457.200000000006, 'edot': 637.1500000000001}
2024-05-08 10:59:49,787&vessel&vessel&update_volume&165&rinse_s5&17360.559999999998
2024-05-08 10:59:49,791&vessel&vessel&log_contents&235&rinse_s5&17360.559999999998&rinse
2024-05-08 10:59:58,805&vessel&vessel&update_volume&165&waste_w0&3894.2999999999997
2024-05-08 10:59:58,812&vessel&vessel&log_contents&235&waste_w0&3894.2999999999997&{'rinse': 2639.4400000000005, 'edot': 254.86}
2024-05-08 11:03:47,810&vessel&vessel&update_volume&165&rinse_s5&17220.559999999998
2024-05-08 11:03:47,814&vessel&vessel&log_contents&235&rinse_s5&17220.559999999998&rinse
2024-05-08 11:03:56,828&vessel&vessel&update_volume&165&waste_w0&4034.2999999999997
2024-05-08 11:03:56,836&vessel&vessel&log_contents&235&waste_w0&4034.2999999999997&{'rinse': 2779.4400000000005, 'edot': 254.86}
2024-05-08 11:05:03,522&vessel&vessel&update_volume&165&edot_s4&19617.71
2024-05-08 11:05:03,526&vessel&vessel&log_contents&235&edot_s4&19617.71&edot
2024-05-08 11:05:12,539&vessel&vessel&update_volume&165&E12&127.43
2024-05-08 11:13:45,863&vessel&vessel&update_volume&165&rinse_s5&17080.559999999998
2024-05-08 11:13:45,867&vessel&vessel&log_contents&235&rinse_s5&17080.559999999998&rinse
2024-05-08 11:13:54,881&vessel&vessel&update_volume&165&waste_w0&4174.299999999999
2024-05-08 11:13:54,888&vessel&vessel&log_contents&235&waste_w0&4174.299999999999&{'rinse': 2919.4400000000005, 'edot': 382.29}
2024-05-08 11:14:33,673&vessel&vessel&update_volume&165&edot_s4&19490.28
2024-05-08 11:14:33,677&vessel&vessel&log_contents&235&edot_s4&19490.28&edot
2024-05-08 11:14:42,693&vessel&vessel&update_volume&165&E12&127.43
2024-05-08 11:14:42,741&vessel&vessel&log_contents&235&E12&127.43&{'rinse': 66.7098, 'edot': 188.1502}
2024-05-08 11:15:18,221&vessel&vessel&update_volume&165&E12&0.0
2024-05-08 11:15:18,265&vessel&vessel&log_contents&235&E12&0.0&{'rinse': 33.3549, 'edot': 94.0751}
2024-05-08 11:15:27,782&vessel&vessel&update_volume&165&waste_w0&4301.73
2024-05-08 11:15:27,789&vessel&vessel&log_contents&235&waste_w0&4301.73&{'rinse': 2986.1498000000006, 'edot': 570.4402}
2024-05-08 11:15:34,981&vessel&vessel&update_volume&165&rinse_s5&16960.559999999998
2024-05-08 11:15:34,984&vessel&vessel&log_contents&235&rinse_s5&16960.559999999998&rinse
2024-05-08 11:15:43,998&vessel&vessel&update_volume&165&waste_w0&4421.73
2024-05-08 11:15:44,005&vessel&vessel&log_contents&235&waste_w0&4421.73&{'rinse': 3139.5047000000004, 'edot': 664.5153}
2024-05-08 11:15:51,120&vessel&vessel&update_volume&165&rinse_s5&16833.129999999997
2024-05-08 11:15:51,124&vessel&vessel&log_contents&235&rinse_s5&16833.129999999997&rinse
2024-05-08 11:16:00,139&vessel&vessel&update_volume&165&E12&127.43
2024-05-08 11:16:00,185&vessel&vessel&log_contents&235&E12&127.43&{'rinse': 239.7649, 'edot': 142.5251}
2024-05-08 11:16:03,201&vessel&vessel&update_volume&165&E12&0.0
2024-05-08 11:16:03,248&vessel&vessel&log_contents&235&E12&0.0&{'rinse': 159.84326700000003, 'edot': 95.01673300000002}
2024-05-08 11:16:12,767&vessel&vessel&update_volume&165&waste_w0&4549.16
2024-05-08 11:16:12,773&vessel&vessel&log_contents&235&waste_w0&4549.16&{'rinse': 3322.6313000000005, 'edot': 736.2487}
2024-05-08 11:16:19,789&vessel&vessel&update_volume&165&rinse_s5&16705.699999999997
2024-05-08 11:16:19,793&vessel&vessel&log_contents&235&rinse_s5&16705.699999999997&rinse
2024-05-08 11:16:28,808&vessel&vessel&update_volume&165&E12&127.43
2024-05-08 11:16:28,855&vessel&vessel&log_contents&235&E12&127.43&{'rinse': 378.83656700000006, 'edot': 130.88343300000003}
2024-05-08 11:16:31,870&vessel&vessel&update_volume&165&E12&0.0
2024-05-08 11:16:31,914&vessel&vessel&log_contents&235&E12&0.0&{'rinse': 284.1274250000001, 'edot': 98.16257500000003}
2024-05-08 11:16:41,432&vessel&vessel&update_volume&165&waste_w0&4676.59
2024-05-08 11:16:41,439&vessel&vessel&log_contents&235&waste_w0&4676.59&{'rinse': 3526.8371000000006, 'edot': 786.903}
2024-05-08 11:16:48,454&vessel&vessel&update_volume&165&rinse_s5&16578.269999999997
2024-05-08 11:16:48,458&vessel&vessel&log_contents&235&rinse_s5&16578.269999999997&rinse
2024-05-08 11:16:57,474&vessel&vessel&update_volume&165&E12&127.43
2024-05-08 11:16:57,558&vessel&vessel&log_contents&235&E12&127.43&{'rinse': 513.6603250000001, 'edot': 123.48977500000004}
2024-05-08 11:17:00,573&vessel&vessel&update_volume&165&E12&0.0
2024-05-08 11:17:00,618&vessel&vessel&log_contents&235&E12&0.0&{'rinse': 410.92827600000004, 'edot': 98.79182400000003}
2024-05-08 11:17:10,133&vessel&vessel&update_volume&165&waste_w0&4804.02
2024-05-08 11:17:10,139&vessel&vessel&log_contents&235&waste_w0&4804.02&{'rinse': 3744.335600000001, 'edot': 824.2646}
2024-05-08 11:17:17,155&vessel&vessel&update_volume&165&rinse_s5&16450.839999999997
2024-05-08 11:17:17,158&vessel&vessel&log_contents&235&rinse_s5&16450.839999999997&rinse
2024-05-08 11:17:26,172&vessel&vessel&update_volume&165&E12&127.43
2024-05-08 11:17:26,239&vessel&vessel&log_contents&235&E12&127.43&{'rinse': 647.1075760000001, 'edot': 117.47262400000004}
2024-05-08 11:17:29,254&vessel&vessel&update_volume&165&E12&0.0
2024-05-08 11:17:29,311&vessel&vessel&log_contents&235&E12&0.0&{'rinse': 539.2563420000001, 'edot': 97.89385800000004}
2024-05-08 11:17:38,828&vessel&vessel&update_volume&165&waste_w0&4931.450000000001
2024-05-08 11:17:38,835&vessel&vessel&log_contents&235&waste_w0&4931.450000000001&{'rinse': 3970.276500000001, 'edot': 853.1838}
2024-05-08 11:17:58,326&vessel&vessel&update_volume&165&liclo4_s1&19872.57
2024-05-08 11:17:58,329&vessel&vessel&log_contents&235&liclo4_s1&19872.57&liclo4
2024-05-08 11:18:07,344&vessel&vessel&update_volume&165&E12&127.43
2024-05-08 11:18:07,394&vessel&vessel&log_contents&235&E12&127.43&{'rinse': 652.2268420000001, 'edot': 112.35345800000003, 'liclo4': 127.43}
2024-05-08 11:18:42,803&vessel&vessel&update_volume&165&E12&0.0
2024-05-08 11:18:42,848&vessel&vessel&log_contents&235&E12&0.0&{'rinse': 559.0516100000002, 'edot': 96.30296900000003, 'liclo4': 109.22572000000001}
2024-05-08 11:18:52,365&vessel&vessel&update_volume&165&waste_w0&5058.880000000001
2024-05-08 11:18:52,371&vessel&vessel&log_contents&235&waste_w0&5058.880000000001&{'rinse': 4119.937000000001, 'edot': 876.4641, 'liclo4': 81.9193}
2024-05-08 11:18:59,491&vessel&vessel&update_volume&165&rinse_s5&16330.839999999997
2024-05-08 11:18:59,495&vessel&vessel&log_contents&235&rinse_s5&16330.839999999997&rinse
2024-05-08 11:19:08,508&vessel&vessel&update_volume&165&waste_w0&5178.880000000001
2024-05-08 11:19:08,514&vessel&vessel&log_contents&235&waste_w0&5178.880000000001&{'rinse': 4314.7673, 'edot': 888.1043000000001, 'liclo4': 122.879}
2024-05-08 11:19:28,018&vessel&vessel&update_volume&165&liclo4_s1&19745.14
2024-05-08 11:19:28,021&vessel&vessel&log_contents&235&liclo4_s1&19745.14&liclo4
2024-05-08 11:19:37,037&vessel&vessel&update_volume&165&E12&127.43
2024-05-08 11:19:37,085&vessel&vessel&log_contents&235&E12&127.43&{'rinse': 659.3921100000002, 'edot': 102.29786900000003, 'liclo4': 257.75052}
2024-05-08 11:20:12,515&vessel&vessel&update_volume&165&E12&0.0
2024-05-08 11:20:12,559&vessel&vessel&log_contents&235&E12&0.0&{'rinse': 576.9681370000002, 'edot': 89.51064200000003, 'liclo4': 225.531721}
2024-05-08 11:20:22,075&vessel&vessel&update_volume&165&waste_w0&5306.310000000001
2024-05-08 11:20:22,081&vessel&vessel&log_contents&235&waste_w0&5306.310000000001&{'rinse': 4447.3616, 'edot': 903.8890000000001, 'liclo4': 229.3603}
2024-05-08 11:20:29,195&vessel&vessel&update_volume&165&rinse_s5&16210.839999999997
2024-05-08 11:20:29,198&vessel&vessel&log_contents&235&rinse_s5&16210.839999999997&rinse
2024-05-08 11:20:38,212&vessel&vessel&update_volume&165&waste_w0&5426.310000000001
2024-05-08 11:20:38,219&vessel&vessel&log_contents&235&waste_w0&5426.310000000001&{'rinse': 4633.6588, 'edot': 911.7814000000001, 'liclo4': 282.601}
2024-05-08 11:20:45,235&vessel&vessel&update_volume&165&rinse_s5&16090.839999999997
2024-05-08 11:20:45,238&vessel&vessel&log_contents&235&rinse_s5&16090.839999999997&rinse
2024-05-08 11:20:54,253&vessel&vessel&update_volume&165&waste_w0&5546.310000000001
2024-05-08 11:20:54,260&vessel&vessel&log_contents&235&waste_w0&5546.310000000001&{'rinse': 4849.604600000001, 'edot': 915.8461000000001, 'liclo4': 310.0208}
2024-05-08 11:21:01,275&vessel&vessel&update_volume&165&rinse_s5&15970.839999999997
2024-05-08 11:21:01,279&vessel&vessel&log_contents&235&rinse_s5&15970.839999999997&rinse
2024-05-08 11:21:10,292&vessel&vessel&update_volume&165&waste_w0&5666.310000000001
2024-05-08 11:21:10,299&vessel&vessel&log_contents&235&waste_w0&5666.310000000001&{'rinse': 5080.8199, 'edot': 917.9395000000001, 'liclo4': 324.1424}
2024-05-08 11:59:07,926&vessel&vessel&update_volume&165&rinse_s5&15830.839999999997
2024-05-08 11:59:07,930&vessel&vessel&log_contents&235&rinse_s5&15830.839999999997&rinse
2024-05-08 11:59:16,944&vessel&vessel&update_volume&165&waste_w0&5806.310000000001
2024-05-08 11:59:16,951&vessel&vessel&log_contents&235&waste_w0&5806.310000000001&{'rinse': 5339.899200000001, 'edot': 919.0176, 'liclo4': 331.4152}
2024-05-08 11:59:33,201&vessel&vessel&update_volume&165&edot_s4&19362.85
2024-05-08 11:59:33,204&vessel&vessel&log_contents&235&edot_s4&19362.85&edot
2024-05-08 11:59:42,218&vessel&vessel&update_volume&165&E2&127.43
2024-05-08 11:59:42,266&vessel&vessel&log_contents&235&E2&127.43&{'rinse': 123.451, 'edot': 127.9437, 'liclo4': 3.4655}
2024-05-08 12:00:17,682&vessel&vessel&update_volume&165&E2&0.0
2024-05-08 12:00:17,726&vessel&vessel&log_contents&235&E2&0.0&{'rinse': 61.725547999999996, 'edot': 63.971900000000005, 'liclo4': 1.732751}
2024-05-08 12:00:27,242&vessel&vessel&update_volume&165&waste_w0&5933.740000000002
2024-05-08 12:00:27,248&vessel&vessel&log_contents&235&waste_w0&5933.740000000002&{'rinse': 5463.350200000001, 'edot': 1046.9613, 'liclo4': 334.88070000000005}
2024-05-08 12:00:34,365&vessel&vessel&update_volume&165&rinse_s5&15710.839999999997
2024-05-08 12:00:34,368&vessel&vessel&log_contents&235&rinse_s5&15710.839999999997&rinse
2024-05-08 12:00:43,382&vessel&vessel&update_volume&165&waste_w0&6053.740000000002
2024-05-08 12:00:43,389&vessel&vessel&log_contents&235&waste_w0&6053.740000000002&{'rinse': 5645.075700000001, 'edot': 1110.9332, 'liclo4': 336.61350000000004}
2024-05-08 12:00:50,507&vessel&vessel&update_volume&165&rinse_s5&15583.409999999996
2024-05-08 12:00:50,510&vessel&vessel&log_contents&235&rinse_s5&15583.409999999996&rinse
2024-05-08 12:00:59,525&vessel&vessel&update_volume&165&E2&127.43
2024-05-08 12:00:59,573&vessel&vessel&log_contents&235&E2&127.43&{'rinse': 282.746848, 'edot': 96.9184, 'liclo4': 2.625151}
2024-05-08 12:01:02,589&vessel&vessel&update_volume&165&E2&0.0
2024-05-08 12:01:02,634&vessel&vessel&log_contents&235&E2&0.0&{'rinse': 188.497997, 'edot': 64.6123, 'liclo4': 1.7501019999999998}
2024-05-08 12:01:12,149&vessel&vessel&update_volume&165&waste_w0&6181.170000000002
2024-05-08 12:01:12,156&vessel&vessel&log_contents&235&waste_w0&6181.170000000002&{'rinse': 5849.835300000002, 'edot': 1159.7125999999998, 'liclo4': 337.9347}
2024-05-08 12:01:19,172&vessel&vessel&update_volume&165&rinse_s5&15455.979999999996
2024-05-08 12:01:19,175&vessel&vessel&log_contents&235&rinse_s5&15455.979999999996&rinse
2024-05-08 12:01:28,191&vessel&vessel&update_volume&165&E2&127.43
2024-05-08 12:01:28,239&vessel&vessel&log_contents&235&E2&127.43&{'rinse': 418.307897, 'edot': 89.00200000000001, 'liclo4': 2.4107019999999997}
2024-05-08 12:01:31,256&vessel&vessel&update_volume&165&E2&0.0
2024-05-08 12:01:31,301&vessel&vessel&log_contents&235&E2&0.0&{'rinse': 313.731046, 'edot': 66.75152600000001, 'liclo4': 1.8080269999999996}
2024-05-08 12:01:40,818&vessel&vessel&update_volume&165&waste_w0&6308.600000000002
2024-05-08 12:01:40,824&vessel&vessel&log_contents&235&waste_w0&6308.600000000002&{'rinse': 6069.317200000001, 'edot': 1194.158, 'liclo4': 338.8677}
2024-05-08 12:01:47,842&vessel&vessel&update_volume&165&rinse_s5&15328.549999999996
2024-05-08 12:01:47,845&vessel&vessel&log_contents&235&rinse_s5&15328.549999999996&rinse
2024-05-08 12:01:56,860&vessel&vessel&update_volume&165&E2&127.43
2024-05-08 12:01:56,908&vessel&vessel&log_contents&235&E2&127.43&{'rinse': 550.902146, 'edot': 83.97422600000002, 'liclo4': 2.2745269999999995}
2024-05-08 12:01:59,924&vessel&vessel&update_volume&165&E2&0.0
2024-05-08 12:01:59,984&vessel&vessel&log_contents&235&E2&0.0&{'rinse': 440.721872, 'edot': 67.17940400000002, 'liclo4': 1.8196219999999994}
2024-05-08 12:02:09,500&vessel&vessel&update_volume&165&waste_w0&6436.0300000000025
2024-05-08 12:02:09,507&vessel&vessel&log_contents&235&waste_w0&6436.0300000000025&{'rinse': 6298.083200000001, 'edot': 1219.5641999999998, 'liclo4': 339.5559}
2024-05-08 12:02:16,523&vessel&vessel&update_volume&165&rinse_s5&15201.119999999995
2024-05-08 12:02:16,526&vessel&vessel&log_contents&235&rinse_s5&15201.119999999995&rinse
2024-05-08 12:02:25,541&vessel&vessel&update_volume&165&E2&127.43
2024-05-08 12:02:25,589&vessel&vessel&log_contents&235&E2&127.43&{'rinse': 682.535072, 'edot': 79.88250400000001, 'liclo4': 2.1637219999999995}
2024-05-08 12:02:28,606&vessel&vessel&update_volume&165&E2&0.0
2024-05-08 12:02:28,654&vessel&vessel&log_contents&235&E2&0.0&{'rinse': 568.7794200000001, 'edot': 66.56877600000001, 'liclo4': 1.8031019999999995}
2024-05-08 12:02:38,171&vessel&vessel&update_volume&165&waste_w0&6563.460000000003
2024-05-08 12:02:38,178&vessel&vessel&log_contents&235&waste_w0&6563.460000000003&{'rinse': 6532.745700000001, 'edot': 1239.2294999999997, 'liclo4': 340.0886}
2024-05-08 12:02:57,634&vessel&vessel&update_volume&165&liclo4_s1&19617.71
2024-05-08 12:02:57,638&vessel&vessel&log_contents&235&liclo4_s1&19617.71&liclo4
2024-05-08 12:03:06,652&vessel&vessel&update_volume&165&E2&127.43
2024-05-08 12:03:06,712&vessel&vessel&log_contents&235&E2&127.43&{'rinse': 686.1109200000001, 'edot': 76.40147600000002, 'liclo4': 129.499502}
2024-05-08 12:03:42,381&vessel&vessel&update_volume&165&E2&0.0
2024-05-08 12:03:42,560&vessel&vessel&log_contents&235&E2&0.0&{'rinse': 588.0952830000001, 'edot': 65.48700300000002, 'liclo4': 110.99961300000001}
2024-05-08 12:03:52,080&vessel&vessel&update_volume&165&waste_w0&6690.890000000003
2024-05-08 12:03:52,086&vessel&vessel&log_contents&235&waste_w0&6690.890000000003&{'rinse': 6689.427200000001, 'edot': 1255.0603999999996, 'liclo4': 422.4369}
2024-05-08 12:03:59,205&vessel&vessel&update_volume&165&rinse_s5&15081.119999999995
2024-05-08 12:03:59,208&vessel&vessel&log_contents&235&rinse_s5&15081.119999999995&rinse
2024-05-08 12:04:08,221&vessel&vessel&update_volume&165&waste_w0&6810.890000000003
2024-05-08 12:04:08,228&vessel&vessel&log_contents&235&waste_w0&6810.890000000003&{'rinse': 6887.768200000001, 'edot': 1262.9758999999997, 'liclo4': 463.6112}
2024-05-08 12:04:27,680&vessel&vessel&update_volume&165&liclo4_s1&19490.28
2024-05-08 12:04:27,683&vessel&vessel&log_contents&235&liclo4_s1&19490.28&liclo4
2024-05-08 12:04:36,698&vessel&vessel&update_volume&165&E2&127.43
2024-05-08 12:04:36,746&vessel&vessel&log_contents&235&E2&127.43&{'rinse': 690.244083, 'edot': 69.56360300000001, 'liclo4': 259.635013}
2024-05-08 12:05:12,223&vessel&vessel&update_volume&165&E2&0.0
2024-05-08 12:05:12,267&vessel&vessel&log_contents&235&E2&0.0&{'rinse': 603.9638010000001, 'edot': 60.86817600000001, 'liclo4': 227.180722}
2024-05-08 12:05:21,783&vessel&vessel&update_volume&165&waste_w0&6938.320000000003
2024-05-08 12:05:21,791&vessel&vessel&log_contents&235&waste_w0&6938.320000000003&{'rinse': 7025.123100000002, 'edot': 1273.7095999999997, 'liclo4': 570.3833999999999}
2024-05-08 12:05:28,908&vessel&vessel&update_volume&165&rinse_s5&14961.119999999995
2024-05-08 12:05:28,911&vessel&vessel&log_contents&235&rinse_s5&14961.119999999995&rinse
2024-05-08 12:05:37,926&vessel&vessel&update_volume&165&waste_w0&7058.320000000003
2024-05-08 12:05:37,933&vessel&vessel&log_contents&235&waste_w0&7058.320000000003&{'rinse': 7213.800800000002, 'edot': 1279.0764999999997, 'liclo4': 623.7697}
2024-05-08 12:05:44,949&vessel&vessel&update_volume&165&rinse_s5&14841.119999999995
2024-05-08 12:05:44,952&vessel&vessel&log_contents&235&rinse_s5&14841.119999999995&rinse
2024-05-08 12:05:53,965&vessel&vessel&update_volume&165&waste_w0&7178.320000000003
2024-05-08 12:05:53,971&vessel&vessel&log_contents&235&waste_w0&7178.320000000003&{'rinse': 7430.972900000002, 'edot': 1281.8404999999996, 'liclo4': 651.2645}
2024-05-08 12:06:00,988&vessel&vessel&update_volume&165&rinse_s5&14721.119999999995
2024-05-08 12:06:00,992&vessel&vessel&log_contents&235&rinse_s5&14721.119999999995&rinse
2024-05-08 12:06:10,005&vessel&vessel&update_volume&165&waste_w0&7298.320000000003
2024-05-08 12:06:10,012&vessel&vessel&log_contents&235&waste_w0&7298.320000000003&{'rinse': 7662.8200000000015, 'edot': 1283.2639999999997, 'liclo4': 665.4248}
2024-05-08 12:18:00,385&vessel&vessel&update_volume&165&edot_s4&19235.42
2024-05-08 12:18:00,389&vessel&vessel&log_contents&235&edot_s4&19235.42&edot
2024-05-08 12:18:09,403&vessel&vessel&update_volume&165&E3&127.43
2024-05-08 12:18:09,451&vessel&vessel&log_contents&235&E3&127.43&{'edot': 127.43}
2024-05-08 12:18:44,959&vessel&vessel&update_volume&165&E3&0.0
2024-05-08 12:18:45,078&vessel&vessel&log_contents&235&E3&0.0&{'edot': 0.0}
2024-05-08 12:18:54,596&vessel&vessel&update_volume&165&waste_w0&7425.750000000004
2024-05-08 12:18:54,603&vessel&vessel&log_contents&235&waste_w0&7425.750000000004&{'rinse': 7662.8200000000015, 'edot': 1410.6939999999997, 'liclo4': 665.4248}
2024-05-08 12:19:01,721&vessel&vessel&update_volume&165&rinse_s5&14601.119999999995
2024-05-08 12:19:01,724&vessel&vessel&log_contents&235&rinse_s5&14601.119999999995&rinse
2024-05-08 12:19:10,737&vessel&vessel&update_volume&165&waste_w0&7545.750000000004
2024-05-08 12:19:10,744&vessel&vessel&log_contents&235&waste_w0&7545.750000000004&{'rinse': 7782.8200000000015, 'edot': 1410.6939999999997, 'liclo4': 665.4248}
2024-05-08 12:19:17,863&vessel&vessel&update_volume&165&rinse_s5&14473.689999999995
2024-05-08 12:19:17,867&vessel&vessel&log_contents&235&rinse_s5&14473.689999999995&rinse
2024-05-08 12:19:26,881&vessel&vessel&update_volume&165&E3&127.43
2024-05-08 12:19:26,929&vessel&vessel&log_contents&235&E3&127.43&{'edot': 0.0, 'rinse': 127.43}
2024-05-08 12:19:29,944&vessel&vessel&update_volume&165&E3&0.0
2024-05-08 12:19:30,024&vessel&vessel&log_contents&235&E3&0.0&{'edot': 0.0, 'rinse': 0.0}
2024-05-08 12:19:39,540&vessel&vessel&update_volume&165&waste_w0&7673.180000000004
2024-05-08 12:19:39,547&vessel&vessel&log_contents&235&waste_w0&7673.180000000004&{'rinse': 7910.250000000002, 'edot': 1410.6939999999997, 'liclo4': 665.4248}
2024-05-08 12:19:46,564&vessel&vessel&update_volume&165&rinse_s5&14346.259999999995
2024-05-08 12:19:46,567&vessel&vessel&log_contents&235&rinse_s5&14346.259999999995&rinse
2024-05-08 12:19:55,581&vessel&vessel&update_volume&165&E3&127.43
2024-05-08 12:19:55,629&vessel&vessel&log_contents&235&E3&127.43&{'edot': 0.0, 'rinse': 127.43}
2024-05-08 12:19:58,644&vessel&vessel&update_volume&165&E3&0.0
2024-05-08 12:19:58,689&vessel&vessel&log_contents&235&E3&0.0&{'edot': 0.0, 'rinse': 0.0}
2024-05-08 12:20:08,204&vessel&vessel&update_volume&165&waste_w0&7800.610000000004
2024-05-08 12:20:08,211&vessel&vessel&log_contents&235&waste_w0&7800.610000000004&{'rinse': 8037.680000000002, 'edot': 1410.6939999999997, 'liclo4': 665.4248}
2024-05-08 12:20:15,228&vessel&vessel&update_volume&165&rinse_s5&14218.829999999994
2024-05-08 12:20:15,231&vessel&vessel&log_contents&235&rinse_s5&14218.829999999994&rinse
2024-05-08 12:20:24,247&vessel&vessel&update_volume&165&E3&127.43
2024-05-08 12:20:24,294&vessel&vessel&log_contents&235&E3&127.43&{'edot': 0.0, 'rinse': 127.43}
2024-05-08 12:20:27,310&vessel&vessel&update_volume&165&E3&0.0
2024-05-08 12:20:27,355&vessel&vessel&log_contents&235&E3&0.0&{'edot': 0.0, 'rinse': 0.0}
2024-05-08 12:20:36,872&vessel&vessel&update_volume&165&waste_w0&7928.0400000000045
2024-05-08 12:20:36,879&vessel&vessel&log_contents&235&waste_w0&7928.0400000000045&{'rinse': 8165.110000000002, 'edot': 1410.6939999999997, 'liclo4': 665.4248}
2024-05-08 12:20:43,894&vessel&vessel&update_volume&165&rinse_s5&14091.399999999994
2024-05-08 12:20:43,897&vessel&vessel&log_contents&235&rinse_s5&14091.399999999994&rinse
2024-05-08 12:20:52,912&vessel&vessel&update_volume&165&E3&127.43
2024-05-08 12:20:52,992&vessel&vessel&log_contents&235&E3&127.43&{'edot': 0.0, 'rinse': 127.43}
2024-05-08 12:20:56,008&vessel&vessel&update_volume&165&E3&0.0
2024-05-08 12:20:56,052&vessel&vessel&log_contents&235&E3&0.0&{'edot': 0.0, 'rinse': 0.0}
2024-05-08 12:21:05,570&vessel&vessel&update_volume&165&waste_w0&8055.470000000005
2024-05-08 12:21:05,577&vessel&vessel&log_contents&235&waste_w0&8055.470000000005&{'rinse': 8292.540000000003, 'edot': 1410.6939999999997, 'liclo4': 665.4248}
2024-05-08 12:21:25,095&vessel&vessel&update_volume&165&liclo4_s1&19362.85
2024-05-08 12:21:25,099&vessel&vessel&log_contents&235&liclo4_s1&19362.85&liclo4
2024-05-08 12:21:34,115&vessel&vessel&update_volume&165&E3&127.43
2024-05-08 12:21:34,163&vessel&vessel&log_contents&235&E3&127.43&{'edot': 0.0, 'rinse': 0.0, 'liclo4': 127.43}
2024-05-08 12:22:09,587&vessel&vessel&update_volume&165&E3&0.0
2024-05-08 12:22:09,631&vessel&vessel&log_contents&235&E3&0.0&{'edot': 0.0, 'rinse': 0.0, 'liclo4': 0.0}
2024-05-08 12:22:19,148&vessel&vessel&update_volume&165&waste_w0&8182.900000000005
2024-05-08 12:22:19,155&vessel&vessel&log_contents&235&waste_w0&8182.900000000005&{'rinse': 8292.540000000003, 'edot': 1410.6939999999997, 'liclo4': 792.8548000000001}
2024-05-08 12:22:26,273&vessel&vessel&update_volume&165&rinse_s5&13971.399999999994
2024-05-08 12:22:26,276&vessel&vessel&log_contents&235&rinse_s5&13971.399999999994&rinse
2024-05-08 12:22:35,291&vessel&vessel&update_volume&165&waste_w0&8302.900000000005
2024-05-08 12:22:35,298&vessel&vessel&log_contents&235&waste_w0&8302.900000000005&{'rinse': 8412.540000000003, 'edot': 1410.6939999999997, 'liclo4': 792.8548000000001}
2024-05-08 12:22:54,751&vessel&vessel&update_volume&165&liclo4_s1&19235.42
2024-05-08 12:22:54,754&vessel&vessel&log_contents&235&liclo4_s1&19235.42&liclo4
2024-05-08 12:23:03,770&vessel&vessel&update_volume&165&E3&127.43
2024-05-08 12:23:03,818&vessel&vessel&log_contents&235&E3&127.43&{'edot': 0.0, 'rinse': 0.0, 'liclo4': 127.43}
2024-05-08 12:23:39,293&vessel&vessel&update_volume&165&E3&0.0
2024-05-08 12:23:39,337&vessel&vessel&log_contents&235&E3&0.0&{'edot': 0.0, 'rinse': 0.0, 'liclo4': 0.0}
2024-05-08 12:23:48,854&vessel&vessel&update_volume&165&waste_w0&8430.330000000005
2024-05-08 12:23:48,860&vessel&vessel&log_contents&235&waste_w0&8430.330000000005&{'rinse': 8412.540000000003, 'edot': 1410.6939999999997, 'liclo4': 920.2848000000001}
2024-05-08 12:23:56,014&vessel&vessel&update_volume&165&rinse_s5&13851.399999999994
2024-05-08 12:23:56,017&vessel&vessel&log_contents&235&rinse_s5&13851.399999999994&rinse
2024-05-08 12:24:05,031&vessel&vessel&update_volume&165&waste_w0&8550.330000000005
2024-05-08 12:24:05,038&vessel&vessel&log_contents&235&waste_w0&8550.330000000005&{'rinse': 8532.540000000003, 'edot': 1410.6939999999997, 'liclo4': 920.2848000000001}
2024-05-08 12:24:12,053&vessel&vessel&update_volume&165&rinse_s5&13731.399999999994
2024-05-08 12:24:12,056&vessel&vessel&log_contents&235&rinse_s5&13731.399999999994&rinse
2024-05-08 12:24:21,071&vessel&vessel&update_volume&165&waste_w0&8670.330000000005
2024-05-08 12:24:21,078&vessel&vessel&log_contents&235&waste_w0&8670.330000000005&{'rinse': 8652.540000000003, 'edot': 1410.6939999999997, 'liclo4': 920.2848000000001}
2024-05-08 12:24:28,093&vessel&vessel&update_volume&165&rinse_s5&13611.399999999994
2024-05-08 12:24:28,096&vessel&vessel&log_contents&235&rinse_s5&13611.399999999994&rinse
2024-05-08 12:24:37,110&vessel&vessel&update_volume&165&waste_w0&8790.330000000005
2024-05-08 12:24:37,117&vessel&vessel&log_contents&235&waste_w0&8790.330000000005&{'rinse': 8772.540000000003, 'edot': 1410.6939999999997, 'liclo4': 920.2848000000001}
2024-05-08 14:43:59,786&vessel&vessel&update_volume&165&rinse_s5&13471.399999999994
2024-05-08 14:43:59,789&vessel&vessel&log_contents&235&rinse_s5&13471.399999999994&rinse
2024-05-08 14:44:08,804&vessel&vessel&update_volume&165&waste_w0&8930.330000000005
2024-05-08 14:44:08,811&vessel&vessel&log_contents&235&waste_w0&8930.330000000005&{'rinse': 8912.540000000003, 'edot': 1410.6939999999997, 'liclo4': 920.2848000000001}
2024-05-08 14:44:25,202&vessel&vessel&update_volume&165&edot_s4&19107.989999999998
2024-05-08 14:44:25,205&vessel&vessel&log_contents&235&edot_s4&19107.989999999998&edot
2024-05-08 14:44:34,220&vessel&vessel&update_volume&165&E6&127.43
2024-05-08 14:44:34,267&vessel&vessel&log_contents&235&E6&127.43&{'rinse': 0.0, 'edot': 127.43}
2024-05-08 14:45:09,683&vessel&vessel&update_volume&165&E6&0.0
2024-05-08 14:45:09,728&vessel&vessel&log_contents&235&E6&0.0&{'rinse': 0.0, 'edot': 0.0}
2024-05-08 14:45:19,244&vessel&vessel&update_volume&165&waste_w0&9057.760000000006
2024-05-08 14:45:19,251&vessel&vessel&log_contents&235&waste_w0&9057.760000000006&{'rinse': 8912.540000000003, 'edot': 1538.1239999999998, 'liclo4': 920.2848000000001}
2024-05-08 14:45:26,365&vessel&vessel&update_volume&165&rinse_s5&13351.399999999994
2024-05-08 14:45:26,368&vessel&vessel&log_contents&235&rinse_s5&13351.399999999994&rinse
2024-05-08 14:45:35,383&vessel&vessel&update_volume&165&waste_w0&9177.760000000006
2024-05-08 14:45:35,390&vessel&vessel&log_contents&235&waste_w0&9177.760000000006&{'rinse': 9032.540000000003, 'edot': 1538.1239999999998, 'liclo4': 920.2848000000001}
2024-05-08 14:45:42,515&vessel&vessel&update_volume&165&rinse_s5&13223.969999999994
2024-05-08 14:45:42,518&vessel&vessel&log_contents&235&rinse_s5&13223.969999999994&rinse
2024-05-08 14:45:51,533&vessel&vessel&update_volume&165&E6&127.43
2024-05-08 14:45:51,579&vessel&vessel&log_contents&235&E6&127.43&{'rinse': 127.43, 'edot': 0.0}
2024-05-08 14:45:54,594&vessel&vessel&update_volume&165&E6&0.0
2024-05-08 14:45:54,638&vessel&vessel&log_contents&235&E6&0.0&{'rinse': 0.0, 'edot': 0.0}
2024-05-08 14:46:04,155&vessel&vessel&update_volume&165&waste_w0&9305.190000000006
2024-05-08 14:46:04,162&vessel&vessel&log_contents&235&waste_w0&9305.190000000006&{'rinse': 9159.970000000003, 'edot': 1538.1239999999998, 'liclo4': 920.2848000000001}
2024-05-08 14:46:11,176&vessel&vessel&update_volume&165&rinse_s5&13096.539999999994
2024-05-08 14:46:11,180&vessel&vessel&log_contents&235&rinse_s5&13096.539999999994&rinse
2024-05-08 14:46:20,195&vessel&vessel&update_volume&165&E6&127.43
2024-05-08 14:46:20,243&vessel&vessel&log_contents&235&E6&127.43&{'rinse': 127.43, 'edot': 0.0}
2024-05-08 14:46:23,258&vessel&vessel&update_volume&165&E6&0.0
2024-05-08 14:46:23,301&vessel&vessel&log_contents&235&E6&0.0&{'rinse': 0.0, 'edot': 0.0}
2024-05-08 14:46:32,819&vessel&vessel&update_volume&165&waste_w0&9432.620000000006
2024-05-08 14:46:32,826&vessel&vessel&log_contents&235&waste_w0&9432.620000000006&{'rinse': 9287.400000000003, 'edot': 1538.1239999999998, 'liclo4': 920.2848000000001}
2024-05-08 14:46:39,842&vessel&vessel&update_volume&165&rinse_s5&12969.109999999993
2024-05-08 14:46:39,846&vessel&vessel&log_contents&235&rinse_s5&12969.109999999993&rinse
2024-05-08 14:46:48,860&vessel&vessel&update_volume&165&E6&127.43
2024-05-08 14:46:48,920&vessel&vessel&log_contents&235&E6&127.43&{'rinse': 127.43, 'edot': 0.0}
2024-05-08 14:46:51,936&vessel&vessel&update_volume&165&E6&0.0
2024-05-08 14:46:52,008&vessel&vessel&log_contents&235&E6&0.0&{'rinse': 0.0, 'edot': 0.0}
2024-05-08 14:47:01,526&vessel&vessel&update_volume&165&waste_w0&9560.050000000007
2024-05-08 14:47:01,532&vessel&vessel&log_contents&235&waste_w0&9560.050000000007&{'rinse': 9414.830000000004, 'edot': 1538.1239999999998, 'liclo4': 920.2848000000001}
2024-05-08 14:47:08,548&vessel&vessel&update_volume&165&rinse_s5&12841.679999999993
2024-05-08 14:47:08,552&vessel&vessel&log_contents&235&rinse_s5&12841.679999999993&rinse
2024-05-08 14:47:17,567&vessel&vessel&update_volume&165&E6&127.43
2024-05-08 14:47:17,617&vessel&vessel&log_contents&235&E6&127.43&{'rinse': 127.43, 'edot': 0.0}
2024-05-08 14:47:20,632&vessel&vessel&update_volume&165&E6&0.0
2024-05-08 14:47:20,677&vessel&vessel&log_contents&235&E6&0.0&{'rinse': 0.0, 'edot': 0.0}
2024-05-08 14:47:30,195&vessel&vessel&update_volume&165&waste_w0&9687.480000000007
2024-05-08 14:47:30,201&vessel&vessel&log_contents&235&waste_w0&9687.480000000007&{'rinse': 9542.260000000004, 'edot': 1538.1239999999998, 'liclo4': 920.2848000000001}
2024-05-08 14:47:49,722&vessel&vessel&update_volume&165&liclo4_s1&19107.989999999998
2024-05-08 14:47:49,725&vessel&vessel&log_contents&235&liclo4_s1&19107.989999999998&liclo4
2024-05-08 14:47:58,739&vessel&vessel&update_volume&165&E6&127.43
2024-05-08 14:47:58,787&vessel&vessel&log_contents&235&E6&127.43&{'rinse': 0.0, 'edot': 0.0, 'liclo4': 127.43}
2024-05-08 14:48:34,273&vessel&vessel&update_volume&165&E6&0.0
2024-05-08 14:48:34,318&vessel&vessel&log_contents&235&E6&0.0&{'rinse': 0.0, 'edot': 0.0, 'liclo4': 0.0}
2024-05-08 14:48:43,835&vessel&vessel&update_volume&165&waste_w0&9814.910000000007
2024-05-08 14:48:43,842&vessel&vessel&log_contents&235&waste_w0&9814.910000000007&{'rinse': 9542.260000000004, 'edot': 1538.1239999999998, 'liclo4': 1047.7148000000002}
2024-05-08 14:48:50,958&vessel&vessel&update_volume&165&rinse_s5&12721.679999999993
2024-05-08 14:48:50,961&vessel&vessel&log_contents&235&rinse_s5&12721.679999999993&rinse
2024-05-08 14:48:59,975&vessel&vessel&update_volume&165&waste_w0&9934.910000000007
2024-05-08 14:48:59,982&vessel&vessel&log_contents&235&waste_w0&9934.910000000007&{'rinse': 9662.260000000004, 'edot': 1538.1239999999998, 'liclo4': 1047.7148000000002}
2024-05-08 14:49:19,471&vessel&vessel&update_volume&165&liclo4_s1&18980.559999999998
2024-05-08 14:49:19,474&vessel&vessel&log_contents&235&liclo4_s1&18980.559999999998&liclo4
2024-05-08 14:49:28,489&vessel&vessel&update_volume&165&E6&127.43
2024-05-08 14:49:28,538&vessel&vessel&log_contents&235&E6&127.43&{'rinse': 0.0, 'edot': 0.0, 'liclo4': 127.43}
2024-05-08 14:50:03,962&vessel&vessel&update_volume&165&E6&0.0
2024-05-08 14:50:04,022&vessel&vessel&log_contents&235&E6&0.0&{'rinse': 0.0, 'edot': 0.0, 'liclo4': 0.0}
2024-05-08 14:50:13,538&vessel&vessel&update_volume&165&waste_w0&10062.340000000007
2024-05-08 14:50:13,545&vessel&vessel&log_contents&235&waste_w0&10062.340000000007&{'rinse': 9662.260000000004, 'edot': 1538.1239999999998, 'liclo4': 1175.1448000000003}
2024-05-08 14:50:20,660&vessel&vessel&update_volume&165&rinse_s5&12601.679999999993
2024-05-08 14:50:20,663&vessel&vessel&log_contents&235&rinse_s5&12601.679999999993&rinse
2024-05-08 14:50:29,677&vessel&vessel&update_volume&165&waste_w0&10182.340000000007
2024-05-08 14:50:29,684&vessel&vessel&log_contents&235&waste_w0&10182.340000000007&{'rinse': 9782.260000000004, 'edot': 1538.1239999999998, 'liclo4': 1175.1448000000003}
2024-05-08 14:50:36,699&vessel&vessel&update_volume&165&rinse_s5&12481.679999999993
2024-05-08 14:50:36,702&vessel&vessel&log_contents&235&rinse_s5&12481.679999999993&rinse
2024-05-08 14:50:45,717&vessel&vessel&update_volume&165&waste_w0&10302.340000000007
2024-05-08 14:50:45,724&vessel&vessel&log_contents&235&waste_w0&10302.340000000007&{'rinse': 9902.260000000004, 'edot': 1538.1239999999998, 'liclo4': 1175.1448000000003}
2024-05-08 14:50:52,742&vessel&vessel&update_volume&165&rinse_s5&12361.679999999993
2024-05-08 14:50:52,745&vessel&vessel&log_contents&235&rinse_s5&12361.679999999993&rinse
2024-05-08 14:51:01,759&vessel&vessel&update_volume&165&waste_w0&10422.340000000007
2024-05-08 14:51:01,766&vessel&vessel&log_contents&235&waste_w0&10422.340000000007&{'rinse': 10022.260000000004, 'edot': 1538.1239999999998, 'liclo4': 1175.1448000000003}
2024-05-08 15:10:05,507&vessel&vessel&update_volume&165&rinse_s5&12221.679999999993
2024-05-08 15:10:05,511&vessel&vessel&log_contents&235&rinse_s5&12221.679999999993&rinse
2024-05-08 15:10:14,526&vessel&vessel&update_volume&165&waste_w0&10562.340000000007
2024-05-08 15:10:14,532&vessel&vessel&log_contents&235&waste_w0&10562.340000000007&{'rinse': 10162.260000000004, 'edot': 1538.1239999999998, 'liclo4': 1175.1448000000003}
2024-05-08 15:10:30,729&vessel&vessel&update_volume&165&edot_s4&18980.559999999998
2024-05-08 15:10:30,732&vessel&vessel&log_contents&235&edot_s4&18980.559999999998&edot
2024-05-08 15:10:39,747&vessel&vessel&update_volume&165&E8&127.43
2024-05-08 15:10:39,795&vessel&vessel&log_contents&235&E8&127.43&{'rinse': 0.0, 'edot': 127.43, 'liclo4': 0.0}
2024-05-08 15:11:15,283&vessel&vessel&update_volume&165&E8&0.0
2024-05-08 15:11:15,327&vessel&vessel&log_contents&235&E8&0.0&{'rinse': 0.0, 'edot': 0.0, 'liclo4': 0.0}
2024-05-08 15:11:24,843&vessel&vessel&update_volume&165&waste_w0&10689.770000000008
2024-05-08 15:11:24,849&vessel&vessel&log_contents&235&waste_w0&10689.770000000008&{'rinse': 10162.260000000004, 'edot': 1665.5539999999999, 'liclo4': 1175.1448000000003}
2024-05-08 15:11:31,968&vessel&vessel&update_volume&165&rinse_s5&12101.679999999993
2024-05-08 15:11:31,971&vessel&vessel&log_contents&235&rinse_s5&12101.679999999993&rinse
2024-05-08 15:11:40,984&vessel&vessel&update_volume&165&waste_w0&10809.770000000008
2024-05-08 15:11:40,991&vessel&vessel&log_contents&235&waste_w0&10809.770000000008&{'rinse': 10282.260000000004, 'edot': 1665.5539999999999, 'liclo4': 1175.1448000000003}
2024-05-08 15:11:48,110&vessel&vessel&update_volume&165&rinse_s5&11974.249999999993
2024-05-08 15:11:48,113&vessel&vessel&log_contents&235&rinse_s5&11974.249999999993&rinse
2024-05-08 15:11:57,127&vessel&vessel&update_volume&165&E8&127.43
2024-05-08 15:11:57,176&vessel&vessel&log_contents&235&E8&127.43&{'rinse': 127.43, 'edot': 0.0, 'liclo4': 0.0}
2024-05-08 15:12:00,192&vessel&vessel&update_volume&165&E8&0.0
2024-05-08 15:12:00,237&vessel&vessel&log_contents&235&E8&0.0&{'rinse': 0.0, 'edot': 0.0, 'liclo4': 0.0}
2024-05-08 15:12:09,754&vessel&vessel&update_volume&165&waste_w0&10937.200000000008
2024-05-08 15:12:09,761&vessel&vessel&log_contents&235&waste_w0&10937.200000000008&{'rinse': 10409.690000000004, 'edot': 1665.5539999999999, 'liclo4': 1175.1448000000003}
2024-05-08 15:12:16,777&vessel&vessel&update_volume&165&rinse_s5&11846.819999999992
2024-05-08 15:12:16,781&vessel&vessel&log_contents&235&rinse_s5&11846.819999999992&rinse
2024-05-08 15:12:25,797&vessel&vessel&update_volume&165&E8&127.43
2024-05-08 15:12:25,845&vessel&vessel&log_contents&235&E8&127.43&{'rinse': 127.43, 'edot': 0.0, 'liclo4': 0.0}
2024-05-08 15:12:28,861&vessel&vessel&update_volume&165&E8&0.0
2024-05-08 15:12:28,909&vessel&vessel&log_contents&235&E8&0.0&{'rinse': 0.0, 'edot': 0.0, 'liclo4': 0.0}
2024-05-08 15:12:38,425&vessel&vessel&update_volume&165&waste_w0&11064.630000000008
2024-05-08 15:12:38,431&vessel&vessel&log_contents&235&waste_w0&11064.630000000008&{'rinse': 10537.120000000004, 'edot': 1665.5539999999999, 'liclo4': 1175.1448000000003}
2024-05-08 15:12:45,448&vessel&vessel&update_volume&165&rinse_s5&11719.389999999992
2024-05-08 15:12:45,451&vessel&vessel&log_contents&235&rinse_s5&11719.389999999992&rinse
2024-05-08 15:12:54,466&vessel&vessel&update_volume&165&E8&127.43
2024-05-08 15:12:54,513&vessel&vessel&log_contents&235&E8&127.43&{'rinse': 127.43, 'edot': 0.0, 'liclo4': 0.0}
2024-05-08 15:12:57,529&vessel&vessel&update_volume&165&E8&0.0
2024-05-08 15:12:57,573&vessel&vessel&log_contents&235&E8&0.0&{'rinse': 0.0, 'edot': 0.0, 'liclo4': 0.0}
2024-05-08 15:13:07,090&vessel&vessel&update_volume&165&waste_w0&11192.060000000009
2024-05-08 15:13:07,097&vessel&vessel&log_contents&235&waste_w0&11192.060000000009&{'rinse': 10664.550000000005, 'edot': 1665.5539999999999, 'liclo4': 1175.1448000000003}
2024-05-08 15:13:14,112&vessel&vessel&update_volume&165&rinse_s5&11591.959999999992
2024-05-08 15:13:14,116&vessel&vessel&log_contents&235&rinse_s5&11591.959999999992&rinse
2024-05-08 15:13:23,131&vessel&vessel&update_volume&165&E8&127.43
2024-05-08 15:13:23,180&vessel&vessel&log_contents&235&E8&127.43&{'rinse': 127.43, 'edot': 0.0, 'liclo4': 0.0}
2024-05-08 15:13:26,196&vessel&vessel&update_volume&165&E8&0.0
2024-05-08 15:13:26,239&vessel&vessel&log_contents&235&E8&0.0&{'rinse': 0.0, 'edot': 0.0, 'liclo4': 0.0}
2024-05-08 15:13:35,755&vessel&vessel&update_volume&165&waste_w0&11319.490000000009
2024-05-08 15:13:35,762&vessel&vessel&log_contents&235&waste_w0&11319.490000000009&{'rinse': 10791.980000000005, 'edot': 1665.5539999999999, 'liclo4': 1175.1448000000003}
2024-05-08 15:13:55,283&vessel&vessel&update_volume&165&liclo4_s1&18853.129999999997
2024-05-08 15:13:55,286&vessel&vessel&log_contents&235&liclo4_s1&18853.129999999997&liclo4
2024-05-08 15:14:04,302&vessel&vessel&update_volume&165&E8&127.43
2024-05-08 15:14:04,349&vessel&vessel&log_contents&235&E8&127.43&{'rinse': 0.0, 'edot': 0.0, 'liclo4': 127.43}
2024-05-08 15:14:39,769&vessel&vessel&update_volume&165&E8&0.0
2024-05-08 15:14:39,815&vessel&vessel&log_contents&235&E8&0.0&{'rinse': 0.0, 'edot': 0.0, 'liclo4': 0.0}
2024-05-08 15:14:49,332&vessel&vessel&update_volume&165&waste_w0&11446.92000000001
2024-05-08 15:14:49,339&vessel&vessel&log_contents&235&waste_w0&11446.92000000001&{'rinse': 10791.980000000005, 'edot': 1665.5539999999999, 'liclo4': 1302.5748000000003}
2024-05-08 15:14:56,456&vessel&vessel&update_volume&165&rinse_s5&11471.959999999992
2024-05-08 15:14:56,459&vessel&vessel&log_contents&235&rinse_s5&11471.959999999992&rinse
2024-05-08 15:15:05,472&vessel&vessel&update_volume&165&waste_w0&11566.92000000001
2024-05-08 15:15:05,478&vessel&vessel&log_contents&235&waste_w0&11566.92000000001&{'rinse': 10911.980000000005, 'edot': 1665.5539999999999, 'liclo4': 1302.5748000000003}
2024-05-08 15:15:24,936&vessel&vessel&update_volume&165&liclo4_s1&18725.699999999997
2024-05-08 15:15:24,939&vessel&vessel&log_contents&235&liclo4_s1&18725.699999999997&liclo4
2024-05-08 15:15:33,955&vessel&vessel&update_volume&165&E8&127.43
2024-05-08 15:15:34,004&vessel&vessel&log_contents&235&E8&127.43&{'rinse': 0.0, 'edot': 0.0, 'liclo4': 127.43}
2024-05-08 15:16:09,438&vessel&vessel&update_volume&165&E8&0.0
2024-05-08 15:16:09,503&vessel&vessel&log_contents&235&E8&0.0&{'rinse': 0.0, 'edot': 0.0, 'liclo4': 0.0}
2024-05-08 15:16:19,020&vessel&vessel&update_volume&165&waste_w0&11694.35000000001
2024-05-08 15:16:19,027&vessel&vessel&log_contents&235&waste_w0&11694.35000000001&{'rinse': 10911.980000000005, 'edot': 1665.5539999999999, 'liclo4': 1430.0048000000004}
2024-05-08 15:16:26,142&vessel&vessel&update_volume&165&rinse_s5&11351.959999999992
2024-05-08 15:16:26,145&vessel&vessel&log_contents&235&rinse_s5&11351.959999999992&rinse
2024-05-08 15:16:35,160&vessel&vessel&update_volume&165&waste_w0&11814.35000000001
2024-05-08 15:16:35,166&vessel&vessel&log_contents&235&waste_w0&11814.35000000001&{'rinse': 11031.980000000005, 'edot': 1665.5539999999999, 'liclo4': 1430.0048000000004}
2024-05-08 15:16:42,182&vessel&vessel&update_volume&165&rinse_s5&11231.959999999992
2024-05-08 15:16:42,185&vessel&vessel&log_contents&235&rinse_s5&11231.959999999992&rinse
2024-05-08 15:16:51,198&vessel&vessel&update_volume&165&waste_w0&11934.35000000001
2024-05-08 15:16:51,205&vessel&vessel&log_contents&235&waste_w0&11934.35000000001&{'rinse': 11151.980000000005, 'edot': 1665.5539999999999, 'liclo4': 1430.0048000000004}
2024-05-08 15:16:58,222&vessel&vessel&update_volume&165&rinse_s5&11111.959999999992
2024-05-08 15:16:58,225&vessel&vessel&log_contents&235&rinse_s5&11111.959999999992&rinse
2024-05-08 15:17:07,239&vessel&vessel&update_volume&165&waste_w0&12054.35000000001
2024-05-08 15:17:07,245&vessel&vessel&log_contents&235&waste_w0&12054.35000000001&{'rinse': 11271.980000000005, 'edot': 1665.5539999999999, 'liclo4': 1430.0048000000004}
2024-05-08 15:28:38,490&vessel&vessel&update_volume&165&edot_s4&18853.129999999997
2024-05-08 15:28:38,493&vessel&vessel&log_contents&235&edot_s4&18853.129999999997&edot
2024-05-08 15:28:47,509&vessel&vessel&update_volume&165&E7&127.43
2024-05-08 15:28:47,556&vessel&vessel&log_contents&235&E7&127.43&{'edot': 127.43}
2024-05-08 15:29:23,028&vessel&vessel&update_volume&165&E7&0.0
2024-05-08 15:29:23,072&vessel&vessel&log_contents&235&E7&0.0&{'edot': 0.0}
2024-05-08 15:29:32,588&vessel&vessel&update_volume&165&waste_w0&12181.78000000001
2024-05-08 15:29:32,595&vessel&vessel&log_contents&235&waste_w0&12181.78000000001&{'rinse': 11271.980000000005, 'edot': 1792.984, 'liclo4': 1430.0048000000004}
2024-05-08 15:29:39,706&vessel&vessel&update_volume&165&rinse_s5&10991.959999999992
2024-05-08 15:29:39,710&vessel&vessel&log_contents&235&rinse_s5&10991.959999999992&rinse
2024-05-08 15:29:48,724&vessel&vessel&update_volume&165&waste_w0&12301.78000000001
2024-05-08 15:29:48,731&vessel&vessel&log_contents&235&waste_w0&12301.78000000001&{'rinse': 11391.980000000005, 'edot': 1792.984, 'liclo4': 1430.0048000000004}
2024-05-08 15:29:55,850&vessel&vessel&update_volume&165&rinse_s5&10864.529999999992
2024-05-08 15:29:55,854&vessel&vessel&log_contents&235&rinse_s5&10864.529999999992&rinse
2024-05-08 15:30:04,868&vessel&vessel&update_volume&165&E7&127.43
2024-05-08 15:30:04,920&vessel&vessel&log_contents&235&E7&127.43&{'edot': 0.0, 'rinse': 127.43}
2024-05-08 15:30:07,936&vessel&vessel&update_volume&165&E7&0.0
2024-05-08 15:30:07,982&vessel&vessel&log_contents&235&E7&0.0&{'edot': 0.0, 'rinse': 0.0}
2024-05-08 15:30:17,499&vessel&vessel&update_volume&165&waste_w0&12429.21000000001
2024-05-08 15:30:17,505&vessel&vessel&log_contents&235&waste_w0&12429.21000000001&{'rinse': 11519.410000000005, 'edot': 1792.984, 'liclo4': 1430.0048000000004}
2024-05-08 15:30:24,521&vessel&vessel&update_volume&165&rinse_s5&10737.099999999991
2024-05-08 15:30:24,524&vessel&vessel&log_contents&235&rinse_s5&10737.099999999991&rinse
2024-05-08 15:30:33,540&vessel&vessel&update_volume&165&E7&127.43
2024-05-08 15:30:33,588&vessel&vessel&log_contents&235&E7&127.43&{'edot': 0.0, 'rinse': 127.43}
2024-05-08 15:30:36,602&vessel&vessel&update_volume&165&E7&0.0
2024-05-08 15:30:36,647&vessel&vessel&log_contents&235&E7&0.0&{'edot': 0.0, 'rinse': 0.0}
2024-05-08 15:30:46,164&vessel&vessel&update_volume&165&waste_w0&12556.64000000001
2024-05-08 15:30:46,171&vessel&vessel&log_contents&235&waste_w0&12556.64000000001&{'rinse': 11646.840000000006, 'edot': 1792.984, 'liclo4': 1430.0048000000004}
2024-05-08 15:30:53,187&vessel&vessel&update_volume&165&rinse_s5&10609.669999999991
2024-05-08 15:30:53,191&vessel&vessel&log_contents&235&rinse_s5&10609.669999999991&rinse
2024-05-08 15:31:02,206&vessel&vessel&update_volume&165&E7&127.43
2024-05-08 15:31:02,254&vessel&vessel&log_contents&235&E7&127.43&{'edot': 0.0, 'rinse': 127.43}
2024-05-08 15:31:05,270&vessel&vessel&update_volume&165&E7&0.0
2024-05-08 15:31:05,315&vessel&vessel&log_contents&235&E7&0.0&{'edot': 0.0, 'rinse': 0.0}
2024-05-08 15:31:14,833&vessel&vessel&update_volume&165&waste_w0&12684.07000000001
2024-05-08 15:31:14,840&vessel&vessel&log_contents&235&waste_w0&12684.07000000001&{'rinse': 11774.270000000006, 'edot': 1792.984, 'liclo4': 1430.0048000000004}
2024-05-08 15:31:21,855&vessel&vessel&update_volume&165&rinse_s5&10482.23999999999
2024-05-08 15:31:21,859&vessel&vessel&log_contents&235&rinse_s5&10482.23999999999&rinse
2024-05-08 15:31:30,874&vessel&vessel&update_volume&165&E7&127.43
2024-05-08 15:31:30,925&vessel&vessel&log_contents&235&E7&127.43&{'edot': 0.0, 'rinse': 127.43}
2024-05-08 15:31:33,942&vessel&vessel&update_volume&165&E7&0.0
2024-05-08 15:31:34,028&vessel&vessel&log_contents&235&E7&0.0&{'edot': 0.0, 'rinse': 0.0}
2024-05-08 15:31:43,545&vessel&vessel&update_volume&165&waste_w0&12811.500000000011
2024-05-08 15:31:43,551&vessel&vessel&log_contents&235&waste_w0&12811.500000000011&{'rinse': 11901.700000000006, 'edot': 1792.984, 'liclo4': 1430.0048000000004}
2024-05-08 15:32:03,034&vessel&vessel&update_volume&165&liclo4_s1&18598.269999999997
2024-05-08 15:32:03,037&vessel&vessel&log_contents&235&liclo4_s1&18598.269999999997&liclo4
2024-05-08 15:32:12,051&vessel&vessel&update_volume&165&E7&127.43
2024-05-08 15:32:12,106&vessel&vessel&log_contents&235&E7&127.43&{'edot': 0.0, 'rinse': 0.0, 'liclo4': 127.43}
2024-05-08 15:32:47,509&vessel&vessel&update_volume&165&E7&0.0
2024-05-08 15:32:47,555&vessel&vessel&log_contents&235&E7&0.0&{'edot': 0.0, 'rinse': 0.0, 'liclo4': 0.0}
2024-05-08 15:32:57,073&vessel&vessel&update_volume&165&waste_w0&12938.930000000011
2024-05-08 15:32:57,079&vessel&vessel&log_contents&235&waste_w0&12938.930000000011&{'rinse': 11901.700000000006, 'edot': 1792.984, 'liclo4': 1557.4348000000005}
2024-05-08 15:33:04,196&vessel&vessel&update_volume&165&rinse_s5&10362.23999999999
2024-05-08 15:33:04,200&vessel&vessel&log_contents&235&rinse_s5&10362.23999999999&rinse
2024-05-08 15:33:13,214&vessel&vessel&update_volume&165&waste_w0&13058.930000000011
2024-05-08 15:33:13,221&vessel&vessel&log_contents&235&waste_w0&13058.930000000011&{'rinse': 12021.700000000006, 'edot': 1792.984, 'liclo4': 1557.4348000000005}
2024-05-08 15:33:32,711&vessel&vessel&update_volume&165&liclo4_s1&18470.839999999997
2024-05-08 15:33:32,714&vessel&vessel&log_contents&235&liclo4_s1&18470.839999999997&liclo4
2024-05-08 15:33:41,730&vessel&vessel&update_volume&165&E7&127.43
2024-05-08 15:33:41,803&vessel&vessel&log_contents&235&E7&127.43&{'edot': 0.0, 'rinse': 0.0, 'liclo4': 127.43}
2024-05-08 15:34:17,510&vessel&vessel&update_volume&165&E7&0.0
2024-05-08 15:34:17,557&vessel&vessel&log_contents&235&E7&0.0&{'edot': 0.0, 'rinse': 0.0, 'liclo4': 0.0}
2024-05-08 15:34:27,075&vessel&vessel&update_volume&165&waste_w0&13186.360000000011
2024-05-08 15:34:27,082&vessel&vessel&log_contents&235&waste_w0&13186.360000000011&{'rinse': 12021.700000000006, 'edot': 1792.984, 'liclo4': 1684.8648000000005}
2024-05-08 15:34:34,218&vessel&vessel&update_volume&165&rinse_s5&10242.23999999999
2024-05-08 15:34:34,221&vessel&vessel&log_contents&235&rinse_s5&10242.23999999999&rinse
2024-05-08 15:34:43,235&vessel&vessel&update_volume&165&waste_w0&13306.360000000011
2024-05-08 15:34:43,242&vessel&vessel&log_contents&235&waste_w0&13306.360000000011&{'rinse': 12141.700000000006, 'edot': 1792.984, 'liclo4': 1684.8648000000005}
2024-05-08 15:34:50,257&vessel&vessel&update_volume&165&rinse_s5&10122.23999999999
2024-05-08 15:34:50,261&vessel&vessel&log_contents&235&rinse_s5&10122.23999999999&rinse
2024-05-08 15:34:59,277&vessel&vessel&update_volume&165&waste_w0&13426.360000000011
2024-05-08 15:34:59,284&vessel&vessel&log_contents&235&waste_w0&13426.360000000011&{'rinse': 12261.700000000006, 'edot': 1792.984, 'liclo4': 1684.8648000000005}
2024-05-08 15:35:06,301&vessel&vessel&update_volume&165&rinse_s5&10002.23999999999
2024-05-08 15:35:06,305&vessel&vessel&log_contents&235&rinse_s5&10002.23999999999&rinse
2024-05-08 15:35:15,319&vessel&vessel&update_volume&165&waste_w0&13546.360000000011
2024-05-08 15:35:15,326&vessel&vessel&log_contents&235&waste_w0&13546.360000000011&{'rinse': 12381.700000000006, 'edot': 1792.984, 'liclo4': 1684.8648000000005}
