2024-01-21 14:42:40,187&e_panda&DEBUG&wellplate&save_current_wellplate&813&Saving wellplate
2024-01-21 14:42:40,188&e_panda&DEBUG&wellplate&save_current_wellplate&826&Saving well statuses to well_history.csv
2024-01-21 14:42:40,211&e_panda&DEBUG&wellplate&save_current_wellplate&861&Wellplate saved
2024-01-21 14:42:40,212&e_panda&INFO&wellplate&save_current_wellplate&862&Wellplate 107 saved
2024-01-21 14:42:44,139&e_panda&DEBUG&wellplate&load_new_wellplate&752&Loading wellplate
2024-01-21 14:42:44,190&e_panda&DEBUG&wellplate&load_new_wellplate&773&Wellplate loaded
2024-01-21 14:42:44,190&e_panda&INFO&wellplate&load_new_wellplate&774&Wellplate 107 loaded
2024-01-21 14:42:44,193&e_panda&INFO&slack_functions2&send_slack_message&50&None&None&None&Message sent:ePANDA is starting up&True
2024-01-21 14:42:44,196&__main__&INFO&controller&connect_to_instruments&439&&&&Using mock instruments&
2024-01-21 14:42:44,201&__main__&INFO&controller&main&86&&&&Connected to instruments&
2024-01-21 14:42:44,201&e_panda&INFO&slack_functions2&send_slack_message&50&None&None&None&Message sent:ePANDA has connected to equipment&True
2024-01-21 14:42:44,206&e_panda&DEBUG&wellplate&update_well_status_from_json_file&272&None&None&None&Updating well status's from file...&True
2024-01-21 14:42:44,217&e_panda&DEBUG&wellplate&update_well_status_from_json_file&285&None&None&None&Well A1 updated from file&True
2024-01-21 14:42:44,217&e_panda&DEBUG&wellplate&update_well_status_from_json_file&285&None&None&None&Well A2 updated from file&True
2024-01-21 14:42:44,217&e_panda&DEBUG&wellplate&update_well_status_from_json_file&285&None&None&None&Well A3 updated from file&True
2024-01-21 14:42:44,217&e_panda&DEBUG&wellplate&update_well_status_from_json_file&285&None&None&None&Well A4 updated from file&True
2024-01-21 14:42:44,217&e_panda&DEBUG&wellplate&update_well_status_from_json_file&285&None&None&None&Well A5 updated from file&True
2024-01-21 14:42:44,217&e_panda&DEBUG&wellplate&update_well_status_from_json_file&285&None&None&None&Well A6 updated from file&True
2024-01-21 14:42:44,217&e_panda&DEBUG&wellplate&update_well_status_from_json_file&285&None&None&None&Well A7 updated from file&True
2024-01-21 14:42:44,218&e_panda&DEBUG&wellplate&update_well_status_from_json_file&285&None&None&None&Well A8 updated from file&True
2024-01-21 14:42:44,218&e_panda&DEBUG&wellplate&update_well_status_from_json_file&285&None&None&None&Well A9 updated from file&True
2024-01-21 14:42:44,218&e_panda&DEBUG&wellplate&update_well_status_from_json_file&285&None&None&None&Well A10 updated from file&True
2024-01-21 14:42:44,218&e_panda&DEBUG&wellplate&update_well_status_from_json_file&285&None&None&None&Well A11 updated from file&True
2024-01-21 14:42:44,218&e_panda&DEBUG&wellplate&update_well_status_from_json_file&285&None&None&None&Well A12 updated from file&True
2024-01-21 14:42:44,218&e_panda&DEBUG&wellplate&update_well_status_from_json_file&285&None&None&None&Well B1 updated from file&True
2024-01-21 14:42:44,218&e_panda&DEBUG&wellplate&update_well_status_from_json_file&285&None&None&None&Well B2 updated from file&True
2024-01-21 14:42:44,219&e_panda&DEBUG&wellplate&update_well_status_from_json_file&285&None&None&None&Well B3 updated from file&True
2024-01-21 14:42:44,219&e_panda&DEBUG&wellplate&update_well_status_from_json_file&285&None&None&None&Well B4 updated from file&True
2024-01-21 14:42:44,219&e_panda&DEBUG&wellplate&update_well_status_from_json_file&285&None&None&None&Well B5 updated from file&True
2024-01-21 14:42:44,219&e_panda&DEBUG&wellplate&update_well_status_from_json_file&285&None&None&None&Well B6 updated from file&True
2024-01-21 14:42:44,219&e_panda&DEBUG&wellplate&update_well_status_from_json_file&285&None&None&None&Well B7 updated from file&True
2024-01-21 14:42:44,219&e_panda&DEBUG&wellplate&update_well_status_from_json_file&285&None&None&None&Well B8 updated from file&True
2024-01-21 14:42:44,219&e_panda&DEBUG&wellplate&update_well_status_from_json_file&285&None&None&None&Well B9 updated from file&True
2024-01-21 14:42:44,219&e_panda&DEBUG&wellplate&update_well_status_from_json_file&285&None&None&None&Well B10 updated from file&True
2024-01-21 14:42:44,220&e_panda&DEBUG&wellplate&update_well_status_from_json_file&285&None&None&None&Well B11 updated from file&True
2024-01-21 14:42:44,220&e_panda&DEBUG&wellplate&update_well_status_from_json_file&285&None&None&None&Well B12 updated from file&True
2024-01-21 14:42:44,220&e_panda&DEBUG&wellplate&update_well_status_from_json_file&285&None&None&None&Well C1 updated from file&True
2024-01-21 14:42:44,220&e_panda&DEBUG&wellplate&update_well_status_from_json_file&285&None&None&None&Well C2 updated from file&True
2024-01-21 14:42:44,220&e_panda&DEBUG&wellplate&update_well_status_from_json_file&285&None&None&None&Well C3 updated from file&True
2024-01-21 14:42:44,220&e_panda&DEBUG&wellplate&update_well_status_from_json_file&285&None&None&None&Well C4 updated from file&True
2024-01-21 14:42:44,221&e_panda&DEBUG&wellplate&update_well_status_from_json_file&285&None&None&None&Well C5 updated from file&True
2024-01-21 14:42:44,221&e_panda&DEBUG&wellplate&update_well_status_from_json_file&285&None&None&None&Well C6 updated from file&True
2024-01-21 14:42:44,221&e_panda&DEBUG&wellplate&update_well_status_from_json_file&285&None&None&None&Well C7 updated from file&True
2024-01-21 14:42:44,221&e_panda&DEBUG&wellplate&update_well_status_from_json_file&285&None&None&None&Well C8 updated from file&True
2024-01-21 14:42:44,221&e_panda&DEBUG&wellplate&update_well_status_from_json_file&285&None&None&None&Well C9 updated from file&True
2024-01-21 14:42:44,221&e_panda&DEBUG&wellplate&update_well_status_from_json_file&285&None&None&None&Well C10 updated from file&True
2024-01-21 14:42:44,221&e_panda&DEBUG&wellplate&update_well_status_from_json_file&285&None&None&None&Well C11 updated from file&True
2024-01-21 14:42:44,222&e_panda&DEBUG&wellplate&update_well_status_from_json_file&285&None&None&None&Well C12 updated from file&True
2024-01-21 14:42:44,222&e_panda&DEBUG&wellplate&update_well_status_from_json_file&285&None&None&None&Well D1 updated from file&True
2024-01-21 14:42:44,222&e_panda&DEBUG&wellplate&update_well_status_from_json_file&285&None&None&None&Well D2 updated from file&True
2024-01-21 14:42:44,222&e_panda&DEBUG&wellplate&update_well_status_from_json_file&285&None&None&None&Well D3 updated from file&True
2024-01-21 14:42:44,222&e_panda&DEBUG&wellplate&update_well_status_from_json_file&285&None&None&None&Well D4 updated from file&True
2024-01-21 14:42:44,222&e_panda&DEBUG&wellplate&update_well_status_from_json_file&285&None&None&None&Well D5 updated from file&True
2024-01-21 14:42:44,223&e_panda&DEBUG&wellplate&update_well_status_from_json_file&285&None&None&None&Well D6 updated from file&True
2024-01-21 14:42:44,223&e_panda&DEBUG&wellplate&update_well_status_from_json_file&285&None&None&None&Well D7 updated from file&True
2024-01-21 14:42:44,223&e_panda&DEBUG&wellplate&update_well_status_from_json_file&285&None&None&None&Well D8 updated from file&True
2024-01-21 14:42:44,223&e_panda&DEBUG&wellplate&update_well_status_from_json_file&285&None&None&None&Well D9 updated from file&True
2024-01-21 14:42:44,223&e_panda&DEBUG&wellplate&update_well_status_from_json_file&285&None&None&None&Well D10 updated from file&True
2024-01-21 14:42:44,223&e_panda&DEBUG&wellplate&update_well_status_from_json_file&285&None&None&None&Well D11 updated from file&True
2024-01-21 14:42:44,223&e_panda&DEBUG&wellplate&update_well_status_from_json_file&285&None&None&None&Well D12 updated from file&True
2024-01-21 14:42:44,224&e_panda&DEBUG&wellplate&update_well_status_from_json_file&285&None&None&None&Well E1 updated from file&True
2024-01-21 14:42:44,224&e_panda&DEBUG&wellplate&update_well_status_from_json_file&285&None&None&None&Well E2 updated from file&True
2024-01-21 14:42:44,224&e_panda&DEBUG&wellplate&update_well_status_from_json_file&285&None&None&None&Well E3 updated from file&True
2024-01-21 14:42:44,224&e_panda&DEBUG&wellplate&update_well_status_from_json_file&285&None&None&None&Well E4 updated from file&True
2024-01-21 14:42:44,224&e_panda&DEBUG&wellplate&update_well_status_from_json_file&285&None&None&None&Well E5 updated from file&True
2024-01-21 14:42:44,224&e_panda&DEBUG&wellplate&update_well_status_from_json_file&285&None&None&None&Well E6 updated from file&True
2024-01-21 14:42:44,224&e_panda&DEBUG&wellplate&update_well_status_from_json_file&285&None&None&None&Well E7 updated from file&True
2024-01-21 14:42:44,225&e_panda&DEBUG&wellplate&update_well_status_from_json_file&285&None&None&None&Well E8 updated from file&True
2024-01-21 14:42:44,225&e_panda&DEBUG&wellplate&update_well_status_from_json_file&285&None&None&None&Well E9 updated from file&True
2024-01-21 14:42:44,225&e_panda&DEBUG&wellplate&update_well_status_from_json_file&285&None&None&None&Well E10 updated from file&True
2024-01-21 14:42:44,225&e_panda&DEBUG&wellplate&update_well_status_from_json_file&285&None&None&None&Well E11 updated from file&True
2024-01-21 14:42:44,225&e_panda&DEBUG&wellplate&update_well_status_from_json_file&285&None&None&None&Well E12 updated from file&True
2024-01-21 14:42:44,225&e_panda&DEBUG&wellplate&update_well_status_from_json_file&285&None&None&None&Well F1 updated from file&True
2024-01-21 14:42:44,226&e_panda&DEBUG&wellplate&update_well_status_from_json_file&285&None&None&None&Well F2 updated from file&True
2024-01-21 14:42:44,226&e_panda&DEBUG&wellplate&update_well_status_from_json_file&285&None&None&None&Well F3 updated from file&True
2024-01-21 14:42:44,226&e_panda&DEBUG&wellplate&update_well_status_from_json_file&285&None&None&None&Well F4 updated from file&True
2024-01-21 14:42:44,226&e_panda&DEBUG&wellplate&update_well_status_from_json_file&285&None&None&None&Well F5 updated from file&True
2024-01-21 14:42:44,226&e_panda&DEBUG&wellplate&update_well_status_from_json_file&285&None&None&None&Well F6 updated from file&True
2024-01-21 14:42:44,226&e_panda&DEBUG&wellplate&update_well_status_from_json_file&285&None&None&None&Well F7 updated from file&True
2024-01-21 14:42:44,226&e_panda&DEBUG&wellplate&update_well_status_from_json_file&285&None&None&None&Well F8 updated from file&True
2024-01-21 14:42:44,227&e_panda&DEBUG&wellplate&update_well_status_from_json_file&285&None&None&None&Well F9 updated from file&True
2024-01-21 14:42:44,227&e_panda&DEBUG&wellplate&update_well_status_from_json_file&285&None&None&None&Well F10 updated from file&True
2024-01-21 14:42:44,227&e_panda&DEBUG&wellplate&update_well_status_from_json_file&285&None&None&None&Well F11 updated from file&True
2024-01-21 14:42:44,227&e_panda&DEBUG&wellplate&update_well_status_from_json_file&285&None&None&None&Well F12 updated from file&True
2024-01-21 14:42:44,227&e_panda&DEBUG&wellplate&update_well_status_from_json_file&285&None&None&None&Well G1 updated from file&True
2024-01-21 14:42:44,227&e_panda&DEBUG&wellplate&update_well_status_from_json_file&285&None&None&None&Well G2 updated from file&True
2024-01-21 14:42:44,228&e_panda&DEBUG&wellplate&update_well_status_from_json_file&285&None&None&None&Well G3 updated from file&True
2024-01-21 14:42:44,228&e_panda&DEBUG&wellplate&update_well_status_from_json_file&285&None&None&None&Well G4 updated from file&True
2024-01-21 14:42:44,228&e_panda&DEBUG&wellplate&update_well_status_from_json_file&285&None&None&None&Well G5 updated from file&True
2024-01-21 14:42:44,229&e_panda&DEBUG&wellplate&update_well_status_from_json_file&285&None&None&None&Well G6 updated from file&True
2024-01-21 14:42:44,229&e_panda&DEBUG&wellplate&update_well_status_from_json_file&285&None&None&None&Well G7 updated from file&True
2024-01-21 14:42:44,230&e_panda&DEBUG&wellplate&update_well_status_from_json_file&285&None&None&None&Well G8 updated from file&True
2024-01-21 14:42:44,230&e_panda&DEBUG&wellplate&update_well_status_from_json_file&285&None&None&None&Well G9 updated from file&True
2024-01-21 14:42:44,231&e_panda&DEBUG&wellplate&update_well_status_from_json_file&285&None&None&None&Well G10 updated from file&True
2024-01-21 14:42:44,231&e_panda&DEBUG&wellplate&update_well_status_from_json_file&285&None&None&None&Well G11 updated from file&True
2024-01-21 14:42:44,232&e_panda&DEBUG&wellplate&update_well_status_from_json_file&285&None&None&None&Well G12 updated from file&True
2024-01-21 14:42:44,232&e_panda&DEBUG&wellplate&update_well_status_from_json_file&285&None&None&None&Well H1 updated from file&True
2024-01-21 14:42:44,233&e_panda&DEBUG&wellplate&update_well_status_from_json_file&285&None&None&None&Well H2 updated from file&True
2024-01-21 14:42:44,233&e_panda&DEBUG&wellplate&update_well_status_from_json_file&285&None&None&None&Well H3 updated from file&True
2024-01-21 14:42:44,233&e_panda&DEBUG&wellplate&update_well_status_from_json_file&285&None&None&None&Well H4 updated from file&True
2024-01-21 14:42:44,233&e_panda&DEBUG&wellplate&update_well_status_from_json_file&285&None&None&None&Well H5 updated from file&True
2024-01-21 14:42:44,233&e_panda&DEBUG&wellplate&update_well_status_from_json_file&285&None&None&None&Well H6 updated from file&True
2024-01-21 14:42:44,233&e_panda&DEBUG&wellplate&update_well_status_from_json_file&285&None&None&None&Well H7 updated from file&True
2024-01-21 14:42:44,234&e_panda&DEBUG&wellplate&update_well_status_from_json_file&285&None&None&None&Well H8 updated from file&True
2024-01-21 14:42:44,234&e_panda&DEBUG&wellplate&update_well_status_from_json_file&285&None&None&None&Well H9 updated from file&True
2024-01-21 14:42:44,234&e_panda&DEBUG&wellplate&update_well_status_from_json_file&285&None&None&None&Well H10 updated from file&True
2024-01-21 14:42:44,234&e_panda&DEBUG&wellplate&update_well_status_from_json_file&285&None&None&None&Well H11 updated from file&True
2024-01-21 14:42:44,234&e_panda&DEBUG&wellplate&update_well_status_from_json_file&285&None&None&None&Well H12 updated from file&True
2024-01-21 14:42:44,235&__main__&INFO&controller&establish_system_state&308&&&&System state established&
2024-01-21 14:42:44,235&__main__&DEBUG&controller&establish_system_state&312&&&&Stock vial edot contains edot with volume 10000&
2024-01-21 14:42:44,235&__main__&DEBUG&controller&establish_system_state&312&&&&Stock vial electrolyte contains edot electrolyte with volume 20000&
2024-01-21 14:42:44,235&__main__&DEBUG&controller&establish_system_state&312&&&&Stock vial rinse0 contains edot electrolyte rinse with volume 18740&
2024-01-21 14:42:44,235&__main__&DEBUG&controller&establish_system_state&312&&&&Stock vial electrode_bath contains electrolyte with volume 18000&
2024-01-21 14:42:44,236&__main__&DEBUG&controller&establish_system_state&338&&&&Waste vial waste contains {'rinse0': 1260.0} with volume 2260&
2024-01-21 14:42:44,236&__main__&DEBUG&controller&establish_system_state&338&&&&Waste vial waste contains {} with volume 1000&
2024-01-21 14:42:44,236&__main__&DEBUG&controller&establish_system_state&338&&&&Waste vial waste contains {} with volume 1000&
2024-01-21 14:42:44,236&__main__&DEBUG&controller&establish_system_state&338&&&&Waste vial waste contains {} with volume 1000&
2024-01-21 14:42:44,237&__main__&INFO&controller&establish_system_state&378&&&&There are 96 clear wells&
2024-01-21 14:42:44,237&e_panda&INFO&e_panda&flush_v2&516&None&None&None&Flushing pipette tip with 140.000000 ul of rinse0...&True
2024-01-21 14:42:44,238&e_panda&DEBUG&e_panda&solution_selector&561&None&None&None&Selected stock vial: rinse0 in position s2&True
2024-01-21 14:42:44,238&e_panda&DEBUG&e_panda&waste_selector&588&None&None&None&Selected waste vial: waste in position w0&True
2024-01-21 14:42:44,238&e_panda&INFO&e_panda&forward_pipette_v2&114&None&None&None&Forward pipetting 140.000000 ul from rinse0 to waste&True
2024-01-21 14:42:44,238&e_panda&INFO&e_panda&forward_pipette_v2&137&None&None&None&Repetition 1 of 1&True
2024-01-21 14:42:44,238&e_panda&DEBUG&e_panda&forward_pipette_v2&139&None&None&None&Withdrawing 40.000000 of air gap...&True
2024-01-21 14:42:44,238&e_panda&DEBUG&pump_control&run_pump&440&None&None&None&Withdrawing 0.040000 ml at 0.500000 mL/min...&True
2024-01-21 14:42:44,289&e_panda&DEBUG&pump_control&run_pump&442&None&None&None&Done Withdrawing&True
2024-01-21 14:42:44,340&e_panda&DEBUG&pump_control&run_pump&463&None&None&None&Pump has withdrawn: 0.04 ml&True
2024-01-21 14:42:44,340&e_panda&INFO&pump_control&withdraw&363&None&None&None&Pump has withdrawn: 0.040000 ml at 0.500000mL/min  Pipette vol: 40.000 ul&True
2024-01-21 14:42:44,340&e_panda&INFO&e_panda&forward_pipette_v2&148&None&None&None&Moving to rinse0 at s2...&True
2024-01-21 14:42:44,340&e_panda&DEBUG&pump_control&run_pump&440&None&None&None&Withdrawing 0.140000 ml at 0.500000 mL/min...&True
2024-01-21 14:42:44,391&e_panda&DEBUG&pump_control&run_pump&442&None&None&None&Done Withdrawing&True
2024-01-21 14:42:44,442&e_panda&DEBUG&pump_control&run_pump&463&None&None&None&Pump has withdrawn: 0.14 ml&True
2024-01-21 14:42:44,442&e_panda&INFO&pump_control&withdraw&363&None&None&None&Pump has withdrawn: 0.140000 ml at 0.500000mL/min  Pipette vol: 180.000 ul&True
2024-01-21 14:42:44,443&e_panda&DEBUG&vials&update_volume&422&None&None&None&rinse0: New volume: 18600.0 | New depth: -75&True
2024-01-21 14:42:44,443&e_panda&DEBUG&pump_control&run_pump&440&None&None&None&Withdrawing 0.005000 ml at 0.500000 mL/min...&True
2024-01-21 14:42:44,493&e_panda&DEBUG&pump_control&run_pump&442&None&None&None&Done Withdrawing&True
2024-01-21 14:42:44,544&e_panda&DEBUG&pump_control&run_pump&463&None&None&None&Pump has withdrawn: 0.005 ml&True
2024-01-21 14:42:44,545&e_panda&INFO&pump_control&withdraw&363&None&None&None&Pump has withdrawn: 0.005000 ml at 0.500000mL/min  Pipette vol: 185.000 ul&True
2024-01-21 14:42:44,545&e_panda&DEBUG&e_panda&forward_pipette_v2&179&None&None&None&From Vessel rinse0 volume: 18600.000000 depth: -75.000000&True
2024-01-21 14:42:44,546&e_panda&INFO&e_panda&forward_pipette_v2&186&None&None&None&Moving to: waste...&True
2024-01-21 14:42:44,547&e_panda&DEBUG&pump_control&run_pump&440&None&None&None&Infusing 0.140000 ml at 0.500000 mL/min...&True
2024-01-21 14:42:44,598&e_panda&DEBUG&pump_control&run_pump&442&None&None&None&Done Infusing&True
2024-01-21 14:42:44,650&e_panda&DEBUG&pump_control&run_pump&463&None&None&None&Pump has infused: 0.14 ml&True
2024-01-21 14:42:44,651&e_panda&INFO&pump_control&infuse&405&None&None&None&Pump has infused: 0.140000 ml (0.500000 of solution) at 0.095000mL/min Pipette volume: 0.000 ul&True
2024-01-21 14:42:44,652&e_panda&DEBUG&vials&update_volume&422&None&None&None&waste: New volume: 2400.0 | New depth: -75&True
2024-01-21 14:42:44,652&e_panda&DEBUG&vials&update_contents&540&None&None&None&Updating waste w0 contents...&True
2024-01-21 14:42:44,652&e_panda&DEBUG&vials&update_contents&547&None&None&None&waste w0: New contents: {'rinse0': 1400.0}&True
2024-01-21 14:42:44,653&e_panda&INFO&e_panda&forward_pipette_v2&221&None&None&None&Vessel waste volume: 2400.000000 depth: -75.000000&True
2024-01-21 14:42:44,653&e_panda&INFO&e_panda&flush_v2&535&None&None&None&Flushed pipette tip with 140.000000 ul of rinse0...&True
2024-01-21 14:42:44,681&e_panda&INFO&e_panda&flush_v2&516&None&None&None&Flushing pipette tip with 140.000000 ul of rinse0...&True
2024-01-21 14:42:44,681&e_panda&DEBUG&e_panda&solution_selector&561&None&None&None&Selected stock vial: rinse0 in position s2&True
2024-01-21 14:42:44,681&e_panda&DEBUG&e_panda&waste_selector&588&None&None&None&Selected waste vial: waste in position w0&True
2024-01-21 14:42:44,681&e_panda&INFO&e_panda&forward_pipette_v2&114&None&None&None&Forward pipetting 140.000000 ul from rinse0 to waste&True
2024-01-21 14:42:44,682&e_panda&INFO&e_panda&forward_pipette_v2&137&None&None&None&Repetition 1 of 1&True
2024-01-21 14:42:44,682&e_panda&DEBUG&e_panda&forward_pipette_v2&139&None&None&None&Withdrawing 40.000000 of air gap...&True
2024-01-21 14:42:44,683&e_panda&DEBUG&pump_control&run_pump&440&None&None&None&Withdrawing 0.040000 ml at 0.500000 mL/min...&True
2024-01-21 14:42:44,734&e_panda&DEBUG&pump_control&run_pump&442&None&None&None&Done Withdrawing&True
2024-01-21 14:42:44,785&e_panda&DEBUG&pump_control&run_pump&463&None&None&None&Pump has withdrawn: 0.04 ml&True
2024-01-21 14:42:44,786&e_panda&INFO&pump_control&withdraw&363&None&None&None&Pump has withdrawn: 0.040000 ml at 0.500000mL/min  Pipette vol: 40.000 ul&True
2024-01-21 14:42:44,786&e_panda&INFO&e_panda&forward_pipette_v2&148&None&None&None&Moving to rinse0 at s2...&True
2024-01-21 14:42:44,787&e_panda&DEBUG&pump_control&run_pump&440&None&None&None&Withdrawing 0.140000 ml at 0.500000 mL/min...&True
2024-01-21 14:42:44,838&e_panda&DEBUG&pump_control&run_pump&442&None&None&None&Done Withdrawing&True
2024-01-21 14:42:44,890&e_panda&DEBUG&pump_control&run_pump&463&None&None&None&Pump has withdrawn: 0.14 ml&True
2024-01-21 14:42:44,891&e_panda&INFO&pump_control&withdraw&363&None&None&None&Pump has withdrawn: 0.140000 ml at 0.500000mL/min  Pipette vol: 180.000 ul&True
2024-01-21 14:42:44,892&e_panda&DEBUG&vials&update_volume&422&None&None&None&rinse0: New volume: 18460.0 | New depth: -75&True
2024-01-21 14:42:44,892&e_panda&DEBUG&pump_control&run_pump&440&None&None&None&Withdrawing 0.005000 ml at 0.500000 mL/min...&True
2024-01-21 14:42:44,943&e_panda&DEBUG&pump_control&run_pump&442&None&None&None&Done Withdrawing&True
2024-01-21 14:42:44,994&e_panda&DEBUG&pump_control&run_pump&463&None&None&None&Pump has withdrawn: 0.005 ml&True
2024-01-21 14:42:44,995&e_panda&INFO&pump_control&withdraw&363&None&None&None&Pump has withdrawn: 0.005000 ml at 0.500000mL/min  Pipette vol: 185.000 ul&True
2024-01-21 14:42:44,996&e_panda&DEBUG&e_panda&forward_pipette_v2&179&None&None&None&From Vessel rinse0 volume: 18460.000000 depth: -75.000000&True
2024-01-21 14:42:44,996&e_panda&INFO&e_panda&forward_pipette_v2&186&None&None&None&Moving to: waste...&True
2024-01-21 14:42:44,997&e_panda&DEBUG&pump_control&run_pump&440&None&None&None&Infusing 0.140000 ml at 0.500000 mL/min...&True
2024-01-21 14:42:45,049&e_panda&DEBUG&pump_control&run_pump&442&None&None&None&Done Infusing&True
2024-01-21 14:42:45,100&e_panda&DEBUG&pump_control&run_pump&463&None&None&None&Pump has infused: 0.14 ml&True
2024-01-21 14:42:45,101&e_panda&INFO&pump_control&infuse&405&None&None&None&Pump has infused: 0.140000 ml (0.500000 of solution) at 0.095000mL/min Pipette volume: 0.000 ul&True
2024-01-21 14:42:45,101&e_panda&DEBUG&vials&update_volume&422&None&None&None&waste: New volume: 2540.0 | New depth: -75&True
2024-01-21 14:42:45,102&e_panda&DEBUG&vials&update_contents&540&None&None&None&Updating waste w0 contents...&True
2024-01-21 14:42:45,102&e_panda&DEBUG&vials&update_contents&547&None&None&None&waste w0: New contents: {'rinse0': 1540.0}&True
2024-01-21 14:42:45,103&e_panda&INFO&e_panda&forward_pipette_v2&221&None&None&None&Vessel waste volume: 2540.000000 depth: -75.000000&True
2024-01-21 14:42:45,103&e_panda&INFO&e_panda&flush_v2&535&None&None&None&Flushed pipette tip with 140.000000 ul of rinse0...&True
2024-01-21 14:42:45,139&e_panda&INFO&e_panda&flush_v2&516&None&None&None&Flushing pipette tip with 140.000000 ul of rinse0...&True
2024-01-21 14:42:45,140&e_panda&DEBUG&e_panda&solution_selector&561&None&None&None&Selected stock vial: rinse0 in position s2&True
2024-01-21 14:42:45,140&e_panda&DEBUG&e_panda&waste_selector&588&None&None&None&Selected waste vial: waste in position w0&True
2024-01-21 14:42:45,140&e_panda&INFO&e_panda&forward_pipette_v2&114&None&None&None&Forward pipetting 140.000000 ul from rinse0 to waste&True
2024-01-21 14:42:45,140&e_panda&INFO&e_panda&forward_pipette_v2&137&None&None&None&Repetition 1 of 1&True
2024-01-21 14:42:45,141&e_panda&DEBUG&e_panda&forward_pipette_v2&139&None&None&None&Withdrawing 40.000000 of air gap...&True
2024-01-21 14:42:45,141&e_panda&DEBUG&pump_control&run_pump&440&None&None&None&Withdrawing 0.040000 ml at 0.500000 mL/min...&True
2024-01-21 14:42:45,192&e_panda&DEBUG&pump_control&run_pump&442&None&None&None&Done Withdrawing&True
2024-01-21 14:42:45,243&e_panda&DEBUG&pump_control&run_pump&463&None&None&None&Pump has withdrawn: 0.04 ml&True
2024-01-21 14:42:45,243&e_panda&INFO&pump_control&withdraw&363&None&None&None&Pump has withdrawn: 0.040000 ml at 0.500000mL/min  Pipette vol: 40.000 ul&True
2024-01-21 14:42:45,243&e_panda&INFO&e_panda&forward_pipette_v2&148&None&None&None&Moving to rinse0 at s2...&True
2024-01-21 14:42:45,244&e_panda&DEBUG&pump_control&run_pump&440&None&None&None&Withdrawing 0.140000 ml at 0.500000 mL/min...&True
2024-01-21 14:42:45,295&e_panda&DEBUG&pump_control&run_pump&442&None&None&None&Done Withdrawing&True
2024-01-21 14:42:45,346&e_panda&DEBUG&pump_control&run_pump&463&None&None&None&Pump has withdrawn: 0.14 ml&True
2024-01-21 14:42:45,346&e_panda&INFO&pump_control&withdraw&363&None&None&None&Pump has withdrawn: 0.140000 ml at 0.500000mL/min  Pipette vol: 180.000 ul&True
2024-01-21 14:42:45,347&e_panda&DEBUG&vials&update_volume&422&None&None&None&rinse0: New volume: 18320.0 | New depth: -75&True
2024-01-21 14:42:45,347&e_panda&DEBUG&pump_control&run_pump&440&None&None&None&Withdrawing 0.005000 ml at 0.500000 mL/min...&True
2024-01-21 14:42:45,398&e_panda&DEBUG&pump_control&run_pump&442&None&None&None&Done Withdrawing&True
2024-01-21 14:42:45,449&e_panda&DEBUG&pump_control&run_pump&463&None&None&None&Pump has withdrawn: 0.005 ml&True
2024-01-21 14:42:45,449&e_panda&INFO&pump_control&withdraw&363&None&None&None&Pump has withdrawn: 0.005000 ml at 0.500000mL/min  Pipette vol: 185.000 ul&True
2024-01-21 14:42:45,449&e_panda&DEBUG&e_panda&forward_pipette_v2&179&None&None&None&From Vessel rinse0 volume: 18320.000000 depth: -75.000000&True
2024-01-21 14:42:45,449&e_panda&INFO&e_panda&forward_pipette_v2&186&None&None&None&Moving to: waste...&True
2024-01-21 14:42:45,449&e_panda&DEBUG&pump_control&run_pump&440&None&None&None&Infusing 0.140000 ml at 0.500000 mL/min...&True
2024-01-21 14:42:45,500&e_panda&DEBUG&pump_control&run_pump&442&None&None&None&Done Infusing&True
2024-01-21 14:42:45,552&e_panda&DEBUG&pump_control&run_pump&463&None&None&None&Pump has infused: 0.14 ml&True
2024-01-21 14:42:45,552&e_panda&INFO&pump_control&infuse&405&None&None&None&Pump has infused: 0.140000 ml (0.500000 of solution) at 0.095000mL/min Pipette volume: 0.000 ul&True
2024-01-21 14:42:45,552&e_panda&DEBUG&vials&update_volume&422&None&None&None&waste: New volume: 2680.0 | New depth: -75&True
2024-01-21 14:42:45,552&e_panda&DEBUG&vials&update_contents&540&None&None&None&Updating waste w0 contents...&True
2024-01-21 14:42:45,552&e_panda&DEBUG&vials&update_contents&547&None&None&None&waste w0: New contents: {'rinse0': 1680.0}&True
2024-01-21 14:42:45,552&e_panda&INFO&e_panda&forward_pipette_v2&221&None&None&None&Vessel waste volume: 2680.000000 depth: -75.000000&True
2024-01-21 14:42:45,552&e_panda&INFO&e_panda&flush_v2&535&None&None&None&Flushed pipette tip with 140.000000 ul of rinse0...&True
2024-01-21 14:42:45,578&e_panda&DEBUG&wellplate&update_well_status_from_json_file&272&None&None&None&Updating well status's from file...&True
2024-01-21 14:42:45,580&e_panda&DEBUG&wellplate&update_well_status_from_json_file&285&None&None&None&Well A1 updated from file&True
2024-01-21 14:42:45,580&e_panda&DEBUG&wellplate&update_well_status_from_json_file&285&None&None&None&Well A2 updated from file&True
2024-01-21 14:42:45,580&e_panda&DEBUG&wellplate&update_well_status_from_json_file&285&None&None&None&Well A3 updated from file&True
2024-01-21 14:42:45,580&e_panda&DEBUG&wellplate&update_well_status_from_json_file&285&None&None&None&Well A4 updated from file&True
2024-01-21 14:42:45,581&e_panda&DEBUG&wellplate&update_well_status_from_json_file&285&None&None&None&Well A5 updated from file&True
2024-01-21 14:42:45,581&e_panda&DEBUG&wellplate&update_well_status_from_json_file&285&None&None&None&Well A6 updated from file&True
2024-01-21 14:42:45,581&e_panda&DEBUG&wellplate&update_well_status_from_json_file&285&None&None&None&Well A7 updated from file&True
2024-01-21 14:42:45,581&e_panda&DEBUG&wellplate&update_well_status_from_json_file&285&None&None&None&Well A8 updated from file&True
2024-01-21 14:42:45,582&e_panda&DEBUG&wellplate&update_well_status_from_json_file&285&None&None&None&Well A9 updated from file&True
2024-01-21 14:42:45,582&e_panda&DEBUG&wellplate&update_well_status_from_json_file&285&None&None&None&Well A10 updated from file&True
2024-01-21 14:42:45,582&e_panda&DEBUG&wellplate&update_well_status_from_json_file&285&None&None&None&Well A11 updated from file&True
2024-01-21 14:42:45,582&e_panda&DEBUG&wellplate&update_well_status_from_json_file&285&None&None&None&Well A12 updated from file&True
2024-01-21 14:42:45,582&e_panda&DEBUG&wellplate&update_well_status_from_json_file&285&None&None&None&Well B1 updated from file&True
2024-01-21 14:42:45,582&e_panda&DEBUG&wellplate&update_well_status_from_json_file&285&None&None&None&Well B2 updated from file&True
2024-01-21 14:42:45,582&e_panda&DEBUG&wellplate&update_well_status_from_json_file&285&None&None&None&Well B3 updated from file&True
2024-01-21 14:42:45,583&e_panda&DEBUG&wellplate&update_well_status_from_json_file&285&None&None&None&Well B4 updated from file&True
2024-01-21 14:42:45,583&e_panda&DEBUG&wellplate&update_well_status_from_json_file&285&None&None&None&Well B5 updated from file&True
2024-01-21 14:42:45,583&e_panda&DEBUG&wellplate&update_well_status_from_json_file&285&None&None&None&Well B6 updated from file&True
2024-01-21 14:42:45,583&e_panda&DEBUG&wellplate&update_well_status_from_json_file&285&None&None&None&Well B7 updated from file&True
2024-01-21 14:42:45,583&e_panda&DEBUG&wellplate&update_well_status_from_json_file&285&None&None&None&Well B8 updated from file&True
2024-01-21 14:42:45,583&e_panda&DEBUG&wellplate&update_well_status_from_json_file&285&None&None&None&Well B9 updated from file&True
2024-01-21 14:42:45,583&e_panda&DEBUG&wellplate&update_well_status_from_json_file&285&None&None&None&Well B10 updated from file&True
2024-01-21 14:42:45,583&e_panda&DEBUG&wellplate&update_well_status_from_json_file&285&None&None&None&Well B11 updated from file&True
2024-01-21 14:42:45,584&e_panda&DEBUG&wellplate&update_well_status_from_json_file&285&None&None&None&Well B12 updated from file&True
2024-01-21 14:42:45,584&e_panda&DEBUG&wellplate&update_well_status_from_json_file&285&None&None&None&Well C1 updated from file&True
2024-01-21 14:42:45,584&e_panda&DEBUG&wellplate&update_well_status_from_json_file&285&None&None&None&Well C2 updated from file&True
2024-01-21 14:42:45,584&e_panda&DEBUG&wellplate&update_well_status_from_json_file&285&None&None&None&Well C3 updated from file&True
2024-01-21 14:42:45,584&e_panda&DEBUG&wellplate&update_well_status_from_json_file&285&None&None&None&Well C4 updated from file&True
2024-01-21 14:42:45,584&e_panda&DEBUG&wellplate&update_well_status_from_json_file&285&None&None&None&Well C5 updated from file&True
2024-01-21 14:42:45,584&e_panda&DEBUG&wellplate&update_well_status_from_json_file&285&None&None&None&Well C6 updated from file&True
2024-01-21 14:42:45,584&e_panda&DEBUG&wellplate&update_well_status_from_json_file&285&None&None&None&Well C7 updated from file&True
2024-01-21 14:42:45,585&e_panda&DEBUG&wellplate&update_well_status_from_json_file&285&None&None&None&Well C8 updated from file&True
2024-01-21 14:42:45,585&e_panda&DEBUG&wellplate&update_well_status_from_json_file&285&None&None&None&Well C9 updated from file&True
2024-01-21 14:42:45,585&e_panda&DEBUG&wellplate&update_well_status_from_json_file&285&None&None&None&Well C10 updated from file&True
2024-01-21 14:42:45,585&e_panda&DEBUG&wellplate&update_well_status_from_json_file&285&None&None&None&Well C11 updated from file&True
2024-01-21 14:42:45,585&e_panda&DEBUG&wellplate&update_well_status_from_json_file&285&None&None&None&Well C12 updated from file&True
2024-01-21 14:42:45,585&e_panda&DEBUG&wellplate&update_well_status_from_json_file&285&None&None&None&Well D1 updated from file&True
2024-01-21 14:42:45,585&e_panda&DEBUG&wellplate&update_well_status_from_json_file&285&None&None&None&Well D2 updated from file&True
2024-01-21 14:42:45,586&e_panda&DEBUG&wellplate&update_well_status_from_json_file&285&None&None&None&Well D3 updated from file&True
2024-01-21 14:42:45,586&e_panda&DEBUG&wellplate&update_well_status_from_json_file&285&None&None&None&Well D4 updated from file&True
2024-01-21 14:42:45,586&e_panda&DEBUG&wellplate&update_well_status_from_json_file&285&None&None&None&Well D5 updated from file&True
2024-01-21 14:42:45,586&e_panda&DEBUG&wellplate&update_well_status_from_json_file&285&None&None&None&Well D6 updated from file&True
2024-01-21 14:42:45,586&e_panda&DEBUG&wellplate&update_well_status_from_json_file&285&None&None&None&Well D7 updated from file&True
2024-01-21 14:42:45,586&e_panda&DEBUG&wellplate&update_well_status_from_json_file&285&None&None&None&Well D8 updated from file&True
2024-01-21 14:42:45,586&e_panda&DEBUG&wellplate&update_well_status_from_json_file&285&None&None&None&Well D9 updated from file&True
2024-01-21 14:42:45,587&e_panda&DEBUG&wellplate&update_well_status_from_json_file&285&None&None&None&Well D10 updated from file&True
2024-01-21 14:42:45,587&e_panda&DEBUG&wellplate&update_well_status_from_json_file&285&None&None&None&Well D11 updated from file&True
2024-01-21 14:42:45,587&e_panda&DEBUG&wellplate&update_well_status_from_json_file&285&None&None&None&Well D12 updated from file&True
2024-01-21 14:42:45,587&e_panda&DEBUG&wellplate&update_well_status_from_json_file&285&None&None&None&Well E1 updated from file&True
2024-01-21 14:42:45,587&e_panda&DEBUG&wellplate&update_well_status_from_json_file&285&None&None&None&Well E2 updated from file&True
2024-01-21 14:42:45,587&e_panda&DEBUG&wellplate&update_well_status_from_json_file&285&None&None&None&Well E3 updated from file&True
2024-01-21 14:42:45,587&e_panda&DEBUG&wellplate&update_well_status_from_json_file&285&None&None&None&Well E4 updated from file&True
2024-01-21 14:42:45,588&e_panda&DEBUG&wellplate&update_well_status_from_json_file&285&None&None&None&Well E5 updated from file&True
2024-01-21 14:42:45,588&e_panda&DEBUG&wellplate&update_well_status_from_json_file&285&None&None&None&Well E6 updated from file&True
2024-01-21 14:42:45,588&e_panda&DEBUG&wellplate&update_well_status_from_json_file&285&None&None&None&Well E7 updated from file&True
2024-01-21 14:42:45,588&e_panda&DEBUG&wellplate&update_well_status_from_json_file&285&None&None&None&Well E8 updated from file&True
2024-01-21 14:42:45,588&e_panda&DEBUG&wellplate&update_well_status_from_json_file&285&None&None&None&Well E9 updated from file&True
2024-01-21 14:42:45,588&e_panda&DEBUG&wellplate&update_well_status_from_json_file&285&None&None&None&Well E10 updated from file&True
2024-01-21 14:42:45,588&e_panda&DEBUG&wellplate&update_well_status_from_json_file&285&None&None&None&Well E11 updated from file&True
2024-01-21 14:42:45,589&e_panda&DEBUG&wellplate&update_well_status_from_json_file&285&None&None&None&Well E12 updated from file&True
2024-01-21 14:42:45,589&e_panda&DEBUG&wellplate&update_well_status_from_json_file&285&None&None&None&Well F1 updated from file&True
2024-01-21 14:42:45,589&e_panda&DEBUG&wellplate&update_well_status_from_json_file&285&None&None&None&Well F2 updated from file&True
2024-01-21 14:42:45,589&e_panda&DEBUG&wellplate&update_well_status_from_json_file&285&None&None&None&Well F3 updated from file&True
2024-01-21 14:42:45,589&e_panda&DEBUG&wellplate&update_well_status_from_json_file&285&None&None&None&Well F4 updated from file&True
2024-01-21 14:42:45,589&e_panda&DEBUG&wellplate&update_well_status_from_json_file&285&None&None&None&Well F5 updated from file&True
2024-01-21 14:42:45,589&e_panda&DEBUG&wellplate&update_well_status_from_json_file&285&None&None&None&Well F6 updated from file&True
2024-01-21 14:42:45,590&e_panda&DEBUG&wellplate&update_well_status_from_json_file&285&None&None&None&Well F7 updated from file&True
2024-01-21 14:42:45,590&e_panda&DEBUG&wellplate&update_well_status_from_json_file&285&None&None&None&Well F8 updated from file&True
2024-01-21 14:42:45,590&e_panda&DEBUG&wellplate&update_well_status_from_json_file&285&None&None&None&Well F9 updated from file&True
2024-01-21 14:42:45,590&e_panda&DEBUG&wellplate&update_well_status_from_json_file&285&None&None&None&Well F10 updated from file&True
2024-01-21 14:42:45,590&e_panda&DEBUG&wellplate&update_well_status_from_json_file&285&None&None&None&Well F11 updated from file&True
2024-01-21 14:42:45,590&e_panda&DEBUG&wellplate&update_well_status_from_json_file&285&None&None&None&Well F12 updated from file&True
2024-01-21 14:42:45,591&e_panda&DEBUG&wellplate&update_well_status_from_json_file&285&None&None&None&Well G1 updated from file&True
2024-01-21 14:42:45,591&e_panda&DEBUG&wellplate&update_well_status_from_json_file&285&None&None&None&Well G2 updated from file&True
2024-01-21 14:42:45,591&e_panda&DEBUG&wellplate&update_well_status_from_json_file&285&None&None&None&Well G3 updated from file&True
2024-01-21 14:42:45,591&e_panda&DEBUG&wellplate&update_well_status_from_json_file&285&None&None&None&Well G4 updated from file&True
2024-01-21 14:42:45,591&e_panda&DEBUG&wellplate&update_well_status_from_json_file&285&None&None&None&Well G5 updated from file&True
2024-01-21 14:42:45,591&e_panda&DEBUG&wellplate&update_well_status_from_json_file&285&None&None&None&Well G6 updated from file&True
2024-01-21 14:42:45,592&e_panda&DEBUG&wellplate&update_well_status_from_json_file&285&None&None&None&Well G7 updated from file&True
2024-01-21 14:42:45,592&e_panda&DEBUG&wellplate&update_well_status_from_json_file&285&None&None&None&Well G8 updated from file&True
2024-01-21 14:42:45,592&e_panda&DEBUG&wellplate&update_well_status_from_json_file&285&None&None&None&Well G9 updated from file&True
2024-01-21 14:42:45,592&e_panda&DEBUG&wellplate&update_well_status_from_json_file&285&None&None&None&Well G10 updated from file&True
2024-01-21 14:42:45,592&e_panda&DEBUG&wellplate&update_well_status_from_json_file&285&None&None&None&Well G11 updated from file&True
2024-01-21 14:42:45,592&e_panda&DEBUG&wellplate&update_well_status_from_json_file&285&None&None&None&Well G12 updated from file&True
2024-01-21 14:42:45,592&e_panda&DEBUG&wellplate&update_well_status_from_json_file&285&None&None&None&Well H1 updated from file&True
2024-01-21 14:42:45,593&e_panda&DEBUG&wellplate&update_well_status_from_json_file&285&None&None&None&Well H2 updated from file&True
2024-01-21 14:42:45,593&e_panda&DEBUG&wellplate&update_well_status_from_json_file&285&None&None&None&Well H3 updated from file&True
2024-01-21 14:42:45,593&e_panda&DEBUG&wellplate&update_well_status_from_json_file&285&None&None&None&Well H4 updated from file&True
2024-01-21 14:42:45,593&e_panda&DEBUG&wellplate&update_well_status_from_json_file&285&None&None&None&Well H5 updated from file&True
2024-01-21 14:42:45,593&e_panda&DEBUG&wellplate&update_well_status_from_json_file&285&None&None&None&Well H6 updated from file&True
2024-01-21 14:42:45,593&e_panda&DEBUG&wellplate&update_well_status_from_json_file&285&None&None&None&Well H7 updated from file&True
2024-01-21 14:42:45,593&e_panda&DEBUG&wellplate&update_well_status_from_json_file&285&None&None&None&Well H8 updated from file&True
2024-01-21 14:42:45,594&e_panda&DEBUG&wellplate&update_well_status_from_json_file&285&None&None&None&Well H9 updated from file&True
2024-01-21 14:42:45,594&e_panda&DEBUG&wellplate&update_well_status_from_json_file&285&None&None&None&Well H10 updated from file&True
2024-01-21 14:42:45,594&e_panda&DEBUG&wellplate&update_well_status_from_json_file&285&None&None&None&Well H11 updated from file&True
2024-01-21 14:42:45,594&e_panda&DEBUG&wellplate&update_well_status_from_json_file&285&None&None&None&Well H12 updated from file&True
2024-01-21 14:42:45,594&__main__&INFO&controller&establish_system_state&308&&&&System state established&
2024-01-21 14:42:45,595&__main__&DEBUG&controller&establish_system_state&312&&&&Stock vial edot contains edot with volume 10000&
2024-01-21 14:42:45,595&__main__&DEBUG&controller&establish_system_state&312&&&&Stock vial electrolyte contains edot electrolyte with volume 20000&
2024-01-21 14:42:45,595&__main__&DEBUG&controller&establish_system_state&312&&&&Stock vial rinse0 contains edot electrolyte rinse with volume 18320&
2024-01-21 14:42:45,595&__main__&DEBUG&controller&establish_system_state&312&&&&Stock vial electrode_bath contains electrolyte with volume 18000&
2024-01-21 14:42:45,595&__main__&DEBUG&controller&establish_system_state&338&&&&Waste vial waste contains {'rinse0': 1680.0} with volume 2680&
2024-01-21 14:42:45,595&__main__&DEBUG&controller&establish_system_state&338&&&&Waste vial waste contains {} with volume 1000&
2024-01-21 14:42:45,595&__main__&DEBUG&controller&establish_system_state&338&&&&Waste vial waste contains {} with volume 1000&
2024-01-21 14:42:45,595&__main__&DEBUG&controller&establish_system_state&338&&&&Waste vial waste contains {} with volume 1000&
2024-01-21 14:42:45,596&__main__&INFO&controller&establish_system_state&378&&&&There are 96 clear wells&
2024-01-21 14:42:45,606&scheduler&INFO&scheduler&read_next_experiment_from_queue&288&&&&No experiments in queue&
2024-01-21 14:42:45,606&e_panda&DEBUG&wellplate&save_current_wellplate&813&None&None&None&Saving wellplate&True
2024-01-21 14:42:45,606&e_panda&DEBUG&wellplate&save_current_wellplate&826&None&None&None&Saving well statuses to well_history.csv&True
2024-01-21 14:42:45,630&e_panda&DEBUG&wellplate&save_current_wellplate&861&None&None&None&Wellplate saved&True
2024-01-21 14:42:45,631&e_panda&INFO&wellplate&save_current_wellplate&862&None&None&None&Wellplate 107 saved&True
2024-01-21 14:42:45,631&__main__&INFO&controller&disconnect_from_instruments&473&&&&Disconnecting from instruments:&
2024-01-21 14:42:45,631&__main__&INFO&controller&disconnect_from_instruments&476&&&&Disconnected from instruments&
2024-01-21 14:42:45,632&e_panda&INFO&slack_functions2&send_slack_message&50&None&None&None&Message sent:ePANDA is shutting down...goodbye&True
