2024-01-21 14:26:23,234&__main__&INFO&controller&connect_to_instruments&439&&&&Using mock instruments&
2024-01-21 14:26:23,237&__main__&INFO&controller&main&86&&&&Connected to instruments&
2024-01-21 14:26:23,258&__main__&INFO&controller&establish_system_state&308&&&&System state established&
2024-01-21 14:26:23,258&__main__&DEBUG&controller&establish_system_state&312&&&&Stock vial 5mm_fecn6 contains 5 mM fecn6 in electrolyte with volume 10000&
2024-01-21 14:26:23,258&__main__&DEBUG&controller&establish_system_state&312&&&&Stock vial electrolyte contains 0.1 M KCL (electrolyte) with volume 20000&
2024-01-21 14:26:23,259&__main__&DEBUG&controller&establish_system_state&312&&&&Stock vial rinse0 contains 0.1 M KCL (electrolyte) with volume 19580&
2024-01-21 14:26:23,261&__main__&DEBUG&controller&establish_system_state&312&&&&Stock vial 10mm_fecn6 contains 10 mM fecn6 in electrolyte with volume 15000&
2024-01-21 14:26:23,261&__main__&DEBUG&controller&establish_system_state&312&&&&Stock vial electrode_bath contains electrolyte with volume 18000&
2024-01-21 14:26:23,261&__main__&DEBUG&controller&establish_system_state&338&&&&Waste vial waste contains {'rinse0': 420.0} with volume 1420&
2024-01-21 14:26:23,261&__main__&DEBUG&controller&establish_system_state&338&&&&Waste vial waste contains {} with volume 1000&
2024-01-21 14:26:23,262&__main__&DEBUG&controller&establish_system_state&338&&&&Waste vial waste contains {} with volume 1000&
2024-01-21 14:26:23,262&__main__&DEBUG&controller&establish_system_state&338&&&&Waste vial waste contains {} with volume 1000&
2024-01-21 14:26:23,262&__main__&INFO&controller&establish_system_state&378&&&&There are 60 clear wells&
2024-01-21 14:26:24,641&__main__&INFO&controller&establish_system_state&308&&&&System state established&
2024-01-21 14:26:24,641&__main__&DEBUG&controller&establish_system_state&312&&&&Stock vial 5mm_fecn6 contains 5 mM fecn6 in electrolyte with volume 10000&
2024-01-21 14:26:24,641&__main__&DEBUG&controller&establish_system_state&312&&&&Stock vial electrolyte contains 0.1 M KCL (electrolyte) with volume 20000&
2024-01-21 14:26:24,641&__main__&DEBUG&controller&establish_system_state&312&&&&Stock vial rinse0 contains 0.1 M KCL (electrolyte) with volume 19160&
2024-01-21 14:26:24,641&__main__&DEBUG&controller&establish_system_state&312&&&&Stock vial 10mm_fecn6 contains 10 mM fecn6 in electrolyte with volume 15000&
2024-01-21 14:26:24,642&__main__&DEBUG&controller&establish_system_state&312&&&&Stock vial electrode_bath contains electrolyte with volume 18000&
2024-01-21 14:26:24,642&__main__&DEBUG&controller&establish_system_state&338&&&&Waste vial waste contains {'rinse0': 840.0} with volume 1840&
2024-01-21 14:26:24,642&__main__&DEBUG&controller&establish_system_state&338&&&&Waste vial waste contains {} with volume 1000&
2024-01-21 14:26:24,642&__main__&DEBUG&controller&establish_system_state&338&&&&Waste vial waste contains {} with volume 1000&
2024-01-21 14:26:24,642&__main__&DEBUG&controller&establish_system_state&338&&&&Waste vial waste contains {} with volume 1000&
2024-01-21 14:26:24,643&__main__&INFO&controller&establish_system_state&378&&&&There are 60 clear wells&
2024-01-21 14:26:24,679&__main__&INFO&controller&disconnect_from_instruments&473&&&&Disconnecting from instruments:&
2024-01-21 14:26:24,680&__main__&INFO&controller&disconnect_from_instruments&476&&&&Disconnected from instruments&
2024-01-21 14:32:41,910&__main__&INFO&controller&connect_to_instruments&439&&&&Using mock instruments&
2024-01-21 14:32:41,913&__main__&INFO&controller&main&86&&&&Connected to instruments&
2024-01-21 14:32:41,935&__main__&INFO&controller&establish_system_state&308&&&&System state established&
2024-01-21 14:32:41,935&__main__&DEBUG&controller&establish_system_state&312&&&&Stock vial edot contains edot with volume 10000&
2024-01-21 14:32:41,935&__main__&DEBUG&controller&establish_system_state&312&&&&Stock vial electrolyte contains edot electrolyte with volume 20000&
2024-01-21 14:32:41,935&__main__&DEBUG&controller&establish_system_state&312&&&&Stock vial rinse0 contains edot electrolyte rinse with volume 19160&
2024-01-21 14:32:41,935&__main__&DEBUG&controller&establish_system_state&312&&&&Stock vial electrode_bath contains electrolyte with volume 18000&
2024-01-21 14:32:41,936&__main__&DEBUG&controller&establish_system_state&338&&&&Waste vial waste contains {'rinse0': 840.0} with volume 1840&
2024-01-21 14:32:41,936&__main__&DEBUG&controller&establish_system_state&338&&&&Waste vial waste contains {} with volume 1000&
2024-01-21 14:32:41,936&__main__&DEBUG&controller&establish_system_state&338&&&&Waste vial waste contains {} with volume 1000&
2024-01-21 14:32:41,936&__main__&DEBUG&controller&establish_system_state&338&&&&Waste vial waste contains {} with volume 1000&
2024-01-21 14:32:41,937&__main__&INFO&controller&establish_system_state&378&&&&There are 60 clear wells&
2024-01-21 14:32:43,277&__main__&INFO&controller&establish_system_state&308&&&&System state established&
2024-01-21 14:32:43,277&__main__&DEBUG&controller&establish_system_state&312&&&&Stock vial edot contains edot with volume 10000&
2024-01-21 14:32:43,277&__main__&DEBUG&controller&establish_system_state&312&&&&Stock vial electrolyte contains edot electrolyte with volume 20000&
2024-01-21 14:32:43,278&__main__&DEBUG&controller&establish_system_state&312&&&&Stock vial rinse0 contains edot electrolyte rinse with volume 18740&
2024-01-21 14:32:43,278&__main__&DEBUG&controller&establish_system_state&312&&&&Stock vial electrode_bath contains electrolyte with volume 18000&
2024-01-21 14:32:43,278&__main__&DEBUG&controller&establish_system_state&338&&&&Waste vial waste contains {'rinse0': 1260.0} with volume 2260&
2024-01-21 14:32:43,278&__main__&DEBUG&controller&establish_system_state&338&&&&Waste vial waste contains {} with volume 1000&
2024-01-21 14:32:43,278&__main__&DEBUG&controller&establish_system_state&338&&&&Waste vial waste contains {} with volume 1000&
2024-01-21 14:32:43,278&__main__&DEBUG&controller&establish_system_state&338&&&&Waste vial waste contains {} with volume 1000&
2024-01-21 14:32:43,279&__main__&INFO&controller&establish_system_state&378&&&&There are 60 clear wells&
2024-01-21 14:32:43,288&scheduler&INFO&scheduler&read_next_experiment_from_queue&288&&&&No experiments in queue&
2024-01-21 14:32:43,316&__main__&INFO&controller&disconnect_from_instruments&473&&&&Disconnecting from instruments:&
2024-01-21 14:32:43,316&__main__&INFO&controller&disconnect_from_instruments&476&&&&Disconnected from instruments&
2024-01-21 14:37:26,065&__main__&INFO&controller&connect_to_instruments&439&&&&Using mock instruments&
2024-01-21 14:37:26,068&__main__&INFO&controller&main&86&&&&Connected to instruments&
2024-01-21 14:37:26,106&__main__&INFO&controller&establish_system_state&308&&&&System state established&
2024-01-21 14:37:26,106&__main__&DEBUG&controller&establish_system_state&312&&&&Stock vial edot contains edot with volume 10000&
2024-01-21 14:37:26,106&__main__&DEBUG&controller&establish_system_state&312&&&&Stock vial electrolyte contains edot electrolyte with volume 20000&
2024-01-21 14:37:26,106&__main__&DEBUG&controller&establish_system_state&312&&&&Stock vial rinse0 contains edot electrolyte rinse with volume 19160&
2024-01-21 14:37:26,106&__main__&DEBUG&controller&establish_system_state&312&&&&Stock vial electrode_bath contains electrolyte with volume 18000&
2024-01-21 14:37:26,106&__main__&DEBUG&controller&establish_system_state&338&&&&Waste vial waste contains {'rinse0': 840.0} with volume 1840&
2024-01-21 14:37:26,107&__main__&DEBUG&controller&establish_system_state&338&&&&Waste vial waste contains {} with volume 1000&
2024-01-21 14:37:26,107&__main__&DEBUG&controller&establish_system_state&338&&&&Waste vial waste contains {} with volume 1000&
2024-01-21 14:37:26,107&__main__&DEBUG&controller&establish_system_state&338&&&&Waste vial waste contains {} with volume 1000&
2024-01-21 14:37:26,107&__main__&INFO&controller&establish_system_state&378&&&&There are 96 clear wells&
2024-01-21 14:37:27,432&__main__&INFO&controller&establish_system_state&308&&&&System state established&
2024-01-21 14:37:27,432&__main__&DEBUG&controller&establish_system_state&312&&&&Stock vial edot contains edot with volume 10000&
2024-01-21 14:37:27,432&__main__&DEBUG&controller&establish_system_state&312&&&&Stock vial electrolyte contains edot electrolyte with volume 20000&
2024-01-21 14:37:27,432&__main__&DEBUG&controller&establish_system_state&312&&&&Stock vial rinse0 contains edot electrolyte rinse with volume 18740&
2024-01-21 14:37:27,432&__main__&DEBUG&controller&establish_system_state&312&&&&Stock vial electrode_bath contains electrolyte with volume 18000&
2024-01-21 14:37:27,432&__main__&DEBUG&controller&establish_system_state&338&&&&Waste vial waste contains {'rinse0': 1260.0} with volume 2260&
2024-01-21 14:37:27,433&__main__&DEBUG&controller&establish_system_state&338&&&&Waste vial waste contains {} with volume 1000&
2024-01-21 14:37:27,433&__main__&DEBUG&controller&establish_system_state&338&&&&Waste vial waste contains {} with volume 1000&
2024-01-21 14:37:27,433&__main__&DEBUG&controller&establish_system_state&338&&&&Waste vial waste contains {} with volume 1000&
2024-01-21 14:37:27,434&__main__&INFO&controller&establish_system_state&378&&&&There are 96 clear wells&
2024-01-21 14:37:27,448&scheduler&INFO&scheduler&read_next_experiment_from_queue&288&&&&No experiments in queue&
2024-01-21 14:37:27,479&__main__&INFO&controller&disconnect_from_instruments&473&&&&Disconnecting from instruments:&
2024-01-21 14:37:27,479&__main__&INFO&controller&disconnect_from_instruments&476&&&&Disconnected from instruments&
