2023-11-08 13:02:00,884,scale_logger,DEBUG,Expected difference in scale reading: 0.030000
2023-11-08 13:02:00,884,scale_logger,DEBUG,Scale reading before Infusing: 0.000000
2023-11-08 13:02:13,441,scale_logger,DEBUG,Scale reading after Infusing: 0.026000
2023-11-08 13:02:13,442,scale_logger,DEBUG,Scale reading difference: 0.026000
2023-11-08 13:02:13,442,scale_logger,INFO,Data,Infusing,0.030000,1.000000,0.000000,0.026000
2023-11-08 13:03:24,779,scale_logger,DEBUG,Expected difference in scale reading: 0.110000
2023-11-08 13:03:24,779,scale_logger,DEBUG,Scale reading before Infusing: 0.020000
2023-11-08 13:03:45,643,scale_logger,DEBUG,Scale reading after Infusing: 0.125000
2023-11-08 13:03:45,644,scale_logger,DEBUG,Scale reading difference: 0.105000
2023-11-08 13:03:45,644,scale_logger,INFO,Data,Infusing,0.110000,1.000000,0.020000,0.125000
2023-11-08 13:04:46,388,scale_logger,DEBUG,Expected difference in scale reading: 0.020000
2023-11-08 13:04:46,388,scale_logger,DEBUG,Scale reading before Infusing: 0.122000
2023-11-08 13:04:57,514,scale_logger,DEBUG,Scale reading after Infusing: 0.139000
2023-11-08 13:04:57,514,scale_logger,DEBUG,Scale reading difference: 0.017000
2023-11-08 13:04:57,514,scale_logger,INFO,Data,Infusing,0.020000,1.000000,0.122000,0.139000
2023-11-08 13:06:05,773,scale_logger,DEBUG,Expected difference in scale reading: 0.110000
2023-11-08 13:06:05,773,scale_logger,DEBUG,Scale reading before Infusing: 0.135000
2023-11-08 13:06:25,846,scale_logger,DEBUG,Scale reading after Infusing: 0.241000
2023-11-08 13:06:25,846,scale_logger,DEBUG,Scale reading difference: 0.106000
2023-11-08 13:06:25,846,scale_logger,INFO,Data,Infusing,0.110000,1.000000,0.135000,0.241000
2023-11-08 13:07:28,448,scale_logger,DEBUG,Expected difference in scale reading: 0.050000
2023-11-08 13:07:28,448,scale_logger,DEBUG,Scale reading before Infusing: 0.237000
2023-11-08 13:07:43,648,scale_logger,DEBUG,Scale reading after Infusing: 0.285000
2023-11-08 13:07:43,649,scale_logger,DEBUG,Scale reading difference: 0.048000
2023-11-08 13:07:43,649,scale_logger,INFO,Data,Infusing,0.050000,1.000000,0.237000,0.285000
2023-11-08 13:08:53,734,scale_logger,DEBUG,Expected difference in scale reading: 0.130000
2023-11-08 13:08:53,735,scale_logger,DEBUG,Scale reading before Infusing: 0.281000
2023-11-08 13:09:15,321,scale_logger,DEBUG,Scale reading after Infusing: 0.404000
2023-11-08 13:09:15,322,scale_logger,DEBUG,Scale reading difference: 0.123000
2023-11-08 13:09:15,322,scale_logger,INFO,Data,Infusing,0.130000,1.000000,0.281000,0.404000
2023-11-08 13:10:22,612,scale_logger,DEBUG,Expected difference in scale reading: 0.110000
2023-11-08 13:10:22,613,scale_logger,DEBUG,Scale reading before Infusing: 0.400000
2023-11-08 13:10:43,253,scale_logger,DEBUG,Scale reading after Infusing: 0.507000
2023-11-08 13:10:43,253,scale_logger,DEBUG,Scale reading difference: 0.107000
2023-11-08 13:10:43,253,scale_logger,INFO,Data,Infusing,0.110000,1.000000,0.400000,0.507000
2023-11-08 13:11:47,581,scale_logger,DEBUG,Expected difference in scale reading: 0.090000
2023-11-08 13:11:47,581,scale_logger,DEBUG,Scale reading before Infusing: 0.503000
2023-11-08 13:12:05,294,scale_logger,DEBUG,Scale reading after Infusing: 0.581000
2023-11-08 13:12:05,295,scale_logger,DEBUG,Scale reading difference: 0.078000
2023-11-08 13:12:05,295,scale_logger,INFO,Data,Infusing,0.090000,1.000000,0.503000,0.581000
2023-11-08 13:13:13,441,scale_logger,DEBUG,Expected difference in scale reading: 0.120000
2023-11-08 13:13:13,442,scale_logger,DEBUG,Scale reading before Infusing: 0.587000
2023-11-08 13:13:33,939,scale_logger,DEBUG,Scale reading after Infusing: 0.704000
2023-11-08 13:13:33,940,scale_logger,DEBUG,Scale reading difference: 0.117000
2023-11-08 13:13:33,940,scale_logger,INFO,Data,Infusing,0.120000,1.000000,0.587000,0.704000
2023-11-08 13:14:45,070,scale_logger,DEBUG,Expected difference in scale reading: 0.130000
2023-11-08 13:14:45,071,scale_logger,DEBUG,Scale reading before Infusing: 0.698000
2023-11-08 13:15:07,457,scale_logger,DEBUG,Scale reading after Infusing: 0.823000
2023-11-08 13:15:07,458,scale_logger,DEBUG,Scale reading difference: 0.125000
2023-11-08 13:15:07,458,scale_logger,INFO,Data,Infusing,0.130000,1.000000,0.698000,0.823000
2023-11-08 13:16:14,068,scale_logger,DEBUG,Expected difference in scale reading: 0.070000
2023-11-08 13:16:14,068,scale_logger,DEBUG,Scale reading before Infusing: 0.818000
2023-11-08 13:16:30,659,scale_logger,DEBUG,Scale reading after Infusing: 0.885000
2023-11-08 13:16:30,661,scale_logger,DEBUG,Scale reading difference: 0.067000
2023-11-08 13:16:30,661,scale_logger,INFO,Data,Infusing,0.070000,1.000000,0.818000,0.885000
2023-11-08 13:17:38,220,scale_logger,DEBUG,Expected difference in scale reading: 0.080000
2023-11-08 13:17:38,220,scale_logger,DEBUG,Scale reading before Infusing: 0.881000
2023-11-08 13:17:54,997,scale_logger,DEBUG,Scale reading after Infusing: 0.960000
2023-11-08 13:17:54,997,scale_logger,DEBUG,Scale reading difference: 0.079000
2023-11-08 13:17:54,997,scale_logger,INFO,Data,Infusing,0.080000,1.000000,0.881000,0.960000
2023-11-08 13:18:59,728,scale_logger,DEBUG,Expected difference in scale reading: 0.040000
2023-11-08 13:18:59,728,scale_logger,DEBUG,Scale reading before Infusing: 0.956000
2023-11-08 13:19:12,719,scale_logger,DEBUG,Scale reading after Infusing: 0.995000
2023-11-08 13:19:12,719,scale_logger,DEBUG,Scale reading difference: 0.039000
2023-11-08 13:19:12,719,scale_logger,INFO,Data,Infusing,0.040000,1.000000,0.956000,0.995000
2023-11-08 13:20:18,443,scale_logger,DEBUG,Expected difference in scale reading: 0.050000
2023-11-08 13:20:18,444,scale_logger,DEBUG,Scale reading before Infusing: 0.992000
2023-11-08 13:20:33,666,scale_logger,DEBUG,Scale reading after Infusing: 1.037000
2023-11-08 13:20:33,666,scale_logger,DEBUG,Scale reading difference: 0.045000
2023-11-08 13:20:33,666,scale_logger,INFO,Data,Infusing,0.050000,1.000000,0.992000,1.037000
2023-11-08 13:21:42,050,scale_logger,DEBUG,Expected difference in scale reading: 0.100000
2023-11-08 13:21:42,050,scale_logger,DEBUG,Scale reading before Infusing: 1.033000
2023-11-08 13:22:00,691,scale_logger,DEBUG,Scale reading after Infusing: 1.123000
2023-11-08 13:22:00,692,scale_logger,DEBUG,Scale reading difference: 0.090000
2023-11-08 13:22:00,692,scale_logger,INFO,Data,Infusing,0.100000,1.000000,1.033000,1.123000
2023-11-08 13:23:07,053,scale_logger,DEBUG,Expected difference in scale reading: 0.100000
2023-11-08 13:23:07,054,scale_logger,DEBUG,Scale reading before Infusing: 1.121000
2023-11-08 13:23:25,698,scale_logger,DEBUG,Scale reading after Infusing: 1.219000
2023-11-08 13:23:25,698,scale_logger,DEBUG,Scale reading difference: 0.098000
2023-11-08 13:23:25,698,scale_logger,INFO,Data,Infusing,0.100000,1.000000,1.121000,1.219000
2023-11-08 13:24:26,544,scale_logger,DEBUG,Expected difference in scale reading: 0.030000
2023-11-08 13:24:26,544,scale_logger,DEBUG,Scale reading before Infusing: 1.217000
2023-11-08 13:24:38,641,scale_logger,DEBUG,Scale reading after Infusing: 1.253000
2023-11-08 13:24:38,642,scale_logger,DEBUG,Scale reading difference: 0.036000
2023-11-08 13:24:38,642,scale_logger,INFO,Data,Infusing,0.030000,1.000000,1.217000,1.253000
2023-11-08 13:25:44,348,scale_logger,DEBUG,Expected difference in scale reading: 0.050000
2023-11-08 13:25:44,348,scale_logger,DEBUG,Scale reading before Infusing: 1.250000
2023-11-08 13:26:00,473,scale_logger,DEBUG,Scale reading after Infusing: 1.300000
2023-11-08 13:26:00,473,scale_logger,DEBUG,Scale reading difference: 0.050000
2023-11-08 13:26:00,473,scale_logger,INFO,Data,Infusing,0.050000,1.000000,1.250000,1.300000
2023-11-08 13:27:04,367,scale_logger,DEBUG,Expected difference in scale reading: 0.020000
2023-11-08 13:27:04,367,scale_logger,DEBUG,Scale reading before Infusing: 1.297000
2023-11-08 13:27:15,524,scale_logger,DEBUG,Scale reading after Infusing: 1.316000
2023-11-08 13:27:15,524,scale_logger,DEBUG,Scale reading difference: 0.019000
2023-11-08 13:27:15,524,scale_logger,INFO,Data,Infusing,0.020000,1.000000,1.297000,1.316000
2023-11-08 13:28:22,180,scale_logger,DEBUG,Expected difference in scale reading: 0.060000
2023-11-08 13:28:22,180,scale_logger,DEBUG,Scale reading before Infusing: 1.313000
2023-11-08 13:28:37,044,scale_logger,DEBUG,Scale reading after Infusing: 1.371000
2023-11-08 13:28:37,044,scale_logger,DEBUG,Scale reading difference: 0.058000
2023-11-08 13:28:37,044,scale_logger,INFO,Data,Infusing,0.060000,1.000000,1.313000,1.371000
2023-11-08 13:29:38,936,scale_logger,DEBUG,Expected difference in scale reading: 0.020000
2023-11-08 13:29:38,936,scale_logger,DEBUG,Scale reading before Infusing: 1.368000
2023-11-08 13:29:50,095,scale_logger,DEBUG,Scale reading after Infusing: 1.386000
2023-11-08 13:29:50,095,scale_logger,DEBUG,Scale reading difference: 0.018000
2023-11-08 13:29:50,095,scale_logger,INFO,Data,Infusing,0.020000,1.000000,1.368000,1.386000
2023-11-08 13:31:00,406,scale_logger,DEBUG,Expected difference in scale reading: 0.120000
2023-11-08 13:31:00,406,scale_logger,DEBUG,Scale reading before Infusing: 1.383000
2023-11-08 13:31:20,899,scale_logger,DEBUG,Scale reading after Infusing: 1.497000
2023-11-08 13:31:20,899,scale_logger,DEBUG,Scale reading difference: 0.114000
2023-11-08 13:31:20,899,scale_logger,INFO,Data,Infusing,0.120000,1.000000,1.383000,1.497000
2023-11-08 13:32:22,705,scale_logger,DEBUG,Expected difference in scale reading: 0.030000
2023-11-08 13:32:22,705,scale_logger,DEBUG,Scale reading before Infusing: 1.494000
2023-11-08 13:32:35,880,scale_logger,DEBUG,Scale reading after Infusing: 1.522000
2023-11-08 13:32:35,881,scale_logger,DEBUG,Scale reading difference: 0.028000
2023-11-08 13:32:35,881,scale_logger,INFO,Data,Infusing,0.030000,1.000000,1.494000,1.522000
2023-11-08 13:33:46,088,scale_logger,DEBUG,Expected difference in scale reading: 0.120000
2023-11-08 13:33:46,088,scale_logger,DEBUG,Scale reading before Infusing: 1.519000
2023-11-08 13:34:06,585,scale_logger,DEBUG,Scale reading after Infusing: 1.634000
2023-11-08 13:34:06,585,scale_logger,DEBUG,Scale reading difference: 0.115000
2023-11-08 13:34:06,585,scale_logger,INFO,Data,Infusing,0.120000,1.000000,1.519000,1.634000
2023-11-08 13:35:09,322,scale_logger,DEBUG,Expected difference in scale reading: 0.040000
2023-11-08 13:35:09,323,scale_logger,DEBUG,Scale reading before Infusing: 1.630000
2023-11-08 13:35:22,315,scale_logger,DEBUG,Scale reading after Infusing: 1.670000
2023-11-08 13:35:22,316,scale_logger,DEBUG,Scale reading difference: 0.040000
2023-11-08 13:35:22,316,scale_logger,INFO,Data,Infusing,0.040000,1.000000,1.630000,1.670000
2023-11-08 13:36:33,529,scale_logger,DEBUG,Expected difference in scale reading: 0.130000
2023-11-08 13:36:33,530,scale_logger,DEBUG,Scale reading before Infusing: 1.666000
2023-11-08 13:36:55,487,scale_logger,DEBUG,Scale reading after Infusing: 1.790000
2023-11-08 13:36:55,487,scale_logger,DEBUG,Scale reading difference: 0.124000
2023-11-08 13:36:55,487,scale_logger,INFO,Data,Infusing,0.130000,1.000000,1.666000,1.790000
2023-11-08 13:37:58,232,scale_logger,DEBUG,Expected difference in scale reading: 0.040000
2023-11-08 13:37:58,233,scale_logger,DEBUG,Scale reading before Infusing: 1.787000
2023-11-08 13:38:11,242,scale_logger,DEBUG,Scale reading after Infusing: 1.823000
2023-11-08 13:38:11,242,scale_logger,DEBUG,Scale reading difference: 0.036000
2023-11-08 13:38:11,242,scale_logger,INFO,Data,Infusing,0.040000,1.000000,1.787000,1.823000
2023-11-08 13:39:17,890,scale_logger,DEBUG,Expected difference in scale reading: 0.070000
2023-11-08 13:39:17,890,scale_logger,DEBUG,Scale reading before Infusing: 1.820000
2023-11-08 13:39:33,690,scale_logger,DEBUG,Scale reading after Infusing: 1.880000
2023-11-08 13:39:33,690,scale_logger,DEBUG,Scale reading difference: 0.060000
2023-11-08 13:39:33,690,scale_logger,INFO,Data,Infusing,0.070000,1.000000,1.820000,1.880000
2023-11-08 13:40:39,491,scale_logger,DEBUG,Expected difference in scale reading: 0.060000
2023-11-08 13:40:39,492,scale_logger,DEBUG,Scale reading before Infusing: 1.878000
2023-11-08 13:40:54,362,scale_logger,DEBUG,Scale reading after Infusing: 1.933000
2023-11-08 13:40:54,363,scale_logger,DEBUG,Scale reading difference: 0.055000
2023-11-08 13:40:54,363,scale_logger,INFO,Data,Infusing,0.060000,1.000000,1.878000,1.933000
2023-11-08 13:42:03,480,scale_logger,DEBUG,Expected difference in scale reading: 0.110000
2023-11-08 13:42:03,480,scale_logger,DEBUG,Scale reading before Infusing: 1.930000
2023-11-08 13:42:23,060,scale_logger,DEBUG,Scale reading after Infusing: 2.045000
2023-11-08 13:42:23,060,scale_logger,DEBUG,Scale reading difference: 0.115000
2023-11-08 13:42:23,060,scale_logger,INFO,Data,Infusing,0.110000,1.000000,1.930000,2.045000
2023-11-08 13:43:30,602,scale_logger,DEBUG,Expected difference in scale reading: 0.090000
2023-11-08 13:43:30,603,scale_logger,DEBUG,Scale reading before Infusing: 2.042000
2023-11-08 13:43:49,496,scale_logger,DEBUG,Scale reading after Infusing: 2.131000
2023-11-08 13:43:49,496,scale_logger,DEBUG,Scale reading difference: 0.089000
2023-11-08 13:43:49,496,scale_logger,INFO,Data,Infusing,0.090000,1.000000,2.042000,2.131000
2023-11-08 13:44:56,762,scale_logger,DEBUG,Expected difference in scale reading: 0.090000
2023-11-08 13:44:56,762,scale_logger,DEBUG,Scale reading before Infusing: 2.127000
2023-11-08 13:45:15,698,scale_logger,DEBUG,Scale reading after Infusing: 2.215000
2023-11-08 13:45:15,698,scale_logger,DEBUG,Scale reading difference: 0.088000
2023-11-08 13:45:15,698,scale_logger,INFO,Data,Infusing,0.090000,1.000000,2.127000,2.215000
2023-11-08 13:46:19,147,scale_logger,DEBUG,Expected difference in scale reading: 0.050000
2023-11-08 13:46:19,147,scale_logger,DEBUG,Scale reading before Infusing: 2.212000
2023-11-08 13:46:33,298,scale_logger,DEBUG,Scale reading after Infusing: 2.260000
2023-11-08 13:46:33,299,scale_logger,DEBUG,Scale reading difference: 0.048000
2023-11-08 13:46:33,299,scale_logger,INFO,Data,Infusing,0.050000,1.000000,2.212000,2.260000
2023-11-08 13:47:42,501,scale_logger,DEBUG,Expected difference in scale reading: 0.100000
2023-11-08 13:47:42,501,scale_logger,DEBUG,Scale reading before Infusing: 2.256000
2023-11-08 13:48:01,147,scale_logger,DEBUG,Scale reading after Infusing: 2.352000
2023-11-08 13:48:01,147,scale_logger,DEBUG,Scale reading difference: 0.096000
2023-11-08 13:48:01,147,scale_logger,INFO,Data,Infusing,0.100000,1.000000,2.256000,2.352000
2023-11-08 13:49:02,735,scale_logger,DEBUG,Expected difference in scale reading: 0.030000
2023-11-08 13:49:02,735,scale_logger,DEBUG,Scale reading before Infusing: 2.349000
2023-11-08 13:49:17,902,scale_logger,DEBUG,Scale reading after Infusing: 2.376000
2023-11-08 13:49:17,903,scale_logger,DEBUG,Scale reading difference: 0.027000
2023-11-08 13:49:17,903,scale_logger,INFO,Data,Infusing,0.030000,1.000000,2.349000,2.376000
2023-11-08 13:50:24,132,scale_logger,DEBUG,Expected difference in scale reading: 0.090000
2023-11-08 13:50:24,132,scale_logger,DEBUG,Scale reading before Infusing: 2.373000
2023-11-08 13:50:41,846,scale_logger,DEBUG,Scale reading after Infusing: 2.460000
2023-11-08 13:50:41,847,scale_logger,DEBUG,Scale reading difference: 0.087000
2023-11-08 13:50:41,847,scale_logger,INFO,Data,Infusing,0.090000,1.000000,2.373000,2.460000
2023-11-08 13:51:43,489,scale_logger,DEBUG,Expected difference in scale reading: 0.030000
2023-11-08 13:51:43,489,scale_logger,DEBUG,Scale reading before Infusing: 2.457000
2023-11-08 13:51:57,505,scale_logger,DEBUG,Scale reading after Infusing: 2.482000
2023-11-08 13:51:57,506,scale_logger,DEBUG,Scale reading difference: 0.025000
2023-11-08 13:51:57,506,scale_logger,INFO,Data,Infusing,0.030000,1.000000,2.457000,2.482000
2023-11-08 13:53:06,912,scale_logger,DEBUG,Expected difference in scale reading: 0.100000
2023-11-08 13:53:06,912,scale_logger,DEBUG,Scale reading before Infusing: 2.479000
2023-11-08 13:53:25,558,scale_logger,DEBUG,Scale reading after Infusing: 2.560000
2023-11-08 13:53:25,559,scale_logger,DEBUG,Scale reading difference: 0.081000
2023-11-08 13:53:25,559,scale_logger,INFO,Data,Infusing,0.100000,1.000000,2.479000,2.560000
2023-11-08 13:54:29,135,scale_logger,DEBUG,Expected difference in scale reading: 0.060000
2023-11-08 13:54:29,136,scale_logger,DEBUG,Scale reading before Infusing: 2.557000
2023-11-08 13:54:44,004,scale_logger,DEBUG,Scale reading after Infusing: 2.614000
2023-11-08 13:54:44,004,scale_logger,DEBUG,Scale reading difference: 0.057000
2023-11-08 13:54:44,004,scale_logger,INFO,Data,Infusing,0.060000,1.000000,2.557000,2.614000
2023-11-08 13:55:53,176,scale_logger,DEBUG,Expected difference in scale reading: 0.130000
2023-11-08 13:55:53,176,scale_logger,DEBUG,Scale reading before Infusing: 2.610000
2023-11-08 13:56:14,603,scale_logger,DEBUG,Scale reading after Infusing: 2.743000
2023-11-08 13:56:14,604,scale_logger,DEBUG,Scale reading difference: 0.133000
2023-11-08 13:56:14,604,scale_logger,INFO,Data,Infusing,0.130000,1.000000,2.610000,2.743000
2023-11-08 13:57:17,285,scale_logger,DEBUG,Expected difference in scale reading: 0.040000
2023-11-08 13:57:17,286,scale_logger,DEBUG,Scale reading before Infusing: 2.740000
2023-11-08 13:57:30,278,scale_logger,DEBUG,Scale reading after Infusing: 2.778000
2023-11-08 13:57:30,278,scale_logger,DEBUG,Scale reading difference: 0.038000
2023-11-08 13:57:30,278,scale_logger,INFO,Data,Infusing,0.040000,1.000000,2.740000,2.778000
2023-11-08 13:58:39,606,scale_logger,DEBUG,Expected difference in scale reading: 0.110000
2023-11-08 13:58:39,606,scale_logger,DEBUG,Scale reading before Infusing: 2.775000
2023-11-08 13:58:59,175,scale_logger,DEBUG,Scale reading after Infusing: 2.869000
2023-11-08 13:58:59,176,scale_logger,DEBUG,Scale reading difference: 0.094000
2023-11-08 13:58:59,176,scale_logger,INFO,Data,Infusing,0.110000,1.000000,2.775000,2.869000
2023-11-08 14:00:02,051,scale_logger,DEBUG,Expected difference in scale reading: 0.030000
2023-11-08 14:00:02,052,scale_logger,DEBUG,Scale reading before Infusing: 2.865000
2023-11-08 14:00:14,139,scale_logger,DEBUG,Scale reading after Infusing: 2.902000
2023-11-08 14:00:14,140,scale_logger,DEBUG,Scale reading difference: 0.037000
2023-11-08 14:00:14,140,scale_logger,INFO,Data,Infusing,0.030000,1.000000,2.865000,2.902000
2023-11-08 14:01:27,328,scale_logger,DEBUG,Expected difference in scale reading: 0.130000
2023-11-08 14:01:27,328,scale_logger,DEBUG,Scale reading before Infusing: 2.897000
2023-11-08 14:01:50,719,scale_logger,DEBUG,Scale reading after Infusing: 3.025000
2023-11-08 14:01:50,719,scale_logger,DEBUG,Scale reading difference: 0.128000
2023-11-08 14:01:50,719,scale_logger,INFO,Data,Infusing,0.130000,1.000000,2.897000,3.025000
2023-11-08 14:03:01,017,scale_logger,DEBUG,Expected difference in scale reading: 0.120000
2023-11-08 14:03:01,017,scale_logger,DEBUG,Scale reading before Infusing: 3.021000
2023-11-08 14:03:21,532,scale_logger,DEBUG,Scale reading after Infusing: 3.137000
2023-11-08 14:03:21,532,scale_logger,DEBUG,Scale reading difference: 0.116000
2023-11-08 14:03:21,532,scale_logger,INFO,Data,Infusing,0.120000,1.000000,3.021000,3.137000
2023-11-08 14:04:25,125,scale_logger,DEBUG,Expected difference in scale reading: 0.070000
2023-11-08 14:04:25,125,scale_logger,DEBUG,Scale reading before Infusing: 3.133000
2023-11-08 14:04:42,922,scale_logger,DEBUG,Scale reading after Infusing: 3.201000
2023-11-08 14:04:42,923,scale_logger,DEBUG,Scale reading difference: 0.068000
2023-11-08 14:04:42,923,scale_logger,INFO,Data,Infusing,0.070000,1.000000,3.133000,3.201000
2023-11-08 14:05:52,161,scale_logger,DEBUG,Expected difference in scale reading: 0.120000
2023-11-08 14:05:52,161,scale_logger,DEBUG,Scale reading before Infusing: 3.196000
2023-11-08 14:06:12,647,scale_logger,DEBUG,Scale reading after Infusing: 3.310000
2023-11-08 14:06:12,648,scale_logger,DEBUG,Scale reading difference: 0.114000
2023-11-08 14:06:12,648,scale_logger,INFO,Data,Infusing,0.120000,1.000000,3.196000,3.310000
2023-11-08 14:07:15,503,scale_logger,DEBUG,Expected difference in scale reading: 0.030000
2023-11-08 14:07:15,504,scale_logger,DEBUG,Scale reading before Infusing: 3.308000
2023-11-08 14:07:30,526,scale_logger,DEBUG,Scale reading after Infusing: 3.336000
2023-11-08 14:07:30,526,scale_logger,DEBUG,Scale reading difference: 0.028000
2023-11-08 14:07:30,526,scale_logger,INFO,Data,Infusing,0.030000,1.000000,3.308000,3.336000
2023-11-08 14:08:37,051,scale_logger,DEBUG,Expected difference in scale reading: 0.080000
2023-11-08 14:08:37,051,scale_logger,DEBUG,Scale reading before Infusing: 3.332000
2023-11-08 14:08:53,833,scale_logger,DEBUG,Scale reading after Infusing: 3.408000
2023-11-08 14:08:53,833,scale_logger,DEBUG,Scale reading difference: 0.076000
2023-11-08 14:08:53,834,scale_logger,INFO,Data,Infusing,0.080000,1.000000,3.332000,3.408000
2023-11-08 14:10:03,115,scale_logger,DEBUG,Expected difference in scale reading: 0.110000
2023-11-08 14:10:03,116,scale_logger,DEBUG,Scale reading before Infusing: 3.403000
2023-11-08 14:10:22,704,scale_logger,DEBUG,Scale reading after Infusing: 3.509000
2023-11-08 14:10:22,705,scale_logger,DEBUG,Scale reading difference: 0.106000
2023-11-08 14:10:22,705,scale_logger,INFO,Data,Infusing,0.110000,1.000000,3.403000,3.509000
2023-11-08 14:11:32,245,scale_logger,DEBUG,Expected difference in scale reading: 0.100000
2023-11-08 14:11:32,245,scale_logger,DEBUG,Scale reading before Infusing: 3.505000
2023-11-08 14:11:50,889,scale_logger,DEBUG,Scale reading after Infusing: 3.603000
2023-11-08 14:11:50,890,scale_logger,DEBUG,Scale reading difference: 0.098000
2023-11-08 14:11:50,890,scale_logger,INFO,Data,Infusing,0.100000,1.000000,3.505000,3.603000
2023-11-08 14:13:00,177,scale_logger,DEBUG,Expected difference in scale reading: 0.110000
2023-11-08 14:13:00,177,scale_logger,DEBUG,Scale reading before Infusing: 3.599000
2023-11-08 14:13:19,738,scale_logger,DEBUG,Scale reading after Infusing: 3.704000
2023-11-08 14:13:19,738,scale_logger,DEBUG,Scale reading difference: 0.105000
2023-11-08 14:13:19,738,scale_logger,INFO,Data,Infusing,0.110000,1.000000,3.599000,3.704000
2023-11-08 14:14:22,635,scale_logger,DEBUG,Expected difference in scale reading: 0.030000
2023-11-08 14:14:22,636,scale_logger,DEBUG,Scale reading before Infusing: 3.699000
2023-11-08 14:14:36,138,scale_logger,DEBUG,Scale reading after Infusing: 3.725000
2023-11-08 14:14:36,139,scale_logger,DEBUG,Scale reading difference: 0.026000
2023-11-08 14:14:36,139,scale_logger,INFO,Data,Infusing,0.030000,1.000000,3.699000,3.725000
2023-11-08 14:15:42,741,scale_logger,DEBUG,Expected difference in scale reading: 0.070000
2023-11-08 14:15:42,741,scale_logger,DEBUG,Scale reading before Infusing: 3.720000
2023-11-08 14:16:00,141,scale_logger,DEBUG,Scale reading after Infusing: 3.787000
2023-11-08 14:16:00,142,scale_logger,DEBUG,Scale reading difference: 0.067000
2023-11-08 14:16:00,142,scale_logger,INFO,Data,Infusing,0.070000,1.000000,3.720000,3.787000
2023-11-08 14:17:00,993,scale_logger,DEBUG,Expected difference in scale reading: 0.020000
2023-11-08 14:17:00,993,scale_logger,DEBUG,Scale reading before Infusing: 3.783000
2023-11-08 14:17:12,150,scale_logger,DEBUG,Scale reading after Infusing: 3.800000
2023-11-08 14:17:12,151,scale_logger,DEBUG,Scale reading difference: 0.017000
2023-11-08 14:17:12,151,scale_logger,INFO,Data,Infusing,0.020000,1.000000,3.783000,3.800000
2023-11-08 14:18:20,570,scale_logger,DEBUG,Expected difference in scale reading: 0.090000
2023-11-08 14:18:20,570,scale_logger,DEBUG,Scale reading before Infusing: 3.796000
2023-11-08 14:18:39,346,scale_logger,DEBUG,Scale reading after Infusing: 3.878000
2023-11-08 14:18:39,346,scale_logger,DEBUG,Scale reading difference: 0.082000
2023-11-08 14:18:39,346,scale_logger,INFO,Data,Infusing,0.090000,1.000000,3.796000,3.878000
2023-11-08 14:19:44,006,scale_logger,DEBUG,Expected difference in scale reading: 0.050000
2023-11-08 14:19:44,006,scale_logger,DEBUG,Scale reading before Infusing: 3.874000
2023-11-08 14:19:57,982,scale_logger,DEBUG,Scale reading after Infusing: 3.925000
2023-11-08 14:19:57,983,scale_logger,DEBUG,Scale reading difference: 0.051000
2023-11-08 14:19:57,983,scale_logger,INFO,Data,Infusing,0.050000,1.000000,3.874000,3.925000
2023-11-08 14:21:09,191,scale_logger,DEBUG,Expected difference in scale reading: 0.120000
2023-11-08 14:21:09,191,scale_logger,DEBUG,Scale reading before Infusing: 3.920000
2023-11-08 14:21:29,692,scale_logger,DEBUG,Scale reading after Infusing: 4.038000
2023-11-08 14:21:29,692,scale_logger,DEBUG,Scale reading difference: 0.118000
2023-11-08 14:21:29,692,scale_logger,INFO,Data,Infusing,0.120000,1.000000,3.920000,4.038000
2023-11-08 14:22:35,203,scale_logger,DEBUG,Expected difference in scale reading: 0.080000
2023-11-08 14:22:35,203,scale_logger,DEBUG,Scale reading before Infusing: 4.035000
2023-11-08 14:22:51,957,scale_logger,DEBUG,Scale reading after Infusing: 4.107000
2023-11-08 14:22:51,957,scale_logger,DEBUG,Scale reading difference: 0.072000
2023-11-08 14:22:51,957,scale_logger,INFO,Data,Infusing,0.080000,1.000000,4.035000,4.107000
2023-11-08 14:23:55,557,scale_logger,DEBUG,Expected difference in scale reading: 0.060000
2023-11-08 14:23:55,557,scale_logger,DEBUG,Scale reading before Infusing: 4.103000
2023-11-08 14:24:10,417,scale_logger,DEBUG,Scale reading after Infusing: 4.160000
2023-11-08 14:24:10,417,scale_logger,DEBUG,Scale reading difference: 0.057000
2023-11-08 14:24:10,417,scale_logger,INFO,Data,Infusing,0.060000,1.000000,4.103000,4.160000
2023-11-08 14:25:22,609,scale_logger,DEBUG,Expected difference in scale reading: 0.130000
2023-11-08 14:25:22,609,scale_logger,DEBUG,Scale reading before Infusing: 4.155000
2023-11-08 14:25:44,031,scale_logger,DEBUG,Scale reading after Infusing: 4.281000
2023-11-08 14:25:44,031,scale_logger,DEBUG,Scale reading difference: 0.126000
2023-11-08 14:25:44,031,scale_logger,INFO,Data,Infusing,0.130000,1.000000,4.155000,4.281000
2023-11-08 14:26:51,430,scale_logger,DEBUG,Expected difference in scale reading: 0.090000
2023-11-08 14:26:51,430,scale_logger,DEBUG,Scale reading before Infusing: 4.276000
2023-11-08 14:27:10,362,scale_logger,DEBUG,Scale reading after Infusing: 4.364000
2023-11-08 14:27:10,362,scale_logger,DEBUG,Scale reading difference: 0.088000
2023-11-08 14:27:10,362,scale_logger,INFO,Data,Infusing,0.090000,1.000000,4.276000,4.364000
2023-11-08 14:28:15,053,scale_logger,DEBUG,Expected difference in scale reading: 0.050000
2023-11-08 14:28:15,054,scale_logger,DEBUG,Scale reading before Infusing: 4.359000
2023-11-08 14:28:28,987,scale_logger,DEBUG,Scale reading after Infusing: 4.400000
2023-11-08 14:28:28,987,scale_logger,DEBUG,Scale reading difference: 0.041000
2023-11-08 14:28:28,987,scale_logger,INFO,Data,Infusing,0.050000,1.000000,4.359000,4.400000
2023-11-08 14:29:38,451,scale_logger,DEBUG,Expected difference in scale reading: 0.090000
2023-11-08 14:29:38,451,scale_logger,DEBUG,Scale reading before Infusing: 4.403000
2023-11-08 14:29:56,168,scale_logger,DEBUG,Scale reading after Infusing: 4.481000
2023-11-08 14:29:56,168,scale_logger,DEBUG,Scale reading difference: 0.078000
2023-11-08 14:29:56,168,scale_logger,INFO,Data,Infusing,0.090000,1.000000,4.403000,4.481000
2023-11-08 14:31:04,535,scale_logger,DEBUG,Expected difference in scale reading: 0.100000
2023-11-08 14:31:04,535,scale_logger,DEBUG,Scale reading before Infusing: 4.475000
2023-11-08 14:31:23,185,scale_logger,DEBUG,Scale reading after Infusing: 4.563000
2023-11-08 14:31:23,185,scale_logger,DEBUG,Scale reading difference: 0.088000
2023-11-08 14:31:23,185,scale_logger,INFO,Data,Infusing,0.100000,1.000000,4.475000,4.563000
2023-11-08 14:32:29,696,scale_logger,DEBUG,Expected difference in scale reading: 0.080000
2023-11-08 14:32:29,696,scale_logger,DEBUG,Scale reading before Infusing: 4.558000
2023-11-08 14:32:46,474,scale_logger,DEBUG,Scale reading after Infusing: 4.643000
2023-11-08 14:32:46,474,scale_logger,DEBUG,Scale reading difference: 0.085000
2023-11-08 14:32:46,474,scale_logger,INFO,Data,Infusing,0.080000,1.000000,4.558000,4.643000
2023-11-08 14:33:57,656,scale_logger,DEBUG,Expected difference in scale reading: 0.130000
2023-11-08 14:33:57,656,scale_logger,DEBUG,Scale reading before Infusing: 4.637000
2023-11-08 14:34:19,126,scale_logger,DEBUG,Scale reading after Infusing: 4.767000
2023-11-08 14:34:19,127,scale_logger,DEBUG,Scale reading difference: 0.130000
2023-11-08 14:34:19,127,scale_logger,INFO,Data,Infusing,0.130000,1.000000,4.637000,4.767000
2023-11-08 14:35:23,197,scale_logger,DEBUG,Expected difference in scale reading: 0.060000
2023-11-08 14:35:23,198,scale_logger,DEBUG,Scale reading before Infusing: 4.763000
2023-11-08 14:35:38,091,scale_logger,DEBUG,Scale reading after Infusing: 4.817000
2023-11-08 14:35:38,091,scale_logger,DEBUG,Scale reading difference: 0.054000
2023-11-08 14:35:38,091,scale_logger,INFO,Data,Infusing,0.060000,1.000000,4.763000,4.817000
2023-11-08 14:36:47,190,scale_logger,DEBUG,Expected difference in scale reading: 0.130000
2023-11-08 14:36:47,190,scale_logger,DEBUG,Scale reading before Infusing: 4.812000
2023-11-08 14:37:08,618,scale_logger,DEBUG,Scale reading after Infusing: 4.938000
2023-11-08 14:37:08,618,scale_logger,DEBUG,Scale reading difference: 0.126000
2023-11-08 14:37:08,618,scale_logger,INFO,Data,Infusing,0.130000,1.000000,4.812000,4.938000
2023-11-08 14:38:11,263,scale_logger,DEBUG,Expected difference in scale reading: 0.040000
2023-11-08 14:38:11,263,scale_logger,DEBUG,Scale reading before Infusing: 4.934000
2023-11-08 14:38:24,296,scale_logger,DEBUG,Scale reading after Infusing: 4.972000
2023-11-08 14:38:24,296,scale_logger,DEBUG,Scale reading difference: 0.038000
2023-11-08 14:38:24,296,scale_logger,INFO,Data,Infusing,0.040000,1.000000,4.934000,4.972000
2023-11-08 14:39:34,484,scale_logger,DEBUG,Expected difference in scale reading: 0.120000
2023-11-08 14:39:34,484,scale_logger,DEBUG,Scale reading before Infusing: 4.967000
2023-11-08 14:39:54,985,scale_logger,DEBUG,Scale reading after Infusing: 5.074000
2023-11-08 14:39:54,985,scale_logger,DEBUG,Scale reading difference: 0.107000
2023-11-08 14:39:54,985,scale_logger,INFO,Data,Infusing,0.120000,1.000000,4.967000,5.074000
2023-11-08 14:41:00,418,scale_logger,DEBUG,Expected difference in scale reading: 0.080000
2023-11-08 14:41:00,418,scale_logger,DEBUG,Scale reading before Infusing: 5.071000
2023-11-08 14:41:17,154,scale_logger,DEBUG,Scale reading after Infusing: 5.147000
2023-11-08 14:41:17,154,scale_logger,DEBUG,Scale reading difference: 0.076000
2023-11-08 14:41:17,154,scale_logger,INFO,Data,Infusing,0.080000,1.000000,5.071000,5.147000
2023-11-08 14:42:21,753,scale_logger,DEBUG,Expected difference in scale reading: 0.060000
2023-11-08 14:42:21,753,scale_logger,DEBUG,Scale reading before Infusing: 5.144000
2023-11-08 14:42:37,790,scale_logger,DEBUG,Scale reading after Infusing: 5.206000
2023-11-08 14:42:37,790,scale_logger,DEBUG,Scale reading difference: 0.062000
2023-11-08 14:42:37,790,scale_logger,INFO,Data,Infusing,0.060000,1.000000,5.144000,5.206000
2023-11-08 14:43:47,992,scale_logger,DEBUG,Expected difference in scale reading: 0.120000
2023-11-08 14:43:47,993,scale_logger,DEBUG,Scale reading before Infusing: 5.200000
2023-11-08 14:44:08,493,scale_logger,DEBUG,Scale reading after Infusing: 5.313000
2023-11-08 14:44:08,493,scale_logger,DEBUG,Scale reading difference: 0.113000
2023-11-08 14:44:08,493,scale_logger,INFO,Data,Infusing,0.120000,1.000000,5.200000,5.313000
2023-11-08 14:45:10,333,scale_logger,DEBUG,Expected difference in scale reading: 0.020000
2023-11-08 14:45:10,333,scale_logger,DEBUG,Scale reading before Infusing: 5.308000
2023-11-08 14:45:21,485,scale_logger,DEBUG,Scale reading after Infusing: 5.325000
2023-11-08 14:45:21,485,scale_logger,DEBUG,Scale reading difference: 0.017000
2023-11-08 14:45:21,485,scale_logger,INFO,Data,Infusing,0.020000,1.000000,5.308000,5.325000
2023-11-08 14:46:31,743,scale_logger,DEBUG,Expected difference in scale reading: 0.110000
2023-11-08 14:46:31,743,scale_logger,DEBUG,Scale reading before Infusing: 5.320000
2023-11-08 14:46:51,308,scale_logger,DEBUG,Scale reading after Infusing: 5.423000
2023-11-08 14:46:51,309,scale_logger,DEBUG,Scale reading difference: 0.103000
2023-11-08 14:46:51,309,scale_logger,INFO,Data,Infusing,0.110000,1.000000,5.320000,5.423000
2023-11-08 14:47:58,778,scale_logger,DEBUG,Expected difference in scale reading: 0.090000
2023-11-08 14:47:58,778,scale_logger,DEBUG,Scale reading before Infusing: 5.418000
2023-11-08 14:48:16,484,scale_logger,DEBUG,Scale reading after Infusing: 5.506000
2023-11-08 14:48:16,484,scale_logger,DEBUG,Scale reading difference: 0.088000
2023-11-08 14:48:16,484,scale_logger,INFO,Data,Infusing,0.090000,1.000000,5.418000,5.506000
2023-11-08 14:49:21,008,scale_logger,DEBUG,Expected difference in scale reading: 0.070000
2023-11-08 14:49:21,009,scale_logger,DEBUG,Scale reading before Infusing: 5.502000
2023-11-08 14:49:36,852,scale_logger,DEBUG,Scale reading after Infusing: 5.565000
2023-11-08 14:49:36,852,scale_logger,DEBUG,Scale reading difference: 0.063000
2023-11-08 14:49:36,852,scale_logger,INFO,Data,Infusing,0.070000,1.000000,5.502000,5.565000
2023-11-08 14:50:40,494,scale_logger,DEBUG,Expected difference in scale reading: 0.060000
2023-11-08 14:50:40,495,scale_logger,DEBUG,Scale reading before Infusing: 5.563000
2023-11-08 14:50:55,358,scale_logger,DEBUG,Scale reading after Infusing: 5.622000
2023-11-08 14:50:55,359,scale_logger,DEBUG,Scale reading difference: 0.059000
2023-11-08 14:50:55,359,scale_logger,INFO,Data,Infusing,0.060000,1.000000,5.563000,5.622000
2023-11-08 14:51:58,125,scale_logger,DEBUG,Expected difference in scale reading: 0.040000
2023-11-08 14:51:58,125,scale_logger,DEBUG,Scale reading before Infusing: 5.617000
2023-11-08 14:52:11,135,scale_logger,DEBUG,Scale reading after Infusing: 5.655000
2023-11-08 14:52:11,135,scale_logger,DEBUG,Scale reading difference: 0.038000
2023-11-08 14:52:11,135,scale_logger,INFO,Data,Infusing,0.040000,1.000000,5.617000,5.655000
2023-11-08 14:53:19,469,scale_logger,DEBUG,Expected difference in scale reading: 0.100000
2023-11-08 14:53:19,469,scale_logger,DEBUG,Scale reading before Infusing: 5.649000
2023-11-08 14:53:38,092,scale_logger,DEBUG,Scale reading after Infusing: 5.746000
2023-11-08 14:53:38,093,scale_logger,DEBUG,Scale reading difference: 0.097000
2023-11-08 14:53:38,093,scale_logger,INFO,Data,Infusing,0.100000,1.000000,5.649000,5.746000
2023-11-08 14:54:44,154,scale_logger,DEBUG,Expected difference in scale reading: 0.070000
2023-11-08 14:54:44,154,scale_logger,DEBUG,Scale reading before Infusing: 5.740000
2023-11-08 14:54:59,952,scale_logger,DEBUG,Scale reading after Infusing: 5.803000
2023-11-08 14:54:59,953,scale_logger,DEBUG,Scale reading difference: 0.063000
2023-11-08 14:54:59,953,scale_logger,INFO,Data,Infusing,0.070000,1.000000,5.740000,5.803000
2023-11-08 14:56:02,906,scale_logger,DEBUG,Expected difference in scale reading: 0.020000
2023-11-08 14:56:02,906,scale_logger,DEBUG,Scale reading before Infusing: 5.799000
2023-11-08 14:56:14,065,scale_logger,DEBUG,Scale reading after Infusing: 5.817000
2023-11-08 14:56:14,065,scale_logger,DEBUG,Scale reading difference: 0.018000
2023-11-08 14:56:14,065,scale_logger,INFO,Data,Infusing,0.020000,1.000000,5.799000,5.817000
2023-11-08 14:57:20,632,scale_logger,DEBUG,Expected difference in scale reading: 0.070000
2023-11-08 14:57:20,632,scale_logger,DEBUG,Scale reading before Infusing: 5.811000
2023-11-08 14:57:36,481,scale_logger,DEBUG,Scale reading after Infusing: 5.886000
2023-11-08 14:57:36,482,scale_logger,DEBUG,Scale reading difference: 0.075000
2023-11-08 14:57:36,482,scale_logger,INFO,Data,Infusing,0.070000,1.000000,5.811000,5.886000
2023-11-08 14:58:43,849,scale_logger,DEBUG,Expected difference in scale reading: 0.100000
2023-11-08 14:58:43,850,scale_logger,DEBUG,Scale reading before Infusing: 5.879000
2023-11-08 14:59:03,019,scale_logger,DEBUG,Scale reading after Infusing: 5.973000
2023-11-08 14:59:03,019,scale_logger,DEBUG,Scale reading difference: 0.094000
2023-11-08 14:59:03,019,scale_logger,INFO,Data,Infusing,0.100000,1.000000,5.879000,5.973000
2023-11-08 15:00:04,765,scale_logger,DEBUG,Expected difference in scale reading: 0.040000
2023-11-08 15:00:04,766,scale_logger,DEBUG,Scale reading before Infusing: 5.967000
2023-11-08 15:00:17,770,scale_logger,DEBUG,Scale reading after Infusing: 6.006000
2023-11-08 15:00:17,770,scale_logger,DEBUG,Scale reading difference: 0.039000
2023-11-08 15:00:17,770,scale_logger,INFO,Data,Infusing,0.040000,1.000000,5.967000,6.006000
2023-11-08 15:01:21,545,scale_logger,DEBUG,Expected difference in scale reading: 0.050000
2023-11-08 15:01:21,545,scale_logger,DEBUG,Scale reading before Infusing: 6.000000
2023-11-08 15:01:35,517,scale_logger,DEBUG,Scale reading after Infusing: 6.040000
2023-11-08 15:01:35,518,scale_logger,DEBUG,Scale reading difference: 0.040000
2023-11-08 15:01:35,518,scale_logger,INFO,Data,Infusing,0.050000,1.000000,6.000000,6.040000
2023-11-08 15:02:42,122,scale_logger,DEBUG,Expected difference in scale reading: 0.080000
2023-11-08 15:02:42,123,scale_logger,DEBUG,Scale reading before Infusing: 6.035000
2023-11-08 15:02:58,903,scale_logger,DEBUG,Scale reading after Infusing: 6.119000
2023-11-08 15:02:58,904,scale_logger,DEBUG,Scale reading difference: 0.084000
2023-11-08 15:02:58,904,scale_logger,INFO,Data,Infusing,0.080000,1.000000,6.035000,6.119000
2023-11-08 15:04:00,531,scale_logger,DEBUG,Expected difference in scale reading: 0.020000
2023-11-08 15:04:00,531,scale_logger,DEBUG,Scale reading before Infusing: 6.115000
2023-11-08 15:04:11,676,scale_logger,DEBUG,Scale reading after Infusing: 6.133000
2023-11-08 15:04:11,676,scale_logger,DEBUG,Scale reading difference: 0.018000
2023-11-08 15:04:11,676,scale_logger,INFO,Data,Infusing,0.020000,1.000000,6.115000,6.133000
2023-11-08 15:05:17,484,scale_logger,DEBUG,Expected difference in scale reading: 0.060000
2023-11-08 15:05:17,484,scale_logger,DEBUG,Scale reading before Infusing: 6.126000
2023-11-08 15:05:32,399,scale_logger,DEBUG,Scale reading after Infusing: 6.180000
2023-11-08 15:05:32,399,scale_logger,DEBUG,Scale reading difference: 0.054000
2023-11-08 15:05:32,399,scale_logger,INFO,Data,Infusing,0.060000,1.000000,6.126000,6.180000
2023-11-08 15:06:38,359,scale_logger,DEBUG,Expected difference in scale reading: 0.080000
2023-11-08 15:06:38,359,scale_logger,DEBUG,Scale reading before Infusing: 6.174000
2023-11-08 15:06:55,126,scale_logger,DEBUG,Scale reading after Infusing: 6.252000
2023-11-08 15:06:55,126,scale_logger,DEBUG,Scale reading difference: 0.078000
2023-11-08 15:06:55,126,scale_logger,INFO,Data,Infusing,0.080000,1.000000,6.174000,6.252000
2023-11-08 15:07:59,669,scale_logger,DEBUG,Expected difference in scale reading: 0.070000
2023-11-08 15:07:59,669,scale_logger,DEBUG,Scale reading before Infusing: 6.247000
2023-11-08 15:08:16,034,scale_logger,DEBUG,Scale reading after Infusing: 6.312000
2023-11-08 15:08:16,035,scale_logger,DEBUG,Scale reading difference: 0.065000
2023-11-08 15:08:16,035,scale_logger,INFO,Data,Infusing,0.070000,1.000000,6.247000,6.312000
2023-11-08 15:09:21,551,scale_logger,DEBUG,Expected difference in scale reading: 0.080000
2023-11-08 15:09:21,551,scale_logger,DEBUG,Scale reading before Infusing: 6.305000
2023-11-08 15:09:39,837,scale_logger,DEBUG,Scale reading after Infusing: 6.381000
2023-11-08 15:09:39,838,scale_logger,DEBUG,Scale reading difference: 0.076000
2023-11-08 15:09:39,838,scale_logger,INFO,Data,Infusing,0.080000,1.000000,6.305000,6.381000
2023-11-08 15:10:44,500,scale_logger,DEBUG,Expected difference in scale reading: 0.050000
2023-11-08 15:10:44,500,scale_logger,DEBUG,Scale reading before Infusing: 6.375000
2023-11-08 15:10:59,839,scale_logger,DEBUG,Scale reading after Infusing: 6.421000
2023-11-08 15:10:59,839,scale_logger,DEBUG,Scale reading difference: 0.046000
2023-11-08 15:10:59,839,scale_logger,INFO,Data,Infusing,0.050000,1.000000,6.375000,6.421000
2023-11-08 15:12:05,576,scale_logger,DEBUG,Expected difference in scale reading: 0.040000
2023-11-08 15:12:05,577,scale_logger,DEBUG,Scale reading before Infusing: 6.415000
2023-11-08 15:12:18,566,scale_logger,DEBUG,Scale reading after Infusing: 6.452000
2023-11-08 15:12:18,566,scale_logger,DEBUG,Scale reading difference: 0.037000
2023-11-08 15:12:18,566,scale_logger,INFO,Data,Infusing,0.040000,1.000000,6.415000,6.452000
2023-11-08 15:13:21,444,scale_logger,DEBUG,Expected difference in scale reading: 0.020000
2023-11-08 15:13:21,444,scale_logger,DEBUG,Scale reading before Infusing: 6.448000
2023-11-08 15:13:32,589,scale_logger,DEBUG,Scale reading after Infusing: 6.465000
2023-11-08 15:13:32,589,scale_logger,DEBUG,Scale reading difference: 0.017000
2023-11-08 15:13:32,589,scale_logger,INFO,Data,Infusing,0.020000,1.000000,6.448000,6.465000
