2023-11-10 15:19:34,169,scale_logger,DEBUG,Expected difference in scale reading: 0.030000
2023-11-10 15:19:34,169,scale_logger,DEBUG,Scale reading before Infusing: 5.958000
2023-11-10 15:19:46,241,scale_logger,DEBUG,Scale reading after Infusing: 5.980000
2023-11-10 15:19:46,242,scale_logger,DEBUG,Scale reading difference: 0.022000
2023-11-10 15:19:46,242,scale_logger,INFO,Data,Infusing,0.030000,1.000000,5.958000,5.980000
2023-11-10 15:20:48,829,scale_logger,DEBUG,Expected difference in scale reading: 0.040000
2023-11-10 15:20:48,830,scale_logger,DEBUG,Scale reading before Infusing: 5.977000
2023-11-10 15:21:01,822,scale_logger,DEBUG,Scale reading after Infusing: 6.010000
2023-11-10 15:21:01,822,scale_logger,DEBUG,Scale reading difference: 0.033000
2023-11-10 15:21:01,822,scale_logger,INFO,Data,Infusing,0.040000,1.000000,5.977000,6.010000
2023-11-10 15:22:07,121,scale_logger,DEBUG,Expected difference in scale reading: 0.080000
2023-11-10 15:22:07,121,scale_logger,DEBUG,Scale reading before Infusing: 6.004000
2023-11-10 15:22:23,879,scale_logger,DEBUG,Scale reading after Infusing: 6.077000
2023-11-10 15:22:23,879,scale_logger,DEBUG,Scale reading difference: 0.073000
2023-11-10 15:22:23,880,scale_logger,INFO,Data,Infusing,0.080000,1.000000,6.004000,6.077000
2023-11-10 15:23:25,390,scale_logger,DEBUG,Expected difference in scale reading: 0.040000
2023-11-10 15:23:25,390,scale_logger,DEBUG,Scale reading before Infusing: 6.072000
2023-11-10 15:23:38,390,scale_logger,DEBUG,Scale reading after Infusing: 6.106000
2023-11-10 15:23:38,391,scale_logger,DEBUG,Scale reading difference: 0.034000
2023-11-10 15:23:38,391,scale_logger,INFO,Data,Infusing,0.040000,1.000000,6.072000,6.106000
2023-11-10 15:24:47,262,scale_logger,DEBUG,Expected difference in scale reading: 0.090000
2023-11-10 15:24:47,263,scale_logger,DEBUG,Scale reading before Infusing: 6.100000
2023-11-10 15:25:04,943,scale_logger,DEBUG,Scale reading after Infusing: 6.183000
2023-11-10 15:25:04,944,scale_logger,DEBUG,Scale reading difference: 0.083000
2023-11-10 15:25:04,944,scale_logger,INFO,Data,Infusing,0.090000,1.000000,6.100000,6.183000
2023-11-10 15:26:11,235,scale_logger,DEBUG,Expected difference in scale reading: 0.090000
2023-11-10 15:26:11,235,scale_logger,DEBUG,Scale reading before Infusing: 6.175000
2023-11-10 15:26:28,923,scale_logger,DEBUG,Scale reading after Infusing: 6.257000
2023-11-10 15:26:28,923,scale_logger,DEBUG,Scale reading difference: 0.082000
2023-11-10 15:26:28,924,scale_logger,INFO,Data,Infusing,0.090000,1.000000,6.175000,6.257000
2023-11-10 15:27:35,144,scale_logger,DEBUG,Expected difference in scale reading: 0.090000
2023-11-10 15:27:35,144,scale_logger,DEBUG,Scale reading before Infusing: 6.252000
2023-11-10 15:27:52,830,scale_logger,DEBUG,Scale reading after Infusing: 6.335000
2023-11-10 15:27:52,831,scale_logger,DEBUG,Scale reading difference: 0.083000
2023-11-10 15:27:52,831,scale_logger,INFO,Data,Infusing,0.090000,1.000000,6.252000,6.335000
2023-11-10 15:28:56,261,scale_logger,DEBUG,Expected difference in scale reading: 0.060000
2023-11-10 15:28:56,262,scale_logger,DEBUG,Scale reading before Infusing: 6.329000
2023-11-10 15:29:11,168,scale_logger,DEBUG,Scale reading after Infusing: 6.383000
2023-11-10 15:29:11,169,scale_logger,DEBUG,Scale reading difference: 0.054000
2023-11-10 15:29:11,169,scale_logger,INFO,Data,Infusing,0.060000,1.000000,6.329000,6.383000
2023-11-10 15:30:13,617,scale_logger,DEBUG,Expected difference in scale reading: 0.050000
2023-11-10 15:30:13,617,scale_logger,DEBUG,Scale reading before Infusing: 6.378000
2023-11-10 15:30:27,599,scale_logger,DEBUG,Scale reading after Infusing: 6.421000
2023-11-10 15:30:27,599,scale_logger,DEBUG,Scale reading difference: 0.043000
2023-11-10 15:30:27,599,scale_logger,INFO,Data,Infusing,0.050000,1.000000,6.378000,6.421000
2023-11-10 15:31:36,711,scale_logger,DEBUG,Expected difference in scale reading: 0.110000
2023-11-10 15:31:36,711,scale_logger,DEBUG,Scale reading before Infusing: 6.415000
2023-11-10 15:31:56,259,scale_logger,DEBUG,Scale reading after Infusing: 6.517000
2023-11-10 15:31:56,260,scale_logger,DEBUG,Scale reading difference: 0.102000
2023-11-10 15:31:56,260,scale_logger,INFO,Data,Infusing,0.110000,1.000000,6.415000,6.517000
2023-11-10 15:32:57,874,scale_logger,DEBUG,Expected difference in scale reading: 0.030000
2023-11-10 15:32:57,874,scale_logger,DEBUG,Scale reading before Infusing: 6.512000
2023-11-10 15:33:09,942,scale_logger,DEBUG,Scale reading after Infusing: 6.536000
2023-11-10 15:33:09,943,scale_logger,DEBUG,Scale reading difference: 0.024000
2023-11-10 15:33:09,943,scale_logger,INFO,Data,Infusing,0.030000,1.000000,6.512000,6.536000
2023-11-10 15:34:14,458,scale_logger,DEBUG,Expected difference in scale reading: 0.050000
2023-11-10 15:34:14,458,scale_logger,DEBUG,Scale reading before Infusing: 6.531000
2023-11-10 15:34:28,440,scale_logger,DEBUG,Scale reading after Infusing: 6.574000
2023-11-10 15:34:28,441,scale_logger,DEBUG,Scale reading difference: 0.043000
2023-11-10 15:34:28,441,scale_logger,INFO,Data,Infusing,0.050000,1.000000,6.531000,6.574000
2023-11-10 15:35:33,791,scale_logger,DEBUG,Expected difference in scale reading: 0.070000
2023-11-10 15:35:33,791,scale_logger,DEBUG,Scale reading before Infusing: 6.568000
2023-11-10 15:35:49,622,scale_logger,DEBUG,Scale reading after Infusing: 6.631000
2023-11-10 15:35:49,622,scale_logger,DEBUG,Scale reading difference: 0.063000
2023-11-10 15:35:49,623,scale_logger,INFO,Data,Infusing,0.070000,1.000000,6.568000,6.631000
2023-11-10 15:36:53,984,scale_logger,DEBUG,Expected difference in scale reading: 0.070000
2023-11-10 15:36:53,984,scale_logger,DEBUG,Scale reading before Infusing: 6.624000
2023-11-10 15:37:09,814,scale_logger,DEBUG,Scale reading after Infusing: 6.688000
2023-11-10 15:37:09,815,scale_logger,DEBUG,Scale reading difference: 0.064000
2023-11-10 15:37:09,815,scale_logger,INFO,Data,Infusing,0.070000,1.000000,6.624000,6.688000
2023-11-10 15:38:13,186,scale_logger,DEBUG,Expected difference in scale reading: 0.070000
2023-11-10 15:38:13,187,scale_logger,DEBUG,Scale reading before Infusing: 6.682000
2023-11-10 15:38:29,011,scale_logger,DEBUG,Scale reading after Infusing: 6.744000
2023-11-10 15:38:29,012,scale_logger,DEBUG,Scale reading difference: 0.062000
2023-11-10 15:38:29,012,scale_logger,INFO,Data,Infusing,0.070000,1.000000,6.682000,6.744000
2023-11-10 15:39:31,374,scale_logger,DEBUG,Expected difference in scale reading: 0.060000
2023-11-10 15:39:31,374,scale_logger,DEBUG,Scale reading before Infusing: 6.740000
2023-11-10 15:39:46,274,scale_logger,DEBUG,Scale reading after Infusing: 6.792000
2023-11-10 15:39:46,274,scale_logger,DEBUG,Scale reading difference: 0.052000
2023-11-10 15:39:46,274,scale_logger,INFO,Data,Infusing,0.060000,1.000000,6.740000,6.792000
2023-11-10 15:40:50,734,scale_logger,DEBUG,Expected difference in scale reading: 0.050000
2023-11-10 15:40:50,735,scale_logger,DEBUG,Scale reading before Infusing: 6.786000
2023-11-10 15:41:04,703,scale_logger,DEBUG,Scale reading after Infusing: 6.829000
2023-11-10 15:41:04,704,scale_logger,DEBUG,Scale reading difference: 0.043000
2023-11-10 15:41:04,704,scale_logger,INFO,Data,Infusing,0.050000,1.000000,6.786000,6.829000
2023-11-10 15:42:15,676,scale_logger,DEBUG,Expected difference in scale reading: 0.130000
2023-11-10 15:42:15,676,scale_logger,DEBUG,Scale reading before Infusing: 6.822000
2023-11-10 15:42:37,146,scale_logger,DEBUG,Scale reading after Infusing: 6.945000
2023-11-10 15:42:37,147,scale_logger,DEBUG,Scale reading difference: 0.123000
2023-11-10 15:42:37,147,scale_logger,INFO,Data,Infusing,0.130000,1.000000,6.822000,6.945000
2023-11-10 15:43:37,733,scale_logger,DEBUG,Expected difference in scale reading: 0.030000
2023-11-10 15:43:37,733,scale_logger,DEBUG,Scale reading before Infusing: 6.939000
2023-11-10 15:43:49,796,scale_logger,DEBUG,Scale reading after Infusing: 6.963000
2023-11-10 15:43:49,797,scale_logger,DEBUG,Scale reading difference: 0.024000
2023-11-10 15:43:49,797,scale_logger,INFO,Data,Infusing,0.030000,1.000000,6.939000,6.963000
2023-11-10 15:45:00,734,scale_logger,DEBUG,Expected difference in scale reading: 0.130000
2023-11-10 15:45:00,735,scale_logger,DEBUG,Scale reading before Infusing: 6.957000
2023-11-10 15:45:22,189,scale_logger,DEBUG,Scale reading after Infusing: 7.079000
2023-11-10 15:45:22,190,scale_logger,DEBUG,Scale reading difference: 0.122000
2023-11-10 15:45:22,190,scale_logger,INFO,Data,Infusing,0.130000,1.000000,6.957000,7.079000
2023-11-10 15:46:23,684,scale_logger,DEBUG,Expected difference in scale reading: 0.040000
2023-11-10 15:46:23,685,scale_logger,DEBUG,Scale reading before Infusing: 7.073000
2023-11-10 15:46:36,674,scale_logger,DEBUG,Scale reading after Infusing: 7.106000
2023-11-10 15:46:36,675,scale_logger,DEBUG,Scale reading difference: 0.033000
2023-11-10 15:46:36,675,scale_logger,INFO,Data,Infusing,0.040000,1.000000,7.073000,7.106000
2023-11-10 15:47:45,781,scale_logger,DEBUG,Expected difference in scale reading: 0.110000
2023-11-10 15:47:45,782,scale_logger,DEBUG,Scale reading before Infusing: 7.099000
2023-11-10 15:48:05,352,scale_logger,DEBUG,Scale reading after Infusing: 7.202000
2023-11-10 15:48:05,352,scale_logger,DEBUG,Scale reading difference: 0.103000
2023-11-10 15:48:05,352,scale_logger,INFO,Data,Infusing,0.110000,1.000000,7.099000,7.202000
2023-11-10 15:49:12,640,scale_logger,DEBUG,Expected difference in scale reading: 0.080000
2023-11-10 15:49:12,640,scale_logger,DEBUG,Scale reading before Infusing: 7.195000
2023-11-10 15:49:29,430,scale_logger,DEBUG,Scale reading after Infusing: 7.269000
2023-11-10 15:49:29,430,scale_logger,DEBUG,Scale reading difference: 0.074000
2023-11-10 15:49:29,430,scale_logger,INFO,Data,Infusing,0.080000,1.000000,7.195000,7.269000
2023-11-10 15:50:37,794,scale_logger,DEBUG,Expected difference in scale reading: 0.100000
2023-11-10 15:50:37,795,scale_logger,DEBUG,Scale reading before Infusing: 7.260000
2023-11-10 15:50:56,444,scale_logger,DEBUG,Scale reading after Infusing: 7.354000
2023-11-10 15:50:56,445,scale_logger,DEBUG,Scale reading difference: 0.094000
2023-11-10 15:50:56,445,scale_logger,INFO,Data,Infusing,0.100000,1.000000,7.260000,7.354000
2023-11-10 15:52:01,828,scale_logger,DEBUG,Expected difference in scale reading: 0.080000
2023-11-10 15:52:01,829,scale_logger,DEBUG,Scale reading before Infusing: 7.347000
2023-11-10 15:52:18,613,scale_logger,DEBUG,Scale reading after Infusing: 7.420000
2023-11-10 15:52:18,614,scale_logger,DEBUG,Scale reading difference: 0.073000
2023-11-10 15:52:18,614,scale_logger,INFO,Data,Infusing,0.080000,1.000000,7.347000,7.420000
2023-11-10 15:53:25,909,scale_logger,DEBUG,Expected difference in scale reading: 0.100000
2023-11-10 15:53:25,910,scale_logger,DEBUG,Scale reading before Infusing: 7.413000
2023-11-10 15:53:44,548,scale_logger,DEBUG,Scale reading after Infusing: 7.507000
2023-11-10 15:53:44,549,scale_logger,DEBUG,Scale reading difference: 0.094000
2023-11-10 15:53:44,549,scale_logger,INFO,Data,Infusing,0.100000,1.000000,7.413000,7.507000
2023-11-10 15:54:49,064,scale_logger,DEBUG,Expected difference in scale reading: 0.060000
2023-11-10 15:54:49,064,scale_logger,DEBUG,Scale reading before Infusing: 7.500000
2023-11-10 15:55:03,936,scale_logger,DEBUG,Scale reading after Infusing: 7.552000
2023-11-10 15:55:03,936,scale_logger,DEBUG,Scale reading difference: 0.052000
2023-11-10 15:55:03,936,scale_logger,INFO,Data,Infusing,0.060000,1.000000,7.500000,7.552000
2023-11-10 15:56:11,282,scale_logger,DEBUG,Expected difference in scale reading: 0.080000
2023-11-10 15:56:11,282,scale_logger,DEBUG,Scale reading before Infusing: 7.547000
2023-11-10 15:56:28,071,scale_logger,DEBUG,Scale reading after Infusing: 7.619000
2023-11-10 15:56:28,072,scale_logger,DEBUG,Scale reading difference: 0.072000
2023-11-10 15:56:28,072,scale_logger,INFO,Data,Infusing,0.080000,1.000000,7.547000,7.619000
2023-11-10 15:57:39,059,scale_logger,DEBUG,Expected difference in scale reading: 0.130000
2023-11-10 15:57:39,060,scale_logger,DEBUG,Scale reading before Infusing: 7.612000
2023-11-10 15:58:00,533,scale_logger,DEBUG,Scale reading after Infusing: 7.735000
2023-11-10 15:58:00,534,scale_logger,DEBUG,Scale reading difference: 0.123000
2023-11-10 15:58:00,534,scale_logger,INFO,Data,Infusing,0.130000,1.000000,7.612000,7.735000
2023-11-10 15:59:06,722,scale_logger,DEBUG,Expected difference in scale reading: 0.100000
2023-11-10 15:59:06,722,scale_logger,DEBUG,Scale reading before Infusing: 7.727000
2023-11-10 15:59:25,367,scale_logger,DEBUG,Scale reading after Infusing: 7.820000
2023-11-10 15:59:25,367,scale_logger,DEBUG,Scale reading difference: 0.093000
2023-11-10 15:59:25,367,scale_logger,INFO,Data,Infusing,0.100000,1.000000,7.727000,7.820000
2023-11-10 16:00:31,526,scale_logger,DEBUG,Expected difference in scale reading: 0.100000
2023-11-10 16:00:31,527,scale_logger,DEBUG,Scale reading before Infusing: 7.814000
2023-11-10 16:00:50,169,scale_logger,DEBUG,Scale reading after Infusing: 7.907000
2023-11-10 16:00:50,169,scale_logger,DEBUG,Scale reading difference: 0.093000
2023-11-10 16:00:50,169,scale_logger,INFO,Data,Infusing,0.100000,1.000000,7.814000,7.907000
2023-11-10 16:01:51,894,scale_logger,DEBUG,Expected difference in scale reading: 0.020000
2023-11-10 16:01:51,895,scale_logger,DEBUG,Scale reading before Infusing: 7.901000
2023-11-10 16:02:03,026,scale_logger,DEBUG,Scale reading after Infusing: 7.915000
2023-11-10 16:02:03,027,scale_logger,DEBUG,Scale reading difference: 0.014000
2023-11-10 16:02:03,027,scale_logger,INFO,Data,Infusing,0.020000,1.000000,7.901000,7.915000
2023-11-10 16:03:09,417,scale_logger,DEBUG,Expected difference in scale reading: 0.070000
2023-11-10 16:03:09,417,scale_logger,DEBUG,Scale reading before Infusing: 7.909000
2023-11-10 16:03:25,221,scale_logger,DEBUG,Scale reading after Infusing: 7.970000
2023-11-10 16:03:25,221,scale_logger,DEBUG,Scale reading difference: 0.061000
2023-11-10 16:03:25,221,scale_logger,INFO,Data,Infusing,0.070000,1.000000,7.909000,7.970000
2023-11-10 16:04:27,716,scale_logger,DEBUG,Expected difference in scale reading: 0.040000
2023-11-10 16:04:27,717,scale_logger,DEBUG,Scale reading before Infusing: 7.965000
2023-11-10 16:04:40,749,scale_logger,DEBUG,Scale reading after Infusing: 7.998000
2023-11-10 16:04:40,750,scale_logger,DEBUG,Scale reading difference: 0.033000
2023-11-10 16:04:40,750,scale_logger,INFO,Data,Infusing,0.040000,1.000000,7.965000,7.998000
2023-11-10 16:05:44,362,scale_logger,DEBUG,Expected difference in scale reading: 0.030000
2023-11-10 16:05:44,363,scale_logger,DEBUG,Scale reading before Infusing: 7.993000
2023-11-10 16:05:56,414,scale_logger,DEBUG,Scale reading after Infusing: 8.017000
2023-11-10 16:05:56,415,scale_logger,DEBUG,Scale reading difference: 0.024000
2023-11-10 16:05:56,415,scale_logger,INFO,Data,Infusing,0.030000,1.000000,7.993000,8.017000
2023-11-10 16:07:01,934,scale_logger,DEBUG,Expected difference in scale reading: 0.050000
2023-11-10 16:07:01,935,scale_logger,DEBUG,Scale reading before Infusing: 8.012000
2023-11-10 16:07:15,884,scale_logger,DEBUG,Scale reading after Infusing: 8.054000
2023-11-10 16:07:15,884,scale_logger,DEBUG,Scale reading difference: 0.042000
2023-11-10 16:07:15,884,scale_logger,INFO,Data,Infusing,0.050000,1.000000,8.012000,8.054000
2023-11-10 16:08:23,976,scale_logger,DEBUG,Expected difference in scale reading: 0.090000
2023-11-10 16:08:23,977,scale_logger,DEBUG,Scale reading before Infusing: 8.047000
2023-11-10 16:08:41,687,scale_logger,DEBUG,Scale reading after Infusing: 8.129000
2023-11-10 16:08:41,688,scale_logger,DEBUG,Scale reading difference: 0.082000
2023-11-10 16:08:41,688,scale_logger,INFO,Data,Infusing,0.090000,1.000000,8.047000,8.129000
2023-11-10 16:09:47,973,scale_logger,DEBUG,Expected difference in scale reading: 0.080000
2023-11-10 16:09:47,973,scale_logger,DEBUG,Scale reading before Infusing: 8.122000
2023-11-10 16:10:04,745,scale_logger,DEBUG,Scale reading after Infusing: 8.195000
2023-11-10 16:10:04,745,scale_logger,DEBUG,Scale reading difference: 0.073000
2023-11-10 16:10:04,745,scale_logger,INFO,Data,Infusing,0.080000,1.000000,8.122000,8.195000
2023-11-10 16:11:15,768,scale_logger,DEBUG,Expected difference in scale reading: 0.130000
2023-11-10 16:11:15,769,scale_logger,DEBUG,Scale reading before Infusing: 8.188000
2023-11-10 16:11:37,224,scale_logger,DEBUG,Scale reading after Infusing: 8.311000
2023-11-10 16:11:37,225,scale_logger,DEBUG,Scale reading difference: 0.123000
2023-11-10 16:11:37,225,scale_logger,INFO,Data,Infusing,0.130000,1.000000,8.188000,8.311000
2023-11-10 16:12:43,432,scale_logger,DEBUG,Expected difference in scale reading: 0.090000
2023-11-10 16:12:43,432,scale_logger,DEBUG,Scale reading before Infusing: 8.304000
2023-11-10 16:13:01,122,scale_logger,DEBUG,Scale reading after Infusing: 8.387000
2023-11-10 16:13:01,123,scale_logger,DEBUG,Scale reading difference: 0.083000
2023-11-10 16:13:01,123,scale_logger,INFO,Data,Infusing,0.090000,1.000000,8.304000,8.387000
2023-11-10 16:14:10,218,scale_logger,DEBUG,Expected difference in scale reading: 0.120000
2023-11-10 16:14:10,218,scale_logger,DEBUG,Scale reading before Infusing: 8.380000
2023-11-10 16:14:30,759,scale_logger,DEBUG,Scale reading after Infusing: 8.492000
2023-11-10 16:14:30,759,scale_logger,DEBUG,Scale reading difference: 0.112000
2023-11-10 16:14:30,759,scale_logger,INFO,Data,Infusing,0.120000,1.000000,8.380000,8.492000
2023-11-10 16:15:33,301,scale_logger,DEBUG,Expected difference in scale reading: 0.030000
2023-11-10 16:15:33,302,scale_logger,DEBUG,Scale reading before Infusing: 8.486000
2023-11-10 16:15:45,399,scale_logger,DEBUG,Scale reading after Infusing: 8.510000
2023-11-10 16:15:45,400,scale_logger,DEBUG,Scale reading difference: 0.024000
2023-11-10 16:15:45,400,scale_logger,INFO,Data,Infusing,0.030000,1.000000,8.486000,8.510000
2023-11-10 16:16:51,922,scale_logger,DEBUG,Expected difference in scale reading: 0.050000
2023-11-10 16:16:51,922,scale_logger,DEBUG,Scale reading before Infusing: 8.503000
2023-11-10 16:17:05,873,scale_logger,DEBUG,Scale reading after Infusing: 8.548000
2023-11-10 16:17:05,873,scale_logger,DEBUG,Scale reading difference: 0.045000
2023-11-10 16:17:05,874,scale_logger,INFO,Data,Infusing,0.050000,1.000000,8.503000,8.548000
2023-11-10 16:18:16,012,scale_logger,DEBUG,Expected difference in scale reading: 0.100000
2023-11-10 16:18:16,012,scale_logger,DEBUG,Scale reading before Infusing: 8.539000
2023-11-10 16:18:34,643,scale_logger,DEBUG,Scale reading after Infusing: 8.633000
2023-11-10 16:18:34,643,scale_logger,DEBUG,Scale reading difference: 0.094000
2023-11-10 16:18:34,643,scale_logger,INFO,Data,Infusing,0.100000,1.000000,8.539000,8.633000
2023-11-10 16:19:36,303,scale_logger,DEBUG,Expected difference in scale reading: 0.020000
2023-11-10 16:19:36,304,scale_logger,DEBUG,Scale reading before Infusing: 8.626000
2023-11-10 16:19:47,425,scale_logger,DEBUG,Scale reading after Infusing: 8.641000
2023-11-10 16:19:47,425,scale_logger,DEBUG,Scale reading difference: 0.015000
2023-11-10 16:19:47,425,scale_logger,INFO,Data,Infusing,0.020000,1.000000,8.626000,8.641000
2023-11-10 16:20:51,001,scale_logger,DEBUG,Expected difference in scale reading: 0.030000
2023-11-10 16:20:51,002,scale_logger,DEBUG,Scale reading before Infusing: 8.634000
2023-11-10 16:21:03,066,scale_logger,DEBUG,Scale reading after Infusing: 8.659000
2023-11-10 16:21:03,067,scale_logger,DEBUG,Scale reading difference: 0.025000
2023-11-10 16:21:03,067,scale_logger,INFO,Data,Infusing,0.030000,1.000000,8.634000,8.659000
2023-11-10 16:22:06,651,scale_logger,DEBUG,Expected difference in scale reading: 0.030000
2023-11-10 16:22:06,652,scale_logger,DEBUG,Scale reading before Infusing: 8.653000
2023-11-10 16:22:18,757,scale_logger,DEBUG,Scale reading after Infusing: 8.677000
2023-11-10 16:22:18,758,scale_logger,DEBUG,Scale reading difference: 0.024000
2023-11-10 16:22:18,758,scale_logger,INFO,Data,Infusing,0.030000,1.000000,8.653000,8.677000
2023-11-10 16:23:23,151,scale_logger,DEBUG,Expected difference in scale reading: 0.060000
2023-11-10 16:23:23,151,scale_logger,DEBUG,Scale reading before Infusing: 8.672000
2023-11-10 16:23:38,023,scale_logger,DEBUG,Scale reading after Infusing: 8.725000
2023-11-10 16:23:38,023,scale_logger,DEBUG,Scale reading difference: 0.053000
2023-11-10 16:23:38,023,scale_logger,INFO,Data,Infusing,0.060000,1.000000,8.672000,8.725000
2023-11-10 16:24:42,402,scale_logger,DEBUG,Expected difference in scale reading: 0.060000
2023-11-10 16:24:42,403,scale_logger,DEBUG,Scale reading before Infusing: 8.718000
2023-11-10 16:24:57,271,scale_logger,DEBUG,Scale reading after Infusing: 8.772000
2023-11-10 16:24:57,271,scale_logger,DEBUG,Scale reading difference: 0.054000
2023-11-10 16:24:57,271,scale_logger,INFO,Data,Infusing,0.060000,1.000000,8.718000,8.772000
2023-11-10 16:26:06,344,scale_logger,DEBUG,Expected difference in scale reading: 0.110000
2023-11-10 16:26:06,344,scale_logger,DEBUG,Scale reading before Infusing: 8.764000
2023-11-10 16:26:25,894,scale_logger,DEBUG,Scale reading after Infusing: 8.867000
2023-11-10 16:26:25,894,scale_logger,DEBUG,Scale reading difference: 0.103000
2023-11-10 16:26:25,894,scale_logger,INFO,Data,Infusing,0.110000,1.000000,8.764000,8.867000
2023-11-10 16:27:34,033,scale_logger,DEBUG,Expected difference in scale reading: 0.100000
2023-11-10 16:27:34,033,scale_logger,DEBUG,Scale reading before Infusing: 8.860000
2023-11-10 16:27:52,657,scale_logger,DEBUG,Scale reading after Infusing: 8.953000
2023-11-10 16:27:52,658,scale_logger,DEBUG,Scale reading difference: 0.093000
2023-11-10 16:27:52,658,scale_logger,INFO,Data,Infusing,0.100000,1.000000,8.860000,8.953000
2023-11-10 16:29:04,661,scale_logger,DEBUG,Expected difference in scale reading: 0.130000
2023-11-10 16:29:04,661,scale_logger,DEBUG,Scale reading before Infusing: 8.944000
2023-11-10 16:29:26,105,scale_logger,DEBUG,Scale reading after Infusing: 9.067000
2023-11-10 16:29:26,106,scale_logger,DEBUG,Scale reading difference: 0.123000
2023-11-10 16:29:26,106,scale_logger,INFO,Data,Infusing,0.130000,1.000000,8.944000,9.067000
2023-11-10 16:30:31,560,scale_logger,DEBUG,Expected difference in scale reading: 0.050000
2023-11-10 16:30:31,561,scale_logger,DEBUG,Scale reading before Infusing: 9.060000
2023-11-10 16:30:45,514,scale_logger,DEBUG,Scale reading after Infusing: 9.105000
2023-11-10 16:30:45,515,scale_logger,DEBUG,Scale reading difference: 0.045000
2023-11-10 16:30:45,515,scale_logger,INFO,Data,Infusing,0.050000,1.000000,9.060000,9.105000
2023-11-10 16:31:57,526,scale_logger,DEBUG,Expected difference in scale reading: 0.120000
2023-11-10 16:31:57,526,scale_logger,DEBUG,Scale reading before Infusing: 9.096000
2023-11-10 16:32:18,065,scale_logger,DEBUG,Scale reading after Infusing: 9.210000
2023-11-10 16:32:18,065,scale_logger,DEBUG,Scale reading difference: 0.114000
2023-11-10 16:32:18,065,scale_logger,INFO,Data,Infusing,0.120000,1.000000,9.096000,9.210000
2023-11-10 16:33:22,591,scale_logger,DEBUG,Expected difference in scale reading: 0.040000
2023-11-10 16:33:22,591,scale_logger,DEBUG,Scale reading before Infusing: 9.203000
2023-11-10 16:33:35,611,scale_logger,DEBUG,Scale reading after Infusing: 9.237000
2023-11-10 16:33:35,612,scale_logger,DEBUG,Scale reading difference: 0.034000
2023-11-10 16:33:35,612,scale_logger,INFO,Data,Infusing,0.040000,1.000000,9.203000,9.237000
2023-11-10 16:34:42,890,scale_logger,DEBUG,Expected difference in scale reading: 0.080000
2023-11-10 16:34:42,890,scale_logger,DEBUG,Scale reading before Infusing: 9.230000
2023-11-10 16:35:00,286,scale_logger,DEBUG,Scale reading after Infusing: 9.303000
2023-11-10 16:35:00,286,scale_logger,DEBUG,Scale reading difference: 0.073000
2023-11-10 16:35:00,286,scale_logger,INFO,Data,Infusing,0.080000,1.000000,9.230000,9.303000
2023-11-10 16:36:09,300,scale_logger,DEBUG,Expected difference in scale reading: 0.120000
2023-11-10 16:36:09,300,scale_logger,DEBUG,Scale reading before Infusing: 9.295000
2023-11-10 16:36:29,839,scale_logger,DEBUG,Scale reading after Infusing: 9.408000
2023-11-10 16:36:29,840,scale_logger,DEBUG,Scale reading difference: 0.113000
2023-11-10 16:36:29,840,scale_logger,INFO,Data,Infusing,0.120000,1.000000,9.295000,9.408000
2023-11-10 16:37:36,933,scale_logger,DEBUG,Expected difference in scale reading: 0.100000
2023-11-10 16:37:36,934,scale_logger,DEBUG,Scale reading before Infusing: 9.401000
2023-11-10 16:37:55,597,scale_logger,DEBUG,Scale reading after Infusing: 9.494000
2023-11-10 16:37:55,597,scale_logger,DEBUG,Scale reading difference: 0.093000
2023-11-10 16:37:55,597,scale_logger,INFO,Data,Infusing,0.100000,1.000000,9.401000,9.494000
2023-11-10 16:38:59,154,scale_logger,DEBUG,Expected difference in scale reading: 0.040000
2023-11-10 16:38:59,154,scale_logger,DEBUG,Scale reading before Infusing: 9.488000
2023-11-10 16:39:12,182,scale_logger,DEBUG,Scale reading after Infusing: 9.522000
2023-11-10 16:39:12,182,scale_logger,DEBUG,Scale reading difference: 0.034000
2023-11-10 16:39:12,182,scale_logger,INFO,Data,Infusing,0.040000,1.000000,9.488000,9.522000
2023-11-10 16:40:20,389,scale_logger,DEBUG,Expected difference in scale reading: 0.090000
2023-11-10 16:40:20,390,scale_logger,DEBUG,Scale reading before Infusing: 9.515000
2023-11-10 16:40:38,092,scale_logger,DEBUG,Scale reading after Infusing: 9.597000
2023-11-10 16:40:38,093,scale_logger,DEBUG,Scale reading difference: 0.082000
2023-11-10 16:40:38,093,scale_logger,INFO,Data,Infusing,0.090000,1.000000,9.515000,9.597000
2023-11-10 16:41:43,421,scale_logger,DEBUG,Expected difference in scale reading: 0.070000
2023-11-10 16:41:43,422,scale_logger,DEBUG,Scale reading before Infusing: 9.590000
2023-11-10 16:41:59,272,scale_logger,DEBUG,Scale reading after Infusing: 9.656000
2023-11-10 16:41:59,272,scale_logger,DEBUG,Scale reading difference: 0.066000
2023-11-10 16:41:59,272,scale_logger,INFO,Data,Infusing,0.070000,1.000000,9.590000,9.656000
2023-11-10 16:43:05,536,scale_logger,DEBUG,Expected difference in scale reading: 0.080000
2023-11-10 16:43:05,536,scale_logger,DEBUG,Scale reading before Infusing: 9.647000
2023-11-10 16:43:22,309,scale_logger,DEBUG,Scale reading after Infusing: 9.721000
2023-11-10 16:43:22,309,scale_logger,DEBUG,Scale reading difference: 0.074000
2023-11-10 16:43:22,309,scale_logger,INFO,Data,Infusing,0.080000,1.000000,9.647000,9.721000
2023-11-10 16:44:23,059,scale_logger,DEBUG,Expected difference in scale reading: 0.020000
2023-11-10 16:44:23,060,scale_logger,DEBUG,Scale reading before Infusing: 9.715000
2023-11-10 16:44:34,177,scale_logger,DEBUG,Scale reading after Infusing: 9.729000
2023-11-10 16:44:34,177,scale_logger,DEBUG,Scale reading difference: 0.014000
2023-11-10 16:44:34,177,scale_logger,INFO,Data,Infusing,0.020000,1.000000,9.715000,9.729000
2023-11-10 16:45:39,523,scale_logger,DEBUG,Expected difference in scale reading: 0.070000
2023-11-10 16:45:39,524,scale_logger,DEBUG,Scale reading before Infusing: 9.723000
2023-11-10 16:45:55,325,scale_logger,DEBUG,Scale reading after Infusing: 9.786000
2023-11-10 16:45:55,326,scale_logger,DEBUG,Scale reading difference: 0.063000
2023-11-10 16:45:55,326,scale_logger,INFO,Data,Infusing,0.070000,1.000000,9.723000,9.786000
2023-11-10 16:46:58,850,scale_logger,DEBUG,Expected difference in scale reading: 0.040000
2023-11-10 16:46:58,851,scale_logger,DEBUG,Scale reading before Infusing: 9.779000
2023-11-10 16:47:11,872,scale_logger,DEBUG,Scale reading after Infusing: 9.812000
2023-11-10 16:47:11,873,scale_logger,DEBUG,Scale reading difference: 0.033000
2023-11-10 16:47:11,873,scale_logger,INFO,Data,Infusing,0.040000,1.000000,9.779000,9.812000
2023-11-10 16:48:19,131,scale_logger,DEBUG,Expected difference in scale reading: 0.080000
2023-11-10 16:48:19,131,scale_logger,DEBUG,Scale reading before Infusing: 9.806000
2023-11-10 16:48:35,906,scale_logger,DEBUG,Scale reading after Infusing: 9.880000
2023-11-10 16:48:35,907,scale_logger,DEBUG,Scale reading difference: 0.074000
2023-11-10 16:48:35,907,scale_logger,INFO,Data,Infusing,0.080000,1.000000,9.806000,9.880000
2023-11-10 16:49:36,548,scale_logger,DEBUG,Expected difference in scale reading: 0.020000
2023-11-10 16:49:36,549,scale_logger,DEBUG,Scale reading before Infusing: 9.873000
2023-11-10 16:49:47,669,scale_logger,DEBUG,Scale reading after Infusing: 9.886000
2023-11-10 16:49:47,669,scale_logger,DEBUG,Scale reading difference: 0.013000
2023-11-10 16:49:47,670,scale_logger,INFO,Data,Infusing,0.020000,1.000000,9.873000,9.886000
2023-11-10 16:50:55,865,scale_logger,DEBUG,Expected difference in scale reading: 0.090000
2023-11-10 16:50:55,865,scale_logger,DEBUG,Scale reading before Infusing: 9.879000
2023-11-10 16:51:13,562,scale_logger,DEBUG,Scale reading after Infusing: 9.963000
2023-11-10 16:51:13,563,scale_logger,DEBUG,Scale reading difference: 0.084000
2023-11-10 16:51:13,563,scale_logger,INFO,Data,Infusing,0.090000,1.000000,9.879000,9.963000
2023-11-10 16:52:22,690,scale_logger,DEBUG,Expected difference in scale reading: 0.100000
2023-11-10 16:52:22,690,scale_logger,DEBUG,Scale reading before Infusing: 9.955000
2023-11-10 16:52:41,312,scale_logger,DEBUG,Scale reading after Infusing: 10.050000
2023-11-10 16:52:41,312,scale_logger,DEBUG,Scale reading difference: 0.095000
2023-11-10 16:52:41,312,scale_logger,INFO,Data,Infusing,0.100000,1.000000,9.955000,10.050000
2023-11-10 16:53:50,288,scale_logger,DEBUG,Expected difference in scale reading: 0.120000
2023-11-10 16:53:50,288,scale_logger,DEBUG,Scale reading before Infusing: 10.040000
2023-11-10 16:54:10,832,scale_logger,DEBUG,Scale reading after Infusing: 10.153000
2023-11-10 16:54:10,832,scale_logger,DEBUG,Scale reading difference: 0.113000
2023-11-10 16:54:10,832,scale_logger,INFO,Data,Infusing,0.120000,1.000000,10.040000,10.153000
2023-11-10 16:55:15,239,scale_logger,DEBUG,Expected difference in scale reading: 0.070000
2023-11-10 16:55:15,240,scale_logger,DEBUG,Scale reading before Infusing: 10.147000
2023-11-10 16:55:31,051,scale_logger,DEBUG,Scale reading after Infusing: 10.209000
2023-11-10 16:55:31,051,scale_logger,DEBUG,Scale reading difference: 0.062000
2023-11-10 16:55:31,051,scale_logger,INFO,Data,Infusing,0.070000,1.000000,10.147000,10.209000
2023-11-10 16:56:41,051,scale_logger,DEBUG,Expected difference in scale reading: 0.120000
2023-11-10 16:56:41,051,scale_logger,DEBUG,Scale reading before Infusing: 10.202000
2023-11-10 16:57:01,595,scale_logger,DEBUG,Scale reading after Infusing: 10.314000
2023-11-10 16:57:01,596,scale_logger,DEBUG,Scale reading difference: 0.112000
2023-11-10 16:57:01,596,scale_logger,INFO,Data,Infusing,0.120000,1.000000,10.202000,10.314000
2023-11-10 16:58:03,169,scale_logger,DEBUG,Expected difference in scale reading: 0.030000
2023-11-10 16:58:03,169,scale_logger,DEBUG,Scale reading before Infusing: 10.307000
2023-11-10 16:58:15,220,scale_logger,DEBUG,Scale reading after Infusing: 10.332000
2023-11-10 16:58:15,221,scale_logger,DEBUG,Scale reading difference: 0.025000
2023-11-10 16:58:15,221,scale_logger,INFO,Data,Infusing,0.030000,1.000000,10.307000,10.332000
2023-11-10 16:59:24,329,scale_logger,DEBUG,Expected difference in scale reading: 0.110000
2023-11-10 16:59:24,330,scale_logger,DEBUG,Scale reading before Infusing: 10.324000
2023-11-10 16:59:43,897,scale_logger,DEBUG,Scale reading after Infusing: 10.428000
2023-11-10 16:59:43,898,scale_logger,DEBUG,Scale reading difference: 0.104000
2023-11-10 16:59:43,898,scale_logger,INFO,Data,Infusing,0.110000,1.000000,10.324000,10.428000
2023-11-10 17:00:54,845,scale_logger,DEBUG,Expected difference in scale reading: 0.130000
2023-11-10 17:00:54,845,scale_logger,DEBUG,Scale reading before Infusing: 10.419000
2023-11-10 17:01:16,319,scale_logger,DEBUG,Scale reading after Infusing: 10.541000
2023-11-10 17:01:16,320,scale_logger,DEBUG,Scale reading difference: 0.122000
2023-11-10 17:01:16,320,scale_logger,INFO,Data,Infusing,0.130000,1.000000,10.419000,10.541000
2023-11-10 17:02:26,459,scale_logger,DEBUG,Expected difference in scale reading: 0.110000
2023-11-10 17:02:26,460,scale_logger,DEBUG,Scale reading before Infusing: 10.533000
2023-11-10 17:02:46,021,scale_logger,DEBUG,Scale reading after Infusing: 10.637000
2023-11-10 17:02:46,022,scale_logger,DEBUG,Scale reading difference: 0.104000
2023-11-10 17:02:46,022,scale_logger,INFO,Data,Infusing,0.110000,1.000000,10.533000,10.637000
2023-11-10 17:03:57,068,scale_logger,DEBUG,Expected difference in scale reading: 0.120000
2023-11-10 17:03:57,068,scale_logger,DEBUG,Scale reading before Infusing: 10.628000
2023-11-10 17:04:17,611,scale_logger,DEBUG,Scale reading after Infusing: 10.742000
2023-11-10 17:04:17,611,scale_logger,DEBUG,Scale reading difference: 0.114000
2023-11-10 17:04:17,611,scale_logger,INFO,Data,Infusing,0.120000,1.000000,10.628000,10.742000
2023-11-10 17:05:26,758,scale_logger,DEBUG,Expected difference in scale reading: 0.110000
2023-11-10 17:05:26,758,scale_logger,DEBUG,Scale reading before Infusing: 10.734000
2023-11-10 17:05:46,325,scale_logger,DEBUG,Scale reading after Infusing: 10.837000
2023-11-10 17:05:46,326,scale_logger,DEBUG,Scale reading difference: 0.103000
2023-11-10 17:05:46,326,scale_logger,INFO,Data,Infusing,0.110000,1.000000,10.734000,10.837000
2023-11-10 17:06:45,997,scale_logger,DEBUG,Expected difference in scale reading: 0.020000
2023-11-10 17:06:45,998,scale_logger,DEBUG,Scale reading before Infusing: 10.831000
2023-11-10 17:06:57,127,scale_logger,DEBUG,Scale reading after Infusing: 10.845000
2023-11-10 17:06:57,128,scale_logger,DEBUG,Scale reading difference: 0.014000
2023-11-10 17:06:57,128,scale_logger,INFO,Data,Infusing,0.020000,1.000000,10.831000,10.845000
2023-11-10 17:08:04,202,scale_logger,DEBUG,Expected difference in scale reading: 0.110000
2023-11-10 17:08:04,202,scale_logger,DEBUG,Scale reading before Infusing: 10.838000
2023-11-10 17:08:23,746,scale_logger,DEBUG,Scale reading after Infusing: 10.941000
2023-11-10 17:08:23,746,scale_logger,DEBUG,Scale reading difference: 0.103000
2023-11-10 17:08:23,746,scale_logger,INFO,Data,Infusing,0.110000,1.000000,10.838000,10.941000
2023-11-10 17:09:23,343,scale_logger,DEBUG,Expected difference in scale reading: 0.020000
2023-11-10 17:09:23,343,scale_logger,DEBUG,Scale reading before Infusing: 10.934000
2023-11-10 17:09:34,463,scale_logger,DEBUG,Scale reading after Infusing: 10.949000
2023-11-10 17:09:34,463,scale_logger,DEBUG,Scale reading difference: 0.015000
2023-11-10 17:09:34,463,scale_logger,INFO,Data,Infusing,0.020000,1.000000,10.934000,10.949000
2023-11-10 17:10:44,441,scale_logger,DEBUG,Expected difference in scale reading: 0.120000
2023-11-10 17:10:44,441,scale_logger,DEBUG,Scale reading before Infusing: 10.941000
2023-11-10 17:11:04,972,scale_logger,DEBUG,Scale reading after Infusing: 11.055000
2023-11-10 17:11:04,972,scale_logger,DEBUG,Scale reading difference: 0.114000
2023-11-10 17:11:04,972,scale_logger,INFO,Data,Infusing,0.120000,1.000000,10.941000,11.055000
2023-11-10 17:12:14,964,scale_logger,DEBUG,Expected difference in scale reading: 0.130000
2023-11-10 17:12:14,965,scale_logger,DEBUG,Scale reading before Infusing: 11.046000
2023-11-10 17:12:36,428,scale_logger,DEBUG,Scale reading after Infusing: 11.168000
2023-11-10 17:12:36,428,scale_logger,DEBUG,Scale reading difference: 0.122000
2023-11-10 17:12:36,428,scale_logger,INFO,Data,Infusing,0.130000,1.000000,11.046000,11.168000
2023-11-10 17:13:39,789,scale_logger,DEBUG,Expected difference in scale reading: 0.060000
2023-11-10 17:13:39,790,scale_logger,DEBUG,Scale reading before Infusing: 11.162000
2023-11-10 17:13:54,667,scale_logger,DEBUG,Scale reading after Infusing: 11.216000
2023-11-10 17:13:54,667,scale_logger,DEBUG,Scale reading difference: 0.054000
2023-11-10 17:13:54,668,scale_logger,INFO,Data,Infusing,0.060000,1.000000,11.162000,11.216000
2023-11-10 17:14:56,309,scale_logger,DEBUG,Expected difference in scale reading: 0.020000
2023-11-10 17:14:56,309,scale_logger,DEBUG,Scale reading before Infusing: 11.209000
2023-11-10 17:15:07,432,scale_logger,DEBUG,Scale reading after Infusing: 11.223000
2023-11-10 17:15:07,432,scale_logger,DEBUG,Scale reading difference: 0.014000
2023-11-10 17:15:07,432,scale_logger,INFO,Data,Infusing,0.020000,1.000000,11.209000,11.223000
2023-11-10 17:16:20,433,scale_logger,DEBUG,Expected difference in scale reading: 0.130000
2023-11-10 17:16:20,433,scale_logger,DEBUG,Scale reading before Infusing: 11.216000
2023-11-10 17:16:41,884,scale_logger,DEBUG,Scale reading after Infusing: 11.339000
2023-11-10 17:16:41,884,scale_logger,DEBUG,Scale reading difference: 0.123000
2023-11-10 17:16:41,884,scale_logger,INFO,Data,Infusing,0.130000,1.000000,11.216000,11.339000
2023-11-10 17:17:46,288,scale_logger,DEBUG,Expected difference in scale reading: 0.060000
2023-11-10 17:17:46,289,scale_logger,DEBUG,Scale reading before Infusing: 11.331000
2023-11-10 17:18:01,166,scale_logger,DEBUG,Scale reading after Infusing: 11.384000
2023-11-10 17:18:01,167,scale_logger,DEBUG,Scale reading difference: 0.053000
2023-11-10 17:18:01,167,scale_logger,INFO,Data,Infusing,0.060000,1.000000,11.331000,11.384000
2023-11-10 17:19:11,170,scale_logger,DEBUG,Expected difference in scale reading: 0.120000
2023-11-10 17:19:11,170,scale_logger,DEBUG,Scale reading before Infusing: 11.376000
2023-11-10 17:19:31,713,scale_logger,DEBUG,Scale reading after Infusing: 11.490000
2023-11-10 17:19:31,713,scale_logger,DEBUG,Scale reading difference: 0.114000
2023-11-10 17:19:31,713,scale_logger,INFO,Data,Infusing,0.120000,1.000000,11.376000,11.490000
2023-11-10 17:20:36,171,scale_logger,DEBUG,Expected difference in scale reading: 0.050000
2023-11-10 17:20:36,171,scale_logger,DEBUG,Scale reading before Infusing: 11.482000
2023-11-10 17:20:50,129,scale_logger,DEBUG,Scale reading after Infusing: 11.526000
2023-11-10 17:20:50,130,scale_logger,DEBUG,Scale reading difference: 0.044000
2023-11-10 17:20:50,130,scale_logger,INFO,Data,Infusing,0.050000,1.000000,11.482000,11.526000
2023-11-10 17:21:53,579,scale_logger,DEBUG,Expected difference in scale reading: 0.050000
2023-11-10 17:21:53,579,scale_logger,DEBUG,Scale reading before Infusing: 11.519000
2023-11-10 17:22:07,546,scale_logger,DEBUG,Scale reading after Infusing: 11.564000
2023-11-10 17:22:07,547,scale_logger,DEBUG,Scale reading difference: 0.045000
2023-11-10 17:22:07,547,scale_logger,INFO,Data,Infusing,0.050000,1.000000,11.519000,11.564000
2023-11-10 17:23:10,022,scale_logger,DEBUG,Expected difference in scale reading: 0.040000
2023-11-10 17:23:10,023,scale_logger,DEBUG,Scale reading before Infusing: 11.557000
2023-11-10 17:23:23,038,scale_logger,DEBUG,Scale reading after Infusing: 11.590000
2023-11-10 17:23:23,039,scale_logger,DEBUG,Scale reading difference: 0.033000
2023-11-10 17:23:23,039,scale_logger,INFO,Data,Infusing,0.040000,1.000000,11.557000,11.590000
2023-11-10 17:24:28,413,scale_logger,DEBUG,Expected difference in scale reading: 0.060000
2023-11-10 17:24:28,414,scale_logger,DEBUG,Scale reading before Infusing: 11.583000
2023-11-10 17:24:43,286,scale_logger,DEBUG,Scale reading after Infusing: 11.638000
2023-11-10 17:24:43,287,scale_logger,DEBUG,Scale reading difference: 0.055000
2023-11-10 17:24:43,287,scale_logger,INFO,Data,Infusing,0.060000,1.000000,11.583000,11.638000
2023-11-10 17:25:53,372,scale_logger,DEBUG,Expected difference in scale reading: 0.110000
2023-11-10 17:25:53,372,scale_logger,DEBUG,Scale reading before Infusing: 11.629000
2023-11-10 17:26:12,935,scale_logger,DEBUG,Scale reading after Infusing: 11.733000
2023-11-10 17:26:12,935,scale_logger,DEBUG,Scale reading difference: 0.104000
2023-11-10 17:26:12,935,scale_logger,INFO,Data,Infusing,0.110000,1.000000,11.629000,11.733000
2023-11-10 17:27:15,577,scale_logger,DEBUG,Expected difference in scale reading: 0.020000
2023-11-10 17:27:15,578,scale_logger,DEBUG,Scale reading before Infusing: 11.726000
2023-11-10 17:27:26,710,scale_logger,DEBUG,Scale reading after Infusing: 11.741000
2023-11-10 17:27:26,711,scale_logger,DEBUG,Scale reading difference: 0.015000
2023-11-10 17:27:26,711,scale_logger,INFO,Data,Infusing,0.020000,1.000000,11.726000,11.741000
2023-11-10 17:28:34,028,scale_logger,DEBUG,Expected difference in scale reading: 0.070000
2023-11-10 17:28:34,029,scale_logger,DEBUG,Scale reading before Infusing: 11.733000
2023-11-10 17:28:49,883,scale_logger,DEBUG,Scale reading after Infusing: 11.795000
2023-11-10 17:28:49,883,scale_logger,DEBUG,Scale reading difference: 0.062000
2023-11-10 17:28:49,883,scale_logger,INFO,Data,Infusing,0.070000,1.000000,11.733000,11.795000
2023-11-10 17:29:57,050,scale_logger,DEBUG,Expected difference in scale reading: 0.090000
2023-11-10 17:29:57,050,scale_logger,DEBUG,Scale reading before Infusing: 11.789000
2023-11-10 17:30:14,762,scale_logger,DEBUG,Scale reading after Infusing: 11.872000
2023-11-10 17:30:14,762,scale_logger,DEBUG,Scale reading difference: 0.083000
2023-11-10 17:30:14,762,scale_logger,INFO,Data,Infusing,0.090000,1.000000,11.789000,11.872000
