2023-11-10 12:01:38,666,scale_logger,DEBUG,Expected difference in scale reading: 0.120000
2023-11-10 12:01:38,667,scale_logger,DEBUG,Scale reading before Infusing: 0.000000
2023-11-10 12:01:57,755,scale_logger,DEBUG,Scale reading after Infusing: 0.115000
2023-11-10 12:01:57,756,scale_logger,DEBUG,Scale reading difference: 0.115000
2023-11-10 12:01:57,756,scale_logger,INFO,Data,Infusing,0.120000,1.000000,0.000000,0.115000
2023-11-10 12:04:53,919,scale_logger,DEBUG,Expected difference in scale reading: 0.080000
2023-11-10 12:04:53,919,scale_logger,DEBUG,Scale reading before Infusing: 0.102000
2023-11-10 12:05:09,242,scale_logger,DEBUG,Scale reading after Infusing: 0.179000
2023-11-10 12:05:09,243,scale_logger,DEBUG,Scale reading difference: 0.077000
2023-11-10 12:05:09,243,scale_logger,INFO,Data,Infusing,0.080000,1.000000,0.102000,0.179000
2023-11-10 12:07:12,922,scale_logger,DEBUG,Expected difference in scale reading: 0.080000
2023-11-10 12:07:12,923,scale_logger,DEBUG,Scale reading before Infusing: 0.171000
2023-11-10 12:07:28,288,scale_logger,DEBUG,Scale reading after Infusing: 0.246000
2023-11-10 12:07:28,289,scale_logger,DEBUG,Scale reading difference: 0.075000
2023-11-10 12:07:28,289,scale_logger,INFO,Data,Infusing,0.080000,1.000000,0.171000,0.246000
2023-11-10 12:09:49,696,scale_logger,DEBUG,Expected difference in scale reading: 0.090000
2023-11-10 12:09:49,696,scale_logger,DEBUG,Scale reading before Infusing: 0.236000
2023-11-10 12:10:05,990,scale_logger,DEBUG,Scale reading after Infusing: 0.313000
2023-11-10 12:10:05,991,scale_logger,DEBUG,Scale reading difference: 0.077000
2023-11-10 12:10:05,991,scale_logger,INFO,Data,Infusing,0.090000,1.000000,0.236000,0.313000
2023-11-10 12:12:11,061,scale_logger,DEBUG,Expected difference in scale reading: 0.100000
2023-11-10 12:12:11,061,scale_logger,DEBUG,Scale reading before Infusing: 0.305000
2023-11-10 12:12:28,293,scale_logger,DEBUG,Scale reading after Infusing: 0.397000
2023-11-10 12:12:28,293,scale_logger,DEBUG,Scale reading difference: 0.092000
2023-11-10 12:12:28,293,scale_logger,INFO,Data,Infusing,0.100000,1.000000,0.305000,0.397000
2023-11-10 12:18:17,891,scale_logger,DEBUG,Expected difference in scale reading: 0.080000
2023-11-10 12:18:17,891,scale_logger,DEBUG,Scale reading before Infusing: 0.380000
2023-11-10 12:18:34,646,scale_logger,DEBUG,Scale reading after Infusing: 0.455000
2023-11-10 12:18:34,647,scale_logger,DEBUG,Scale reading difference: 0.075000
2023-11-10 12:18:34,647,scale_logger,INFO,Data,Infusing,0.080000,1.000000,0.380000,0.455000
2023-11-10 12:19:53,211,scale_logger,DEBUG,Expected difference in scale reading: 0.070000
2023-11-10 12:19:53,211,scale_logger,DEBUG,Scale reading before Infusing: 0.450000
2023-11-10 12:20:09,057,scale_logger,DEBUG,Scale reading after Infusing: 0.516000
2023-11-10 12:20:09,057,scale_logger,DEBUG,Scale reading difference: 0.066000
2023-11-10 12:20:09,057,scale_logger,INFO,Data,Infusing,0.070000,1.000000,0.450000,0.516000
2023-11-10 12:21:10,711,scale_logger,DEBUG,Expected difference in scale reading: 0.020000
2023-11-10 12:21:10,711,scale_logger,DEBUG,Scale reading before Infusing: 0.512000
2023-11-10 12:21:21,864,scale_logger,DEBUG,Scale reading after Infusing: 0.526000
2023-11-10 12:21:21,864,scale_logger,DEBUG,Scale reading difference: 0.014000
2023-11-10 12:21:21,864,scale_logger,INFO,Data,Infusing,0.020000,1.000000,0.512000,0.526000
2023-11-10 12:22:28,111,scale_logger,DEBUG,Expected difference in scale reading: 0.080000
2023-11-10 12:22:28,111,scale_logger,DEBUG,Scale reading before Infusing: 0.523000
2023-11-10 12:22:44,893,scale_logger,DEBUG,Scale reading after Infusing: 0.598000
2023-11-10 12:22:44,893,scale_logger,DEBUG,Scale reading difference: 0.075000
2023-11-10 12:22:44,893,scale_logger,INFO,Data,Infusing,0.080000,1.000000,0.523000,0.598000
2023-11-10 12:23:52,070,scale_logger,DEBUG,Expected difference in scale reading: 0.090000
2023-11-10 12:23:52,070,scale_logger,DEBUG,Scale reading before Infusing: 0.594000
2023-11-10 12:24:09,752,scale_logger,DEBUG,Scale reading after Infusing: 0.678000
2023-11-10 12:24:09,752,scale_logger,DEBUG,Scale reading difference: 0.084000
2023-11-10 12:24:09,752,scale_logger,INFO,Data,Infusing,0.090000,1.000000,0.594000,0.678000
2023-11-10 12:25:20,718,scale_logger,DEBUG,Expected difference in scale reading: 0.130000
2023-11-10 12:25:20,718,scale_logger,DEBUG,Scale reading before Infusing: 0.674000
2023-11-10 12:25:42,169,scale_logger,DEBUG,Scale reading after Infusing: 0.801000
2023-11-10 12:25:42,169,scale_logger,DEBUG,Scale reading difference: 0.127000
2023-11-10 12:25:42,169,scale_logger,INFO,Data,Infusing,0.130000,1.000000,0.674000,0.801000
2023-11-10 12:26:44,781,scale_logger,DEBUG,Expected difference in scale reading: 0.040000
2023-11-10 12:26:44,781,scale_logger,DEBUG,Scale reading before Infusing: 0.797000
2023-11-10 12:26:57,778,scale_logger,DEBUG,Scale reading after Infusing: 0.832000
2023-11-10 12:26:57,778,scale_logger,DEBUG,Scale reading difference: 0.035000
2023-11-10 12:26:57,778,scale_logger,INFO,Data,Infusing,0.040000,1.000000,0.797000,0.832000
2023-11-10 12:28:06,974,scale_logger,DEBUG,Expected difference in scale reading: 0.100000
2023-11-10 12:28:06,974,scale_logger,DEBUG,Scale reading before Infusing: 0.828000
2023-11-10 12:28:25,611,scale_logger,DEBUG,Scale reading after Infusing: 0.923000
2023-11-10 12:28:25,612,scale_logger,DEBUG,Scale reading difference: 0.095000
2023-11-10 12:28:25,612,scale_logger,INFO,Data,Infusing,0.100000,1.000000,0.828000,0.923000
2023-11-10 12:29:36,667,scale_logger,DEBUG,Expected difference in scale reading: 0.120000
2023-11-10 12:29:36,667,scale_logger,DEBUG,Scale reading before Infusing: 0.919000
2023-11-10 12:29:57,154,scale_logger,DEBUG,Scale reading after Infusing: 1.036000
2023-11-10 12:29:57,154,scale_logger,DEBUG,Scale reading difference: 0.117000
2023-11-10 12:29:57,155,scale_logger,INFO,Data,Infusing,0.120000,1.000000,0.919000,1.036000
2023-11-10 12:31:02,540,scale_logger,DEBUG,Expected difference in scale reading: 0.070000
2023-11-10 12:31:02,541,scale_logger,DEBUG,Scale reading before Infusing: 1.030000
2023-11-10 12:31:18,356,scale_logger,DEBUG,Scale reading after Infusing: 1.096000
2023-11-10 12:31:18,356,scale_logger,DEBUG,Scale reading difference: 0.066000
2023-11-10 12:31:18,356,scale_logger,INFO,Data,Infusing,0.070000,1.000000,1.030000,1.096000
2023-11-10 12:32:20,892,scale_logger,DEBUG,Expected difference in scale reading: 0.050000
2023-11-10 12:32:20,893,scale_logger,DEBUG,Scale reading before Infusing: 1.092000
2023-11-10 12:32:34,852,scale_logger,DEBUG,Scale reading after Infusing: 1.138000
2023-11-10 12:32:34,852,scale_logger,DEBUG,Scale reading difference: 0.046000
2023-11-10 12:32:34,852,scale_logger,INFO,Data,Infusing,0.050000,1.000000,1.092000,1.138000
2023-11-10 12:33:44,767,scale_logger,DEBUG,Expected difference in scale reading: 0.130000
2023-11-10 12:33:44,767,scale_logger,DEBUG,Scale reading before Infusing: 1.134000
2023-11-10 12:34:06,560,scale_logger,DEBUG,Scale reading after Infusing: 1.260000
2023-11-10 12:34:06,560,scale_logger,DEBUG,Scale reading difference: 0.126000
2023-11-10 12:34:06,560,scale_logger,INFO,Data,Infusing,0.130000,1.000000,1.134000,1.260000
2023-11-10 12:35:15,694,scale_logger,DEBUG,Expected difference in scale reading: 0.110000
2023-11-10 12:35:15,694,scale_logger,DEBUG,Scale reading before Infusing: 1.255000
2023-11-10 12:35:35,265,scale_logger,DEBUG,Scale reading after Infusing: 1.362000
2023-11-10 12:35:35,265,scale_logger,DEBUG,Scale reading difference: 0.107000
2023-11-10 12:35:35,265,scale_logger,INFO,Data,Infusing,0.110000,1.000000,1.255000,1.362000
2023-11-10 12:36:40,697,scale_logger,DEBUG,Expected difference in scale reading: 0.070000
2023-11-10 12:36:40,697,scale_logger,DEBUG,Scale reading before Infusing: 1.358000
2023-11-10 12:36:56,500,scale_logger,DEBUG,Scale reading after Infusing: 1.423000
2023-11-10 12:36:56,500,scale_logger,DEBUG,Scale reading difference: 0.065000
2023-11-10 12:36:56,500,scale_logger,INFO,Data,Infusing,0.070000,1.000000,1.358000,1.423000
2023-11-10 12:38:01,004,scale_logger,DEBUG,Expected difference in scale reading: 0.050000
2023-11-10 12:38:01,004,scale_logger,DEBUG,Scale reading before Infusing: 1.419000
2023-11-10 12:38:14,946,scale_logger,DEBUG,Scale reading after Infusing: 1.465000
2023-11-10 12:38:14,946,scale_logger,DEBUG,Scale reading difference: 0.046000
2023-11-10 12:38:14,946,scale_logger,INFO,Data,Infusing,0.050000,1.000000,1.419000,1.465000
2023-11-10 12:39:25,019,scale_logger,DEBUG,Expected difference in scale reading: 0.120000
2023-11-10 12:39:25,020,scale_logger,DEBUG,Scale reading before Infusing: 1.460000
2023-11-10 12:39:45,528,scale_logger,DEBUG,Scale reading after Infusing: 1.576000
2023-11-10 12:39:45,528,scale_logger,DEBUG,Scale reading difference: 0.116000
2023-11-10 12:39:45,528,scale_logger,INFO,Data,Infusing,0.120000,1.000000,1.460000,1.576000
2023-11-10 12:40:49,031,scale_logger,DEBUG,Expected difference in scale reading: 0.060000
2023-11-10 12:40:49,031,scale_logger,DEBUG,Scale reading before Infusing: 1.573000
2023-11-10 12:41:03,887,scale_logger,DEBUG,Scale reading after Infusing: 1.629000
2023-11-10 12:41:03,888,scale_logger,DEBUG,Scale reading difference: 0.056000
2023-11-10 12:41:03,888,scale_logger,INFO,Data,Infusing,0.060000,1.000000,1.573000,1.629000
2023-11-10 12:42:15,845,scale_logger,DEBUG,Expected difference in scale reading: 0.130000
2023-11-10 12:42:15,845,scale_logger,DEBUG,Scale reading before Infusing: 1.624000
2023-11-10 12:42:37,271,scale_logger,DEBUG,Scale reading after Infusing: 1.751000
2023-11-10 12:42:37,271,scale_logger,DEBUG,Scale reading difference: 0.127000
2023-11-10 12:42:37,271,scale_logger,INFO,Data,Infusing,0.130000,1.000000,1.624000,1.751000
2023-11-10 12:43:42,731,scale_logger,DEBUG,Expected difference in scale reading: 0.060000
2023-11-10 12:43:42,731,scale_logger,DEBUG,Scale reading before Infusing: 1.747000
2023-11-10 12:43:57,588,scale_logger,DEBUG,Scale reading after Infusing: 1.803000
2023-11-10 12:43:57,589,scale_logger,DEBUG,Scale reading difference: 0.056000
2023-11-10 12:43:57,589,scale_logger,INFO,Data,Infusing,0.060000,1.000000,1.747000,1.803000
2023-11-10 12:45:00,344,scale_logger,DEBUG,Expected difference in scale reading: 0.030000
2023-11-10 12:45:00,344,scale_logger,DEBUG,Scale reading before Infusing: 1.801000
2023-11-10 12:45:12,437,scale_logger,DEBUG,Scale reading after Infusing: 1.825000
2023-11-10 12:45:12,438,scale_logger,DEBUG,Scale reading difference: 0.024000
2023-11-10 12:45:12,438,scale_logger,INFO,Data,Infusing,0.030000,1.000000,1.801000,1.825000
2023-11-10 12:46:15,112,scale_logger,DEBUG,Expected difference in scale reading: 0.020000
2023-11-10 12:46:15,113,scale_logger,DEBUG,Scale reading before Infusing: 1.822000
2023-11-10 12:46:26,241,scale_logger,DEBUG,Scale reading after Infusing: 1.838000
2023-11-10 12:46:26,241,scale_logger,DEBUG,Scale reading difference: 0.016000
2023-11-10 12:46:26,241,scale_logger,INFO,Data,Infusing,0.020000,1.000000,1.822000,1.838000
2023-11-10 12:47:36,462,scale_logger,DEBUG,Expected difference in scale reading: 0.110000
2023-11-10 12:47:36,463,scale_logger,DEBUG,Scale reading before Infusing: 1.834000
2023-11-10 12:47:56,036,scale_logger,DEBUG,Scale reading after Infusing: 1.941000
2023-11-10 12:47:56,037,scale_logger,DEBUG,Scale reading difference: 0.107000
2023-11-10 12:47:56,037,scale_logger,INFO,Data,Infusing,0.110000,1.000000,1.834000,1.941000
2023-11-10 12:48:58,532,scale_logger,DEBUG,Expected difference in scale reading: 0.030000
2023-11-10 12:48:58,532,scale_logger,DEBUG,Scale reading before Infusing: 1.936000
2023-11-10 12:49:10,586,scale_logger,DEBUG,Scale reading after Infusing: 1.962000
2023-11-10 12:49:10,587,scale_logger,DEBUG,Scale reading difference: 0.026000
2023-11-10 12:49:10,587,scale_logger,INFO,Data,Infusing,0.030000,1.000000,1.936000,1.962000
2023-11-10 12:50:16,019,scale_logger,DEBUG,Expected difference in scale reading: 0.060000
2023-11-10 12:50:16,020,scale_logger,DEBUG,Scale reading before Infusing: 1.959000
2023-11-10 12:50:30,911,scale_logger,DEBUG,Scale reading after Infusing: 2.013000
2023-11-10 12:50:30,911,scale_logger,DEBUG,Scale reading difference: 0.054000
2023-11-10 12:50:30,911,scale_logger,INFO,Data,Infusing,0.060000,1.000000,1.959000,2.013000
2023-11-10 12:51:35,358,scale_logger,DEBUG,Expected difference in scale reading: 0.050000
2023-11-10 12:51:35,358,scale_logger,DEBUG,Scale reading before Infusing: 2.010000
2023-11-10 12:51:49,307,scale_logger,DEBUG,Scale reading after Infusing: 2.056000
2023-11-10 12:51:49,307,scale_logger,DEBUG,Scale reading difference: 0.046000
2023-11-10 12:51:49,307,scale_logger,INFO,Data,Infusing,0.050000,1.000000,2.010000,2.056000
2023-11-10 12:52:54,760,scale_logger,DEBUG,Expected difference in scale reading: 0.050000
2023-11-10 12:52:54,760,scale_logger,DEBUG,Scale reading before Infusing: 2.051000
2023-11-10 12:53:08,711,scale_logger,DEBUG,Scale reading after Infusing: 2.098000
2023-11-10 12:53:08,711,scale_logger,DEBUG,Scale reading difference: 0.047000
2023-11-10 12:53:08,711,scale_logger,INFO,Data,Infusing,0.050000,1.000000,2.051000,2.098000
2023-11-10 12:54:11,252,scale_logger,DEBUG,Expected difference in scale reading: 0.030000
2023-11-10 12:54:11,252,scale_logger,DEBUG,Scale reading before Infusing: 2.094000
2023-11-10 12:54:23,317,scale_logger,DEBUG,Scale reading after Infusing: 2.119000
2023-11-10 12:54:23,317,scale_logger,DEBUG,Scale reading difference: 0.025000
2023-11-10 12:54:23,318,scale_logger,INFO,Data,Infusing,0.030000,1.000000,2.094000,2.119000
2023-11-10 12:55:25,009,scale_logger,DEBUG,Expected difference in scale reading: 0.020000
2023-11-10 12:55:25,010,scale_logger,DEBUG,Scale reading before Infusing: 2.117000
2023-11-10 12:55:36,145,scale_logger,DEBUG,Scale reading after Infusing: 2.132000
2023-11-10 12:55:36,146,scale_logger,DEBUG,Scale reading difference: 0.015000
2023-11-10 12:55:36,146,scale_logger,INFO,Data,Infusing,0.020000,1.000000,2.117000,2.132000
2023-11-10 12:56:38,702,scale_logger,DEBUG,Expected difference in scale reading: 0.040000
2023-11-10 12:56:38,703,scale_logger,DEBUG,Scale reading before Infusing: 2.130000
2023-11-10 12:56:51,694,scale_logger,DEBUG,Scale reading after Infusing: 2.165000
2023-11-10 12:56:51,694,scale_logger,DEBUG,Scale reading difference: 0.035000
2023-11-10 12:56:51,694,scale_logger,INFO,Data,Infusing,0.040000,1.000000,2.130000,2.165000
2023-11-10 12:57:59,779,scale_logger,DEBUG,Expected difference in scale reading: 0.100000
2023-11-10 12:57:59,779,scale_logger,DEBUG,Scale reading before Infusing: 2.160000
2023-11-10 12:58:18,393,scale_logger,DEBUG,Scale reading after Infusing: 2.256000
2023-11-10 12:58:18,393,scale_logger,DEBUG,Scale reading difference: 0.096000
2023-11-10 12:58:18,393,scale_logger,INFO,Data,Infusing,0.100000,1.000000,2.160000,2.256000
2023-11-10 12:59:28,324,scale_logger,DEBUG,Expected difference in scale reading: 0.120000
2023-11-10 12:59:28,324,scale_logger,DEBUG,Scale reading before Infusing: 2.251000
2023-11-10 12:59:48,845,scale_logger,DEBUG,Scale reading after Infusing: 2.369000
2023-11-10 12:59:48,845,scale_logger,DEBUG,Scale reading difference: 0.118000
2023-11-10 12:59:48,845,scale_logger,INFO,Data,Infusing,0.120000,1.000000,2.251000,2.369000
2023-11-10 13:00:55,128,scale_logger,DEBUG,Expected difference in scale reading: 0.090000
2023-11-10 13:00:55,129,scale_logger,DEBUG,Scale reading before Infusing: 2.365000
2023-11-10 13:01:12,815,scale_logger,DEBUG,Scale reading after Infusing: 2.451000
2023-11-10 13:01:12,816,scale_logger,DEBUG,Scale reading difference: 0.086000
2023-11-10 13:01:12,816,scale_logger,INFO,Data,Infusing,0.090000,1.000000,2.365000,2.451000
2023-11-10 13:02:21,855,scale_logger,DEBUG,Expected difference in scale reading: 0.120000
2023-11-10 13:02:21,855,scale_logger,DEBUG,Scale reading before Infusing: 2.447000
2023-11-10 13:02:42,336,scale_logger,DEBUG,Scale reading after Infusing: 2.564000
2023-11-10 13:02:42,337,scale_logger,DEBUG,Scale reading difference: 0.117000
2023-11-10 13:02:42,337,scale_logger,INFO,Data,Infusing,0.120000,1.000000,2.447000,2.564000
2023-11-10 13:03:53,302,scale_logger,DEBUG,Expected difference in scale reading: 0.130000
2023-11-10 13:03:53,303,scale_logger,DEBUG,Scale reading before Infusing: 2.559000
2023-11-10 13:04:14,765,scale_logger,DEBUG,Scale reading after Infusing: 2.686000
2023-11-10 13:04:14,766,scale_logger,DEBUG,Scale reading difference: 0.127000
2023-11-10 13:04:14,766,scale_logger,INFO,Data,Infusing,0.130000,1.000000,2.559000,2.686000
2023-11-10 13:05:15,346,scale_logger,DEBUG,Expected difference in scale reading: 0.020000
2023-11-10 13:05:15,347,scale_logger,DEBUG,Scale reading before Infusing: 2.683000
2023-11-10 13:05:26,490,scale_logger,DEBUG,Scale reading after Infusing: 2.697000
2023-11-10 13:05:26,490,scale_logger,DEBUG,Scale reading difference: 0.014000
2023-11-10 13:05:26,490,scale_logger,INFO,Data,Infusing,0.020000,1.000000,2.683000,2.697000
2023-11-10 13:06:34,623,scale_logger,DEBUG,Expected difference in scale reading: 0.110000
2023-11-10 13:06:34,623,scale_logger,DEBUG,Scale reading before Infusing: 2.694000
2023-11-10 13:06:54,204,scale_logger,DEBUG,Scale reading after Infusing: 2.801000
2023-11-10 13:06:54,205,scale_logger,DEBUG,Scale reading difference: 0.107000
2023-11-10 13:06:54,205,scale_logger,INFO,Data,Infusing,0.110000,1.000000,2.694000,2.801000
2023-11-10 13:08:02,359,scale_logger,DEBUG,Expected difference in scale reading: 0.110000
2023-11-10 13:08:02,360,scale_logger,DEBUG,Scale reading before Infusing: 2.798000
2023-11-10 13:08:21,939,scale_logger,DEBUG,Scale reading after Infusing: 2.904000
2023-11-10 13:08:21,939,scale_logger,DEBUG,Scale reading difference: 0.106000
2023-11-10 13:08:21,939,scale_logger,INFO,Data,Infusing,0.110000,1.000000,2.798000,2.904000
2023-11-10 13:09:24,479,scale_logger,DEBUG,Expected difference in scale reading: 0.040000
2023-11-10 13:09:24,480,scale_logger,DEBUG,Scale reading before Infusing: 2.902000
2023-11-10 13:09:37,499,scale_logger,DEBUG,Scale reading after Infusing: 2.937000
2023-11-10 13:09:37,500,scale_logger,DEBUG,Scale reading difference: 0.035000
2023-11-10 13:09:37,500,scale_logger,INFO,Data,Infusing,0.040000,1.000000,2.902000,2.937000
2023-11-10 13:10:43,824,scale_logger,DEBUG,Expected difference in scale reading: 0.080000
2023-11-10 13:10:43,825,scale_logger,DEBUG,Scale reading before Infusing: 2.935000
2023-11-10 13:11:00,591,scale_logger,DEBUG,Scale reading after Infusing: 3.011000
2023-11-10 13:11:00,592,scale_logger,DEBUG,Scale reading difference: 0.076000
2023-11-10 13:11:00,592,scale_logger,INFO,Data,Infusing,0.080000,1.000000,2.935000,3.011000
2023-11-10 13:12:04,118,scale_logger,DEBUG,Expected difference in scale reading: 0.040000
2023-11-10 13:12:04,119,scale_logger,DEBUG,Scale reading before Infusing: 3.006000
2023-11-10 13:12:17,100,scale_logger,DEBUG,Scale reading after Infusing: 3.041000
2023-11-10 13:12:17,101,scale_logger,DEBUG,Scale reading difference: 0.035000
2023-11-10 13:12:17,101,scale_logger,INFO,Data,Infusing,0.040000,1.000000,3.006000,3.041000
2023-11-10 13:13:29,065,scale_logger,DEBUG,Expected difference in scale reading: 0.130000
2023-11-10 13:13:29,066,scale_logger,DEBUG,Scale reading before Infusing: 3.038000
2023-11-10 13:13:50,492,scale_logger,DEBUG,Scale reading after Infusing: 3.165000
2023-11-10 13:13:50,493,scale_logger,DEBUG,Scale reading difference: 0.127000
2023-11-10 13:13:50,493,scale_logger,INFO,Data,Infusing,0.130000,1.000000,3.038000,3.165000
2023-11-10 13:14:54,897,scale_logger,DEBUG,Expected difference in scale reading: 0.060000
2023-11-10 13:14:54,897,scale_logger,DEBUG,Scale reading before Infusing: 3.161000
2023-11-10 13:15:09,771,scale_logger,DEBUG,Scale reading after Infusing: 3.217000
2023-11-10 13:15:09,771,scale_logger,DEBUG,Scale reading difference: 0.056000
2023-11-10 13:15:09,771,scale_logger,INFO,Data,Infusing,0.060000,1.000000,3.161000,3.217000
2023-11-10 13:16:13,389,scale_logger,DEBUG,Expected difference in scale reading: 0.040000
2023-11-10 13:16:13,390,scale_logger,DEBUG,Scale reading before Infusing: 3.214000
2023-11-10 13:16:26,401,scale_logger,DEBUG,Scale reading after Infusing: 3.249000
2023-11-10 13:16:26,402,scale_logger,DEBUG,Scale reading difference: 0.035000
2023-11-10 13:16:26,402,scale_logger,INFO,Data,Infusing,0.040000,1.000000,3.214000,3.249000
2023-11-10 13:17:30,999,scale_logger,DEBUG,Expected difference in scale reading: 0.040000
2023-11-10 13:17:31,000,scale_logger,DEBUG,Scale reading before Infusing: 3.247000
2023-11-10 13:17:43,993,scale_logger,DEBUG,Scale reading after Infusing: 3.282000
2023-11-10 13:17:43,994,scale_logger,DEBUG,Scale reading difference: 0.035000
2023-11-10 13:17:43,994,scale_logger,INFO,Data,Infusing,0.040000,1.000000,3.247000,3.282000
2023-11-10 13:18:49,511,scale_logger,DEBUG,Expected difference in scale reading: 0.050000
2023-11-10 13:18:49,512,scale_logger,DEBUG,Scale reading before Infusing: 3.279000
2023-11-10 13:19:03,460,scale_logger,DEBUG,Scale reading after Infusing: 3.324000
2023-11-10 13:19:03,460,scale_logger,DEBUG,Scale reading difference: 0.045000
2023-11-10 13:19:03,460,scale_logger,INFO,Data,Infusing,0.050000,1.000000,3.279000,3.324000
2023-11-10 13:20:08,855,scale_logger,DEBUG,Expected difference in scale reading: 0.070000
2023-11-10 13:20:08,856,scale_logger,DEBUG,Scale reading before Infusing: 3.321000
2023-11-10 13:20:24,662,scale_logger,DEBUG,Scale reading after Infusing: 3.386000
2023-11-10 13:20:24,663,scale_logger,DEBUG,Scale reading difference: 0.065000
2023-11-10 13:20:24,663,scale_logger,INFO,Data,Infusing,0.070000,1.000000,3.321000,3.386000
2023-11-10 13:21:32,190,scale_logger,DEBUG,Expected difference in scale reading: 0.090000
2023-11-10 13:21:32,190,scale_logger,DEBUG,Scale reading before Infusing: 3.383000
2023-11-10 13:21:49,886,scale_logger,DEBUG,Scale reading after Infusing: 3.470000
2023-11-10 13:21:49,886,scale_logger,DEBUG,Scale reading difference: 0.087000
2023-11-10 13:21:49,886,scale_logger,INFO,Data,Infusing,0.090000,1.000000,3.383000,3.470000
2023-11-10 13:22:59,912,scale_logger,DEBUG,Expected difference in scale reading: 0.120000
2023-11-10 13:22:59,912,scale_logger,DEBUG,Scale reading before Infusing: 3.465000
2023-11-10 13:23:20,428,scale_logger,DEBUG,Scale reading after Infusing: 3.581000
2023-11-10 13:23:20,428,scale_logger,DEBUG,Scale reading difference: 0.116000
2023-11-10 13:23:20,428,scale_logger,INFO,Data,Infusing,0.120000,1.000000,3.465000,3.581000
2023-11-10 13:24:25,751,scale_logger,DEBUG,Expected difference in scale reading: 0.080000
2023-11-10 13:24:25,752,scale_logger,DEBUG,Scale reading before Infusing: 3.577000
2023-11-10 13:24:42,528,scale_logger,DEBUG,Scale reading after Infusing: 3.653000
2023-11-10 13:24:42,528,scale_logger,DEBUG,Scale reading difference: 0.076000
2023-11-10 13:24:42,528,scale_logger,INFO,Data,Infusing,0.080000,1.000000,3.577000,3.653000
2023-11-10 13:25:47,749,scale_logger,DEBUG,Expected difference in scale reading: 0.090000
2023-11-10 13:25:47,750,scale_logger,DEBUG,Scale reading before Infusing: 3.649000
2023-11-10 13:26:05,453,scale_logger,DEBUG,Scale reading after Infusing: 3.735000
2023-11-10 13:26:05,454,scale_logger,DEBUG,Scale reading difference: 0.086000
2023-11-10 13:26:05,454,scale_logger,INFO,Data,Infusing,0.090000,1.000000,3.649000,3.735000
2023-11-10 13:27:06,118,scale_logger,DEBUG,Expected difference in scale reading: 0.030000
2023-11-10 13:27:06,118,scale_logger,DEBUG,Scale reading before Infusing: 3.732000
2023-11-10 13:27:18,204,scale_logger,DEBUG,Scale reading after Infusing: 3.757000
2023-11-10 13:27:18,204,scale_logger,DEBUG,Scale reading difference: 0.025000
2023-11-10 13:27:18,204,scale_logger,INFO,Data,Infusing,0.030000,1.000000,3.732000,3.757000
2023-11-10 13:28:22,664,scale_logger,DEBUG,Expected difference in scale reading: 0.060000
2023-11-10 13:28:22,665,scale_logger,DEBUG,Scale reading before Infusing: 3.754000
2023-11-10 13:28:37,535,scale_logger,DEBUG,Scale reading after Infusing: 3.809000
2023-11-10 13:28:37,535,scale_logger,DEBUG,Scale reading difference: 0.055000
2023-11-10 13:28:37,535,scale_logger,INFO,Data,Infusing,0.060000,1.000000,3.754000,3.809000
2023-11-10 13:29:42,046,scale_logger,DEBUG,Expected difference in scale reading: 0.050000
2023-11-10 13:29:42,046,scale_logger,DEBUG,Scale reading before Infusing: 3.805000
2023-11-10 13:29:55,978,scale_logger,DEBUG,Scale reading after Infusing: 3.851000
2023-11-10 13:29:55,978,scale_logger,DEBUG,Scale reading difference: 0.046000
2023-11-10 13:29:55,978,scale_logger,INFO,Data,Infusing,0.050000,1.000000,3.805000,3.851000
2023-11-10 13:30:58,721,scale_logger,DEBUG,Expected difference in scale reading: 0.030000
2023-11-10 13:30:58,722,scale_logger,DEBUG,Scale reading before Infusing: 3.847000
2023-11-10 13:31:10,805,scale_logger,DEBUG,Scale reading after Infusing: 3.871000
2023-11-10 13:31:10,805,scale_logger,DEBUG,Scale reading difference: 0.024000
2023-11-10 13:31:10,805,scale_logger,INFO,Data,Infusing,0.030000,1.000000,3.847000,3.871000
2023-11-10 13:32:14,342,scale_logger,DEBUG,Expected difference in scale reading: 0.040000
2023-11-10 13:32:14,342,scale_logger,DEBUG,Scale reading before Infusing: 3.869000
2023-11-10 13:32:27,353,scale_logger,DEBUG,Scale reading after Infusing: 3.903000
2023-11-10 13:32:27,353,scale_logger,DEBUG,Scale reading difference: 0.034000
2023-11-10 13:32:27,353,scale_logger,INFO,Data,Infusing,0.040000,1.000000,3.869000,3.903000
2023-11-10 13:33:36,709,scale_logger,DEBUG,Expected difference in scale reading: 0.100000
2023-11-10 13:33:36,709,scale_logger,DEBUG,Scale reading before Infusing: 3.900000
2023-11-10 13:33:55,345,scale_logger,DEBUG,Scale reading after Infusing: 3.995000
2023-11-10 13:33:55,345,scale_logger,DEBUG,Scale reading difference: 0.095000
2023-11-10 13:33:55,345,scale_logger,INFO,Data,Infusing,0.100000,1.000000,3.900000,3.995000
2023-11-10 13:35:00,718,scale_logger,DEBUG,Expected difference in scale reading: 0.070000
2023-11-10 13:35:00,719,scale_logger,DEBUG,Scale reading before Infusing: 3.991000
2023-11-10 13:35:16,513,scale_logger,DEBUG,Scale reading after Infusing: 4.058000
2023-11-10 13:35:16,513,scale_logger,DEBUG,Scale reading difference: 0.067000
2023-11-10 13:35:16,513,scale_logger,INFO,Data,Infusing,0.070000,1.000000,3.991000,4.058000
2023-11-10 13:36:24,619,scale_logger,DEBUG,Expected difference in scale reading: 0.110000
2023-11-10 13:36:24,620,scale_logger,DEBUG,Scale reading before Infusing: 4.052000
2023-11-10 13:36:44,178,scale_logger,DEBUG,Scale reading after Infusing: 4.160000
2023-11-10 13:36:44,179,scale_logger,DEBUG,Scale reading difference: 0.108000
2023-11-10 13:36:44,179,scale_logger,INFO,Data,Infusing,0.110000,1.000000,4.052000,4.160000
2023-11-10 13:37:50,431,scale_logger,DEBUG,Expected difference in scale reading: 0.090000
2023-11-10 13:37:50,431,scale_logger,DEBUG,Scale reading before Infusing: 4.155000
2023-11-10 13:38:08,134,scale_logger,DEBUG,Scale reading after Infusing: 4.241000
2023-11-10 13:38:08,135,scale_logger,DEBUG,Scale reading difference: 0.086000
2023-11-10 13:38:08,135,scale_logger,INFO,Data,Infusing,0.090000,1.000000,4.155000,4.241000
2023-11-10 13:39:16,298,scale_logger,DEBUG,Expected difference in scale reading: 0.100000
2023-11-10 13:39:16,299,scale_logger,DEBUG,Scale reading before Infusing: 4.236000
2023-11-10 13:39:34,931,scale_logger,DEBUG,Scale reading after Infusing: 4.333000
2023-11-10 13:39:34,932,scale_logger,DEBUG,Scale reading difference: 0.097000
2023-11-10 13:39:34,932,scale_logger,INFO,Data,Infusing,0.100000,1.000000,4.236000,4.333000
2023-11-10 13:40:44,988,scale_logger,DEBUG,Expected difference in scale reading: 0.120000
2023-11-10 13:40:44,989,scale_logger,DEBUG,Scale reading before Infusing: 4.327000
2023-11-10 13:41:05,493,scale_logger,DEBUG,Scale reading after Infusing: 4.444000
2023-11-10 13:41:05,493,scale_logger,DEBUG,Scale reading difference: 0.117000
2023-11-10 13:41:05,493,scale_logger,INFO,Data,Infusing,0.120000,1.000000,4.327000,4.444000
2023-11-10 13:42:08,211,scale_logger,DEBUG,Expected difference in scale reading: 0.020000
2023-11-10 13:42:08,211,scale_logger,DEBUG,Scale reading before Infusing: 4.440000
2023-11-10 13:42:19,369,scale_logger,DEBUG,Scale reading after Infusing: 4.455000
2023-11-10 13:42:19,369,scale_logger,DEBUG,Scale reading difference: 0.015000
2023-11-10 13:42:19,369,scale_logger,INFO,Data,Infusing,0.020000,1.000000,4.440000,4.455000
2023-11-10 13:43:30,470,scale_logger,DEBUG,Expected difference in scale reading: 0.110000
2023-11-10 13:43:30,470,scale_logger,DEBUG,Scale reading before Infusing: 4.450000
2023-11-10 13:43:50,035,scale_logger,DEBUG,Scale reading after Infusing: 4.557000
2023-11-10 13:43:50,035,scale_logger,DEBUG,Scale reading difference: 0.107000
2023-11-10 13:43:50,035,scale_logger,INFO,Data,Infusing,0.110000,1.000000,4.450000,4.557000
2023-11-10 13:44:54,508,scale_logger,DEBUG,Expected difference in scale reading: 0.050000
2023-11-10 13:44:54,509,scale_logger,DEBUG,Scale reading before Infusing: 4.552000
2023-11-10 13:45:08,457,scale_logger,DEBUG,Scale reading after Infusing: 4.597000
2023-11-10 13:45:08,457,scale_logger,DEBUG,Scale reading difference: 0.045000
2023-11-10 13:45:08,457,scale_logger,INFO,Data,Infusing,0.050000,1.000000,4.552000,4.597000
2023-11-10 13:46:20,442,scale_logger,DEBUG,Expected difference in scale reading: 0.130000
2023-11-10 13:46:20,442,scale_logger,DEBUG,Scale reading before Infusing: 4.592000
2023-11-10 13:46:41,859,scale_logger,DEBUG,Scale reading after Infusing: 4.719000
2023-11-10 13:46:41,859,scale_logger,DEBUG,Scale reading difference: 0.127000
2023-11-10 13:46:41,859,scale_logger,INFO,Data,Infusing,0.130000,1.000000,4.592000,4.719000
2023-11-10 13:47:48,987,scale_logger,DEBUG,Expected difference in scale reading: 0.100000
2023-11-10 13:47:48,988,scale_logger,DEBUG,Scale reading before Infusing: 4.714000
2023-11-10 13:48:07,621,scale_logger,DEBUG,Scale reading after Infusing: 4.810000
2023-11-10 13:48:07,621,scale_logger,DEBUG,Scale reading difference: 0.096000
2023-11-10 13:48:07,621,scale_logger,INFO,Data,Infusing,0.100000,1.000000,4.714000,4.810000
2023-11-10 13:49:08,972,scale_logger,DEBUG,Expected difference in scale reading: 0.060000
2023-11-10 13:49:08,972,scale_logger,DEBUG,Scale reading before Infusing: 4.806000
2023-11-10 13:49:23,847,scale_logger,DEBUG,Scale reading after Infusing: 4.861000
2023-11-10 13:49:23,847,scale_logger,DEBUG,Scale reading difference: 0.055000
2023-11-10 13:49:23,849,scale_logger,INFO,Data,Infusing,0.060000,1.000000,4.806000,4.861000
2023-11-10 13:50:29,145,scale_logger,DEBUG,Expected difference in scale reading: 0.080000
2023-11-10 13:50:29,145,scale_logger,DEBUG,Scale reading before Infusing: 4.857000
2023-11-10 13:50:45,928,scale_logger,DEBUG,Scale reading after Infusing: 4.931000
2023-11-10 13:50:45,929,scale_logger,DEBUG,Scale reading difference: 0.074000
2023-11-10 13:50:45,929,scale_logger,INFO,Data,Infusing,0.080000,1.000000,4.857000,4.931000
2023-11-10 13:51:50,398,scale_logger,DEBUG,Expected difference in scale reading: 0.060000
2023-11-10 13:51:50,398,scale_logger,DEBUG,Scale reading before Infusing: 4.927000
2023-11-10 13:52:05,305,scale_logger,DEBUG,Scale reading after Infusing: 4.982000
2023-11-10 13:52:05,305,scale_logger,DEBUG,Scale reading difference: 0.055000
2023-11-10 13:52:05,305,scale_logger,INFO,Data,Infusing,0.060000,1.000000,4.927000,4.982000
2023-11-10 13:53:11,529,scale_logger,DEBUG,Expected difference in scale reading: 0.090000
2023-11-10 13:53:11,529,scale_logger,DEBUG,Scale reading before Infusing: 4.978000
2023-11-10 13:53:29,232,scale_logger,DEBUG,Scale reading after Infusing: 5.064000
2023-11-10 13:53:29,233,scale_logger,DEBUG,Scale reading difference: 0.086000
2023-11-10 13:53:29,233,scale_logger,INFO,Data,Infusing,0.090000,1.000000,4.978000,5.064000
2023-11-10 13:54:31,961,scale_logger,DEBUG,Expected difference in scale reading: 0.030000
2023-11-10 13:54:31,962,scale_logger,DEBUG,Scale reading before Infusing: 5.059000
2023-11-10 13:54:44,031,scale_logger,DEBUG,Scale reading after Infusing: 5.086000
2023-11-10 13:54:44,032,scale_logger,DEBUG,Scale reading difference: 0.027000
2023-11-10 13:54:44,032,scale_logger,INFO,Data,Infusing,0.030000,1.000000,5.059000,5.086000
2023-11-10 13:55:46,788,scale_logger,DEBUG,Expected difference in scale reading: 0.020000
2023-11-10 13:55:46,788,scale_logger,DEBUG,Scale reading before Infusing: 5.082000
2023-11-10 13:55:57,937,scale_logger,DEBUG,Scale reading after Infusing: 5.097000
2023-11-10 13:55:57,938,scale_logger,DEBUG,Scale reading difference: 0.015000
2023-11-10 13:55:57,938,scale_logger,INFO,Data,Infusing,0.020000,1.000000,5.082000,5.097000
2023-11-10 13:57:02,430,scale_logger,DEBUG,Expected difference in scale reading: 0.050000
2023-11-10 13:57:02,430,scale_logger,DEBUG,Scale reading before Infusing: 5.091000
2023-11-10 13:57:16,361,scale_logger,DEBUG,Scale reading after Infusing: 5.137000
2023-11-10 13:57:16,361,scale_logger,DEBUG,Scale reading difference: 0.046000
2023-11-10 13:57:16,361,scale_logger,INFO,Data,Infusing,0.050000,1.000000,5.091000,5.137000
2023-11-10 13:58:18,107,scale_logger,DEBUG,Expected difference in scale reading: 0.020000
2023-11-10 13:58:18,108,scale_logger,DEBUG,Scale reading before Infusing: 5.132000
2023-11-10 13:58:29,276,scale_logger,DEBUG,Scale reading after Infusing: 5.147000
2023-11-10 13:58:29,276,scale_logger,DEBUG,Scale reading difference: 0.015000
2023-11-10 13:58:29,276,scale_logger,INFO,Data,Infusing,0.020000,1.000000,5.132000,5.147000
2023-11-10 13:59:36,572,scale_logger,DEBUG,Expected difference in scale reading: 0.080000
2023-11-10 13:59:36,572,scale_logger,DEBUG,Scale reading before Infusing: 5.143000
2023-11-10 13:59:53,346,scale_logger,DEBUG,Scale reading after Infusing: 5.218000
2023-11-10 13:59:53,346,scale_logger,DEBUG,Scale reading difference: 0.075000
2023-11-10 13:59:53,346,scale_logger,INFO,Data,Infusing,0.080000,1.000000,5.143000,5.218000
2023-11-10 14:00:56,058,scale_logger,DEBUG,Expected difference in scale reading: 0.020000
2023-11-10 14:00:56,058,scale_logger,DEBUG,Scale reading before Infusing: 5.213000
2023-11-10 14:01:07,208,scale_logger,DEBUG,Scale reading after Infusing: 5.229000
2023-11-10 14:01:07,208,scale_logger,DEBUG,Scale reading difference: 0.016000
2023-11-10 14:01:07,208,scale_logger,INFO,Data,Infusing,0.020000,1.000000,5.213000,5.229000
2023-11-10 14:02:13,595,scale_logger,DEBUG,Expected difference in scale reading: 0.070000
2023-11-10 14:02:13,595,scale_logger,DEBUG,Scale reading before Infusing: 5.223000
2023-11-10 14:02:29,437,scale_logger,DEBUG,Scale reading after Infusing: 5.287000
2023-11-10 14:02:29,437,scale_logger,DEBUG,Scale reading difference: 0.064000
2023-11-10 14:02:29,437,scale_logger,INFO,Data,Infusing,0.070000,1.000000,5.223000,5.287000
2023-11-10 14:03:37,604,scale_logger,DEBUG,Expected difference in scale reading: 0.100000
2023-11-10 14:03:37,604,scale_logger,DEBUG,Scale reading before Infusing: 5.283000
2023-11-10 14:03:56,240,scale_logger,DEBUG,Scale reading after Infusing: 5.379000
2023-11-10 14:03:56,240,scale_logger,DEBUG,Scale reading difference: 0.096000
2023-11-10 14:03:56,241,scale_logger,INFO,Data,Infusing,0.100000,1.000000,5.283000,5.379000
2023-11-10 14:05:03,472,scale_logger,DEBUG,Expected difference in scale reading: 0.090000
2023-11-10 14:05:03,472,scale_logger,DEBUG,Scale reading before Infusing: 5.373000
2023-11-10 14:05:21,179,scale_logger,DEBUG,Scale reading after Infusing: 5.458000
2023-11-10 14:05:21,179,scale_logger,DEBUG,Scale reading difference: 0.085000
2023-11-10 14:05:21,180,scale_logger,INFO,Data,Infusing,0.090000,1.000000,5.373000,5.458000
2023-11-10 14:06:22,798,scale_logger,DEBUG,Expected difference in scale reading: 0.030000
2023-11-10 14:06:22,799,scale_logger,DEBUG,Scale reading before Infusing: 5.454000
2023-11-10 14:06:34,886,scale_logger,DEBUG,Scale reading after Infusing: 5.479000
2023-11-10 14:06:34,887,scale_logger,DEBUG,Scale reading difference: 0.025000
2023-11-10 14:06:34,887,scale_logger,INFO,Data,Infusing,0.030000,1.000000,5.454000,5.479000
2023-11-10 14:07:45,888,scale_logger,DEBUG,Expected difference in scale reading: 0.130000
2023-11-10 14:07:45,888,scale_logger,DEBUG,Scale reading before Infusing: 5.473000
2023-11-10 14:08:07,303,scale_logger,DEBUG,Scale reading after Infusing: 5.599000
2023-11-10 14:08:07,303,scale_logger,DEBUG,Scale reading difference: 0.126000
2023-11-10 14:08:07,303,scale_logger,INFO,Data,Infusing,0.130000,1.000000,5.473000,5.599000
2023-11-10 14:09:10,690,scale_logger,DEBUG,Expected difference in scale reading: 0.060000
2023-11-10 14:09:10,690,scale_logger,DEBUG,Scale reading before Infusing: 5.593000
2023-11-10 14:09:25,561,scale_logger,DEBUG,Scale reading after Infusing: 5.649000
2023-11-10 14:09:25,562,scale_logger,DEBUG,Scale reading difference: 0.056000
2023-11-10 14:09:25,562,scale_logger,INFO,Data,Infusing,0.060000,1.000000,5.593000,5.649000
2023-11-10 14:10:34,752,scale_logger,DEBUG,Expected difference in scale reading: 0.110000
2023-11-10 14:10:34,752,scale_logger,DEBUG,Scale reading before Infusing: 5.643000
2023-11-10 14:10:54,319,scale_logger,DEBUG,Scale reading after Infusing: 5.749000
2023-11-10 14:10:54,320,scale_logger,DEBUG,Scale reading difference: 0.106000
2023-11-10 14:10:54,320,scale_logger,INFO,Data,Infusing,0.110000,1.000000,5.643000,5.749000
2023-11-10 14:11:57,976,scale_logger,DEBUG,Expected difference in scale reading: 0.030000
2023-11-10 14:11:57,976,scale_logger,DEBUG,Scale reading before Infusing: 5.743000
2023-11-10 14:12:10,066,scale_logger,DEBUG,Scale reading after Infusing: 5.769000
2023-11-10 14:12:10,066,scale_logger,DEBUG,Scale reading difference: 0.026000
2023-11-10 14:12:10,066,scale_logger,INFO,Data,Infusing,0.030000,1.000000,5.743000,5.769000
2023-11-10 14:13:15,478,scale_logger,DEBUG,Expected difference in scale reading: 0.070000
2023-11-10 14:13:15,478,scale_logger,DEBUG,Scale reading before Infusing: 5.764000
2023-11-10 14:13:31,274,scale_logger,DEBUG,Scale reading after Infusing: 5.827000
2023-11-10 14:13:31,274,scale_logger,DEBUG,Scale reading difference: 0.063000
2023-11-10 14:13:31,274,scale_logger,INFO,Data,Infusing,0.070000,1.000000,5.764000,5.827000
2023-11-10 14:14:32,898,scale_logger,DEBUG,Expected difference in scale reading: 0.040000
2023-11-10 14:14:32,898,scale_logger,DEBUG,Scale reading before Infusing: 5.823000
2023-11-10 14:14:45,904,scale_logger,DEBUG,Scale reading after Infusing: 5.858000
2023-11-10 14:14:45,904,scale_logger,DEBUG,Scale reading difference: 0.035000
2023-11-10 14:14:45,904,scale_logger,INFO,Data,Infusing,0.040000,1.000000,5.823000,5.858000
2023-11-10 14:15:54,134,scale_logger,DEBUG,Expected difference in scale reading: 0.100000
2023-11-10 14:15:54,135,scale_logger,DEBUG,Scale reading before Infusing: 5.852000
2023-11-10 14:16:12,761,scale_logger,DEBUG,Scale reading after Infusing: 5.946000
2023-11-10 14:16:12,761,scale_logger,DEBUG,Scale reading difference: 0.094000
2023-11-10 14:16:12,761,scale_logger,INFO,Data,Infusing,0.100000,1.000000,5.852000,5.946000
2023-11-10 14:17:18,102,scale_logger,DEBUG,Expected difference in scale reading: 0.070000
2023-11-10 14:17:18,102,scale_logger,DEBUG,Scale reading before Infusing: 5.941000
2023-11-10 14:17:33,901,scale_logger,DEBUG,Scale reading after Infusing: 6.007000
2023-11-10 14:17:33,902,scale_logger,DEBUG,Scale reading difference: 0.066000
2023-11-10 14:17:33,902,scale_logger,INFO,Data,Infusing,0.070000,1.000000,5.941000,6.007000
2023-11-10 14:18:44,990,scale_logger,DEBUG,Expected difference in scale reading: 0.120000
2023-11-10 14:18:44,991,scale_logger,DEBUG,Scale reading before Infusing: 5.999000
2023-11-10 14:19:05,473,scale_logger,DEBUG,Scale reading after Infusing: 6.117000
2023-11-10 14:19:05,473,scale_logger,DEBUG,Scale reading difference: 0.118000
2023-11-10 14:19:05,473,scale_logger,INFO,Data,Infusing,0.120000,1.000000,5.999000,6.117000
2023-11-10 14:20:15,452,scale_logger,DEBUG,Expected difference in scale reading: 0.130000
2023-11-10 14:20:15,452,scale_logger,DEBUG,Scale reading before Infusing: 6.109000
2023-11-10 14:20:36,865,scale_logger,DEBUG,Scale reading after Infusing: 6.235000
2023-11-10 14:20:36,866,scale_logger,DEBUG,Scale reading difference: 0.126000
2023-11-10 14:20:36,866,scale_logger,INFO,Data,Infusing,0.130000,1.000000,6.109000,6.235000
2023-11-10 14:21:43,927,scale_logger,DEBUG,Expected difference in scale reading: 0.110000
2023-11-10 14:21:43,927,scale_logger,DEBUG,Scale reading before Infusing: 6.228000
2023-11-10 14:22:03,507,scale_logger,DEBUG,Scale reading after Infusing: 6.335000
2023-11-10 14:22:03,508,scale_logger,DEBUG,Scale reading difference: 0.107000
2023-11-10 14:22:03,508,scale_logger,INFO,Data,Infusing,0.110000,1.000000,6.228000,6.335000
