2023-11-08 16:17:44,747,scale_logger,DEBUG,Expected difference in scale reading: 0.080000
2023-11-08 16:17:44,748,scale_logger,DEBUG,Scale reading before Infusing: 6.027000
2023-11-08 16:18:01,546,scale_logger,DEBUG,Scale reading after Infusing: 6.100000
2023-11-08 16:18:01,546,scale_logger,DEBUG,Scale reading difference: 0.073000
2023-11-08 16:18:01,546,scale_logger,INFO,Data,Infusing,0.080000,1.000000,6.027000,6.100000
2023-11-08 16:19:11,748,scale_logger,DEBUG,Expected difference in scale reading: 0.130000
2023-11-08 16:19:11,749,scale_logger,DEBUG,Scale reading before Infusing: 6.094000
2023-11-08 16:19:33,217,scale_logger,DEBUG,Scale reading after Infusing: 6.224000
2023-11-08 16:19:33,218,scale_logger,DEBUG,Scale reading difference: 0.130000
2023-11-08 16:19:33,218,scale_logger,INFO,Data,Infusing,0.130000,1.000000,6.094000,6.224000
2023-11-08 16:20:37,830,scale_logger,DEBUG,Expected difference in scale reading: 0.050000
2023-11-08 16:20:37,831,scale_logger,DEBUG,Scale reading before Infusing: 6.216000
2023-11-08 16:20:51,785,scale_logger,DEBUG,Scale reading after Infusing: 6.264000
2023-11-08 16:20:51,786,scale_logger,DEBUG,Scale reading difference: 0.048000
2023-11-08 16:20:51,786,scale_logger,INFO,Data,Infusing,0.050000,1.000000,6.216000,6.264000
2023-11-08 16:22:03,054,scale_logger,DEBUG,Expected difference in scale reading: 0.120000
2023-11-08 16:22:03,055,scale_logger,DEBUG,Scale reading before Infusing: 6.257000
2023-11-08 16:22:23,581,scale_logger,DEBUG,Scale reading after Infusing: 6.371000
2023-11-08 16:22:23,581,scale_logger,DEBUG,Scale reading difference: 0.114000
2023-11-08 16:22:23,581,scale_logger,INFO,Data,Infusing,0.120000,1.000000,6.257000,6.371000
2023-11-08 16:23:33,755,scale_logger,DEBUG,Expected difference in scale reading: 0.120000
2023-11-08 16:23:33,755,scale_logger,DEBUG,Scale reading before Infusing: 6.365000
2023-11-08 16:23:54,267,scale_logger,DEBUG,Scale reading after Infusing: 6.474000
2023-11-08 16:23:54,268,scale_logger,DEBUG,Scale reading difference: 0.109000
2023-11-08 16:23:54,268,scale_logger,INFO,Data,Infusing,0.120000,1.000000,6.365000,6.474000
2023-11-08 16:25:02,651,scale_logger,DEBUG,Expected difference in scale reading: 0.090000
2023-11-08 16:25:02,652,scale_logger,DEBUG,Scale reading before Infusing: 6.466000
2023-11-08 16:25:20,382,scale_logger,DEBUG,Scale reading after Infusing: 6.562000
2023-11-08 16:25:20,382,scale_logger,DEBUG,Scale reading difference: 0.096000
2023-11-08 16:25:20,382,scale_logger,INFO,Data,Infusing,0.090000,1.000000,6.466000,6.562000
2023-11-08 16:26:24,067,scale_logger,DEBUG,Expected difference in scale reading: 0.040000
2023-11-08 16:26:24,067,scale_logger,DEBUG,Scale reading before Infusing: 6.556000
2023-11-08 16:26:37,069,scale_logger,DEBUG,Scale reading after Infusing: 6.598000
2023-11-08 16:26:37,069,scale_logger,DEBUG,Scale reading difference: 0.042000
2023-11-08 16:26:37,069,scale_logger,INFO,Data,Infusing,0.040000,1.000000,6.556000,6.598000
2023-11-08 16:27:38,936,scale_logger,DEBUG,Expected difference in scale reading: 0.020000
2023-11-08 16:27:38,936,scale_logger,DEBUG,Scale reading before Infusing: 6.593000
2023-11-08 16:27:50,088,scale_logger,DEBUG,Scale reading after Infusing: 6.609000
2023-11-08 16:27:50,088,scale_logger,DEBUG,Scale reading difference: 0.016000
2023-11-08 16:27:50,088,scale_logger,INFO,Data,Infusing,0.020000,1.000000,6.593000,6.609000
2023-11-08 16:28:59,427,scale_logger,DEBUG,Expected difference in scale reading: 0.100000
2023-11-08 16:28:59,427,scale_logger,DEBUG,Scale reading before Infusing: 6.602000
2023-11-08 16:29:18,067,scale_logger,DEBUG,Scale reading after Infusing: 6.703000
2023-11-08 16:29:18,067,scale_logger,DEBUG,Scale reading difference: 0.101000
2023-11-08 16:29:18,067,scale_logger,INFO,Data,Infusing,0.100000,1.000000,6.602000,6.703000
2023-11-08 16:30:22,670,scale_logger,DEBUG,Expected difference in scale reading: 0.050000
2023-11-08 16:30:22,670,scale_logger,DEBUG,Scale reading before Infusing: 6.695000
2023-11-08 16:30:36,609,scale_logger,DEBUG,Scale reading after Infusing: 6.741000
2023-11-08 16:30:36,609,scale_logger,DEBUG,Scale reading difference: 0.046000
2023-11-08 16:30:36,609,scale_logger,INFO,Data,Infusing,0.050000,1.000000,6.695000,6.741000
2023-11-08 16:31:44,900,scale_logger,DEBUG,Expected difference in scale reading: 0.100000
2023-11-08 16:31:44,900,scale_logger,DEBUG,Scale reading before Infusing: 6.739000
2023-11-08 16:32:03,530,scale_logger,DEBUG,Scale reading after Infusing: 6.837000
2023-11-08 16:32:03,530,scale_logger,DEBUG,Scale reading difference: 0.098000
2023-11-08 16:32:03,530,scale_logger,INFO,Data,Infusing,0.100000,1.000000,6.739000,6.837000
2023-11-08 16:33:07,025,scale_logger,DEBUG,Expected difference in scale reading: 0.070000
2023-11-08 16:33:07,025,scale_logger,DEBUG,Scale reading before Infusing: 6.830000
2023-11-08 16:33:22,874,scale_logger,DEBUG,Scale reading after Infusing: 6.895000
2023-11-08 16:33:22,874,scale_logger,DEBUG,Scale reading difference: 0.065000
2023-11-08 16:33:22,874,scale_logger,INFO,Data,Infusing,0.070000,1.000000,6.830000,6.895000
2023-11-08 16:34:24,636,scale_logger,DEBUG,Expected difference in scale reading: 0.030000
2023-11-08 16:34:24,636,scale_logger,DEBUG,Scale reading before Infusing: 6.890000
2023-11-08 16:34:37,972,scale_logger,DEBUG,Scale reading after Infusing: 6.916000
2023-11-08 16:34:37,972,scale_logger,DEBUG,Scale reading difference: 0.026000
2023-11-08 16:34:37,972,scale_logger,INFO,Data,Infusing,0.030000,1.000000,6.890000,6.916000
2023-11-08 16:35:47,388,scale_logger,DEBUG,Expected difference in scale reading: 0.090000
2023-11-08 16:35:47,388,scale_logger,DEBUG,Scale reading before Infusing: 6.909000
2023-11-08 16:36:05,095,scale_logger,DEBUG,Scale reading after Infusing: 6.983000
2023-11-08 16:36:05,095,scale_logger,DEBUG,Scale reading difference: 0.074000
2023-11-08 16:36:05,095,scale_logger,INFO,Data,Infusing,0.090000,1.000000,6.909000,6.983000
2023-11-08 16:37:07,999,scale_logger,DEBUG,Expected difference in scale reading: 0.020000
2023-11-08 16:37:07,999,scale_logger,DEBUG,Scale reading before Infusing: 6.978000
2023-11-08 16:37:19,148,scale_logger,DEBUG,Scale reading after Infusing: 6.995000
2023-11-08 16:37:19,148,scale_logger,DEBUG,Scale reading difference: 0.017000
2023-11-08 16:37:19,148,scale_logger,INFO,Data,Infusing,0.020000,1.000000,6.978000,6.995000
2023-11-08 16:38:24,856,scale_logger,DEBUG,Expected difference in scale reading: 0.040000
2023-11-08 16:38:24,856,scale_logger,DEBUG,Scale reading before Infusing: 6.989000
2023-11-08 16:38:37,863,scale_logger,DEBUG,Scale reading after Infusing: 7.026000
2023-11-08 16:38:37,863,scale_logger,DEBUG,Scale reading difference: 0.037000
2023-11-08 16:38:37,863,scale_logger,INFO,Data,Infusing,0.040000,1.000000,6.989000,7.026000
2023-11-08 16:39:45,308,scale_logger,DEBUG,Expected difference in scale reading: 0.090000
2023-11-08 16:39:45,308,scale_logger,DEBUG,Scale reading before Infusing: 7.020000
2023-11-08 16:40:03,000,scale_logger,DEBUG,Scale reading after Infusing: 7.119000
2023-11-08 16:40:03,000,scale_logger,DEBUG,Scale reading difference: 0.099000
2023-11-08 16:40:03,000,scale_logger,INFO,Data,Infusing,0.090000,1.000000,7.020000,7.119000
2023-11-08 16:41:05,581,scale_logger,DEBUG,Expected difference in scale reading: 0.050000
2023-11-08 16:41:05,582,scale_logger,DEBUG,Scale reading before Infusing: 7.114000
2023-11-08 16:41:19,563,scale_logger,DEBUG,Scale reading after Infusing: 7.150000
2023-11-08 16:41:19,563,scale_logger,DEBUG,Scale reading difference: 0.036000
2023-11-08 16:41:19,563,scale_logger,INFO,Data,Infusing,0.050000,1.000000,7.114000,7.150000
2023-11-08 16:42:23,326,scale_logger,DEBUG,Expected difference in scale reading: 0.030000
2023-11-08 16:42:23,326,scale_logger,DEBUG,Scale reading before Infusing: 7.144000
2023-11-08 16:42:35,783,scale_logger,DEBUG,Scale reading after Infusing: 7.186000
2023-11-08 16:42:35,784,scale_logger,DEBUG,Scale reading difference: 0.042000
2023-11-08 16:42:35,784,scale_logger,INFO,Data,Infusing,0.030000,1.000000,7.144000,7.186000
2023-11-08 16:43:46,058,scale_logger,DEBUG,Expected difference in scale reading: 0.120000
2023-11-08 16:43:46,058,scale_logger,DEBUG,Scale reading before Infusing: 7.177000
2023-11-08 16:44:06,597,scale_logger,DEBUG,Scale reading after Infusing: 7.296000
2023-11-08 16:44:06,597,scale_logger,DEBUG,Scale reading difference: 0.119000
2023-11-08 16:44:06,597,scale_logger,INFO,Data,Infusing,0.120000,1.000000,7.177000,7.296000
2023-11-08 16:45:15,749,scale_logger,DEBUG,Expected difference in scale reading: 0.130000
2023-11-08 16:45:15,749,scale_logger,DEBUG,Scale reading before Infusing: 7.288000
2023-11-08 16:45:37,225,scale_logger,DEBUG,Scale reading after Infusing: 7.408000
2023-11-08 16:45:37,226,scale_logger,DEBUG,Scale reading difference: 0.120000
2023-11-08 16:45:37,226,scale_logger,INFO,Data,Infusing,0.130000,1.000000,7.288000,7.408000
2023-11-08 16:46:39,912,scale_logger,DEBUG,Expected difference in scale reading: 0.040000
2023-11-08 16:46:39,912,scale_logger,DEBUG,Scale reading before Infusing: 7.402000
2023-11-08 16:46:52,928,scale_logger,DEBUG,Scale reading after Infusing: 7.439000
2023-11-08 16:46:52,928,scale_logger,DEBUG,Scale reading difference: 0.037000
2023-11-08 16:46:52,928,scale_logger,INFO,Data,Infusing,0.040000,1.000000,7.402000,7.439000
2023-11-08 16:47:55,701,scale_logger,DEBUG,Expected difference in scale reading: 0.030000
2023-11-08 16:47:55,701,scale_logger,DEBUG,Scale reading before Infusing: 7.434000
2023-11-08 16:48:07,792,scale_logger,DEBUG,Scale reading after Infusing: 7.469000
2023-11-08 16:48:07,792,scale_logger,DEBUG,Scale reading difference: 0.035000
2023-11-08 16:48:07,792,scale_logger,INFO,Data,Infusing,0.030000,1.000000,7.434000,7.469000
2023-11-08 16:49:14,268,scale_logger,DEBUG,Expected difference in scale reading: 0.080000
2023-11-08 16:49:14,269,scale_logger,DEBUG,Scale reading before Infusing: 7.464000
2023-11-08 16:49:31,051,scale_logger,DEBUG,Scale reading after Infusing: 7.542000
2023-11-08 16:49:31,051,scale_logger,DEBUG,Scale reading difference: 0.078000
2023-11-08 16:49:31,051,scale_logger,INFO,Data,Infusing,0.080000,1.000000,7.464000,7.542000
2023-11-08 16:50:33,796,scale_logger,DEBUG,Expected difference in scale reading: 0.030000
2023-11-08 16:50:33,796,scale_logger,DEBUG,Scale reading before Infusing: 7.537000
2023-11-08 16:50:46,196,scale_logger,DEBUG,Scale reading after Infusing: 7.565000
2023-11-08 16:50:46,196,scale_logger,DEBUG,Scale reading difference: 0.028000
2023-11-08 16:50:46,196,scale_logger,INFO,Data,Infusing,0.030000,1.000000,7.537000,7.565000
2023-11-08 16:51:55,538,scale_logger,DEBUG,Expected difference in scale reading: 0.100000
2023-11-08 16:51:55,538,scale_logger,DEBUG,Scale reading before Infusing: 7.558000
2023-11-08 16:52:14,198,scale_logger,DEBUG,Scale reading after Infusing: 7.656000
2023-11-08 16:52:14,198,scale_logger,DEBUG,Scale reading difference: 0.098000
2023-11-08 16:52:14,198,scale_logger,INFO,Data,Infusing,0.100000,1.000000,7.558000,7.656000
2023-11-08 16:53:18,784,scale_logger,DEBUG,Expected difference in scale reading: 0.060000
2023-11-08 16:53:18,785,scale_logger,DEBUG,Scale reading before Infusing: 7.651000
2023-11-08 16:53:33,659,scale_logger,DEBUG,Scale reading after Infusing: 7.708000
2023-11-08 16:53:33,660,scale_logger,DEBUG,Scale reading difference: 0.057000
2023-11-08 16:53:33,660,scale_logger,INFO,Data,Infusing,0.060000,1.000000,7.651000,7.708000
2023-11-08 16:54:36,413,scale_logger,DEBUG,Expected difference in scale reading: 0.030000
2023-11-08 16:54:36,413,scale_logger,DEBUG,Scale reading before Infusing: 7.702000
2023-11-08 16:54:48,500,scale_logger,DEBUG,Scale reading after Infusing: 7.731000
2023-11-08 16:54:48,500,scale_logger,DEBUG,Scale reading difference: 0.029000
2023-11-08 16:54:48,500,scale_logger,INFO,Data,Infusing,0.030000,1.000000,7.702000,7.731000
2023-11-08 16:55:53,243,scale_logger,DEBUG,Expected difference in scale reading: 0.040000
2023-11-08 16:55:53,243,scale_logger,DEBUG,Scale reading before Infusing: 7.724000
2023-11-08 16:56:06,253,scale_logger,DEBUG,Scale reading after Infusing: 7.763000
2023-11-08 16:56:06,253,scale_logger,DEBUG,Scale reading difference: 0.039000
2023-11-08 16:56:06,253,scale_logger,INFO,Data,Infusing,0.040000,1.000000,7.724000,7.763000
2023-11-08 16:57:18,350,scale_logger,DEBUG,Expected difference in scale reading: 0.130000
2023-11-08 16:57:18,350,scale_logger,DEBUG,Scale reading before Infusing: 7.756000
2023-11-08 16:57:39,793,scale_logger,DEBUG,Scale reading after Infusing: 7.881000
2023-11-08 16:57:39,793,scale_logger,DEBUG,Scale reading difference: 0.125000
2023-11-08 16:57:39,793,scale_logger,INFO,Data,Infusing,0.130000,1.000000,7.756000,7.881000
2023-11-08 16:58:47,057,scale_logger,DEBUG,Expected difference in scale reading: 0.110000
2023-11-08 16:58:47,057,scale_logger,DEBUG,Scale reading before Infusing: 7.874000
2023-11-08 16:59:06,637,scale_logger,DEBUG,Scale reading after Infusing: 7.977000
2023-11-08 16:59:06,638,scale_logger,DEBUG,Scale reading difference: 0.103000
2023-11-08 16:59:06,638,scale_logger,INFO,Data,Infusing,0.110000,1.000000,7.874000,7.977000
2023-11-08 17:00:06,595,scale_logger,DEBUG,Expected difference in scale reading: 0.020000
2023-11-08 17:00:06,595,scale_logger,DEBUG,Scale reading before Infusing: 7.972000
2023-11-08 17:00:17,748,scale_logger,DEBUG,Scale reading after Infusing: 7.990000
2023-11-08 17:00:17,748,scale_logger,DEBUG,Scale reading difference: 0.018000
2023-11-08 17:00:17,748,scale_logger,INFO,Data,Infusing,0.020000,1.000000,7.972000,7.990000
2023-11-08 17:01:27,114,scale_logger,DEBUG,Expected difference in scale reading: 0.100000
2023-11-08 17:01:27,114,scale_logger,DEBUG,Scale reading before Infusing: 7.983000
2023-11-08 17:01:45,762,scale_logger,DEBUG,Scale reading after Infusing: 8.084000
2023-11-08 17:01:45,762,scale_logger,DEBUG,Scale reading difference: 0.101000
2023-11-08 17:01:45,762,scale_logger,INFO,Data,Infusing,0.100000,1.000000,7.983000,8.084000
2023-11-08 17:02:55,126,scale_logger,DEBUG,Expected difference in scale reading: 0.100000
2023-11-08 17:02:55,126,scale_logger,DEBUG,Scale reading before Infusing: 8.076000
2023-11-08 17:03:13,776,scale_logger,DEBUG,Scale reading after Infusing: 8.174000
2023-11-08 17:03:13,776,scale_logger,DEBUG,Scale reading difference: 0.098000
2023-11-08 17:03:13,776,scale_logger,INFO,Data,Infusing,0.100000,1.000000,8.076000,8.174000
2023-11-08 17:04:24,000,scale_logger,DEBUG,Expected difference in scale reading: 0.120000
2023-11-08 17:04:24,001,scale_logger,DEBUG,Scale reading before Infusing: 8.167000
2023-11-08 17:04:46,817,scale_logger,DEBUG,Scale reading after Infusing: 8.285000
2023-11-08 17:04:46,817,scale_logger,DEBUG,Scale reading difference: 0.118000
2023-11-08 17:04:46,817,scale_logger,INFO,Data,Infusing,0.120000,1.000000,8.167000,8.285000
2023-11-08 17:05:48,688,scale_logger,DEBUG,Expected difference in scale reading: 0.020000
2023-11-08 17:05:48,688,scale_logger,DEBUG,Scale reading before Infusing: 8.279000
2023-11-08 17:05:59,846,scale_logger,DEBUG,Scale reading after Infusing: 8.300000
2023-11-08 17:05:59,846,scale_logger,DEBUG,Scale reading difference: 0.021000
2023-11-08 17:05:59,846,scale_logger,INFO,Data,Infusing,0.020000,1.000000,8.279000,8.300000
2023-11-08 17:07:11,034,scale_logger,DEBUG,Expected difference in scale reading: 0.120000
2023-11-08 17:07:11,034,scale_logger,DEBUG,Scale reading before Infusing: 8.292000
2023-11-08 17:07:31,540,scale_logger,DEBUG,Scale reading after Infusing: 8.404000
2023-11-08 17:07:31,540,scale_logger,DEBUG,Scale reading difference: 0.112000
2023-11-08 17:07:31,541,scale_logger,INFO,Data,Infusing,0.120000,1.000000,8.292000,8.404000
2023-11-08 17:08:37,004,scale_logger,DEBUG,Expected difference in scale reading: 0.080000
2023-11-08 17:08:37,004,scale_logger,DEBUG,Scale reading before Infusing: 8.396000
2023-11-08 17:08:53,791,scale_logger,DEBUG,Scale reading after Infusing: 8.477000
2023-11-08 17:08:53,791,scale_logger,DEBUG,Scale reading difference: 0.081000
2023-11-08 17:08:53,791,scale_logger,INFO,Data,Infusing,0.080000,1.000000,8.396000,8.477000
2023-11-08 17:10:00,256,scale_logger,DEBUG,Expected difference in scale reading: 0.080000
2023-11-08 17:10:00,256,scale_logger,DEBUG,Scale reading before Infusing: 8.471000
2023-11-08 17:10:16,999,scale_logger,DEBUG,Scale reading after Infusing: 8.547000
2023-11-08 17:10:16,999,scale_logger,DEBUG,Scale reading difference: 0.076000
2023-11-08 17:10:16,999,scale_logger,INFO,Data,Infusing,0.080000,1.000000,8.471000,8.547000
2023-11-08 17:11:26,226,scale_logger,DEBUG,Expected difference in scale reading: 0.110000
2023-11-08 17:11:26,226,scale_logger,DEBUG,Scale reading before Infusing: 8.540000
2023-11-08 17:11:45,786,scale_logger,DEBUG,Scale reading after Infusing: 8.647000
2023-11-08 17:11:45,786,scale_logger,DEBUG,Scale reading difference: 0.107000
2023-11-08 17:11:45,786,scale_logger,INFO,Data,Infusing,0.110000,1.000000,8.540000,8.647000
2023-11-08 17:12:56,077,scale_logger,DEBUG,Expected difference in scale reading: 0.120000
2023-11-08 17:12:56,077,scale_logger,DEBUG,Scale reading before Infusing: 8.640000
2023-11-08 17:13:17,228,scale_logger,DEBUG,Scale reading after Infusing: 8.758000
2023-11-08 17:13:17,229,scale_logger,DEBUG,Scale reading difference: 0.118000
2023-11-08 17:13:17,229,scale_logger,INFO,Data,Infusing,0.120000,1.000000,8.640000,8.758000
2023-11-08 17:14:24,581,scale_logger,DEBUG,Expected difference in scale reading: 0.100000
2023-11-08 17:14:24,581,scale_logger,DEBUG,Scale reading before Infusing: 8.751000
2023-11-08 17:14:43,201,scale_logger,DEBUG,Scale reading after Infusing: 8.850000
2023-11-08 17:14:43,201,scale_logger,DEBUG,Scale reading difference: 0.099000
2023-11-08 17:14:43,201,scale_logger,INFO,Data,Infusing,0.100000,1.000000,8.751000,8.850000
2023-11-08 17:15:48,686,scale_logger,DEBUG,Expected difference in scale reading: 0.080000
2023-11-08 17:15:48,687,scale_logger,DEBUG,Scale reading before Infusing: 8.843000
2023-11-08 17:16:05,450,scale_logger,DEBUG,Scale reading after Infusing: 8.920000
2023-11-08 17:16:05,450,scale_logger,DEBUG,Scale reading difference: 0.077000
2023-11-08 17:16:05,450,scale_logger,INFO,Data,Infusing,0.080000,1.000000,8.843000,8.920000
2023-11-08 17:17:11,099,scale_logger,DEBUG,Expected difference in scale reading: 0.050000
2023-11-08 17:17:11,099,scale_logger,DEBUG,Scale reading before Infusing: 8.914000
2023-11-08 17:17:25,082,scale_logger,DEBUG,Scale reading after Infusing: 8.953000
2023-11-08 17:17:25,082,scale_logger,DEBUG,Scale reading difference: 0.039000
2023-11-08 17:17:25,082,scale_logger,INFO,Data,Infusing,0.050000,1.000000,8.914000,8.953000
2023-11-08 17:18:34,399,scale_logger,DEBUG,Expected difference in scale reading: 0.100000
2023-11-08 17:18:34,399,scale_logger,DEBUG,Scale reading before Infusing: 8.945000
2023-11-08 17:18:53,021,scale_logger,DEBUG,Scale reading after Infusing: 9.049000
2023-11-08 17:18:53,021,scale_logger,DEBUG,Scale reading difference: 0.104000
2023-11-08 17:18:53,021,scale_logger,INFO,Data,Infusing,0.100000,1.000000,8.945000,9.049000
2023-11-08 17:20:02,289,scale_logger,DEBUG,Expected difference in scale reading: 0.110000
2023-11-08 17:20:02,289,scale_logger,DEBUG,Scale reading before Infusing: 9.042000
2023-11-08 17:20:21,839,scale_logger,DEBUG,Scale reading after Infusing: 9.148000
2023-11-08 17:20:21,840,scale_logger,DEBUG,Scale reading difference: 0.106000
2023-11-08 17:20:21,840,scale_logger,INFO,Data,Infusing,0.110000,1.000000,9.042000,9.148000
2023-11-08 17:21:24,642,scale_logger,DEBUG,Expected difference in scale reading: 0.030000
2023-11-08 17:21:24,642,scale_logger,DEBUG,Scale reading before Infusing: 9.141000
2023-11-08 17:21:36,719,scale_logger,DEBUG,Scale reading after Infusing: 9.160000
2023-11-08 17:21:36,720,scale_logger,DEBUG,Scale reading difference: 0.019000
2023-11-08 17:21:36,720,scale_logger,INFO,Data,Infusing,0.030000,1.000000,9.141000,9.160000
2023-11-08 17:22:42,272,scale_logger,DEBUG,Expected difference in scale reading: 0.070000
2023-11-08 17:22:42,273,scale_logger,DEBUG,Scale reading before Infusing: 9.154000
2023-11-08 17:22:58,109,scale_logger,DEBUG,Scale reading after Infusing: 9.219000
2023-11-08 17:22:58,109,scale_logger,DEBUG,Scale reading difference: 0.065000
2023-11-08 17:22:58,109,scale_logger,INFO,Data,Infusing,0.070000,1.000000,9.154000,9.219000
2023-11-08 17:24:04,508,scale_logger,DEBUG,Expected difference in scale reading: 0.090000
2023-11-08 17:24:04,508,scale_logger,DEBUG,Scale reading before Infusing: 9.212000
2023-11-08 17:24:22,203,scale_logger,DEBUG,Scale reading after Infusing: 9.298000
2023-11-08 17:24:22,204,scale_logger,DEBUG,Scale reading difference: 0.086000
2023-11-08 17:24:22,204,scale_logger,INFO,Data,Infusing,0.090000,1.000000,9.212000,9.298000
2023-11-08 17:25:29,519,scale_logger,DEBUG,Expected difference in scale reading: 0.100000
2023-11-08 17:25:29,519,scale_logger,DEBUG,Scale reading before Infusing: 9.290000
2023-11-08 17:25:48,134,scale_logger,DEBUG,Scale reading after Infusing: 9.397000
2023-11-08 17:25:48,134,scale_logger,DEBUG,Scale reading difference: 0.107000
2023-11-08 17:25:48,134,scale_logger,INFO,Data,Infusing,0.100000,1.000000,9.290000,9.397000
2023-11-08 17:26:50,849,scale_logger,DEBUG,Expected difference in scale reading: 0.040000
2023-11-08 17:26:50,849,scale_logger,DEBUG,Scale reading before Infusing: 9.390000
2023-11-08 17:27:03,850,scale_logger,DEBUG,Scale reading after Infusing: 9.430000
2023-11-08 17:27:03,850,scale_logger,DEBUG,Scale reading difference: 0.040000
2023-11-08 17:27:03,850,scale_logger,INFO,Data,Infusing,0.040000,1.000000,9.390000,9.430000
2023-11-08 17:28:09,457,scale_logger,DEBUG,Expected difference in scale reading: 0.060000
2023-11-08 17:28:09,458,scale_logger,DEBUG,Scale reading before Infusing: 9.423000
2023-11-08 17:28:24,372,scale_logger,DEBUG,Scale reading after Infusing: 9.481000
2023-11-08 17:28:24,372,scale_logger,DEBUG,Scale reading difference: 0.058000
2023-11-08 17:28:24,372,scale_logger,INFO,Data,Infusing,0.060000,1.000000,9.423000,9.481000
2023-11-08 17:29:30,928,scale_logger,DEBUG,Expected difference in scale reading: 0.070000
2023-11-08 17:29:30,928,scale_logger,DEBUG,Scale reading before Infusing: 9.474000
2023-11-08 17:29:46,758,scale_logger,DEBUG,Scale reading after Infusing: 9.539000
2023-11-08 17:29:46,759,scale_logger,DEBUG,Scale reading difference: 0.065000
2023-11-08 17:29:46,759,scale_logger,INFO,Data,Infusing,0.070000,1.000000,9.474000,9.539000
2023-11-08 17:30:54,179,scale_logger,DEBUG,Expected difference in scale reading: 0.090000
2023-11-08 17:30:54,179,scale_logger,DEBUG,Scale reading before Infusing: 9.532000
2023-11-08 17:31:11,875,scale_logger,DEBUG,Scale reading after Infusing: 9.623000
2023-11-08 17:31:11,875,scale_logger,DEBUG,Scale reading difference: 0.091000
2023-11-08 17:31:11,875,scale_logger,INFO,Data,Infusing,0.090000,1.000000,9.532000,9.623000
2023-11-08 17:32:12,671,scale_logger,DEBUG,Expected difference in scale reading: 0.030000
2023-11-08 17:32:12,671,scale_logger,DEBUG,Scale reading before Infusing: 9.617000
2023-11-08 17:32:24,767,scale_logger,DEBUG,Scale reading after Infusing: 9.636000
2023-11-08 17:32:24,767,scale_logger,DEBUG,Scale reading difference: 0.019000
2023-11-08 17:32:24,767,scale_logger,INFO,Data,Infusing,0.030000,1.000000,9.617000,9.636000
2023-11-08 17:33:28,440,scale_logger,DEBUG,Expected difference in scale reading: 0.040000
2023-11-08 17:33:28,440,scale_logger,DEBUG,Scale reading before Infusing: 9.630000
2023-11-08 17:33:41,429,scale_logger,DEBUG,Scale reading after Infusing: 9.672000
2023-11-08 17:33:41,429,scale_logger,DEBUG,Scale reading difference: 0.042000
2023-11-08 17:33:41,429,scale_logger,INFO,Data,Infusing,0.040000,1.000000,9.630000,9.672000
2023-11-08 17:34:47,043,scale_logger,DEBUG,Expected difference in scale reading: 0.060000
2023-11-08 17:34:47,043,scale_logger,DEBUG,Scale reading before Infusing: 9.666000
2023-11-08 17:35:01,957,scale_logger,DEBUG,Scale reading after Infusing: 9.727000
2023-11-08 17:35:01,957,scale_logger,DEBUG,Scale reading difference: 0.061000
2023-11-08 17:35:01,957,scale_logger,INFO,Data,Infusing,0.060000,1.000000,9.666000,9.727000
2023-11-08 17:36:05,586,scale_logger,DEBUG,Expected difference in scale reading: 0.060000
2023-11-08 17:36:05,586,scale_logger,DEBUG,Scale reading before Infusing: 9.720000
2023-11-08 17:36:20,498,scale_logger,DEBUG,Scale reading after Infusing: 9.777000
2023-11-08 17:36:20,498,scale_logger,DEBUG,Scale reading difference: 0.057000
2023-11-08 17:36:20,498,scale_logger,INFO,Data,Infusing,0.060000,1.000000,9.720000,9.777000
2023-11-08 17:37:24,108,scale_logger,DEBUG,Expected difference in scale reading: 0.060000
2023-11-08 17:37:24,108,scale_logger,DEBUG,Scale reading before Infusing: 9.770000
2023-11-08 17:37:38,976,scale_logger,DEBUG,Scale reading after Infusing: 9.828000
2023-11-08 17:37:38,976,scale_logger,DEBUG,Scale reading difference: 0.058000
2023-11-08 17:37:38,976,scale_logger,INFO,Data,Infusing,0.060000,1.000000,9.770000,9.828000
2023-11-08 17:38:48,246,scale_logger,DEBUG,Expected difference in scale reading: 0.110000
2023-11-08 17:38:48,246,scale_logger,DEBUG,Scale reading before Infusing: 9.819000
2023-11-08 17:39:07,809,scale_logger,DEBUG,Scale reading after Infusing: 9.927000
2023-11-08 17:39:07,809,scale_logger,DEBUG,Scale reading difference: 0.108000
2023-11-08 17:39:07,809,scale_logger,INFO,Data,Infusing,0.110000,1.000000,9.819000,9.927000
2023-11-08 17:40:13,432,scale_logger,DEBUG,Expected difference in scale reading: 0.060000
2023-11-08 17:40:13,432,scale_logger,DEBUG,Scale reading before Infusing: 9.919000
2023-11-08 17:40:28,305,scale_logger,DEBUG,Scale reading after Infusing: 9.979000
2023-11-08 17:40:28,305,scale_logger,DEBUG,Scale reading difference: 0.060000
2023-11-08 17:40:28,305,scale_logger,INFO,Data,Infusing,0.060000,1.000000,9.919000,9.979000
2023-11-08 17:41:32,038,scale_logger,DEBUG,Expected difference in scale reading: 0.040000
2023-11-08 17:41:32,038,scale_logger,DEBUG,Scale reading before Infusing: 9.971000
2023-11-08 17:41:45,071,scale_logger,DEBUG,Scale reading after Infusing: 10.007000
2023-11-08 17:41:45,071,scale_logger,DEBUG,Scale reading difference: 0.036000
2023-11-08 17:41:45,071,scale_logger,INFO,Data,Infusing,0.040000,1.000000,9.971000,10.007000
2023-11-08 17:42:50,782,scale_logger,DEBUG,Expected difference in scale reading: 0.050000
2023-11-08 17:42:50,782,scale_logger,DEBUG,Scale reading before Infusing: 10.001000
2023-11-08 17:43:06,672,scale_logger,DEBUG,Scale reading after Infusing: 10.050000
2023-11-08 17:43:06,673,scale_logger,DEBUG,Scale reading difference: 0.049000
2023-11-08 17:43:06,673,scale_logger,INFO,Data,Infusing,0.050000,1.000000,10.001000,10.050000
2023-11-08 17:44:12,382,scale_logger,DEBUG,Expected difference in scale reading: 0.050000
2023-11-08 17:44:12,382,scale_logger,DEBUG,Scale reading before Infusing: 10.043000
2023-11-08 17:44:26,874,scale_logger,DEBUG,Scale reading after Infusing: 10.088000
2023-11-08 17:44:26,874,scale_logger,DEBUG,Scale reading difference: 0.045000
2023-11-08 17:44:26,875,scale_logger,INFO,Data,Infusing,0.050000,1.000000,10.043000,10.088000
2023-11-08 17:45:36,185,scale_logger,DEBUG,Expected difference in scale reading: 0.110000
2023-11-08 17:45:36,185,scale_logger,DEBUG,Scale reading before Infusing: 10.080000
2023-11-08 17:45:55,743,scale_logger,DEBUG,Scale reading after Infusing: 10.190000
2023-11-08 17:45:55,743,scale_logger,DEBUG,Scale reading difference: 0.110000
2023-11-08 17:45:55,743,scale_logger,INFO,Data,Infusing,0.110000,1.000000,10.080000,10.190000
2023-11-08 17:47:00,316,scale_logger,DEBUG,Expected difference in scale reading: 0.070000
2023-11-08 17:47:00,316,scale_logger,DEBUG,Scale reading before Infusing: 10.183000
2023-11-08 17:47:16,160,scale_logger,DEBUG,Scale reading after Infusing: 10.247000
2023-11-08 17:47:16,160,scale_logger,DEBUG,Scale reading difference: 0.064000
2023-11-08 17:47:16,160,scale_logger,INFO,Data,Infusing,0.070000,1.000000,10.183000,10.247000
2023-11-08 17:48:25,362,scale_logger,DEBUG,Expected difference in scale reading: 0.120000
2023-11-08 17:48:25,362,scale_logger,DEBUG,Scale reading before Infusing: 10.242000
2023-11-08 17:48:48,880,scale_logger,DEBUG,Scale reading after Infusing: 10.358000
2023-11-08 17:48:48,880,scale_logger,DEBUG,Scale reading difference: 0.116000
2023-11-08 17:48:48,880,scale_logger,INFO,Data,Infusing,0.120000,1.000000,10.242000,10.358000
2023-11-08 17:49:53,112,scale_logger,DEBUG,Expected difference in scale reading: 0.060000
2023-11-08 17:49:53,112,scale_logger,DEBUG,Scale reading before Infusing: 10.351000
2023-11-08 17:50:08,001,scale_logger,DEBUG,Scale reading after Infusing: 10.412000
2023-11-08 17:50:08,002,scale_logger,DEBUG,Scale reading difference: 0.061000
2023-11-08 17:50:08,002,scale_logger,INFO,Data,Infusing,0.060000,1.000000,10.351000,10.412000
2023-11-08 17:51:16,343,scale_logger,DEBUG,Expected difference in scale reading: 0.110000
2023-11-08 17:51:16,344,scale_logger,DEBUG,Scale reading before Infusing: 10.405000
2023-11-08 17:51:35,898,scale_logger,DEBUG,Scale reading after Infusing: 10.510000
2023-11-08 17:51:35,898,scale_logger,DEBUG,Scale reading difference: 0.105000
2023-11-08 17:51:35,898,scale_logger,INFO,Data,Infusing,0.110000,1.000000,10.405000,10.510000
2023-11-08 17:52:47,012,scale_logger,DEBUG,Expected difference in scale reading: 0.130000
2023-11-08 17:52:47,012,scale_logger,DEBUG,Scale reading before Infusing: 10.501000
2023-11-08 17:53:08,441,scale_logger,DEBUG,Scale reading after Infusing: 10.627000
2023-11-08 17:53:08,441,scale_logger,DEBUG,Scale reading difference: 0.126000
2023-11-08 17:53:08,441,scale_logger,INFO,Data,Infusing,0.130000,1.000000,10.501000,10.627000
2023-11-08 17:54:12,102,scale_logger,DEBUG,Expected difference in scale reading: 0.050000
2023-11-08 17:54:12,102,scale_logger,DEBUG,Scale reading before Infusing: 10.619000
2023-11-08 17:54:26,045,scale_logger,DEBUG,Scale reading after Infusing: 10.662000
2023-11-08 17:54:26,045,scale_logger,DEBUG,Scale reading difference: 0.043000
2023-11-08 17:54:26,045,scale_logger,INFO,Data,Infusing,0.050000,1.000000,10.619000,10.662000
2023-11-08 17:55:37,241,scale_logger,DEBUG,Expected difference in scale reading: 0.130000
2023-11-08 17:55:37,242,scale_logger,DEBUG,Scale reading before Infusing: 10.653000
2023-11-08 17:55:58,712,scale_logger,DEBUG,Scale reading after Infusing: 10.784000
2023-11-08 17:55:58,712,scale_logger,DEBUG,Scale reading difference: 0.131000
2023-11-08 17:55:58,712,scale_logger,INFO,Data,Infusing,0.130000,1.000000,10.653000,10.784000
2023-11-08 17:57:04,313,scale_logger,DEBUG,Expected difference in scale reading: 0.070000
2023-11-08 17:57:04,313,scale_logger,DEBUG,Scale reading before Infusing: 10.776000
2023-11-08 17:57:20,155,scale_logger,DEBUG,Scale reading after Infusing: 10.841000
2023-11-08 17:57:20,155,scale_logger,DEBUG,Scale reading difference: 0.065000
2023-11-08 17:57:20,155,scale_logger,INFO,Data,Infusing,0.070000,1.000000,10.776000,10.841000
2023-11-08 17:58:28,436,scale_logger,DEBUG,Expected difference in scale reading: 0.110000
2023-11-08 17:58:28,437,scale_logger,DEBUG,Scale reading before Infusing: 10.833000
2023-11-08 17:58:47,998,scale_logger,DEBUG,Scale reading after Infusing: 10.939000
2023-11-08 17:58:47,998,scale_logger,DEBUG,Scale reading difference: 0.106000
2023-11-08 17:58:47,998,scale_logger,INFO,Data,Infusing,0.110000,1.000000,10.833000,10.939000
2023-11-08 17:59:59,159,scale_logger,DEBUG,Expected difference in scale reading: 0.130000
2023-11-08 17:59:59,159,scale_logger,DEBUG,Scale reading before Infusing: 10.932000
2023-11-08 18:00:20,629,scale_logger,DEBUG,Scale reading after Infusing: 11.060000
2023-11-08 18:00:20,629,scale_logger,DEBUG,Scale reading difference: 0.128000
2023-11-08 18:00:20,629,scale_logger,INFO,Data,Infusing,0.130000,1.000000,10.932000,11.060000
2023-11-08 18:01:21,474,scale_logger,DEBUG,Expected difference in scale reading: 0.020000
2023-11-08 18:01:21,474,scale_logger,DEBUG,Scale reading before Infusing: 11.053000
2023-11-08 18:01:32,623,scale_logger,DEBUG,Scale reading after Infusing: 11.068000
2023-11-08 18:01:32,623,scale_logger,DEBUG,Scale reading difference: 0.015000
2023-11-08 18:01:32,623,scale_logger,INFO,Data,Infusing,0.020000,1.000000,11.053000,11.068000
2023-11-08 18:02:37,149,scale_logger,DEBUG,Expected difference in scale reading: 0.080000
2023-11-08 18:02:37,149,scale_logger,DEBUG,Scale reading before Infusing: 11.061000
2023-11-08 18:02:55,100,scale_logger,DEBUG,Scale reading after Infusing: 11.133000
2023-11-08 18:02:55,100,scale_logger,DEBUG,Scale reading difference: 0.072000
2023-11-08 18:02:55,100,scale_logger,INFO,Data,Infusing,0.080000,1.000000,11.061000,11.133000
2023-11-08 18:04:03,262,scale_logger,DEBUG,Expected difference in scale reading: 0.130000
2023-11-08 18:04:03,263,scale_logger,DEBUG,Scale reading before Infusing: 11.125000
2023-11-08 18:04:24,721,scale_logger,DEBUG,Scale reading after Infusing: 11.255000
2023-11-08 18:04:24,721,scale_logger,DEBUG,Scale reading difference: 0.130000
2023-11-08 18:04:24,721,scale_logger,INFO,Data,Infusing,0.130000,1.000000,11.125000,11.255000
2023-11-08 18:05:24,543,scale_logger,DEBUG,Expected difference in scale reading: 0.020000
2023-11-08 18:05:24,543,scale_logger,DEBUG,Scale reading before Infusing: 11.248000
2023-11-08 18:05:35,662,scale_logger,DEBUG,Scale reading after Infusing: 11.262000
2023-11-08 18:05:35,662,scale_logger,DEBUG,Scale reading difference: 0.014000
2023-11-08 18:05:35,662,scale_logger,INFO,Data,Infusing,0.020000,1.000000,11.248000,11.262000
2023-11-08 18:06:38,442,scale_logger,DEBUG,Expected difference in scale reading: 0.040000
2023-11-08 18:06:38,442,scale_logger,DEBUG,Scale reading before Infusing: 11.256000
2023-11-08 18:06:51,468,scale_logger,DEBUG,Scale reading after Infusing: 11.291000
2023-11-08 18:06:51,468,scale_logger,DEBUG,Scale reading difference: 0.035000
2023-11-08 18:06:51,468,scale_logger,INFO,Data,Infusing,0.040000,1.000000,11.256000,11.291000
2023-11-08 18:08:01,622,scale_logger,DEBUG,Expected difference in scale reading: 0.130000
2023-11-08 18:08:01,622,scale_logger,DEBUG,Scale reading before Infusing: 11.283000
2023-11-08 18:08:23,086,scale_logger,DEBUG,Scale reading after Infusing: 11.410000
2023-11-08 18:08:23,086,scale_logger,DEBUG,Scale reading difference: 0.127000
2023-11-08 18:08:23,086,scale_logger,INFO,Data,Infusing,0.130000,1.000000,11.283000,11.410000
2023-11-08 18:09:26,752,scale_logger,DEBUG,Expected difference in scale reading: 0.050000
2023-11-08 18:09:26,752,scale_logger,DEBUG,Scale reading before Infusing: 11.401000
2023-11-08 18:09:40,709,scale_logger,DEBUG,Scale reading after Infusing: 11.441000
2023-11-08 18:09:40,710,scale_logger,DEBUG,Scale reading difference: 0.040000
2023-11-08 18:09:40,710,scale_logger,INFO,Data,Infusing,0.050000,1.000000,11.401000,11.441000
2023-11-08 18:10:50,969,scale_logger,DEBUG,Expected difference in scale reading: 0.110000
2023-11-08 18:10:50,970,scale_logger,DEBUG,Scale reading before Infusing: 11.433000
2023-11-08 18:11:10,526,scale_logger,DEBUG,Scale reading after Infusing: 11.540000
2023-11-08 18:11:10,526,scale_logger,DEBUG,Scale reading difference: 0.107000
2023-11-08 18:11:10,526,scale_logger,INFO,Data,Infusing,0.110000,1.000000,11.433000,11.540000
2023-11-08 18:12:19,006,scale_logger,DEBUG,Expected difference in scale reading: 0.090000
2023-11-08 18:12:19,006,scale_logger,DEBUG,Scale reading before Infusing: 11.531000
2023-11-08 18:12:36,713,scale_logger,DEBUG,Scale reading after Infusing: 11.617000
2023-11-08 18:12:36,714,scale_logger,DEBUG,Scale reading difference: 0.086000
2023-11-08 18:12:36,714,scale_logger,INFO,Data,Infusing,0.090000,1.000000,11.531000,11.617000
2023-11-08 18:13:42,254,scale_logger,DEBUG,Expected difference in scale reading: 0.070000
2023-11-08 18:13:42,254,scale_logger,DEBUG,Scale reading before Infusing: 11.608000
2023-11-08 18:13:58,115,scale_logger,DEBUG,Scale reading after Infusing: 11.674000
2023-11-08 18:13:58,115,scale_logger,DEBUG,Scale reading difference: 0.066000
2023-11-08 18:13:58,115,scale_logger,INFO,Data,Infusing,0.070000,1.000000,11.608000,11.674000
2023-11-08 18:14:58,934,scale_logger,DEBUG,Expected difference in scale reading: 0.020000
2023-11-08 18:14:58,934,scale_logger,DEBUG,Scale reading before Infusing: 11.665000
2023-11-08 18:15:10,049,scale_logger,DEBUG,Scale reading after Infusing: 11.686000
2023-11-08 18:15:10,050,scale_logger,DEBUG,Scale reading difference: 0.021000
2023-11-08 18:15:10,050,scale_logger,INFO,Data,Infusing,0.020000,1.000000,11.665000,11.686000
2023-11-08 18:16:12,931,scale_logger,DEBUG,Expected difference in scale reading: 0.020000
2023-11-08 18:16:12,931,scale_logger,DEBUG,Scale reading before Infusing: 11.679000
2023-11-08 18:16:24,099,scale_logger,DEBUG,Scale reading after Infusing: 11.699000
2023-11-08 18:16:24,099,scale_logger,DEBUG,Scale reading difference: 0.020000
2023-11-08 18:16:24,099,scale_logger,INFO,Data,Infusing,0.020000,1.000000,11.679000,11.699000
2023-11-08 18:17:31,658,scale_logger,DEBUG,Expected difference in scale reading: 0.070000
2023-11-08 18:17:31,658,scale_logger,DEBUG,Scale reading before Infusing: 11.691000
2023-11-08 18:17:47,520,scale_logger,DEBUG,Scale reading after Infusing: 11.755000
2023-11-08 18:17:47,521,scale_logger,DEBUG,Scale reading difference: 0.064000
2023-11-08 18:17:47,521,scale_logger,INFO,Data,Infusing,0.070000,1.000000,11.691000,11.755000
2023-11-08 18:18:54,015,scale_logger,DEBUG,Expected difference in scale reading: 0.080000
2023-11-08 18:18:54,015,scale_logger,DEBUG,Scale reading before Infusing: 11.748000
2023-11-08 18:19:10,793,scale_logger,DEBUG,Scale reading after Infusing: 11.831000
2023-11-08 18:19:10,793,scale_logger,DEBUG,Scale reading difference: 0.083000
2023-11-08 18:19:10,793,scale_logger,INFO,Data,Infusing,0.080000,1.000000,11.748000,11.831000
2023-11-08 18:20:17,262,scale_logger,DEBUG,Expected difference in scale reading: 0.080000
2023-11-08 18:20:17,262,scale_logger,DEBUG,Scale reading before Infusing: 11.823000
2023-11-08 18:20:34,041,scale_logger,DEBUG,Scale reading after Infusing: 11.908000
2023-11-08 18:20:34,041,scale_logger,DEBUG,Scale reading difference: 0.085000
2023-11-08 18:20:34,041,scale_logger,INFO,Data,Infusing,0.080000,1.000000,11.823000,11.908000
2023-11-08 18:21:41,472,scale_logger,DEBUG,Expected difference in scale reading: 0.090000
2023-11-08 18:21:41,472,scale_logger,DEBUG,Scale reading before Infusing: 11.900000
2023-11-08 18:21:59,180,scale_logger,DEBUG,Scale reading after Infusing: 11.985000
2023-11-08 18:21:59,180,scale_logger,DEBUG,Scale reading difference: 0.085000
2023-11-08 18:21:59,180,scale_logger,INFO,Data,Infusing,0.090000,1.000000,11.900000,11.985000
2023-11-08 18:23:09,353,scale_logger,DEBUG,Expected difference in scale reading: 0.120000
2023-11-08 18:23:09,354,scale_logger,DEBUG,Scale reading before Infusing: 11.976000
2023-11-08 18:23:29,893,scale_logger,DEBUG,Scale reading after Infusing: 12.097000
2023-11-08 18:23:29,893,scale_logger,DEBUG,Scale reading difference: 0.121000
2023-11-08 18:23:29,893,scale_logger,INFO,Data,Infusing,0.120000,1.000000,11.976000,12.097000
2023-11-08 18:24:33,482,scale_logger,DEBUG,Expected difference in scale reading: 0.060000
2023-11-08 18:24:33,482,scale_logger,DEBUG,Scale reading before Infusing: 12.090000
2023-11-08 18:24:48,353,scale_logger,DEBUG,Scale reading after Infusing: 12.148000
2023-11-08 18:24:48,353,scale_logger,DEBUG,Scale reading difference: 0.058000
2023-11-08 18:24:48,353,scale_logger,INFO,Data,Infusing,0.060000,1.000000,12.090000,12.148000
2023-11-08 18:25:49,108,scale_logger,DEBUG,Expected difference in scale reading: 0.030000
2023-11-08 18:25:49,109,scale_logger,DEBUG,Scale reading before Infusing: 12.142000
2023-11-08 18:26:01,208,scale_logger,DEBUG,Scale reading after Infusing: 12.164000
2023-11-08 18:26:01,208,scale_logger,DEBUG,Scale reading difference: 0.022000
2023-11-08 18:26:01,208,scale_logger,INFO,Data,Infusing,0.030000,1.000000,12.142000,12.164000
2023-11-08 18:27:08,623,scale_logger,DEBUG,Expected difference in scale reading: 0.090000
2023-11-08 18:27:08,623,scale_logger,DEBUG,Scale reading before Infusing: 12.157000
2023-11-08 18:27:26,333,scale_logger,DEBUG,Scale reading after Infusing: 12.244000
2023-11-08 18:27:26,334,scale_logger,DEBUG,Scale reading difference: 0.087000
2023-11-08 18:27:26,334,scale_logger,INFO,Data,Infusing,0.090000,1.000000,12.157000,12.244000
2023-11-08 18:28:31,862,scale_logger,DEBUG,Expected difference in scale reading: 0.070000
2023-11-08 18:28:31,862,scale_logger,DEBUG,Scale reading before Infusing: 12.236000
2023-11-08 18:28:50,336,scale_logger,DEBUG,Scale reading after Infusing: 12.306000
2023-11-08 18:28:50,336,scale_logger,DEBUG,Scale reading difference: 0.070000
2023-11-08 18:28:50,336,scale_logger,INFO,Data,Infusing,0.070000,1.000000,12.236000,12.306000
2023-11-08 19:12:11,268,scale_logger,DEBUG,Expected difference in scale reading: 0.130000
2023-11-08 19:12:11,268,scale_logger,DEBUG,Scale reading before Infusing: 11.945000
2023-11-08 19:12:32,994,scale_logger,DEBUG,Scale reading after Infusing: 12.068000
2023-11-08 19:12:32,994,scale_logger,DEBUG,Scale reading difference: 0.123000
2023-11-08 19:12:32,994,scale_logger,INFO,Data,Infusing,0.130000,1.000000,11.945000,12.068000
2023-11-08 19:13:32,879,scale_logger,DEBUG,Expected difference in scale reading: 0.020000
2023-11-08 19:13:32,880,scale_logger,DEBUG,Scale reading before Infusing: 12.060000
2023-11-08 19:13:44,022,scale_logger,DEBUG,Scale reading after Infusing: 12.080000
2023-11-08 19:13:44,023,scale_logger,DEBUG,Scale reading difference: 0.020000
2023-11-08 19:13:44,023,scale_logger,INFO,Data,Infusing,0.020000,1.000000,12.060000,12.080000
2023-11-08 19:14:53,272,scale_logger,DEBUG,Expected difference in scale reading: 0.110000
2023-11-08 19:14:53,272,scale_logger,DEBUG,Scale reading before Infusing: 12.071000
2023-11-08 19:15:12,839,scale_logger,DEBUG,Scale reading after Infusing: 12.178000
2023-11-08 19:15:12,840,scale_logger,DEBUG,Scale reading difference: 0.107000
2023-11-08 19:15:12,840,scale_logger,INFO,Data,Infusing,0.110000,1.000000,12.071000,12.178000
2023-11-08 19:16:15,199,scale_logger,DEBUG,Expected difference in scale reading: 0.030000
2023-11-08 19:16:15,200,scale_logger,DEBUG,Scale reading before Infusing: 12.170000
2023-11-08 19:16:27,254,scale_logger,DEBUG,Scale reading after Infusing: 12.195000
2023-11-08 19:16:27,254,scale_logger,DEBUG,Scale reading difference: 0.025000
2023-11-08 19:16:27,255,scale_logger,INFO,Data,Infusing,0.030000,1.000000,12.170000,12.195000
2023-11-08 19:17:39,425,scale_logger,DEBUG,Expected difference in scale reading: 0.130000
2023-11-08 19:17:39,425,scale_logger,DEBUG,Scale reading before Infusing: 12.188000
2023-11-08 19:18:01,802,scale_logger,DEBUG,Scale reading after Infusing: 12.316000
2023-11-08 19:18:01,802,scale_logger,DEBUG,Scale reading difference: 0.128000
2023-11-08 19:18:01,802,scale_logger,INFO,Data,Infusing,0.130000,1.000000,12.188000,12.316000
2023-11-08 19:19:06,431,scale_logger,DEBUG,Expected difference in scale reading: 0.060000
2023-11-08 19:19:06,432,scale_logger,DEBUG,Scale reading before Infusing: 12.308000
2023-11-08 19:19:21,302,scale_logger,DEBUG,Scale reading after Infusing: 12.363000
2023-11-08 19:19:21,303,scale_logger,DEBUG,Scale reading difference: 0.055000
2023-11-08 19:19:21,303,scale_logger,INFO,Data,Infusing,0.060000,1.000000,12.308000,12.363000
2023-11-08 19:20:23,150,scale_logger,DEBUG,Expected difference in scale reading: 0.020000
2023-11-08 19:20:23,150,scale_logger,DEBUG,Scale reading before Infusing: 12.356000
2023-11-08 19:20:34,301,scale_logger,DEBUG,Scale reading after Infusing: 12.373000
2023-11-08 19:20:34,301,scale_logger,DEBUG,Scale reading difference: 0.017000
2023-11-08 19:20:34,301,scale_logger,INFO,Data,Infusing,0.020000,1.000000,12.356000,12.373000
2023-11-08 19:21:37,138,scale_logger,DEBUG,Expected difference in scale reading: 0.020000
2023-11-08 19:21:37,138,scale_logger,DEBUG,Scale reading before Infusing: 12.366000
2023-11-08 19:21:48,292,scale_logger,DEBUG,Scale reading after Infusing: 12.383000
2023-11-08 19:21:48,293,scale_logger,DEBUG,Scale reading difference: 0.017000
2023-11-08 19:21:48,293,scale_logger,INFO,Data,Infusing,0.020000,1.000000,12.366000,12.383000
2023-11-08 19:22:57,497,scale_logger,DEBUG,Expected difference in scale reading: 0.110000
2023-11-08 19:22:57,497,scale_logger,DEBUG,Scale reading before Infusing: 12.375000
2023-11-08 19:23:17,061,scale_logger,DEBUG,Scale reading after Infusing: 12.478000
2023-11-08 19:23:17,062,scale_logger,DEBUG,Scale reading difference: 0.103000
2023-11-08 19:23:17,062,scale_logger,INFO,Data,Infusing,0.110000,1.000000,12.375000,12.478000
2023-11-08 19:24:21,609,scale_logger,DEBUG,Expected difference in scale reading: 0.070000
2023-11-08 19:24:21,609,scale_logger,DEBUG,Scale reading before Infusing: 12.472000
2023-11-08 19:24:37,458,scale_logger,DEBUG,Scale reading after Infusing: 12.539000
2023-11-08 19:24:37,458,scale_logger,DEBUG,Scale reading difference: 0.067000
2023-11-08 19:24:37,458,scale_logger,INFO,Data,Infusing,0.070000,1.000000,12.472000,12.539000
2023-11-08 19:25:46,614,scale_logger,DEBUG,Expected difference in scale reading: 0.120000
2023-11-08 19:25:46,614,scale_logger,DEBUG,Scale reading before Infusing: 12.531000
2023-11-08 19:26:07,158,scale_logger,DEBUG,Scale reading after Infusing: 12.647000
2023-11-08 19:26:07,158,scale_logger,DEBUG,Scale reading difference: 0.116000
2023-11-08 19:26:07,158,scale_logger,INFO,Data,Infusing,0.120000,1.000000,12.531000,12.647000
2023-11-08 19:27:09,852,scale_logger,DEBUG,Expected difference in scale reading: 0.040000
2023-11-08 19:27:09,852,scale_logger,DEBUG,Scale reading before Infusing: 12.640000
2023-11-08 19:27:22,853,scale_logger,DEBUG,Scale reading after Infusing: 12.677000
2023-11-08 19:27:22,854,scale_logger,DEBUG,Scale reading difference: 0.037000
2023-11-08 19:27:22,854,scale_logger,INFO,Data,Infusing,0.040000,1.000000,12.640000,12.677000
2023-11-08 19:28:26,513,scale_logger,DEBUG,Expected difference in scale reading: 0.050000
2023-11-08 19:28:26,513,scale_logger,DEBUG,Scale reading before Infusing: 12.670000
2023-11-08 19:28:43,416,scale_logger,DEBUG,Scale reading after Infusing: 12.716000
2023-11-08 19:28:43,417,scale_logger,DEBUG,Scale reading difference: 0.046000
2023-11-08 19:28:43,417,scale_logger,INFO,Data,Infusing,0.050000,1.000000,12.670000,12.716000
2023-11-08 19:29:48,830,scale_logger,DEBUG,Expected difference in scale reading: 0.080000
2023-11-08 19:29:48,830,scale_logger,DEBUG,Scale reading before Infusing: 12.708000
2023-11-08 19:30:05,592,scale_logger,DEBUG,Scale reading after Infusing: 12.780000
2023-11-08 19:30:05,592,scale_logger,DEBUG,Scale reading difference: 0.072000
2023-11-08 19:30:05,592,scale_logger,INFO,Data,Infusing,0.080000,1.000000,12.708000,12.780000
2023-11-08 19:31:13,900,scale_logger,DEBUG,Expected difference in scale reading: 0.100000
2023-11-08 19:31:13,900,scale_logger,DEBUG,Scale reading before Infusing: 12.779000
2023-11-08 19:31:33,020,scale_logger,DEBUG,Scale reading after Infusing: 12.872000
2023-11-08 19:31:33,020,scale_logger,DEBUG,Scale reading difference: 0.093000
2023-11-08 19:31:33,020,scale_logger,INFO,Data,Infusing,0.100000,1.000000,12.779000,12.872000
2023-11-08 19:32:43,182,scale_logger,DEBUG,Expected difference in scale reading: 0.120000
2023-11-08 19:32:43,182,scale_logger,DEBUG,Scale reading before Infusing: 12.863000
2023-11-08 19:33:03,721,scale_logger,DEBUG,Scale reading after Infusing: 12.859000
2023-11-08 19:33:03,722,scale_logger,DEBUG,Scale reading difference: -0.004000
2023-11-08 19:33:03,722,scale_logger,INFO,Data,Infusing,0.120000,1.000000,12.863000,12.859000
2023-11-08 19:34:07,248,scale_logger,DEBUG,Expected difference in scale reading: 0.070000
2023-11-08 19:34:07,248,scale_logger,DEBUG,Scale reading before Infusing: 12.851000
2023-11-08 19:34:23,098,scale_logger,DEBUG,Scale reading after Infusing: 12.847000
2023-11-08 19:34:23,098,scale_logger,DEBUG,Scale reading difference: -0.004000
2023-11-08 19:34:23,098,scale_logger,INFO,Data,Infusing,0.070000,1.000000,12.851000,12.847000
2023-11-08 19:35:25,826,scale_logger,DEBUG,Expected difference in scale reading: 0.040000
2023-11-08 19:35:25,826,scale_logger,DEBUG,Scale reading before Infusing: 12.839000
2023-11-08 19:35:38,838,scale_logger,DEBUG,Scale reading after Infusing: 12.837000
2023-11-08 19:35:38,838,scale_logger,DEBUG,Scale reading difference: -0.002000
2023-11-08 19:35:38,838,scale_logger,INFO,Data,Infusing,0.040000,1.000000,12.839000,12.837000
2023-11-08 19:36:46,211,scale_logger,DEBUG,Expected difference in scale reading: 0.090000
2023-11-08 19:36:46,211,scale_logger,DEBUG,Scale reading before Infusing: 12.828000
2023-11-08 19:37:03,916,scale_logger,DEBUG,Scale reading after Infusing: 12.824000
2023-11-08 19:37:03,916,scale_logger,DEBUG,Scale reading difference: -0.004000
2023-11-08 19:37:03,917,scale_logger,INFO,Data,Infusing,0.090000,1.000000,12.828000,12.824000
2023-11-08 19:38:04,669,scale_logger,DEBUG,Expected difference in scale reading: 0.030000
2023-11-08 19:38:04,669,scale_logger,DEBUG,Scale reading before Infusing: 12.816000
2023-11-08 19:38:16,750,scale_logger,DEBUG,Scale reading after Infusing: 12.813000
2023-11-08 19:38:16,750,scale_logger,DEBUG,Scale reading difference: -0.003000
2023-11-08 19:38:16,750,scale_logger,INFO,Data,Infusing,0.030000,1.000000,12.816000,12.813000
2023-11-08 19:39:22,454,scale_logger,DEBUG,Expected difference in scale reading: 0.050000
2023-11-08 19:39:22,454,scale_logger,DEBUG,Scale reading before Infusing: 12.805000
2023-11-08 19:39:36,390,scale_logger,DEBUG,Scale reading after Infusing: 12.803000
2023-11-08 19:39:36,390,scale_logger,DEBUG,Scale reading difference: -0.002000
2023-11-08 19:39:36,390,scale_logger,INFO,Data,Infusing,0.050000,1.000000,12.805000,12.803000
2023-11-08 19:40:41,063,scale_logger,DEBUG,Expected difference in scale reading: 0.040000
2023-11-08 19:40:41,063,scale_logger,DEBUG,Scale reading before Infusing: 12.796000
2023-11-08 19:40:54,066,scale_logger,DEBUG,Scale reading after Infusing: 12.792000
2023-11-08 19:40:54,067,scale_logger,DEBUG,Scale reading difference: -0.004000
2023-11-08 19:40:54,067,scale_logger,INFO,Data,Infusing,0.040000,1.000000,12.796000,12.792000
2023-11-08 19:42:03,414,scale_logger,DEBUG,Expected difference in scale reading: 0.100000
2023-11-08 19:42:03,414,scale_logger,DEBUG,Scale reading before Infusing: 12.784000
2023-11-08 19:42:22,047,scale_logger,DEBUG,Scale reading after Infusing: 12.780000
2023-11-08 19:42:22,047,scale_logger,DEBUG,Scale reading difference: -0.004000
2023-11-08 19:42:22,047,scale_logger,INFO,Data,Infusing,0.100000,1.000000,12.784000,12.780000
2023-11-08 19:43:24,909,scale_logger,DEBUG,Expected difference in scale reading: 0.020000
2023-11-08 19:43:24,909,scale_logger,DEBUG,Scale reading before Infusing: 12.772000
2023-11-08 19:43:36,066,scale_logger,DEBUG,Scale reading after Infusing: 12.769000
2023-11-08 19:43:36,066,scale_logger,DEBUG,Scale reading difference: -0.003000
2023-11-08 19:43:36,067,scale_logger,INFO,Data,Infusing,0.020000,1.000000,12.772000,12.769000
2023-11-08 19:44:42,501,scale_logger,DEBUG,Expected difference in scale reading: 0.080000
2023-11-08 19:44:42,501,scale_logger,DEBUG,Scale reading before Infusing: 12.761000
2023-11-08 19:44:59,281,scale_logger,DEBUG,Scale reading after Infusing: 12.757000
2023-11-08 19:44:59,281,scale_logger,DEBUG,Scale reading difference: -0.004000
2023-11-08 19:44:59,281,scale_logger,INFO,Data,Infusing,0.080000,1.000000,12.761000,12.757000
2023-11-08 19:46:01,840,scale_logger,DEBUG,Expected difference in scale reading: 0.060000
2023-11-08 19:46:01,840,scale_logger,DEBUG,Scale reading before Infusing: 12.751000
2023-11-08 19:46:16,759,scale_logger,DEBUG,Scale reading after Infusing: 12.747000
2023-11-08 19:46:16,759,scale_logger,DEBUG,Scale reading difference: -0.004000
2023-11-08 19:46:16,759,scale_logger,INFO,Data,Infusing,0.060000,1.000000,12.751000,12.747000
2023-11-08 19:47:23,242,scale_logger,DEBUG,Expected difference in scale reading: 0.080000
2023-11-08 19:47:23,242,scale_logger,DEBUG,Scale reading before Infusing: 12.738000
2023-11-08 19:47:40,042,scale_logger,DEBUG,Scale reading after Infusing: 12.736000
2023-11-08 19:47:40,042,scale_logger,DEBUG,Scale reading difference: -0.002000
2023-11-08 19:47:40,042,scale_logger,INFO,Data,Infusing,0.080000,1.000000,12.738000,12.736000
2023-11-08 19:48:48,398,scale_logger,DEBUG,Expected difference in scale reading: 0.090000
2023-11-08 19:48:48,398,scale_logger,DEBUG,Scale reading before Infusing: 12.726000
2023-11-08 19:49:06,100,scale_logger,DEBUG,Scale reading after Infusing: 12.725000
2023-11-08 19:49:06,100,scale_logger,DEBUG,Scale reading difference: -0.001000
2023-11-08 19:49:06,100,scale_logger,INFO,Data,Infusing,0.090000,1.000000,12.726000,12.725000
2023-11-08 19:50:13,467,scale_logger,DEBUG,Expected difference in scale reading: 0.090000
2023-11-08 19:50:13,467,scale_logger,DEBUG,Scale reading before Infusing: 12.715000
2023-11-08 19:50:31,176,scale_logger,DEBUG,Scale reading after Infusing: 12.714000
2023-11-08 19:50:31,176,scale_logger,DEBUG,Scale reading difference: -0.001000
2023-11-08 19:50:31,176,scale_logger,INFO,Data,Infusing,0.090000,1.000000,12.715000,12.714000
2023-11-08 19:51:37,586,scale_logger,DEBUG,Expected difference in scale reading: 0.080000
2023-11-08 19:51:37,586,scale_logger,DEBUG,Scale reading before Infusing: 12.705000
2023-11-08 19:51:54,356,scale_logger,DEBUG,Scale reading after Infusing: 12.702000
2023-11-08 19:51:54,356,scale_logger,DEBUG,Scale reading difference: -0.003000
2023-11-08 19:51:54,356,scale_logger,INFO,Data,Infusing,0.080000,1.000000,12.705000,12.702000
2023-11-08 19:53:01,648,scale_logger,DEBUG,Expected difference in scale reading: 0.100000
2023-11-08 19:53:01,648,scale_logger,DEBUG,Scale reading before Infusing: 12.694000
2023-11-08 19:53:20,289,scale_logger,DEBUG,Scale reading after Infusing: 12.689000
2023-11-08 19:53:20,290,scale_logger,DEBUG,Scale reading difference: -0.005000
2023-11-08 19:53:20,290,scale_logger,INFO,Data,Infusing,0.100000,1.000000,12.694000,12.689000
2023-11-08 19:54:27,537,scale_logger,DEBUG,Expected difference in scale reading: 0.110000
2023-11-08 19:54:27,537,scale_logger,DEBUG,Scale reading before Infusing: 12.682000
2023-11-08 19:54:47,092,scale_logger,DEBUG,Scale reading after Infusing: 12.677000
2023-11-08 19:54:47,092,scale_logger,DEBUG,Scale reading difference: -0.005000
2023-11-08 19:54:47,092,scale_logger,INFO,Data,Infusing,0.110000,1.000000,12.682000,12.677000
2023-11-08 19:55:48,853,scale_logger,DEBUG,Expected difference in scale reading: 0.030000
2023-11-08 19:55:48,853,scale_logger,DEBUG,Scale reading before Infusing: 12.670000
2023-11-08 19:56:00,932,scale_logger,DEBUG,Scale reading after Infusing: 12.666000
2023-11-08 19:56:00,933,scale_logger,DEBUG,Scale reading difference: -0.004000
2023-11-08 19:56:00,933,scale_logger,INFO,Data,Infusing,0.030000,1.000000,12.670000,12.666000
2023-11-08 19:57:02,782,scale_logger,DEBUG,Expected difference in scale reading: 0.020000
2023-11-08 19:57:02,782,scale_logger,DEBUG,Scale reading before Infusing: 12.659000
2023-11-08 19:57:13,935,scale_logger,DEBUG,Scale reading after Infusing: 12.656000
2023-11-08 19:57:13,935,scale_logger,DEBUG,Scale reading difference: -0.003000
2023-11-08 19:57:13,935,scale_logger,INFO,Data,Infusing,0.020000,1.000000,12.659000,12.656000
2023-11-08 19:58:20,477,scale_logger,DEBUG,Expected difference in scale reading: 0.070000
2023-11-08 19:58:20,477,scale_logger,DEBUG,Scale reading before Infusing: 12.649000
2023-11-08 19:58:36,314,scale_logger,DEBUG,Scale reading after Infusing: 12.646000
2023-11-08 19:58:36,314,scale_logger,DEBUG,Scale reading difference: -0.003000
2023-11-08 19:58:36,314,scale_logger,INFO,Data,Infusing,0.070000,1.000000,12.649000,12.646000
2023-11-08 19:59:40,990,scale_logger,DEBUG,Expected difference in scale reading: 0.050000
2023-11-08 19:59:40,990,scale_logger,DEBUG,Scale reading before Infusing: 12.638000
2023-11-08 19:59:54,917,scale_logger,DEBUG,Scale reading after Infusing: 12.635000
2023-11-08 19:59:54,917,scale_logger,DEBUG,Scale reading difference: -0.003000
2023-11-08 19:59:54,917,scale_logger,INFO,Data,Infusing,0.050000,1.000000,12.638000,12.635000
2023-11-08 20:01:06,261,scale_logger,DEBUG,Expected difference in scale reading: 0.120000
2023-11-08 20:01:06,261,scale_logger,DEBUG,Scale reading before Infusing: 12.626000
2023-11-08 20:01:26,752,scale_logger,DEBUG,Scale reading after Infusing: 12.623000
2023-11-08 20:01:26,752,scale_logger,DEBUG,Scale reading difference: -0.003000
2023-11-08 20:01:26,752,scale_logger,INFO,Data,Infusing,0.120000,1.000000,12.626000,12.623000
2023-11-08 20:02:31,500,scale_logger,DEBUG,Expected difference in scale reading: 0.050000
2023-11-08 20:02:31,500,scale_logger,DEBUG,Scale reading before Infusing: 12.615000
2023-11-08 20:02:45,427,scale_logger,DEBUG,Scale reading after Infusing: 12.611000
2023-11-08 20:02:45,427,scale_logger,DEBUG,Scale reading difference: -0.004000
2023-11-08 20:02:45,427,scale_logger,INFO,Data,Infusing,0.050000,1.000000,12.615000,12.611000
2023-11-08 20:03:55,703,scale_logger,DEBUG,Expected difference in scale reading: 0.110000
2023-11-08 20:03:55,703,scale_logger,DEBUG,Scale reading before Infusing: 12.601000
2023-11-08 20:04:15,265,scale_logger,DEBUG,Scale reading after Infusing: 12.598000
2023-11-08 20:04:15,265,scale_logger,DEBUG,Scale reading difference: -0.003000
2023-11-08 20:04:15,265,scale_logger,INFO,Data,Infusing,0.110000,1.000000,12.601000,12.598000
2023-11-08 20:05:23,605,scale_logger,DEBUG,Expected difference in scale reading: 0.100000
2023-11-08 20:05:23,605,scale_logger,DEBUG,Scale reading before Infusing: 12.589000
2023-11-08 20:05:42,220,scale_logger,DEBUG,Scale reading after Infusing: 12.586000
2023-11-08 20:05:42,221,scale_logger,DEBUG,Scale reading difference: -0.003000
2023-11-08 20:05:42,221,scale_logger,INFO,Data,Infusing,0.100000,1.000000,12.589000,12.586000
2023-11-08 20:06:46,783,scale_logger,DEBUG,Expected difference in scale reading: 0.070000
2023-11-08 20:06:46,783,scale_logger,DEBUG,Scale reading before Infusing: 12.578000
2023-11-08 20:07:02,629,scale_logger,DEBUG,Scale reading after Infusing: 12.574000
2023-11-08 20:07:02,629,scale_logger,DEBUG,Scale reading difference: -0.004000
2023-11-08 20:07:02,629,scale_logger,INFO,Data,Infusing,0.070000,1.000000,12.578000,12.574000
2023-11-08 20:08:11,924,scale_logger,DEBUG,Expected difference in scale reading: 0.110000
2023-11-08 20:08:11,924,scale_logger,DEBUG,Scale reading before Infusing: 12.565000
2023-11-08 20:08:31,488,scale_logger,DEBUG,Scale reading after Infusing: 12.562000
2023-11-08 20:08:31,489,scale_logger,DEBUG,Scale reading difference: -0.003000
2023-11-08 20:08:31,489,scale_logger,INFO,Data,Infusing,0.110000,1.000000,12.565000,12.562000
2023-11-08 20:09:38,017,scale_logger,DEBUG,Expected difference in scale reading: 0.070000
2023-11-08 20:09:38,017,scale_logger,DEBUG,Scale reading before Infusing: 12.553000
2023-11-08 20:09:53,851,scale_logger,DEBUG,Scale reading after Infusing: 12.550000
2023-11-08 20:09:53,852,scale_logger,DEBUG,Scale reading difference: -0.003000
2023-11-08 20:09:53,852,scale_logger,INFO,Data,Infusing,0.070000,1.000000,12.553000,12.550000
2023-11-08 20:11:02,185,scale_logger,DEBUG,Expected difference in scale reading: 0.100000
2023-11-08 20:11:02,186,scale_logger,DEBUG,Scale reading before Infusing: 12.542000
2023-11-08 20:11:20,824,scale_logger,DEBUG,Scale reading after Infusing: 12.538000
2023-11-08 20:11:20,824,scale_logger,DEBUG,Scale reading difference: -0.004000
2023-11-08 20:11:20,824,scale_logger,INFO,Data,Infusing,0.100000,1.000000,12.542000,12.538000
2023-11-08 20:12:23,589,scale_logger,DEBUG,Expected difference in scale reading: 0.030000
2023-11-08 20:12:23,590,scale_logger,DEBUG,Scale reading before Infusing: 12.530000
2023-11-08 20:12:35,675,scale_logger,DEBUG,Scale reading after Infusing: 12.528000
2023-11-08 20:12:35,676,scale_logger,DEBUG,Scale reading difference: -0.002000
2023-11-08 20:12:35,676,scale_logger,INFO,Data,Infusing,0.030000,1.000000,12.530000,12.528000
2023-11-08 20:13:41,363,scale_logger,DEBUG,Expected difference in scale reading: 0.040000
2023-11-08 20:13:41,364,scale_logger,DEBUG,Scale reading before Infusing: 12.519000
2023-11-08 20:13:54,371,scale_logger,DEBUG,Scale reading after Infusing: 12.517000
2023-11-08 20:13:54,372,scale_logger,DEBUG,Scale reading difference: -0.002000
2023-11-08 20:13:54,372,scale_logger,INFO,Data,Infusing,0.040000,1.000000,12.519000,12.517000
2023-11-08 20:15:01,000,scale_logger,DEBUG,Expected difference in scale reading: 0.050000
2023-11-08 20:15:01,000,scale_logger,DEBUG,Scale reading before Infusing: 12.508000
2023-11-08 20:15:14,935,scale_logger,DEBUG,Scale reading after Infusing: 12.506000
2023-11-08 20:15:14,935,scale_logger,DEBUG,Scale reading difference: -0.002000
2023-11-08 20:15:14,935,scale_logger,INFO,Data,Infusing,0.050000,1.000000,12.508000,12.506000
2023-11-08 20:16:27,124,scale_logger,DEBUG,Expected difference in scale reading: 0.120000
2023-11-08 20:16:27,124,scale_logger,DEBUG,Scale reading before Infusing: 12.496000
2023-11-08 20:16:47,658,scale_logger,DEBUG,Scale reading after Infusing: 12.493000
2023-11-08 20:16:47,658,scale_logger,DEBUG,Scale reading difference: -0.003000
2023-11-08 20:16:47,658,scale_logger,INFO,Data,Infusing,0.120000,1.000000,12.496000,12.493000
2023-11-08 20:17:52,220,scale_logger,DEBUG,Expected difference in scale reading: 0.060000
2023-11-08 20:17:52,220,scale_logger,DEBUG,Scale reading before Infusing: 12.484000
2023-11-08 20:18:07,089,scale_logger,DEBUG,Scale reading after Infusing: 12.481000
2023-11-08 20:18:07,089,scale_logger,DEBUG,Scale reading difference: -0.003000
2023-11-08 20:18:07,089,scale_logger,INFO,Data,Infusing,0.060000,1.000000,12.484000,12.481000
2023-11-08 20:19:09,870,scale_logger,DEBUG,Expected difference in scale reading: 0.030000
2023-11-08 20:19:09,870,scale_logger,DEBUG,Scale reading before Infusing: 12.474000
2023-11-08 20:19:21,954,scale_logger,DEBUG,Scale reading after Infusing: 12.472000
2023-11-08 20:19:21,954,scale_logger,DEBUG,Scale reading difference: -0.002000
2023-11-08 20:19:21,954,scale_logger,INFO,Data,Infusing,0.030000,1.000000,12.474000,12.472000
2023-11-08 20:20:34,120,scale_logger,DEBUG,Expected difference in scale reading: 0.130000
2023-11-08 20:20:34,120,scale_logger,DEBUG,Scale reading before Infusing: 12.462000
2023-11-08 20:20:55,584,scale_logger,DEBUG,Scale reading after Infusing: 12.458000
2023-11-08 20:20:55,585,scale_logger,DEBUG,Scale reading difference: -0.004000
2023-11-08 20:20:55,585,scale_logger,INFO,Data,Infusing,0.130000,1.000000,12.462000,12.458000
2023-11-08 20:21:57,489,scale_logger,DEBUG,Expected difference in scale reading: 0.020000
2023-11-08 20:21:57,489,scale_logger,DEBUG,Scale reading before Infusing: 12.451000
2023-11-08 20:22:08,646,scale_logger,DEBUG,Scale reading after Infusing: 12.448000
2023-11-08 20:22:08,646,scale_logger,DEBUG,Scale reading difference: -0.003000
2023-11-08 20:22:08,646,scale_logger,INFO,Data,Infusing,0.020000,1.000000,12.451000,12.448000
2023-11-08 20:23:15,216,scale_logger,DEBUG,Expected difference in scale reading: 0.060000
2023-11-08 20:23:15,216,scale_logger,DEBUG,Scale reading before Infusing: 12.440000
2023-11-08 20:23:30,090,scale_logger,DEBUG,Scale reading after Infusing: 12.437000
2023-11-08 20:23:30,091,scale_logger,DEBUG,Scale reading difference: -0.003000
2023-11-08 20:23:30,091,scale_logger,INFO,Data,Infusing,0.060000,1.000000,12.440000,12.437000
2023-11-08 20:24:36,549,scale_logger,DEBUG,Expected difference in scale reading: 0.080000
2023-11-08 20:24:36,549,scale_logger,DEBUG,Scale reading before Infusing: 12.428000
2023-11-08 20:24:53,329,scale_logger,DEBUG,Scale reading after Infusing: 12.426000
2023-11-08 20:24:53,330,scale_logger,DEBUG,Scale reading difference: -0.002000
2023-11-08 20:24:53,330,scale_logger,INFO,Data,Infusing,0.080000,1.000000,12.428000,12.426000
2023-11-08 20:26:01,535,scale_logger,DEBUG,Expected difference in scale reading: 0.110000
2023-11-08 20:26:01,535,scale_logger,DEBUG,Scale reading before Infusing: 12.418000
2023-11-08 20:26:21,098,scale_logger,DEBUG,Scale reading after Infusing: 12.413000
2023-11-08 20:26:21,098,scale_logger,DEBUG,Scale reading difference: -0.005000
2023-11-08 20:26:21,098,scale_logger,INFO,Data,Infusing,0.110000,1.000000,12.418000,12.413000
2023-11-08 20:27:24,774,scale_logger,DEBUG,Expected difference in scale reading: 0.040000
2023-11-08 20:27:24,774,scale_logger,DEBUG,Scale reading before Infusing: 12.406000
2023-11-08 20:27:37,783,scale_logger,DEBUG,Scale reading after Infusing: 12.403000
2023-11-08 20:27:37,783,scale_logger,DEBUG,Scale reading difference: -0.003000
2023-11-08 20:27:37,784,scale_logger,INFO,Data,Infusing,0.040000,1.000000,12.406000,12.403000
2023-11-08 20:28:45,259,scale_logger,DEBUG,Expected difference in scale reading: 0.080000
2023-11-08 20:28:45,260,scale_logger,DEBUG,Scale reading before Infusing: 12.394000
2023-11-08 20:29:02,041,scale_logger,DEBUG,Scale reading after Infusing: 12.391000
2023-11-08 20:29:02,042,scale_logger,DEBUG,Scale reading difference: -0.003000
2023-11-08 20:29:02,042,scale_logger,INFO,Data,Infusing,0.080000,1.000000,12.394000,12.391000
2023-11-08 20:30:12,286,scale_logger,DEBUG,Expected difference in scale reading: 0.120000
2023-11-08 20:30:12,286,scale_logger,DEBUG,Scale reading before Infusing: 12.383000
2023-11-08 20:30:32,828,scale_logger,DEBUG,Scale reading after Infusing: 12.379000
2023-11-08 20:30:32,829,scale_logger,DEBUG,Scale reading difference: -0.004000
2023-11-08 20:30:32,829,scale_logger,INFO,Data,Infusing,0.120000,1.000000,12.383000,12.379000
2023-11-08 20:31:40,302,scale_logger,DEBUG,Expected difference in scale reading: 0.080000
2023-11-08 20:31:40,302,scale_logger,DEBUG,Scale reading before Infusing: 12.371000
2023-11-08 20:31:57,086,scale_logger,DEBUG,Scale reading after Infusing: 12.368000
2023-11-08 20:31:57,086,scale_logger,DEBUG,Scale reading difference: -0.003000
2023-11-08 20:31:57,086,scale_logger,INFO,Data,Infusing,0.080000,1.000000,12.371000,12.368000
2023-11-08 20:33:05,433,scale_logger,DEBUG,Expected difference in scale reading: 0.100000
2023-11-08 20:33:05,433,scale_logger,DEBUG,Scale reading before Infusing: 12.358000
2023-11-08 20:33:24,069,scale_logger,DEBUG,Scale reading after Infusing: 12.355000
2023-11-08 20:33:24,069,scale_logger,DEBUG,Scale reading difference: -0.003000
2023-11-08 20:33:24,070,scale_logger,INFO,Data,Infusing,0.100000,1.000000,12.358000,12.355000
2023-11-08 20:34:31,414,scale_logger,DEBUG,Expected difference in scale reading: 0.100000
2023-11-08 20:34:31,414,scale_logger,DEBUG,Scale reading before Infusing: 12.346000
2023-11-08 20:34:50,047,scale_logger,DEBUG,Scale reading after Infusing: 12.343000
2023-11-08 20:34:50,047,scale_logger,DEBUG,Scale reading difference: -0.003000
2023-11-08 20:34:50,047,scale_logger,INFO,Data,Infusing,0.100000,1.000000,12.346000,12.343000
2023-11-08 20:35:52,801,scale_logger,DEBUG,Expected difference in scale reading: 0.030000
2023-11-08 20:35:52,802,scale_logger,DEBUG,Scale reading before Infusing: 12.334000
2023-11-08 20:36:04,875,scale_logger,DEBUG,Scale reading after Infusing: 12.332000
2023-11-08 20:36:04,875,scale_logger,DEBUG,Scale reading difference: -0.002000
2023-11-08 20:36:04,875,scale_logger,INFO,Data,Infusing,0.030000,1.000000,12.334000,12.332000
2023-11-08 20:37:10,549,scale_logger,DEBUG,Expected difference in scale reading: 0.060000
2023-11-08 20:37:10,549,scale_logger,DEBUG,Scale reading before Infusing: 12.323000
2023-11-08 20:37:25,463,scale_logger,DEBUG,Scale reading after Infusing: 12.379000
2023-11-08 20:37:25,464,scale_logger,DEBUG,Scale reading difference: 0.056000
2023-11-08 20:37:25,464,scale_logger,INFO,Data,Infusing,0.060000,1.000000,12.323000,12.379000
2023-11-08 20:38:36,609,scale_logger,DEBUG,Expected difference in scale reading: 0.130000
2023-11-08 20:38:36,609,scale_logger,DEBUG,Scale reading before Infusing: 12.371000
2023-11-08 20:38:58,041,scale_logger,DEBUG,Scale reading after Infusing: 12.499000
2023-11-08 20:38:58,042,scale_logger,DEBUG,Scale reading difference: 0.128000
2023-11-08 20:38:58,042,scale_logger,INFO,Data,Infusing,0.130000,1.000000,12.371000,12.499000
2023-11-08 20:39:58,870,scale_logger,DEBUG,Expected difference in scale reading: 0.020000
2023-11-08 20:39:58,870,scale_logger,DEBUG,Scale reading before Infusing: 12.492000
2023-11-08 20:40:10,025,scale_logger,DEBUG,Scale reading after Infusing: 12.489000
2023-11-08 20:40:10,025,scale_logger,DEBUG,Scale reading difference: -0.003000
2023-11-08 20:40:10,025,scale_logger,INFO,Data,Infusing,0.020000,1.000000,12.492000,12.489000
2023-11-08 20:41:16,391,scale_logger,DEBUG,Expected difference in scale reading: 0.090000
2023-11-08 20:41:16,391,scale_logger,DEBUG,Scale reading before Infusing: 12.480000
2023-11-08 20:41:34,097,scale_logger,DEBUG,Scale reading after Infusing: 12.564000
2023-11-08 20:41:34,097,scale_logger,DEBUG,Scale reading difference: 0.084000
2023-11-08 20:41:34,097,scale_logger,INFO,Data,Infusing,0.090000,1.000000,12.480000,12.564000
2023-11-08 20:42:37,653,scale_logger,DEBUG,Expected difference in scale reading: 0.060000
2023-11-08 20:42:37,653,scale_logger,DEBUG,Scale reading before Infusing: 12.557000
2023-11-08 20:42:52,518,scale_logger,DEBUG,Scale reading after Infusing: 12.610000
2023-11-08 20:42:52,518,scale_logger,DEBUG,Scale reading difference: 0.053000
2023-11-08 20:42:52,518,scale_logger,INFO,Data,Infusing,0.060000,1.000000,12.557000,12.610000
2023-11-08 20:43:55,100,scale_logger,DEBUG,Expected difference in scale reading: 0.060000
2023-11-08 20:43:55,100,scale_logger,DEBUG,Scale reading before Infusing: 12.603000
2023-11-08 20:44:10,017,scale_logger,DEBUG,Scale reading after Infusing: 12.658000
2023-11-08 20:44:10,017,scale_logger,DEBUG,Scale reading difference: 0.055000
2023-11-08 20:44:10,018,scale_logger,INFO,Data,Infusing,0.060000,1.000000,12.603000,12.658000
2023-11-08 20:45:17,187,scale_logger,DEBUG,Expected difference in scale reading: 0.120000
2023-11-08 20:45:17,187,scale_logger,DEBUG,Scale reading before Infusing: 12.649000
2023-11-08 20:45:37,727,scale_logger,DEBUG,Scale reading after Infusing: 12.752000
2023-11-08 20:45:37,728,scale_logger,DEBUG,Scale reading difference: 0.103000
2023-11-08 20:45:37,728,scale_logger,INFO,Data,Infusing,0.120000,1.000000,12.649000,12.752000
2023-11-08 20:46:41,235,scale_logger,DEBUG,Expected difference in scale reading: 0.070000
2023-11-08 20:46:41,235,scale_logger,DEBUG,Scale reading before Infusing: 12.744000
2023-11-08 20:46:57,076,scale_logger,DEBUG,Scale reading after Infusing: 12.806000
2023-11-08 20:46:57,076,scale_logger,DEBUG,Scale reading difference: 0.062000
2023-11-08 20:46:57,076,scale_logger,INFO,Data,Infusing,0.070000,1.000000,12.744000,12.806000
2023-11-08 20:48:08,211,scale_logger,DEBUG,Expected difference in scale reading: 0.130000
2023-11-08 20:48:08,212,scale_logger,DEBUG,Scale reading before Infusing: 12.795000
2023-11-08 20:48:29,687,scale_logger,DEBUG,Scale reading after Infusing: 12.920000
2023-11-08 20:48:29,688,scale_logger,DEBUG,Scale reading difference: 0.125000
2023-11-08 20:48:29,688,scale_logger,INFO,Data,Infusing,0.130000,1.000000,12.795000,12.920000
2023-11-08 20:49:31,419,scale_logger,DEBUG,Expected difference in scale reading: 0.040000
2023-11-08 20:49:31,419,scale_logger,DEBUG,Scale reading before Infusing: 12.912000
2023-11-08 20:49:44,421,scale_logger,DEBUG,Scale reading after Infusing: 12.952000
2023-11-08 20:49:44,421,scale_logger,DEBUG,Scale reading difference: 0.040000
2023-11-08 20:49:44,421,scale_logger,INFO,Data,Infusing,0.040000,1.000000,12.912000,12.952000
2023-11-08 20:50:50,780,scale_logger,DEBUG,Expected difference in scale reading: 0.090000
2023-11-08 20:50:50,780,scale_logger,DEBUG,Scale reading before Infusing: 12.943000
2023-11-08 20:51:08,475,scale_logger,DEBUG,Scale reading after Infusing: 13.027000
2023-11-08 20:51:08,475,scale_logger,DEBUG,Scale reading difference: 0.084000
2023-11-08 20:51:08,475,scale_logger,INFO,Data,Infusing,0.090000,1.000000,12.943000,13.027000
2023-11-08 20:52:16,860,scale_logger,DEBUG,Expected difference in scale reading: 0.090000
2023-11-08 20:52:16,860,scale_logger,DEBUG,Scale reading before Infusing: 13.017000
2023-11-08 20:52:34,571,scale_logger,DEBUG,Scale reading after Infusing: 13.102000
2023-11-08 20:52:34,571,scale_logger,DEBUG,Scale reading difference: 0.085000
2023-11-08 20:52:34,571,scale_logger,INFO,Data,Infusing,0.090000,1.000000,13.017000,13.102000
2023-11-08 20:53:39,161,scale_logger,DEBUG,Expected difference in scale reading: 0.050000
2023-11-08 20:53:39,162,scale_logger,DEBUG,Scale reading before Infusing: 13.093000
2023-11-08 20:53:53,092,scale_logger,DEBUG,Scale reading after Infusing: 13.135000
2023-11-08 20:53:53,092,scale_logger,DEBUG,Scale reading difference: 0.042000
2023-11-08 20:53:53,093,scale_logger,INFO,Data,Infusing,0.050000,1.000000,13.093000,13.135000
2023-11-08 20:54:58,644,scale_logger,DEBUG,Expected difference in scale reading: 0.060000
2023-11-08 20:54:58,645,scale_logger,DEBUG,Scale reading before Infusing: 13.128000
2023-11-08 20:55:13,510,scale_logger,DEBUG,Scale reading after Infusing: 13.168000
2023-11-08 20:55:13,510,scale_logger,DEBUG,Scale reading difference: 0.040000
2023-11-08 20:55:13,510,scale_logger,INFO,Data,Infusing,0.060000,1.000000,13.128000,13.168000
2023-11-08 20:56:13,358,scale_logger,DEBUG,Expected difference in scale reading: 0.020000
2023-11-08 20:56:13,359,scale_logger,DEBUG,Scale reading before Infusing: 13.160000
2023-11-08 20:56:24,521,scale_logger,DEBUG,Scale reading after Infusing: 13.179000
2023-11-08 20:56:24,521,scale_logger,DEBUG,Scale reading difference: 0.019000
2023-11-08 20:56:24,521,scale_logger,INFO,Data,Infusing,0.020000,1.000000,13.160000,13.179000
2023-11-08 20:57:23,255,scale_logger,DEBUG,Expected difference in scale reading: 0.030000
2023-11-08 20:57:23,255,scale_logger,DEBUG,Scale reading before Infusing: 13.172000
2023-11-08 20:57:35,337,scale_logger,DEBUG,Scale reading after Infusing: 13.193000
2023-11-08 20:57:35,337,scale_logger,DEBUG,Scale reading difference: 0.021000
2023-11-08 20:57:35,337,scale_logger,INFO,Data,Infusing,0.030000,1.000000,13.172000,13.193000
2023-11-08 20:58:36,032,scale_logger,DEBUG,Expected difference in scale reading: 0.040000
2023-11-08 20:58:36,032,scale_logger,DEBUG,Scale reading before Infusing: 13.186000
2023-11-08 20:58:49,045,scale_logger,DEBUG,Scale reading after Infusing: 13.205000
2023-11-08 20:58:49,046,scale_logger,DEBUG,Scale reading difference: 0.019000
2023-11-08 20:58:49,046,scale_logger,INFO,Data,Infusing,0.040000,1.000000,13.186000,13.205000
2023-11-08 20:59:49,785,scale_logger,DEBUG,Expected difference in scale reading: 0.030000
2023-11-08 20:59:49,785,scale_logger,DEBUG,Scale reading before Infusing: 13.197000
2023-11-08 21:00:01,858,scale_logger,DEBUG,Scale reading after Infusing: 13.218000
2023-11-08 21:00:01,858,scale_logger,DEBUG,Scale reading difference: 0.021000
2023-11-08 21:00:01,858,scale_logger,INFO,Data,Infusing,0.030000,1.000000,13.197000,13.218000
2023-11-08 21:01:09,071,scale_logger,DEBUG,Expected difference in scale reading: 0.110000
2023-11-08 21:01:09,072,scale_logger,DEBUG,Scale reading before Infusing: 13.210000
2023-11-08 21:01:28,624,scale_logger,DEBUG,Scale reading after Infusing: 13.311000
2023-11-08 21:01:28,625,scale_logger,DEBUG,Scale reading difference: 0.101000
2023-11-08 21:01:28,625,scale_logger,INFO,Data,Infusing,0.110000,1.000000,13.210000,13.311000
2023-11-08 21:02:36,875,scale_logger,DEBUG,Expected difference in scale reading: 0.110000
2023-11-08 21:02:36,875,scale_logger,DEBUG,Scale reading before Infusing: 13.301000
2023-11-08 21:02:56,438,scale_logger,DEBUG,Scale reading after Infusing: 13.406000
2023-11-08 21:02:56,439,scale_logger,DEBUG,Scale reading difference: 0.105000
2023-11-08 21:02:56,439,scale_logger,INFO,Data,Infusing,0.110000,1.000000,13.301000,13.406000
2023-11-08 21:04:06,612,scale_logger,DEBUG,Expected difference in scale reading: 0.120000
2023-11-08 21:04:06,612,scale_logger,DEBUG,Scale reading before Infusing: 13.396000
2023-11-08 21:04:27,157,scale_logger,DEBUG,Scale reading after Infusing: 13.509000
2023-11-08 21:04:27,157,scale_logger,DEBUG,Scale reading difference: 0.113000
2023-11-08 21:04:27,157,scale_logger,INFO,Data,Infusing,0.120000,1.000000,13.396000,13.509000
2023-11-08 21:05:37,292,scale_logger,DEBUG,Expected difference in scale reading: 0.130000
2023-11-08 21:05:37,292,scale_logger,DEBUG,Scale reading before Infusing: 13.499000
2023-11-08 21:05:58,774,scale_logger,DEBUG,Scale reading after Infusing: 13.610000
2023-11-08 21:05:58,775,scale_logger,DEBUG,Scale reading difference: 0.111000
2023-11-08 21:05:58,775,scale_logger,INFO,Data,Infusing,0.130000,1.000000,13.499000,13.610000
2023-11-08 21:07:05,159,scale_logger,DEBUG,Expected difference in scale reading: 0.090000
2023-11-08 21:07:05,159,scale_logger,DEBUG,Scale reading before Infusing: 13.601000
2023-11-08 21:07:22,856,scale_logger,DEBUG,Scale reading after Infusing: 13.691000
2023-11-08 21:07:22,857,scale_logger,DEBUG,Scale reading difference: 0.090000
2023-11-08 21:07:22,857,scale_logger,INFO,Data,Infusing,0.090000,1.000000,13.601000,13.691000
2023-11-08 21:08:28,308,scale_logger,DEBUG,Expected difference in scale reading: 0.080000
2023-11-08 21:08:28,308,scale_logger,DEBUG,Scale reading before Infusing: 13.681000
2023-11-08 21:08:45,089,scale_logger,DEBUG,Scale reading after Infusing: 13.747000
2023-11-08 21:08:45,089,scale_logger,DEBUG,Scale reading difference: 0.066000
2023-11-08 21:08:45,089,scale_logger,INFO,Data,Infusing,0.080000,1.000000,13.681000,13.747000
2023-11-08 21:09:53,395,scale_logger,DEBUG,Expected difference in scale reading: 0.100000
2023-11-08 21:09:53,395,scale_logger,DEBUG,Scale reading before Infusing: 13.736000
2023-11-08 21:10:12,016,scale_logger,DEBUG,Scale reading after Infusing: 13.841000
2023-11-08 21:10:12,016,scale_logger,DEBUG,Scale reading difference: 0.105000
2023-11-08 21:10:12,016,scale_logger,INFO,Data,Infusing,0.100000,1.000000,13.736000,13.841000
2023-11-08 21:11:17,522,scale_logger,DEBUG,Expected difference in scale reading: 0.070000
2023-11-08 21:11:17,522,scale_logger,DEBUG,Scale reading before Infusing: 13.832000
2023-11-08 21:11:33,365,scale_logger,DEBUG,Scale reading after Infusing: 13.893000
2023-11-08 21:11:33,366,scale_logger,DEBUG,Scale reading difference: 0.061000
2023-11-08 21:11:33,366,scale_logger,INFO,Data,Infusing,0.070000,1.000000,13.832000,13.893000
2023-11-08 21:12:38,879,scale_logger,DEBUG,Expected difference in scale reading: 0.070000
2023-11-08 21:12:38,879,scale_logger,DEBUG,Scale reading before Infusing: 13.884000
2023-11-08 21:12:54,728,scale_logger,DEBUG,Scale reading after Infusing: 13.947000
2023-11-08 21:12:54,728,scale_logger,DEBUG,Scale reading difference: 0.063000
2023-11-08 21:12:54,728,scale_logger,INFO,Data,Infusing,0.070000,1.000000,13.884000,13.947000
2023-11-08 21:13:58,338,scale_logger,DEBUG,Expected difference in scale reading: 0.050000
2023-11-08 21:13:58,338,scale_logger,DEBUG,Scale reading before Infusing: 13.939000
2023-11-08 21:14:12,318,scale_logger,DEBUG,Scale reading after Infusing: 13.977000
2023-11-08 21:14:12,318,scale_logger,DEBUG,Scale reading difference: 0.038000
2023-11-08 21:14:12,318,scale_logger,INFO,Data,Infusing,0.050000,1.000000,13.939000,13.977000
2023-11-08 21:15:23,518,scale_logger,DEBUG,Expected difference in scale reading: 0.130000
2023-11-08 21:15:23,518,scale_logger,DEBUG,Scale reading before Infusing: 13.968000
2023-11-08 21:15:44,999,scale_logger,DEBUG,Scale reading after Infusing: 14.079000
2023-11-08 21:15:45,000,scale_logger,DEBUG,Scale reading difference: 0.111000
2023-11-08 21:15:45,000,scale_logger,INFO,Data,Infusing,0.130000,1.000000,13.968000,14.079000
2023-11-08 21:16:52,408,scale_logger,DEBUG,Expected difference in scale reading: 0.090000
2023-11-08 21:16:52,408,scale_logger,DEBUG,Scale reading before Infusing: 14.070000
2023-11-08 21:17:10,104,scale_logger,DEBUG,Scale reading after Infusing: 14.154000
2023-11-08 21:17:10,104,scale_logger,DEBUG,Scale reading difference: 0.084000
2023-11-08 21:17:10,104,scale_logger,INFO,Data,Infusing,0.090000,1.000000,14.070000,14.154000
2023-11-08 21:18:20,258,scale_logger,DEBUG,Expected difference in scale reading: 0.130000
2023-11-08 21:18:20,259,scale_logger,DEBUG,Scale reading before Infusing: 14.145000
2023-11-08 21:18:41,730,scale_logger,DEBUG,Scale reading after Infusing: 14.264000
2023-11-08 21:18:41,731,scale_logger,DEBUG,Scale reading difference: 0.119000
2023-11-08 21:18:41,731,scale_logger,INFO,Data,Infusing,0.130000,1.000000,14.145000,14.264000
2023-11-08 21:19:50,928,scale_logger,DEBUG,Expected difference in scale reading: 0.120000
2023-11-08 21:19:50,928,scale_logger,DEBUG,Scale reading before Infusing: 14.254000
2023-11-08 21:20:11,472,scale_logger,DEBUG,Scale reading after Infusing: 14.356000
2023-11-08 21:20:11,473,scale_logger,DEBUG,Scale reading difference: 0.102000
2023-11-08 21:20:11,473,scale_logger,INFO,Data,Infusing,0.120000,1.000000,14.254000,14.356000
2023-11-08 21:21:14,095,scale_logger,DEBUG,Expected difference in scale reading: 0.050000
2023-11-08 21:21:14,095,scale_logger,DEBUG,Scale reading before Infusing: 14.348000
2023-11-08 21:21:28,031,scale_logger,DEBUG,Scale reading after Infusing: 14.387000
2023-11-08 21:21:28,031,scale_logger,DEBUG,Scale reading difference: 0.039000
2023-11-08 21:21:28,031,scale_logger,INFO,Data,Infusing,0.050000,1.000000,14.348000,14.387000
2023-11-08 21:22:29,829,scale_logger,DEBUG,Expected difference in scale reading: 0.040000
2023-11-08 21:22:29,829,scale_logger,DEBUG,Scale reading before Infusing: 14.381000
2023-11-08 21:22:42,839,scale_logger,DEBUG,Scale reading after Infusing: 14.416000
2023-11-08 21:22:42,840,scale_logger,DEBUG,Scale reading difference: 0.035000
2023-11-08 21:22:42,840,scale_logger,INFO,Data,Infusing,0.040000,1.000000,14.381000,14.416000
