2024-02-20 13:00:28,669&vessel&rinse_s3&19860.0
2024-02-20 13:00:28,674&vessel&rinse_s3&19860.0&rinse
2024-02-20 13:00:37,692&vessel&waste_w0&1140.0
2024-02-20 13:00:37,700&vessel&waste_w0&1140.0&{'rinse': 140.0}
2024-02-20 13:00:59,119&vessel&5mm_fecn6_s0&14872.57
2024-02-20 13:00:59,124&vessel&5mm_fecn6_s0&14872.57&5mm_fecn6
2024-02-20 13:01:08,140&vessel&d9&127.43
2024-02-20 13:01:08,155&vessel&d9&127.43&{'5mm_fecn6': 127.43}
2024-02-20 13:01:43,233&vessel&d9&0.0
2024-02-20 13:01:43,250&vessel&d9&0.0&{'5mm_fecn6': 0.0}
2024-02-20 13:01:52,768&vessel&waste_w0&1267.43
2024-02-20 13:01:52,776&vessel&waste_w0&1267.43&{'rinse': 140.0, '5mm_fecn6': 127.43}
2024-02-20 13:02:09,823&vessel&5mm_fecn6_s0&14745.14
2024-02-20 13:02:09,828&vessel&5mm_fecn6_s0&14745.14&5mm_fecn6
2024-02-20 13:02:18,843&vessel&d9&127.43
2024-02-20 13:02:18,859&vessel&d9&127.43&{'5mm_fecn6': 127.43}
2024-02-20 13:02:53,939&vessel&d9&0.0
2024-02-20 13:02:53,955&vessel&d9&0.0&{'5mm_fecn6': 0.0}
2024-02-20 13:03:03,472&vessel&waste_w0&1394.8600000000001
2024-02-20 13:03:03,480&vessel&waste_w0&1394.8600000000001&{'rinse': 140.0, '5mm_fecn6': 254.86}
2024-02-20 13:03:20,524&vessel&5mm_fecn6_s0&14617.71
2024-02-20 13:03:20,529&vessel&5mm_fecn6_s0&14617.71&5mm_fecn6
2024-02-20 13:03:29,546&vessel&d9&127.43
2024-02-20 13:03:29,561&vessel&d9&127.43&{'5mm_fecn6': 127.43}
2024-02-20 13:04:04,641&vessel&d9&0.0
2024-02-20 13:04:04,659&vessel&d9&0.0&{'5mm_fecn6': 0.0}
2024-02-20 13:04:14,175&vessel&waste_w0&1522.2900000000002
2024-02-20 13:04:14,182&vessel&waste_w0&1522.2900000000002&{'rinse': 140.0, '5mm_fecn6': 382.29}
2024-02-20 13:04:31,229&vessel&5mm_fecn6_s0&14490.279999999999
2024-02-20 13:04:31,234&vessel&5mm_fecn6_s0&14490.279999999999&5mm_fecn6
2024-02-20 13:04:40,249&vessel&d9&127.43
2024-02-20 13:04:40,264&vessel&d9&127.43&{'5mm_fecn6': 127.43}
2024-02-20 13:05:15,351&vessel&d9&0.0
2024-02-20 13:05:15,367&vessel&d9&0.0&{'5mm_fecn6': 0.0}
2024-02-20 13:05:24,884&vessel&waste_w0&1649.7200000000003
2024-02-20 13:05:24,892&vessel&waste_w0&1649.7200000000003&{'rinse': 140.0, '5mm_fecn6': 509.72}
2024-02-20 13:05:41,936&vessel&5mm_fecn6_s0&14362.849999999999
2024-02-20 13:05:41,941&vessel&5mm_fecn6_s0&14362.849999999999&5mm_fecn6
2024-02-20 13:05:50,957&vessel&d9&127.43
2024-02-20 13:05:50,973&vessel&d9&127.43&{'5mm_fecn6': 127.43}
2024-02-20 13:06:26,056&vessel&d9&0.0
2024-02-20 13:06:26,071&vessel&d9&0.0&{'5mm_fecn6': 0.0}
2024-02-20 13:06:35,586&vessel&waste_w0&1777.1500000000003
2024-02-20 13:06:35,594&vessel&waste_w0&1777.1500000000003&{'rinse': 140.0, '5mm_fecn6': 637.1500000000001}
2024-02-20 13:06:52,638&vessel&5mm_fecn6_s0&14235.419999999998
2024-02-20 13:06:52,642&vessel&5mm_fecn6_s0&14235.419999999998&5mm_fecn6
2024-02-20 13:07:01,659&vessel&d9&127.43
2024-02-20 13:07:01,675&vessel&d9&127.43&{'5mm_fecn6': 127.43}
2024-02-20 13:07:36,757&vessel&d9&0.0
2024-02-20 13:07:36,776&vessel&d9&0.0&{'5mm_fecn6': 0.0}
2024-02-20 13:07:46,293&vessel&waste_w0&1904.5800000000004
2024-02-20 13:07:46,300&vessel&waste_w0&1904.5800000000004&{'rinse': 140.0, '5mm_fecn6': 764.5800000000002}
2024-02-20 13:08:03,344&vessel&5mm_fecn6_s0&14107.989999999998
2024-02-20 13:08:03,349&vessel&5mm_fecn6_s0&14107.989999999998&5mm_fecn6
2024-02-20 13:08:12,368&vessel&d9&127.43
2024-02-20 13:08:12,383&vessel&d9&127.43&{'5mm_fecn6': 127.43}
2024-02-20 13:08:47,464&vessel&d9&0.0
2024-02-20 13:08:47,481&vessel&d9&0.0&{'5mm_fecn6': 0.0}
2024-02-20 13:08:56,997&vessel&waste_w0&2032.0100000000004
2024-02-20 13:08:57,006&vessel&waste_w0&2032.0100000000004&{'rinse': 140.0, '5mm_fecn6': 892.0100000000002}
2024-02-20 13:09:14,055&vessel&5mm_fecn6_s0&13980.559999999998
2024-02-20 13:09:14,060&vessel&5mm_fecn6_s0&13980.559999999998&5mm_fecn6
2024-02-20 13:09:23,075&vessel&d9&127.43
2024-02-20 13:09:23,092&vessel&d9&127.43&{'5mm_fecn6': 127.43}
2024-02-20 13:09:58,176&vessel&d9&0.0
2024-02-20 13:09:58,192&vessel&d9&0.0&{'5mm_fecn6': 0.0}
2024-02-20 13:10:07,708&vessel&waste_w0&2159.4400000000005
2024-02-20 13:10:07,715&vessel&waste_w0&2159.4400000000005&{'rinse': 140.0, '5mm_fecn6': 1019.4400000000003}
2024-02-20 13:10:24,764&vessel&5mm_fecn6_s0&13853.129999999997
2024-02-20 13:10:24,769&vessel&5mm_fecn6_s0&13853.129999999997&5mm_fecn6
2024-02-20 13:10:33,787&vessel&d9&127.43
2024-02-20 13:10:33,803&vessel&d9&127.43&{'5mm_fecn6': 127.43}
2024-02-20 13:11:08,889&vessel&d9&0.0
2024-02-20 13:11:08,906&vessel&d9&0.0&{'5mm_fecn6': 0.0}
2024-02-20 13:11:18,422&vessel&waste_w0&2286.8700000000003
2024-02-20 13:11:18,430&vessel&waste_w0&2286.8700000000003&{'rinse': 140.0, '5mm_fecn6': 1146.8700000000003}
2024-02-20 13:11:35,475&vessel&5mm_fecn6_s0&13725.699999999997
2024-02-20 13:11:35,481&vessel&5mm_fecn6_s0&13725.699999999997&5mm_fecn6
2024-02-20 13:11:44,497&vessel&d9&127.43
2024-02-20 13:11:44,512&vessel&d9&127.43&{'5mm_fecn6': 127.43}
2024-02-20 13:12:19,597&vessel&d9&0.0
2024-02-20 13:12:19,613&vessel&d9&0.0&{'5mm_fecn6': 0.0}
2024-02-20 13:12:29,128&vessel&waste_w0&2414.3
2024-02-20 13:12:29,136&vessel&waste_w0&2414.3&{'rinse': 140.0, '5mm_fecn6': 1274.3000000000004}
