2024-04-04 17:17:51,470&scale&pump_control&run_pump&338&Expected difference in scale reading: 0.127066
2024-04-04 17:17:51,470&scale&pump_control&run_pump&341&Scale reading before Infusing: 0.000000
2024-04-04 17:17:51,971&scale&pump_control&run_pump&358&Scale reading after Infusing: 0.000000
2024-04-04 17:17:51,971&scale&pump_control&run_pump&359&Scale reading difference: 0.000000
2024-04-04 17:17:51,971&scale&pump_control&run_pump&360&Data,Infusing,0.127430,0.120000,0.997140,0.000000,0.000000,0.654000,0.910000
2024-04-04 17:17:51,971&scale&pump_control&run_pump&395&Expected difference: 0.127066
2024-04-04 17:17:51,971&scale&pump_control&run_pump&396&Actual difference: 0.000000
2024-04-04 17:17:51,972&scale&pump_control&run_pump&401&Percent error is above 50%
2024-04-04 17:19:13,282&scale&pump_control&run_pump&338&Expected difference in scale reading: 0.147118
2024-04-04 17:19:13,282&scale&pump_control&run_pump&341&Scale reading before Infusing: 0.000000
2024-04-04 17:19:13,783&scale&pump_control&run_pump&358&Scale reading after Infusing: 0.000000
2024-04-04 17:19:13,783&scale&pump_control&run_pump&359&Scale reading difference: 0.000000
2024-04-04 17:19:13,784&scale&pump_control&run_pump&360&Data,Infusing,0.127430,0.120000,1.154500,0.000000,0.000000,0.654000,0.910000
2024-04-04 17:19:13,784&scale&pump_control&run_pump&395&Expected difference: 0.147118
2024-04-04 17:19:13,784&scale&pump_control&run_pump&396&Actual difference: 0.000000
2024-04-04 17:19:13,784&scale&pump_control&run_pump&401&Percent error is above 50%
2024-04-04 17:19:42,772&scale&pump_control&run_pump&338&Expected difference in scale reading: 0.147118
2024-04-04 17:19:42,772&scale&pump_control&run_pump&341&Scale reading before Infusing: 0.000000
2024-04-04 17:19:43,272&scale&pump_control&run_pump&358&Scale reading after Infusing: 0.000000
2024-04-04 17:19:43,272&scale&pump_control&run_pump&359&Scale reading difference: 0.000000
2024-04-04 17:19:43,273&scale&pump_control&run_pump&360&Data,Infusing,0.127430,0.120000,1.154500,0.000000,0.000000,0.654000,0.910000
2024-04-04 17:19:43,273&scale&pump_control&run_pump&395&Expected difference: 0.147118
2024-04-04 17:19:43,273&scale&pump_control&run_pump&396&Actual difference: 0.000000
2024-04-04 17:19:43,273&scale&pump_control&run_pump&401&Percent error is above 50%
2024-04-04 17:20:12,230&scale&pump_control&run_pump&338&Expected difference in scale reading: 0.147118
2024-04-04 17:20:12,230&scale&pump_control&run_pump&341&Scale reading before Infusing: 0.000000
2024-04-04 17:20:12,731&scale&pump_control&run_pump&358&Scale reading after Infusing: 0.000000
2024-04-04 17:20:12,731&scale&pump_control&run_pump&359&Scale reading difference: 0.000000
2024-04-04 17:20:12,731&scale&pump_control&run_pump&360&Data,Infusing,0.127430,0.120000,1.154500,0.000000,0.000000,0.654000,0.910000
2024-04-04 17:20:12,731&scale&pump_control&run_pump&395&Expected difference: 0.147118
2024-04-04 17:20:12,731&scale&pump_control&run_pump&396&Actual difference: 0.000000
2024-04-04 17:20:12,731&scale&pump_control&run_pump&401&Percent error is above 50%
2024-04-04 17:20:41,758&scale&pump_control&run_pump&338&Expected difference in scale reading: 0.147118
2024-04-04 17:20:41,758&scale&pump_control&run_pump&341&Scale reading before Infusing: 0.000000
2024-04-04 17:20:42,259&scale&pump_control&run_pump&358&Scale reading after Infusing: 0.000000
2024-04-04 17:20:42,259&scale&pump_control&run_pump&359&Scale reading difference: 0.000000
2024-04-04 17:20:42,259&scale&pump_control&run_pump&360&Data,Infusing,0.127430,0.120000,1.154500,0.000000,0.000000,0.654000,0.910000
2024-04-04 17:20:42,260&scale&pump_control&run_pump&395&Expected difference: 0.147118
2024-04-04 17:20:42,260&scale&pump_control&run_pump&396&Actual difference: 0.000000
2024-04-04 17:20:42,260&scale&pump_control&run_pump&401&Percent error is above 50%
2024-04-04 17:22:38,578&scale&pump_control&run_pump&338&Expected difference in scale reading: 0.127066
2024-04-04 17:22:38,578&scale&pump_control&run_pump&341&Scale reading before Infusing: 0.000000
2024-04-04 17:22:39,079&scale&pump_control&run_pump&358&Scale reading after Infusing: 0.000000
2024-04-04 17:22:39,079&scale&pump_control&run_pump&359&Scale reading difference: 0.000000
2024-04-04 17:22:39,079&scale&pump_control&run_pump&360&Data,Infusing,0.127430,0.120000,0.997140,0.000000,0.000000,0.654000,0.910000
2024-04-04 17:22:39,079&scale&pump_control&run_pump&395&Expected difference: 0.127066
2024-04-04 17:22:39,079&scale&pump_control&run_pump&396&Actual difference: 0.000000
2024-04-04 17:22:39,080&scale&pump_control&run_pump&401&Percent error is above 50%
2024-04-04 17:24:00,189&scale&pump_control&run_pump&338&Expected difference in scale reading: 0.147118
2024-04-04 17:24:00,189&scale&pump_control&run_pump&341&Scale reading before Infusing: 0.000000
2024-04-04 17:24:00,689&scale&pump_control&run_pump&358&Scale reading after Infusing: 0.000000
2024-04-04 17:24:00,689&scale&pump_control&run_pump&359&Scale reading difference: 0.000000
2024-04-04 17:24:00,689&scale&pump_control&run_pump&360&Data,Infusing,0.127430,0.120000,1.154500,0.000000,0.000000,0.654000,0.910000
2024-04-04 17:24:00,690&scale&pump_control&run_pump&395&Expected difference: 0.147118
2024-04-04 17:24:00,690&scale&pump_control&run_pump&396&Actual difference: 0.000000
2024-04-04 17:24:00,690&scale&pump_control&run_pump&401&Percent error is above 50%
2024-04-04 17:24:29,627&scale&pump_control&run_pump&338&Expected difference in scale reading: 0.147118
2024-04-04 17:24:29,627&scale&pump_control&run_pump&341&Scale reading before Infusing: 0.000000
2024-04-04 17:24:30,127&scale&pump_control&run_pump&358&Scale reading after Infusing: 0.000000
2024-04-04 17:24:30,127&scale&pump_control&run_pump&359&Scale reading difference: 0.000000
2024-04-04 17:24:30,128&scale&pump_control&run_pump&360&Data,Infusing,0.127430,0.120000,1.154500,0.000000,0.000000,0.654000,0.910000
2024-04-04 17:24:30,128&scale&pump_control&run_pump&395&Expected difference: 0.147118
2024-04-04 17:24:30,128&scale&pump_control&run_pump&396&Actual difference: 0.000000
2024-04-04 17:24:30,128&scale&pump_control&run_pump&401&Percent error is above 50%
2024-04-04 17:24:59,107&scale&pump_control&run_pump&338&Expected difference in scale reading: 0.147118
2024-04-04 17:24:59,107&scale&pump_control&run_pump&341&Scale reading before Infusing: 0.000000
2024-04-04 17:24:59,608&scale&pump_control&run_pump&358&Scale reading after Infusing: 0.000000
2024-04-04 17:24:59,608&scale&pump_control&run_pump&359&Scale reading difference: 0.000000
2024-04-04 17:24:59,608&scale&pump_control&run_pump&360&Data,Infusing,0.127430,0.120000,1.154500,0.000000,0.000000,0.654000,0.910000
2024-04-04 17:24:59,608&scale&pump_control&run_pump&395&Expected difference: 0.147118
2024-04-04 17:24:59,608&scale&pump_control&run_pump&396&Actual difference: 0.000000
2024-04-04 17:24:59,608&scale&pump_control&run_pump&401&Percent error is above 50%
2024-04-04 17:25:28,611&scale&pump_control&run_pump&338&Expected difference in scale reading: 0.147118
2024-04-04 17:25:28,611&scale&pump_control&run_pump&341&Scale reading before Infusing: 0.000000
2024-04-04 17:25:29,111&scale&pump_control&run_pump&358&Scale reading after Infusing: 0.000000
2024-04-04 17:25:29,111&scale&pump_control&run_pump&359&Scale reading difference: 0.000000
2024-04-04 17:25:29,112&scale&pump_control&run_pump&360&Data,Infusing,0.127430,0.120000,1.154500,0.000000,0.000000,0.654000,0.910000
2024-04-04 17:25:29,112&scale&pump_control&run_pump&395&Expected difference: 0.147118
2024-04-04 17:25:29,112&scale&pump_control&run_pump&396&Actual difference: 0.000000
2024-04-04 17:25:29,113&scale&pump_control&run_pump&401&Percent error is above 50%
2024-04-04 17:30:40,011&scale&pump_control&run_pump&338&Expected difference in scale reading: 0.147118
2024-04-04 17:30:40,011&scale&pump_control&run_pump&341&Scale reading before Infusing: 0.000000
2024-04-04 17:30:40,512&scale&pump_control&run_pump&358&Scale reading after Infusing: 0.000000
2024-04-04 17:30:40,512&scale&pump_control&run_pump&359&Scale reading difference: 0.000000
2024-04-04 17:30:40,512&scale&pump_control&run_pump&360&Data,Infusing,0.127430,0.120000,1.154500,0.000000,0.000000,0.654000,0.910000
2024-04-04 17:30:40,512&scale&pump_control&run_pump&395&Expected difference: 0.147118
2024-04-04 17:30:40,512&scale&pump_control&run_pump&396&Actual difference: 0.000000
2024-04-04 17:30:40,512&scale&pump_control&run_pump&401&Percent error is above 50%
2024-04-04 17:31:09,488&scale&pump_control&run_pump&338&Expected difference in scale reading: 0.147118
2024-04-04 17:31:09,488&scale&pump_control&run_pump&341&Scale reading before Infusing: 0.000000
2024-04-04 17:31:09,989&scale&pump_control&run_pump&358&Scale reading after Infusing: 0.000000
2024-04-04 17:31:09,989&scale&pump_control&run_pump&359&Scale reading difference: 0.000000
2024-04-04 17:31:09,989&scale&pump_control&run_pump&360&Data,Infusing,0.127430,0.120000,1.154500,0.000000,0.000000,0.654000,0.910000
2024-04-04 17:31:09,989&scale&pump_control&run_pump&395&Expected difference: 0.147118
2024-04-04 17:31:09,989&scale&pump_control&run_pump&396&Actual difference: 0.000000
2024-04-04 17:31:09,989&scale&pump_control&run_pump&401&Percent error is above 50%
2024-04-04 17:31:39,042&scale&pump_control&run_pump&338&Expected difference in scale reading: 0.147118
2024-04-04 17:31:39,042&scale&pump_control&run_pump&341&Scale reading before Infusing: 0.000000
2024-04-04 17:31:39,542&scale&pump_control&run_pump&358&Scale reading after Infusing: 0.000000
2024-04-04 17:31:39,542&scale&pump_control&run_pump&359&Scale reading difference: 0.000000
2024-04-04 17:31:39,542&scale&pump_control&run_pump&360&Data,Infusing,0.127430,0.120000,1.154500,0.000000,0.000000,0.654000,0.910000
2024-04-04 17:31:39,543&scale&pump_control&run_pump&395&Expected difference: 0.147118
2024-04-04 17:31:39,543&scale&pump_control&run_pump&396&Actual difference: 0.000000
2024-04-04 17:31:39,543&scale&pump_control&run_pump&401&Percent error is above 50%
2024-04-04 17:32:08,457&scale&pump_control&run_pump&338&Expected difference in scale reading: 0.147118
2024-04-04 17:32:08,457&scale&pump_control&run_pump&341&Scale reading before Infusing: 0.000000
2024-04-04 17:32:08,957&scale&pump_control&run_pump&358&Scale reading after Infusing: 0.000000
2024-04-04 17:32:08,957&scale&pump_control&run_pump&359&Scale reading difference: 0.000000
2024-04-04 17:32:08,958&scale&pump_control&run_pump&360&Data,Infusing,0.127430,0.120000,1.154500,0.000000,0.000000,0.654000,0.910000
2024-04-04 17:32:08,958&scale&pump_control&run_pump&395&Expected difference: 0.147118
2024-04-04 17:32:08,958&scale&pump_control&run_pump&396&Actual difference: 0.000000
2024-04-04 17:32:08,958&scale&pump_control&run_pump&401&Percent error is above 50%
2024-04-04 17:37:21,027&scale&pump_control&run_pump&338&Expected difference in scale reading: 0.147118
2024-04-04 17:37:21,027&scale&pump_control&run_pump&341&Scale reading before Infusing: 0.000000
2024-04-04 17:37:21,528&scale&pump_control&run_pump&358&Scale reading after Infusing: 0.000000
2024-04-04 17:37:21,528&scale&pump_control&run_pump&359&Scale reading difference: 0.000000
2024-04-04 17:37:21,528&scale&pump_control&run_pump&360&Data,Infusing,0.127430,0.120000,1.154500,0.000000,0.000000,0.654000,0.910000
2024-04-04 17:37:21,528&scale&pump_control&run_pump&395&Expected difference: 0.147118
2024-04-04 17:37:21,528&scale&pump_control&run_pump&396&Actual difference: 0.000000
2024-04-04 17:37:21,528&scale&pump_control&run_pump&401&Percent error is above 50%
2024-04-04 17:37:50,487&scale&pump_control&run_pump&338&Expected difference in scale reading: 0.147118
2024-04-04 17:37:50,487&scale&pump_control&run_pump&341&Scale reading before Infusing: 0.000000
2024-04-04 17:37:50,988&scale&pump_control&run_pump&358&Scale reading after Infusing: 0.000000
2024-04-04 17:37:50,988&scale&pump_control&run_pump&359&Scale reading difference: 0.000000
2024-04-04 17:37:50,988&scale&pump_control&run_pump&360&Data,Infusing,0.127430,0.120000,1.154500,0.000000,0.000000,0.654000,0.910000
2024-04-04 17:37:50,988&scale&pump_control&run_pump&395&Expected difference: 0.147118
2024-04-04 17:37:50,988&scale&pump_control&run_pump&396&Actual difference: 0.000000
2024-04-04 17:37:50,988&scale&pump_control&run_pump&401&Percent error is above 50%
2024-04-04 17:38:20,002&scale&pump_control&run_pump&338&Expected difference in scale reading: 0.147118
2024-04-04 17:38:20,002&scale&pump_control&run_pump&341&Scale reading before Infusing: 0.000000
2024-04-04 17:38:20,503&scale&pump_control&run_pump&358&Scale reading after Infusing: 0.000000
2024-04-04 17:38:20,503&scale&pump_control&run_pump&359&Scale reading difference: 0.000000
2024-04-04 17:38:20,503&scale&pump_control&run_pump&360&Data,Infusing,0.127430,0.120000,1.154500,0.000000,0.000000,0.654000,0.910000
2024-04-04 17:38:20,503&scale&pump_control&run_pump&395&Expected difference: 0.147118
2024-04-04 17:38:20,503&scale&pump_control&run_pump&396&Actual difference: 0.000000
2024-04-04 17:38:20,503&scale&pump_control&run_pump&401&Percent error is above 50%
2024-04-04 17:38:49,470&scale&pump_control&run_pump&338&Expected difference in scale reading: 0.147118
2024-04-04 17:38:49,470&scale&pump_control&run_pump&341&Scale reading before Infusing: 0.000000
2024-04-04 17:38:49,971&scale&pump_control&run_pump&358&Scale reading after Infusing: 0.000000
2024-04-04 17:38:49,971&scale&pump_control&run_pump&359&Scale reading difference: 0.000000
2024-04-04 17:38:49,971&scale&pump_control&run_pump&360&Data,Infusing,0.127430,0.120000,1.154500,0.000000,0.000000,0.654000,0.910000
2024-04-04 17:38:49,972&scale&pump_control&run_pump&395&Expected difference: 0.147118
2024-04-04 17:38:49,972&scale&pump_control&run_pump&396&Actual difference: 0.000000
2024-04-04 17:38:49,972&scale&pump_control&run_pump&401&Percent error is above 50%
2024-04-17 20:46:53,137&scale&pump_control&run_pump&336&Expected difference in scale reading: 0.127066
2024-04-17 20:46:53,139&scale&pump_control&run_pump&339&Scale reading before Infusing: 0.000000
2024-04-17 20:46:53,641&scale&pump_control&run_pump&356&Scale reading after Infusing: 0.000000
2024-04-17 20:46:53,641&scale&pump_control&run_pump&357&Scale reading difference: 0.000000
2024-04-17 20:46:53,642&scale&pump_control&run_pump&358&Data,Infusing,0.127430,0.120000,0.997140,0.000000,0.000000,0.654000,0.910000
2024-04-17 20:46:53,642&scale&pump_control&run_pump&393&Expected difference: 0.127066
2024-04-17 20:46:53,643&scale&pump_control&run_pump&394&Actual difference: 0.000000
2024-04-17 20:46:53,643&scale&pump_control&run_pump&399&Percent error is above 50%
2024-04-17 20:48:10,655&scale&pump_control&run_pump&336&Expected difference in scale reading: 0.147118
2024-04-17 20:48:10,655&scale&pump_control&run_pump&339&Scale reading before Infusing: 0.000000
2024-04-17 20:48:11,157&scale&pump_control&run_pump&356&Scale reading after Infusing: 0.000000
2024-04-17 20:48:11,157&scale&pump_control&run_pump&357&Scale reading difference: 0.000000
2024-04-17 20:48:11,158&scale&pump_control&run_pump&358&Data,Infusing,0.127430,0.120000,1.154500,0.000000,0.000000,0.654000,0.910000
2024-04-17 20:48:11,158&scale&pump_control&run_pump&393&Expected difference: 0.147118
2024-04-17 20:48:11,158&scale&pump_control&run_pump&394&Actual difference: 0.000000
2024-04-17 20:48:11,159&scale&pump_control&run_pump&399&Percent error is above 50%
2024-04-17 20:48:39,366&scale&pump_control&run_pump&336&Expected difference in scale reading: 0.147118
2024-04-17 20:48:39,366&scale&pump_control&run_pump&339&Scale reading before Infusing: 0.000000
2024-04-17 20:48:39,867&scale&pump_control&run_pump&356&Scale reading after Infusing: 0.000000
2024-04-17 20:48:39,868&scale&pump_control&run_pump&357&Scale reading difference: 0.000000
2024-04-17 20:48:39,868&scale&pump_control&run_pump&358&Data,Infusing,0.127430,0.120000,1.154500,0.000000,0.000000,0.654000,0.910000
2024-04-17 20:48:39,869&scale&pump_control&run_pump&393&Expected difference: 0.147118
2024-04-17 20:48:39,869&scale&pump_control&run_pump&394&Actual difference: 0.000000
2024-04-17 20:48:39,869&scale&pump_control&run_pump&399&Percent error is above 50%
2024-04-17 20:49:08,115&scale&pump_control&run_pump&336&Expected difference in scale reading: 0.147118
2024-04-17 20:49:08,116&scale&pump_control&run_pump&339&Scale reading before Infusing: 0.000000
2024-04-17 20:49:08,618&scale&pump_control&run_pump&356&Scale reading after Infusing: 0.000000
2024-04-17 20:49:08,618&scale&pump_control&run_pump&357&Scale reading difference: 0.000000
2024-04-17 20:49:08,618&scale&pump_control&run_pump&358&Data,Infusing,0.127430,0.120000,1.154500,0.000000,0.000000,0.654000,0.910000
2024-04-17 20:49:08,618&scale&pump_control&run_pump&393&Expected difference: 0.147118
2024-04-17 20:49:08,618&scale&pump_control&run_pump&394&Actual difference: 0.000000
2024-04-17 20:49:08,618&scale&pump_control&run_pump&399&Percent error is above 50%
2024-04-17 20:49:36,817&scale&pump_control&run_pump&336&Expected difference in scale reading: 0.147118
2024-04-17 20:49:36,817&scale&pump_control&run_pump&339&Scale reading before Infusing: 0.000000
2024-04-17 20:49:37,319&scale&pump_control&run_pump&356&Scale reading after Infusing: 0.000000
2024-04-17 20:49:37,319&scale&pump_control&run_pump&357&Scale reading difference: 0.000000
2024-04-17 20:49:37,320&scale&pump_control&run_pump&358&Data,Infusing,0.127430,0.120000,1.154500,0.000000,0.000000,0.654000,0.910000
2024-04-17 20:49:37,320&scale&pump_control&run_pump&393&Expected difference: 0.147118
2024-04-17 20:49:37,320&scale&pump_control&run_pump&394&Actual difference: 0.000000
2024-04-17 20:49:37,320&scale&pump_control&run_pump&399&Percent error is above 50%
2024-04-17 20:54:08,266&scale&pump_control&run_pump&336&Expected difference in scale reading: 0.147118
2024-04-17 20:54:08,266&scale&pump_control&run_pump&339&Scale reading before Infusing: 0.000000
2024-04-17 20:54:08,777&scale&pump_control&run_pump&356&Scale reading after Infusing: 0.000000
2024-04-17 20:54:08,777&scale&pump_control&run_pump&357&Scale reading difference: 0.000000
2024-04-17 20:54:08,777&scale&pump_control&run_pump&358&Data,Infusing,0.127430,0.120000,1.154500,0.000000,0.000000,0.654000,0.910000
2024-04-17 20:54:08,778&scale&pump_control&run_pump&393&Expected difference: 0.147118
2024-04-17 20:54:08,778&scale&pump_control&run_pump&394&Actual difference: 0.000000
2024-04-17 20:54:08,778&scale&pump_control&run_pump&399&Percent error is above 50%
2024-04-17 20:54:37,100&scale&pump_control&run_pump&336&Expected difference in scale reading: 0.147118
2024-04-17 20:54:37,100&scale&pump_control&run_pump&339&Scale reading before Infusing: 0.000000
2024-04-17 20:54:37,602&scale&pump_control&run_pump&356&Scale reading after Infusing: 0.000000
2024-04-17 20:54:37,602&scale&pump_control&run_pump&357&Scale reading difference: 0.000000
2024-04-17 20:54:37,602&scale&pump_control&run_pump&358&Data,Infusing,0.127430,0.120000,1.154500,0.000000,0.000000,0.654000,0.910000
2024-04-17 20:54:37,603&scale&pump_control&run_pump&393&Expected difference: 0.147118
2024-04-17 20:54:37,603&scale&pump_control&run_pump&394&Actual difference: 0.000000
2024-04-17 20:54:37,603&scale&pump_control&run_pump&399&Percent error is above 50%
2024-04-17 20:55:05,816&scale&pump_control&run_pump&336&Expected difference in scale reading: 0.147118
2024-04-17 20:55:05,817&scale&pump_control&run_pump&339&Scale reading before Infusing: 0.000000
2024-04-17 20:55:06,318&scale&pump_control&run_pump&356&Scale reading after Infusing: 0.000000
2024-04-17 20:55:06,318&scale&pump_control&run_pump&357&Scale reading difference: 0.000000
2024-04-17 20:55:06,318&scale&pump_control&run_pump&358&Data,Infusing,0.127430,0.120000,1.154500,0.000000,0.000000,0.654000,0.910000
2024-04-17 20:55:06,319&scale&pump_control&run_pump&393&Expected difference: 0.147118
2024-04-17 20:55:06,319&scale&pump_control&run_pump&394&Actual difference: 0.000000
2024-04-17 20:55:06,319&scale&pump_control&run_pump&399&Percent error is above 50%
2024-04-17 20:55:34,526&scale&pump_control&run_pump&336&Expected difference in scale reading: 0.147118
2024-04-17 20:55:34,527&scale&pump_control&run_pump&339&Scale reading before Infusing: 0.000000
2024-04-17 20:55:35,028&scale&pump_control&run_pump&356&Scale reading after Infusing: 0.000000
2024-04-17 20:55:35,028&scale&pump_control&run_pump&357&Scale reading difference: 0.000000
2024-04-17 20:55:35,029&scale&pump_control&run_pump&358&Data,Infusing,0.127430,0.120000,1.154500,0.000000,0.000000,0.654000,0.910000
2024-04-17 20:55:35,029&scale&pump_control&run_pump&393&Expected difference: 0.147118
2024-04-17 20:55:35,029&scale&pump_control&run_pump&394&Actual difference: 0.000000
2024-04-17 20:55:35,029&scale&pump_control&run_pump&399&Percent error is above 50%
2024-05-08 11:05:12,035&scale&pump_control&run_pump&336&Expected difference in scale reading: 0.127066
2024-05-08 11:05:12,036&scale&pump_control&run_pump&339&Scale reading before Infusing: 0.000000
2024-05-08 11:05:12,537&scale&pump_control&run_pump&356&Scale reading after Infusing: 0.000000
2024-05-08 11:05:12,537&scale&pump_control&run_pump&357&Scale reading difference: 0.000000
2024-05-08 11:05:12,537&scale&pump_control&run_pump&358&Data,Infusing,0.127430,0.120000,0.997140,0.000000,0.000000,0.654000,0.910000
2024-05-08 11:05:12,537&scale&pump_control&run_pump&393&Expected difference: 0.127066
2024-05-08 11:05:12,538&scale&pump_control&run_pump&394&Actual difference: 0.000000
2024-05-08 11:05:12,538&scale&pump_control&run_pump&399&Percent error is above 50%
2024-05-08 11:14:42,189&scale&pump_control&run_pump&336&Expected difference in scale reading: 0.127066
2024-05-08 11:14:42,190&scale&pump_control&run_pump&339&Scale reading before Infusing: 0.000000
2024-05-08 11:14:42,691&scale&pump_control&run_pump&356&Scale reading after Infusing: 0.000000
2024-05-08 11:14:42,691&scale&pump_control&run_pump&357&Scale reading difference: 0.000000
2024-05-08 11:14:42,691&scale&pump_control&run_pump&358&Data,Infusing,0.127430,0.120000,0.997140,0.000000,0.000000,0.654000,0.910000
2024-05-08 11:14:42,692&scale&pump_control&run_pump&393&Expected difference: 0.127066
2024-05-08 11:14:42,692&scale&pump_control&run_pump&394&Actual difference: 0.000000
2024-05-08 11:14:42,692&scale&pump_control&run_pump&399&Percent error is above 50%
2024-05-08 11:15:59,635&scale&pump_control&run_pump&336&Expected difference in scale reading: 0.147118
2024-05-08 11:15:59,635&scale&pump_control&run_pump&339&Scale reading before Infusing: 0.000000
2024-05-08 11:16:00,137&scale&pump_control&run_pump&356&Scale reading after Infusing: 0.000000
2024-05-08 11:16:00,137&scale&pump_control&run_pump&357&Scale reading difference: 0.000000
2024-05-08 11:16:00,137&scale&pump_control&run_pump&358&Data,Infusing,0.127430,0.120000,1.154500,0.000000,0.000000,0.654000,0.910000
2024-05-08 11:16:00,137&scale&pump_control&run_pump&393&Expected difference: 0.147118
2024-05-08 11:16:00,138&scale&pump_control&run_pump&394&Actual difference: 0.000000
2024-05-08 11:16:00,138&scale&pump_control&run_pump&399&Percent error is above 50%
2024-05-08 11:16:28,304&scale&pump_control&run_pump&336&Expected difference in scale reading: 0.147118
2024-05-08 11:16:28,304&scale&pump_control&run_pump&339&Scale reading before Infusing: 0.000000
2024-05-08 11:16:28,805&scale&pump_control&run_pump&356&Scale reading after Infusing: 0.000000
2024-05-08 11:16:28,806&scale&pump_control&run_pump&357&Scale reading difference: 0.000000
2024-05-08 11:16:28,806&scale&pump_control&run_pump&358&Data,Infusing,0.127430,0.120000,1.154500,0.000000,0.000000,0.654000,0.910000
2024-05-08 11:16:28,806&scale&pump_control&run_pump&393&Expected difference: 0.147118
2024-05-08 11:16:28,806&scale&pump_control&run_pump&394&Actual difference: 0.000000
2024-05-08 11:16:28,806&scale&pump_control&run_pump&399&Percent error is above 50%
2024-05-08 11:16:56,970&scale&pump_control&run_pump&336&Expected difference in scale reading: 0.147118
2024-05-08 11:16:56,970&scale&pump_control&run_pump&339&Scale reading before Infusing: 0.000000
2024-05-08 11:16:57,472&scale&pump_control&run_pump&356&Scale reading after Infusing: 0.000000
2024-05-08 11:16:57,472&scale&pump_control&run_pump&357&Scale reading difference: 0.000000
2024-05-08 11:16:57,472&scale&pump_control&run_pump&358&Data,Infusing,0.127430,0.120000,1.154500,0.000000,0.000000,0.654000,0.910000
2024-05-08 11:16:57,472&scale&pump_control&run_pump&393&Expected difference: 0.147118
2024-05-08 11:16:57,473&scale&pump_control&run_pump&394&Actual difference: 0.000000
2024-05-08 11:16:57,473&scale&pump_control&run_pump&399&Percent error is above 50%
2024-05-08 11:17:25,669&scale&pump_control&run_pump&336&Expected difference in scale reading: 0.147118
2024-05-08 11:17:25,669&scale&pump_control&run_pump&339&Scale reading before Infusing: 0.000000
2024-05-08 11:17:26,170&scale&pump_control&run_pump&356&Scale reading after Infusing: 0.000000
2024-05-08 11:17:26,170&scale&pump_control&run_pump&357&Scale reading difference: 0.000000
2024-05-08 11:17:26,170&scale&pump_control&run_pump&358&Data,Infusing,0.127430,0.120000,1.154500,0.000000,0.000000,0.654000,0.910000
2024-05-08 11:17:26,170&scale&pump_control&run_pump&393&Expected difference: 0.147118
2024-05-08 11:17:26,171&scale&pump_control&run_pump&394&Actual difference: 0.000000
2024-05-08 11:17:26,171&scale&pump_control&run_pump&399&Percent error is above 50%
2024-05-08 11:18:06,840&scale&pump_control&run_pump&336&Expected difference in scale reading: 0.127066
2024-05-08 11:18:06,840&scale&pump_control&run_pump&339&Scale reading before Infusing: 0.000000
2024-05-08 11:18:07,342&scale&pump_control&run_pump&356&Scale reading after Infusing: 0.000000
2024-05-08 11:18:07,342&scale&pump_control&run_pump&357&Scale reading difference: 0.000000
2024-05-08 11:18:07,342&scale&pump_control&run_pump&358&Data,Infusing,0.127430,0.127430,0.997140,0.000000,0.000000,0.654000,0.900000
2024-05-08 11:18:07,342&scale&pump_control&run_pump&393&Expected difference: 0.127066
2024-05-08 11:18:07,343&scale&pump_control&run_pump&394&Actual difference: 0.000000
2024-05-08 11:18:07,343&scale&pump_control&run_pump&399&Percent error is above 50%
2024-05-08 11:19:36,533&scale&pump_control&run_pump&336&Expected difference in scale reading: 0.127066
2024-05-08 11:19:36,533&scale&pump_control&run_pump&339&Scale reading before Infusing: 0.000000
2024-05-08 11:19:37,035&scale&pump_control&run_pump&356&Scale reading after Infusing: 0.000000
2024-05-08 11:19:37,035&scale&pump_control&run_pump&357&Scale reading difference: 0.000000
2024-05-08 11:19:37,035&scale&pump_control&run_pump&358&Data,Infusing,0.127430,0.127430,0.997140,0.000000,0.000000,0.654000,0.900000
2024-05-08 11:19:37,035&scale&pump_control&run_pump&393&Expected difference: 0.127066
2024-05-08 11:19:37,036&scale&pump_control&run_pump&394&Actual difference: 0.000000
2024-05-08 11:19:37,036&scale&pump_control&run_pump&399&Percent error is above 50%
2024-05-08 11:59:41,714&scale&pump_control&run_pump&336&Expected difference in scale reading: 0.127066
2024-05-08 11:59:41,715&scale&pump_control&run_pump&339&Scale reading before Infusing: 0.000000
2024-05-08 11:59:42,216&scale&pump_control&run_pump&356&Scale reading after Infusing: 0.000000
2024-05-08 11:59:42,216&scale&pump_control&run_pump&357&Scale reading difference: 0.000000
2024-05-08 11:59:42,216&scale&pump_control&run_pump&358&Data,Infusing,0.127430,0.120000,0.997140,0.000000,0.000000,0.654000,0.910000
2024-05-08 11:59:42,216&scale&pump_control&run_pump&393&Expected difference: 0.127066
2024-05-08 11:59:42,217&scale&pump_control&run_pump&394&Actual difference: 0.000000
2024-05-08 11:59:42,217&scale&pump_control&run_pump&399&Percent error is above 50%
2024-05-08 12:00:59,021&scale&pump_control&run_pump&336&Expected difference in scale reading: 0.147118
2024-05-08 12:00:59,021&scale&pump_control&run_pump&339&Scale reading before Infusing: 0.000000
2024-05-08 12:00:59,523&scale&pump_control&run_pump&356&Scale reading after Infusing: 0.000000
2024-05-08 12:00:59,523&scale&pump_control&run_pump&357&Scale reading difference: 0.000000
2024-05-08 12:00:59,523&scale&pump_control&run_pump&358&Data,Infusing,0.127430,0.120000,1.154500,0.000000,0.000000,0.654000,0.910000
2024-05-08 12:00:59,523&scale&pump_control&run_pump&393&Expected difference: 0.147118
2024-05-08 12:00:59,524&scale&pump_control&run_pump&394&Actual difference: 0.000000
2024-05-08 12:00:59,524&scale&pump_control&run_pump&399&Percent error is above 50%
2024-05-08 12:01:27,686&scale&pump_control&run_pump&336&Expected difference in scale reading: 0.147118
2024-05-08 12:01:27,686&scale&pump_control&run_pump&339&Scale reading before Infusing: 0.000000
2024-05-08 12:01:28,188&scale&pump_control&run_pump&356&Scale reading after Infusing: 0.000000
2024-05-08 12:01:28,188&scale&pump_control&run_pump&357&Scale reading difference: 0.000000
2024-05-08 12:01:28,188&scale&pump_control&run_pump&358&Data,Infusing,0.127430,0.120000,1.154500,0.000000,0.000000,0.654000,0.910000
2024-05-08 12:01:28,189&scale&pump_control&run_pump&393&Expected difference: 0.147118
2024-05-08 12:01:28,189&scale&pump_control&run_pump&394&Actual difference: 0.000000
2024-05-08 12:01:28,189&scale&pump_control&run_pump&399&Percent error is above 50%
2024-05-08 12:01:56,357&scale&pump_control&run_pump&336&Expected difference in scale reading: 0.147118
2024-05-08 12:01:56,357&scale&pump_control&run_pump&339&Scale reading before Infusing: 0.000000
2024-05-08 12:01:56,858&scale&pump_control&run_pump&356&Scale reading after Infusing: 0.000000
2024-05-08 12:01:56,858&scale&pump_control&run_pump&357&Scale reading difference: 0.000000
2024-05-08 12:01:56,858&scale&pump_control&run_pump&358&Data,Infusing,0.127430,0.120000,1.154500,0.000000,0.000000,0.654000,0.910000
2024-05-08 12:01:56,858&scale&pump_control&run_pump&393&Expected difference: 0.147118
2024-05-08 12:01:56,858&scale&pump_control&run_pump&394&Actual difference: 0.000000
2024-05-08 12:01:56,859&scale&pump_control&run_pump&399&Percent error is above 50%
2024-05-08 12:02:25,037&scale&pump_control&run_pump&336&Expected difference in scale reading: 0.147118
2024-05-08 12:02:25,037&scale&pump_control&run_pump&339&Scale reading before Infusing: 0.000000
2024-05-08 12:02:25,539&scale&pump_control&run_pump&356&Scale reading after Infusing: 0.000000
2024-05-08 12:02:25,539&scale&pump_control&run_pump&357&Scale reading difference: 0.000000
2024-05-08 12:02:25,539&scale&pump_control&run_pump&358&Data,Infusing,0.127430,0.120000,1.154500,0.000000,0.000000,0.654000,0.910000
2024-05-08 12:02:25,539&scale&pump_control&run_pump&393&Expected difference: 0.147118
2024-05-08 12:02:25,540&scale&pump_control&run_pump&394&Actual difference: 0.000000
2024-05-08 12:02:25,540&scale&pump_control&run_pump&399&Percent error is above 50%
2024-05-08 12:03:06,148&scale&pump_control&run_pump&336&Expected difference in scale reading: 0.127066
2024-05-08 12:03:06,148&scale&pump_control&run_pump&339&Scale reading before Infusing: 0.000000
2024-05-08 12:03:06,650&scale&pump_control&run_pump&356&Scale reading after Infusing: 0.000000
2024-05-08 12:03:06,650&scale&pump_control&run_pump&357&Scale reading difference: 0.000000
2024-05-08 12:03:06,650&scale&pump_control&run_pump&358&Data,Infusing,0.127430,0.127430,0.997140,0.000000,0.000000,0.654000,0.900000
2024-05-08 12:03:06,650&scale&pump_control&run_pump&393&Expected difference: 0.127066
2024-05-08 12:03:06,651&scale&pump_control&run_pump&394&Actual difference: 0.000000
2024-05-08 12:03:06,651&scale&pump_control&run_pump&399&Percent error is above 50%
2024-05-08 12:04:36,194&scale&pump_control&run_pump&336&Expected difference in scale reading: 0.127066
2024-05-08 12:04:36,194&scale&pump_control&run_pump&339&Scale reading before Infusing: 0.000000
2024-05-08 12:04:36,696&scale&pump_control&run_pump&356&Scale reading after Infusing: 0.000000
2024-05-08 12:04:36,696&scale&pump_control&run_pump&357&Scale reading difference: 0.000000
2024-05-08 12:04:36,696&scale&pump_control&run_pump&358&Data,Infusing,0.127430,0.127430,0.997140,0.000000,0.000000,0.654000,0.900000
2024-05-08 12:04:36,697&scale&pump_control&run_pump&393&Expected difference: 0.127066
2024-05-08 12:04:36,697&scale&pump_control&run_pump&394&Actual difference: 0.000000
2024-05-08 12:04:36,697&scale&pump_control&run_pump&399&Percent error is above 50%
2024-05-08 12:18:08,899&scale&pump_control&run_pump&336&Expected difference in scale reading: 0.127066
2024-05-08 12:18:08,900&scale&pump_control&run_pump&339&Scale reading before Infusing: 0.000000
2024-05-08 12:18:09,401&scale&pump_control&run_pump&356&Scale reading after Infusing: 0.000000
2024-05-08 12:18:09,401&scale&pump_control&run_pump&357&Scale reading difference: 0.000000
2024-05-08 12:18:09,401&scale&pump_control&run_pump&358&Data,Infusing,0.127430,0.120000,0.997140,0.000000,0.000000,0.654000,0.910000
2024-05-08 12:18:09,401&scale&pump_control&run_pump&393&Expected difference: 0.127066
2024-05-08 12:18:09,402&scale&pump_control&run_pump&394&Actual difference: 0.000000
2024-05-08 12:18:09,402&scale&pump_control&run_pump&399&Percent error is above 50%
2024-05-08 12:19:26,378&scale&pump_control&run_pump&336&Expected difference in scale reading: 0.147118
2024-05-08 12:19:26,378&scale&pump_control&run_pump&339&Scale reading before Infusing: 0.000000
2024-05-08 12:19:26,879&scale&pump_control&run_pump&356&Scale reading after Infusing: 0.000000
2024-05-08 12:19:26,879&scale&pump_control&run_pump&357&Scale reading difference: 0.000000
2024-05-08 12:19:26,879&scale&pump_control&run_pump&358&Data,Infusing,0.127430,0.120000,1.154500,0.000000,0.000000,0.654000,0.910000
2024-05-08 12:19:26,879&scale&pump_control&run_pump&393&Expected difference: 0.147118
2024-05-08 12:19:26,880&scale&pump_control&run_pump&394&Actual difference: 0.000000
2024-05-08 12:19:26,880&scale&pump_control&run_pump&399&Percent error is above 50%
2024-05-08 12:19:55,077&scale&pump_control&run_pump&336&Expected difference in scale reading: 0.147118
2024-05-08 12:19:55,077&scale&pump_control&run_pump&339&Scale reading before Infusing: 0.000000
2024-05-08 12:19:55,579&scale&pump_control&run_pump&356&Scale reading after Infusing: 0.000000
2024-05-08 12:19:55,579&scale&pump_control&run_pump&357&Scale reading difference: 0.000000
2024-05-08 12:19:55,579&scale&pump_control&run_pump&358&Data,Infusing,0.127430,0.120000,1.154500,0.000000,0.000000,0.654000,0.910000
2024-05-08 12:19:55,579&scale&pump_control&run_pump&393&Expected difference: 0.147118
2024-05-08 12:19:55,580&scale&pump_control&run_pump&394&Actual difference: 0.000000
2024-05-08 12:19:55,580&scale&pump_control&run_pump&399&Percent error is above 50%
2024-05-08 12:20:23,743&scale&pump_control&run_pump&336&Expected difference in scale reading: 0.147118
2024-05-08 12:20:23,743&scale&pump_control&run_pump&339&Scale reading before Infusing: 0.000000
2024-05-08 12:20:24,245&scale&pump_control&run_pump&356&Scale reading after Infusing: 0.000000
2024-05-08 12:20:24,245&scale&pump_control&run_pump&357&Scale reading difference: 0.000000
2024-05-08 12:20:24,245&scale&pump_control&run_pump&358&Data,Infusing,0.127430,0.120000,1.154500,0.000000,0.000000,0.654000,0.910000
2024-05-08 12:20:24,245&scale&pump_control&run_pump&393&Expected difference: 0.147118
2024-05-08 12:20:24,246&scale&pump_control&run_pump&394&Actual difference: 0.000000
2024-05-08 12:20:24,246&scale&pump_control&run_pump&399&Percent error is above 50%
2024-05-08 12:20:52,408&scale&pump_control&run_pump&336&Expected difference in scale reading: 0.147118
2024-05-08 12:20:52,408&scale&pump_control&run_pump&339&Scale reading before Infusing: 0.000000
2024-05-08 12:20:52,910&scale&pump_control&run_pump&356&Scale reading after Infusing: 0.000000
2024-05-08 12:20:52,910&scale&pump_control&run_pump&357&Scale reading difference: 0.000000
2024-05-08 12:20:52,910&scale&pump_control&run_pump&358&Data,Infusing,0.127430,0.120000,1.154500,0.000000,0.000000,0.654000,0.910000
2024-05-08 12:20:52,910&scale&pump_control&run_pump&393&Expected difference: 0.147118
2024-05-08 12:20:52,910&scale&pump_control&run_pump&394&Actual difference: 0.000000
2024-05-08 12:20:52,910&scale&pump_control&run_pump&399&Percent error is above 50%
2024-05-08 12:21:33,611&scale&pump_control&run_pump&336&Expected difference in scale reading: 0.127066
2024-05-08 12:21:33,611&scale&pump_control&run_pump&339&Scale reading before Infusing: 0.000000
2024-05-08 12:21:34,113&scale&pump_control&run_pump&356&Scale reading after Infusing: 0.000000
2024-05-08 12:21:34,113&scale&pump_control&run_pump&357&Scale reading difference: 0.000000
2024-05-08 12:21:34,113&scale&pump_control&run_pump&358&Data,Infusing,0.127430,0.127430,0.997140,0.000000,0.000000,0.654000,0.900000
2024-05-08 12:21:34,113&scale&pump_control&run_pump&393&Expected difference: 0.127066
2024-05-08 12:21:34,114&scale&pump_control&run_pump&394&Actual difference: 0.000000
2024-05-08 12:21:34,114&scale&pump_control&run_pump&399&Percent error is above 50%
2024-05-08 12:23:03,266&scale&pump_control&run_pump&336&Expected difference in scale reading: 0.127066
2024-05-08 12:23:03,266&scale&pump_control&run_pump&339&Scale reading before Infusing: 0.000000
2024-05-08 12:23:03,768&scale&pump_control&run_pump&356&Scale reading after Infusing: 0.000000
2024-05-08 12:23:03,768&scale&pump_control&run_pump&357&Scale reading difference: 0.000000
2024-05-08 12:23:03,768&scale&pump_control&run_pump&358&Data,Infusing,0.127430,0.127430,0.997140,0.000000,0.000000,0.654000,0.900000
2024-05-08 12:23:03,768&scale&pump_control&run_pump&393&Expected difference: 0.127066
2024-05-08 12:23:03,769&scale&pump_control&run_pump&394&Actual difference: 0.000000
2024-05-08 12:23:03,769&scale&pump_control&run_pump&399&Percent error is above 50%
2024-05-08 14:44:33,716&scale&pump_control&run_pump&336&Expected difference in scale reading: 0.127066
2024-05-08 14:44:33,717&scale&pump_control&run_pump&339&Scale reading before Infusing: 0.000000
2024-05-08 14:44:34,218&scale&pump_control&run_pump&356&Scale reading after Infusing: 0.000000
2024-05-08 14:44:34,218&scale&pump_control&run_pump&357&Scale reading difference: 0.000000
2024-05-08 14:44:34,218&scale&pump_control&run_pump&358&Data,Infusing,0.127430,0.120000,0.997140,0.000000,0.000000,0.654000,0.910000
2024-05-08 14:44:34,218&scale&pump_control&run_pump&393&Expected difference: 0.127066
2024-05-08 14:44:34,219&scale&pump_control&run_pump&394&Actual difference: 0.000000
2024-05-08 14:44:34,219&scale&pump_control&run_pump&399&Percent error is above 50%
2024-05-08 14:45:51,029&scale&pump_control&run_pump&336&Expected difference in scale reading: 0.147118
2024-05-08 14:45:51,029&scale&pump_control&run_pump&339&Scale reading before Infusing: 0.000000
2024-05-08 14:45:51,531&scale&pump_control&run_pump&356&Scale reading after Infusing: 0.000000
2024-05-08 14:45:51,531&scale&pump_control&run_pump&357&Scale reading difference: 0.000000
2024-05-08 14:45:51,531&scale&pump_control&run_pump&358&Data,Infusing,0.127430,0.120000,1.154500,0.000000,0.000000,0.654000,0.910000
2024-05-08 14:45:51,531&scale&pump_control&run_pump&393&Expected difference: 0.147118
2024-05-08 14:45:51,532&scale&pump_control&run_pump&394&Actual difference: 0.000000
2024-05-08 14:45:51,532&scale&pump_control&run_pump&399&Percent error is above 50%
2024-05-08 14:46:19,691&scale&pump_control&run_pump&336&Expected difference in scale reading: 0.147118
2024-05-08 14:46:19,691&scale&pump_control&run_pump&339&Scale reading before Infusing: 0.000000
2024-05-08 14:46:20,193&scale&pump_control&run_pump&356&Scale reading after Infusing: 0.000000
2024-05-08 14:46:20,193&scale&pump_control&run_pump&357&Scale reading difference: 0.000000
2024-05-08 14:46:20,193&scale&pump_control&run_pump&358&Data,Infusing,0.127430,0.120000,1.154500,0.000000,0.000000,0.654000,0.910000
2024-05-08 14:46:20,194&scale&pump_control&run_pump&393&Expected difference: 0.147118
2024-05-08 14:46:20,194&scale&pump_control&run_pump&394&Actual difference: 0.000000
2024-05-08 14:46:20,194&scale&pump_control&run_pump&399&Percent error is above 50%
2024-05-08 14:46:48,356&scale&pump_control&run_pump&336&Expected difference in scale reading: 0.147118
2024-05-08 14:46:48,356&scale&pump_control&run_pump&339&Scale reading before Infusing: 0.000000
2024-05-08 14:46:48,858&scale&pump_control&run_pump&356&Scale reading after Infusing: 0.000000
2024-05-08 14:46:48,858&scale&pump_control&run_pump&357&Scale reading difference: 0.000000
2024-05-08 14:46:48,858&scale&pump_control&run_pump&358&Data,Infusing,0.127430,0.120000,1.154500,0.000000,0.000000,0.654000,0.910000
2024-05-08 14:46:48,859&scale&pump_control&run_pump&393&Expected difference: 0.147118
2024-05-08 14:46:48,859&scale&pump_control&run_pump&394&Actual difference: 0.000000
2024-05-08 14:46:48,859&scale&pump_control&run_pump&399&Percent error is above 50%
2024-05-08 14:47:17,063&scale&pump_control&run_pump&336&Expected difference in scale reading: 0.147118
2024-05-08 14:47:17,063&scale&pump_control&run_pump&339&Scale reading before Infusing: 0.000000
2024-05-08 14:47:17,565&scale&pump_control&run_pump&356&Scale reading after Infusing: 0.000000
2024-05-08 14:47:17,565&scale&pump_control&run_pump&357&Scale reading difference: 0.000000
2024-05-08 14:47:17,565&scale&pump_control&run_pump&358&Data,Infusing,0.127430,0.120000,1.154500,0.000000,0.000000,0.654000,0.910000
2024-05-08 14:47:17,565&scale&pump_control&run_pump&393&Expected difference: 0.147118
2024-05-08 14:47:17,566&scale&pump_control&run_pump&394&Actual difference: 0.000000
2024-05-08 14:47:17,566&scale&pump_control&run_pump&399&Percent error is above 50%
2024-05-08 14:47:58,235&scale&pump_control&run_pump&336&Expected difference in scale reading: 0.127066
2024-05-08 14:47:58,235&scale&pump_control&run_pump&339&Scale reading before Infusing: 0.000000
2024-05-08 14:47:58,737&scale&pump_control&run_pump&356&Scale reading after Infusing: 0.000000
2024-05-08 14:47:58,737&scale&pump_control&run_pump&357&Scale reading difference: 0.000000
2024-05-08 14:47:58,737&scale&pump_control&run_pump&358&Data,Infusing,0.127430,0.127430,0.997140,0.000000,0.000000,0.654000,0.900000
2024-05-08 14:47:58,737&scale&pump_control&run_pump&393&Expected difference: 0.127066
2024-05-08 14:47:58,738&scale&pump_control&run_pump&394&Actual difference: 0.000000
2024-05-08 14:47:58,738&scale&pump_control&run_pump&399&Percent error is above 50%
2024-05-08 14:49:27,985&scale&pump_control&run_pump&336&Expected difference in scale reading: 0.127066
2024-05-08 14:49:27,985&scale&pump_control&run_pump&339&Scale reading before Infusing: 0.000000
2024-05-08 14:49:28,487&scale&pump_control&run_pump&356&Scale reading after Infusing: 0.000000
2024-05-08 14:49:28,487&scale&pump_control&run_pump&357&Scale reading difference: 0.000000
2024-05-08 14:49:28,487&scale&pump_control&run_pump&358&Data,Infusing,0.127430,0.127430,0.997140,0.000000,0.000000,0.654000,0.900000
2024-05-08 14:49:28,488&scale&pump_control&run_pump&393&Expected difference: 0.127066
2024-05-08 14:49:28,488&scale&pump_control&run_pump&394&Actual difference: 0.000000
2024-05-08 14:49:28,488&scale&pump_control&run_pump&399&Percent error is above 50%
2024-05-08 15:10:39,243&scale&pump_control&run_pump&336&Expected difference in scale reading: 0.127066
2024-05-08 15:10:39,244&scale&pump_control&run_pump&339&Scale reading before Infusing: 0.000000
2024-05-08 15:10:39,745&scale&pump_control&run_pump&356&Scale reading after Infusing: 0.000000
2024-05-08 15:10:39,745&scale&pump_control&run_pump&357&Scale reading difference: 0.000000
2024-05-08 15:10:39,745&scale&pump_control&run_pump&358&Data,Infusing,0.127430,0.120000,0.997140,0.000000,0.000000,0.654000,0.910000
2024-05-08 15:10:39,745&scale&pump_control&run_pump&393&Expected difference: 0.127066
2024-05-08 15:10:39,746&scale&pump_control&run_pump&394&Actual difference: 0.000000
2024-05-08 15:10:39,746&scale&pump_control&run_pump&399&Percent error is above 50%
2024-05-08 15:11:56,624&scale&pump_control&run_pump&336&Expected difference in scale reading: 0.147118
2024-05-08 15:11:56,624&scale&pump_control&run_pump&339&Scale reading before Infusing: 0.000000
2024-05-08 15:11:57,125&scale&pump_control&run_pump&356&Scale reading after Infusing: 0.000000
2024-05-08 15:11:57,125&scale&pump_control&run_pump&357&Scale reading difference: 0.000000
2024-05-08 15:11:57,125&scale&pump_control&run_pump&358&Data,Infusing,0.127430,0.120000,1.154500,0.000000,0.000000,0.654000,0.910000
2024-05-08 15:11:57,126&scale&pump_control&run_pump&393&Expected difference: 0.147118
2024-05-08 15:11:57,126&scale&pump_control&run_pump&394&Actual difference: 0.000000
2024-05-08 15:11:57,126&scale&pump_control&run_pump&399&Percent error is above 50%
2024-05-08 15:12:25,293&scale&pump_control&run_pump&336&Expected difference in scale reading: 0.147118
2024-05-08 15:12:25,293&scale&pump_control&run_pump&339&Scale reading before Infusing: 0.000000
2024-05-08 15:12:25,795&scale&pump_control&run_pump&356&Scale reading after Infusing: 0.000000
2024-05-08 15:12:25,795&scale&pump_control&run_pump&357&Scale reading difference: 0.000000
2024-05-08 15:12:25,795&scale&pump_control&run_pump&358&Data,Infusing,0.127430,0.120000,1.154500,0.000000,0.000000,0.654000,0.910000
2024-05-08 15:12:25,795&scale&pump_control&run_pump&393&Expected difference: 0.147118
2024-05-08 15:12:25,796&scale&pump_control&run_pump&394&Actual difference: 0.000000
2024-05-08 15:12:25,796&scale&pump_control&run_pump&399&Percent error is above 50%
2024-05-08 15:12:53,962&scale&pump_control&run_pump&336&Expected difference in scale reading: 0.147118
2024-05-08 15:12:53,962&scale&pump_control&run_pump&339&Scale reading before Infusing: 0.000000
2024-05-08 15:12:54,464&scale&pump_control&run_pump&356&Scale reading after Infusing: 0.000000
2024-05-08 15:12:54,464&scale&pump_control&run_pump&357&Scale reading difference: 0.000000
2024-05-08 15:12:54,464&scale&pump_control&run_pump&358&Data,Infusing,0.127430,0.120000,1.154500,0.000000,0.000000,0.654000,0.910000
2024-05-08 15:12:54,464&scale&pump_control&run_pump&393&Expected difference: 0.147118
2024-05-08 15:12:54,465&scale&pump_control&run_pump&394&Actual difference: 0.000000
2024-05-08 15:12:54,465&scale&pump_control&run_pump&399&Percent error is above 50%
2024-05-08 15:13:22,627&scale&pump_control&run_pump&336&Expected difference in scale reading: 0.147118
2024-05-08 15:13:22,627&scale&pump_control&run_pump&339&Scale reading before Infusing: 0.000000
2024-05-08 15:13:23,129&scale&pump_control&run_pump&356&Scale reading after Infusing: 0.000000
2024-05-08 15:13:23,129&scale&pump_control&run_pump&357&Scale reading difference: 0.000000
2024-05-08 15:13:23,129&scale&pump_control&run_pump&358&Data,Infusing,0.127430,0.120000,1.154500,0.000000,0.000000,0.654000,0.910000
2024-05-08 15:13:23,129&scale&pump_control&run_pump&393&Expected difference: 0.147118
2024-05-08 15:13:23,130&scale&pump_control&run_pump&394&Actual difference: 0.000000
2024-05-08 15:13:23,130&scale&pump_control&run_pump&399&Percent error is above 50%
2024-05-08 15:14:03,798&scale&pump_control&run_pump&336&Expected difference in scale reading: 0.127066
2024-05-08 15:14:03,798&scale&pump_control&run_pump&339&Scale reading before Infusing: 0.000000
2024-05-08 15:14:04,300&scale&pump_control&run_pump&356&Scale reading after Infusing: 0.000000
2024-05-08 15:14:04,300&scale&pump_control&run_pump&357&Scale reading difference: 0.000000
2024-05-08 15:14:04,300&scale&pump_control&run_pump&358&Data,Infusing,0.127430,0.127430,0.997140,0.000000,0.000000,0.654000,0.900000
2024-05-08 15:14:04,300&scale&pump_control&run_pump&393&Expected difference: 0.127066
2024-05-08 15:14:04,301&scale&pump_control&run_pump&394&Actual difference: 0.000000
2024-05-08 15:14:04,301&scale&pump_control&run_pump&399&Percent error is above 50%
2024-05-08 15:15:33,450&scale&pump_control&run_pump&336&Expected difference in scale reading: 0.127066
2024-05-08 15:15:33,450&scale&pump_control&run_pump&339&Scale reading before Infusing: 0.000000
2024-05-08 15:15:33,952&scale&pump_control&run_pump&356&Scale reading after Infusing: 0.000000
2024-05-08 15:15:33,952&scale&pump_control&run_pump&357&Scale reading difference: 0.000000
2024-05-08 15:15:33,952&scale&pump_control&run_pump&358&Data,Infusing,0.127430,0.127430,0.997140,0.000000,0.000000,0.654000,0.900000
2024-05-08 15:15:33,952&scale&pump_control&run_pump&393&Expected difference: 0.127066
2024-05-08 15:15:33,953&scale&pump_control&run_pump&394&Actual difference: 0.000000
2024-05-08 15:15:33,953&scale&pump_control&run_pump&399&Percent error is above 50%
2024-05-08 15:28:47,004&scale&pump_control&run_pump&336&Expected difference in scale reading: 0.127066
2024-05-08 15:28:47,005&scale&pump_control&run_pump&339&Scale reading before Infusing: 0.000000
2024-05-08 15:28:47,506&scale&pump_control&run_pump&356&Scale reading after Infusing: 0.000000
2024-05-08 15:28:47,507&scale&pump_control&run_pump&357&Scale reading difference: 0.000000
2024-05-08 15:28:47,507&scale&pump_control&run_pump&358&Data,Infusing,0.127430,0.120000,0.997140,0.000000,0.000000,0.654000,0.910000
2024-05-08 15:28:47,507&scale&pump_control&run_pump&393&Expected difference: 0.127066
2024-05-08 15:28:47,507&scale&pump_control&run_pump&394&Actual difference: 0.000000
2024-05-08 15:28:47,507&scale&pump_control&run_pump&399&Percent error is above 50%
2024-05-08 15:30:04,364&scale&pump_control&run_pump&336&Expected difference in scale reading: 0.147118
2024-05-08 15:30:04,364&scale&pump_control&run_pump&339&Scale reading before Infusing: 0.000000
2024-05-08 15:30:04,866&scale&pump_control&run_pump&356&Scale reading after Infusing: 0.000000
2024-05-08 15:30:04,866&scale&pump_control&run_pump&357&Scale reading difference: 0.000000
2024-05-08 15:30:04,866&scale&pump_control&run_pump&358&Data,Infusing,0.127430,0.120000,1.154500,0.000000,0.000000,0.654000,0.910000
2024-05-08 15:30:04,866&scale&pump_control&run_pump&393&Expected difference: 0.147118
2024-05-08 15:30:04,867&scale&pump_control&run_pump&394&Actual difference: 0.000000
2024-05-08 15:30:04,867&scale&pump_control&run_pump&399&Percent error is above 50%
2024-05-08 15:30:33,036&scale&pump_control&run_pump&336&Expected difference in scale reading: 0.147118
2024-05-08 15:30:33,036&scale&pump_control&run_pump&339&Scale reading before Infusing: 0.000000
2024-05-08 15:30:33,538&scale&pump_control&run_pump&356&Scale reading after Infusing: 0.000000
2024-05-08 15:30:33,538&scale&pump_control&run_pump&357&Scale reading difference: 0.000000
2024-05-08 15:30:33,538&scale&pump_control&run_pump&358&Data,Infusing,0.127430,0.120000,1.154500,0.000000,0.000000,0.654000,0.910000
2024-05-08 15:30:33,538&scale&pump_control&run_pump&393&Expected difference: 0.147118
2024-05-08 15:30:33,539&scale&pump_control&run_pump&394&Actual difference: 0.000000
2024-05-08 15:30:33,539&scale&pump_control&run_pump&399&Percent error is above 50%
2024-05-08 15:31:01,702&scale&pump_control&run_pump&336&Expected difference in scale reading: 0.147118
2024-05-08 15:31:01,702&scale&pump_control&run_pump&339&Scale reading before Infusing: 0.000000
2024-05-08 15:31:02,204&scale&pump_control&run_pump&356&Scale reading after Infusing: 0.000000
2024-05-08 15:31:02,204&scale&pump_control&run_pump&357&Scale reading difference: 0.000000
2024-05-08 15:31:02,204&scale&pump_control&run_pump&358&Data,Infusing,0.127430,0.120000,1.154500,0.000000,0.000000,0.654000,0.910000
2024-05-08 15:31:02,204&scale&pump_control&run_pump&393&Expected difference: 0.147118
2024-05-08 15:31:02,205&scale&pump_control&run_pump&394&Actual difference: 0.000000
2024-05-08 15:31:02,205&scale&pump_control&run_pump&399&Percent error is above 50%
2024-05-08 15:31:30,370&scale&pump_control&run_pump&336&Expected difference in scale reading: 0.147118
2024-05-08 15:31:30,370&scale&pump_control&run_pump&339&Scale reading before Infusing: 0.000000
2024-05-08 15:31:30,871&scale&pump_control&run_pump&356&Scale reading after Infusing: 0.000000
2024-05-08 15:31:30,872&scale&pump_control&run_pump&357&Scale reading difference: 0.000000
2024-05-08 15:31:30,872&scale&pump_control&run_pump&358&Data,Infusing,0.127430,0.120000,1.154500,0.000000,0.000000,0.654000,0.910000
2024-05-08 15:31:30,872&scale&pump_control&run_pump&393&Expected difference: 0.147118
2024-05-08 15:31:30,872&scale&pump_control&run_pump&394&Actual difference: 0.000000
2024-05-08 15:31:30,872&scale&pump_control&run_pump&399&Percent error is above 50%
2024-05-08 15:32:11,547&scale&pump_control&run_pump&336&Expected difference in scale reading: 0.127066
2024-05-08 15:32:11,547&scale&pump_control&run_pump&339&Scale reading before Infusing: 0.000000
2024-05-08 15:32:12,048&scale&pump_control&run_pump&356&Scale reading after Infusing: 0.000000
2024-05-08 15:32:12,049&scale&pump_control&run_pump&357&Scale reading difference: 0.000000
2024-05-08 15:32:12,049&scale&pump_control&run_pump&358&Data,Infusing,0.127430,0.127430,0.997140,0.000000,0.000000,0.654000,0.900000
2024-05-08 15:32:12,049&scale&pump_control&run_pump&393&Expected difference: 0.127066
2024-05-08 15:32:12,049&scale&pump_control&run_pump&394&Actual difference: 0.000000
2024-05-08 15:32:12,049&scale&pump_control&run_pump&399&Percent error is above 50%
2024-05-08 15:33:41,226&scale&pump_control&run_pump&336&Expected difference in scale reading: 0.127066
2024-05-08 15:33:41,226&scale&pump_control&run_pump&339&Scale reading before Infusing: 0.000000
2024-05-08 15:33:41,728&scale&pump_control&run_pump&356&Scale reading after Infusing: 0.000000
2024-05-08 15:33:41,728&scale&pump_control&run_pump&357&Scale reading difference: 0.000000
2024-05-08 15:33:41,728&scale&pump_control&run_pump&358&Data,Infusing,0.127430,0.127430,0.997140,0.000000,0.000000,0.654000,0.900000
2024-05-08 15:33:41,728&scale&pump_control&run_pump&393&Expected difference: 0.127066
2024-05-08 15:33:41,729&scale&pump_control&run_pump&394&Actual difference: 0.000000
2024-05-08 15:33:41,729&scale&pump_control&run_pump&399&Percent error is above 50%
